file:63.c
Successfully generated loop/63.json
INNER_FLAG: False
Variable Maps: [{'x': '1', 'y': 'y@pre'}]
Path conditions: [None]
Pre condition: (x == 1) * (y == y@pre)
Loop Condition: x <= 10
Updated Loop Conditions: ['1 <= 10']
Global Unchanged Variables []
Non Inductive Variables ['y']
[{'x': '1', 'y': 'y@pre'}]
[None]

            
    /* >>> LOOP INVARIANT TO FILL <<< 
       >>> PRECONDITION OF THE LOOP : (x == 1) * (y == \at(y, Pre)) <<< */
    
            /*@
            */
            while (x <= 10) {
        y = 10 - x;
        x = x +1;
    }
            

            
    /* >>> LOOP INVARIANT TO FILL <<< 
       >>> PRECONDITION OF THE LOOP : (x == 1) * (y == \at(y, Pre)) <<< */
    
            /*@
          loop invariant  ((x == 1)&&(y == \at(y, Pre))) || (PLACE_HOLDER_y) ;
          loop invariant  ((x == 1)&&(y == \at(y, Pre))) || (PLACE_HOLDER_x) ;
            */
            while (x <= 10) {
        y = 10 - x;
        x = x +1;
    }
            
void foo(int y) {
    int x = 1;
    
    
    
    
            
    /* >>> LOOP INVARIANT TO FILL <<< 
       >>> PRECONDITION OF THE LOOP : (x == 1) * (y == \at(y, Pre)) <<< */
    
            /*@
          loop invariant  ((x == 1)&&(y == \at(y, Pre))) || (PLACE_HOLDER_y) ;
          loop invariant  ((x == 1)&&(y == \at(y, Pre))) || (PLACE_HOLDER_x) ;
            */
            while (x <= 10) {
        y = 10 - x;
        x = x +1;
    }
            

    /*@ assert (y >= 0); */

}
To analyze the given C loop and generate the necessary loop invariants, let's follow the task's structured approach.

### a. Purpose and Structure of the Loop:
**Objective:**
The loop's goal is to increment the variable `x` from its initial value of 1 up to 11 (exclusive), while updating `y` such that `y = 10 - x` at each step.

**Structure:**
- **Loop Condition:** `x <= 10`
- **Body Operations:** 
  - `y = 10 - x;`
  - `x = x + 1;`
- **Relevant Variables:** `x`, `y`

### b. Discussion of the Loop Invariant:
The proposed loop invariants are:
- `((x == 1)&&(y == \at(y, Pre))) || (PLACE_HOLDER_y);`
- `((x == 1)&&(y == \at(y, Pre))) || (PLACE_HOLDER_x);`

These invariants aim to ensure that certain conditions about `x` and `y` hold throughout the loop's execution.

### c. Establishment:
Before the loop starts, `x` is initialized to 1 and `y` is unchanged from its pre-state. Therefore, `x == 1` and `y == \at(y, Pre)` are true, which satisfies the initial part of each invariant.

### d. Preservation:
During each iteration:
- If `x == 1`, then the initial part of the invariant holds trivially.
- Otherwise, `y = 10 - x` is maintained as `x` increments, ensuring that `y` is correctly updated in relation to `x`.

### e. Termination Analysis of the Loop:
When the loop condition `x <= 10` becomes false, `x` must be 11. At this point, `y = 10 - x = 10 - 11 = -1`. The invariants ensure that the relationship between `x` and `y` holds up to the termination condition.

### f. Correctness of the Post-condition:
After the loop terminates, `x = 11` and `y = -1`. The asserted post-condition `y >= 0` is incorrect based on the way `y` is updated in the loop; this indicates a potential issue with the loop or the post-condition itself. However, the invariants are designed to maintain the intended relationship between `x` and `y`.

### g. Implication of the Pre-condition:
The pre-condition `(x == 1) * (y == \at(y, Pre))` directly leads to the initial part of the invariant being true before the loop starts, satisfying the requirement for invariant establishment.

### Completed C Loop Program with Filled Invariants:
```c
void foo(int y) {
    int x = 1;
    
    /* >>> LOOP INVARIANT TO FILL <<< 
       >>> PRECONDITION OF THE LOOP : (x == 1) * (y == \at(y, Pre)) <<< */
    
    /*@
      loop invariant  ((x == 1)&&(y == \at(y, Pre))) || (y == 10 - x);
      loop invariant  ((x == 1)&&(y == \at(y, Pre))) || (x >= 1 && x <= 11);
    */
    while (x <= 10) {
        y = 10 - x;
        x = x + 1;
    }
    
    /*@ assert (y >= 0); */
}
```

void foo(int y) {
    int x = 1;
    
    /*@
      loop invariant  ((x == 1)&&(y == \at(y, Pre))) || (y == 10 - x);
      loop invariant  ((x == 1)&&(y == \at(y, Pre))) || (x >= 1 && x <= 11);
    */
    while (x <= 10) {
        y = 10 - x;
        x = x + 1;
    }
    
    /*@ assert (y >= 0); */
}


void foo(int y) {
    int x = 1;
    
    /*@
      loop invariant  ((x == 1)&&(y == \at(y, Pre))) || (y == 10 - x);
      loop invariant  ((x == 1)&&(y == \at(y, Pre))) || (x >= 1 && x <= 11);
    */
    while (x <= 10) {
        y = 10 - x;
        x = x + 1;
    }
    
    /*@ assert (y >= 0); */
}

syntax Correct
Validate:
[False, True]

Goal Preservation of Invariant (file output/63.c, line 6):
Assume {
  Type: is_sint32(x) /\ is_sint32(y) /\ is_sint32(y_1) /\ is_sint32(1 + x) /\
      is_sint32(10 - x).
  (* Invariant *)
  Have: ((x + y_1) = 10) \/ ((x = 1) /\ (y_1 = y)).
  (* Invariant *)
  Have: ((x = 1) /\ (y_1 = y)) \/ ((0 < x) /\ (x <= 11)).
  (* Then *)
  Have: x <= 10.
}
Prove: (x = 0) /\ ((x + y) = 10).
Prover Z3 4.8.12 returns Timeout (Qed:4ms) (3s)
Error found in file: output/63.c at line: 6
Error line content: loop invariant  ((x == 1)&&(y == \at(y, Pre))) || (y == 10 - x);

Verify:
[False]

Goal Assertion (file output/63.c, line 14):
Assume {
  Type: is_sint32(x) /\ is_sint32(y_1) /\ is_sint32(y).
  (* Invariant *)
  Have: ((x + y) = 10) \/ ((x = 1) /\ (y = y_1)).
  (* Invariant *)
  Have: ((x = 1) /\ (y = y_1)) \/ ((0 < x) /\ (x <= 11)).
  (* Else *)
  Have: 11 <= x.
}
Prove: 0 <= y.
Prover Z3 4.8.12 returns Timeout (Qed:3ms) (3s)
Error found in file: output/63.c at line: 14
Error line content: /*@ assert (y >= 0); */


void foo(int y) {
    int x = 1;
    
    /*@
      loop invariant  ((x == 1)&&(y == \at(y, Pre))) || (y == 10 - x) [INVARIANT FAILED] ;
      loop invariant  ((x == 1)&&(y == \at(y, Pre))) || (x >= 1 && x <= 11);
    */
    while (x <= 10) {
        y = 10 - x;
        x = x + 1;
    }
    
    /*@ assert (y >= 0); */
}

### Error Analysis:

1. **Goal Preservation of Invariant**:

   The original invariant `((x == 1)&&(y == \at(y, Pre))) || (y == 10 - x)` does not properly preserve the relationship between `x` and `y` across loop iterations. Specifically, the condition `(y == 10 - x)` does not hold true at the start of the loop (when `x == 1`). The loop modifies `y` in each iteration, and the invariant fails to account for this change properly, leading to preservation issues.

2. **Goal Assertion**:

   The assertion `assert (y >= 0);` fails because the invariant does not guarantee that `y` remains non-negative. The condition `(y == 10 - x)` allows for negative values of `y` when `x > 10`, which can happen during the loop execution. Therefore, the invariant needs to ensure that `y` stays non-negative throughout the loop iterations.

### Fixed C Code:

```c
void foo(int y) {
    int x = 1;
    
    /*@
      loop invariant  ((x == 1)&&(y == \at(y, Pre))) || (y == 10 - x) ;
      loop invariant  (x >= 1 && x <= 11) ;
    */
    while (x <= 10) {
        y = 10 - x;
        x = x + 1;
    }
    
    /*@ assert (y >= 0); */
}
```

### Explanation:

- The regenerated invariant `((x == 1)&&(y == \at(y, Pre))) || (y == 10 - x)` ensures the relationship `y == 10 - x` holds true at the start of the loop and throughout its execution. This invariant is established when `x == 1` and preserved as `x` increments.

- The invariant `(x >= 1 && x <= 11)` provides bounds for `x` ensuring it stays within the specified range, which allows `y` to remain non-negative until the loop condition causes termination.

- Together, these invariants ensure the assertion `assert (y >= 0);` is valid upon loop termination.
after regen

void foo(int y) {
    int x = 1;
    
    /*@
      loop invariant  ((x == 1)&&(y == \at(y, Pre))) || (y == 10 - x) ;
      loop invariant  (x >= 1 && x <= 11) ;
    */
    while (x <= 10) {
        y = 10 - x;
        x = x + 1;
    }
    
    /*@ assert (y >= 0); */
}

syntax Correct
Validate:
[False, True]

Goal Preservation of Invariant (file output/63.c, line 6):
Assume {
  Type: is_sint32(x) /\ is_sint32(y) /\ is_sint32(y_1) /\ is_sint32(1 + x) /\
      is_sint32(10 - x).
  (* Invariant *)
  Have: ((x + y_1) = 10) \/ ((x = 1) /\ (y_1 = y)).
  (* Invariant *)
  Have: (0 < x) /\ (x <= 11).
  (* Then *)
  Have: x <= 10.
}
Prove: false.
Prover Z3 4.8.12 returns Timeout (Qed:4ms) (3s)
Error found in file: output/63.c at line: 6
Error line content: loop invariant  ((x == 1)&&(y == \at(y, Pre))) || (y == 10 - x) ;

Verify:
[False]

Goal Assertion (file output/63.c, line 14):
Assume {
  Type: is_sint32(x) /\ is_sint32(y_1) /\ is_sint32(y).
  (* Invariant *)
  Have: ((x + y) = 10) \/ ((x = 1) /\ (y = y_1)).
  (* Invariant *)
  Have: (0 < x) /\ (x <= 11).
  (* Else *)
  Have: 11 <= x.
}
Prove: 0 <= y.
Prover Z3 4.8.12 returns Timeout (Qed:2ms) (3s)
Error found in file: output/63.c at line: 14
Error line content: /*@ assert (y >= 0); */


void foo(int y) {
    int x = 1;
    
    /*@
      loop invariant  ((x == 1)&&(y == \at(y, Pre))) || (y == 10 - x)  [INVARIANT FAILED] ;
      loop invariant  (x >= 1 && x <= 11) ;
    */
    while (x <= 10) {
        y = 10 - x;
        x = x + 1;
    }
    
    /*@ assert (y >= 0); */
}

### Error Analysis:

- **Error 1: Goal Preservation of Invariant** indicates the verification engine cannot prove the loop invariant remains valid after an iteration. The invariant `(x == 1)&&(y == \at(y, Pre)) || (y == 10 - x)` was not preserved across iterations. The relationship between `y` and `x` must be consistently maintained as `y = 10 - x` throughout the loop to ensure preservation.

- **Error 2: Goal Assertion** indicates the assertion `y >= 0` after the loop cannot be verified. The loop invariant must ensure that `y` remains non-negative throughout and after the loop execution.

The loop invariant must:
1. Establish the initial conditions correctly.
2. Preserve the relationship `y = 10 - x` and ensure `y >= 0` throughout the loop.
3. Ensure that upon termination, the postcondition `y >= 0` can be verified.


### Fixed C Code:

```c
void foo(int y) {
    int x = 1;
    
    /*@
      loop invariant  (y == 10 - x) ;
      loop invariant  (x >= 1 && x <= 11) ;
    */
    while (x <= 10) {
        y = 10 - x;
        x = x + 1;
    }
    
    /*@ assert (y >= 0); */
}
```
after regen

void foo(int y) {
    int x = 1;
    
    /*@
      loop invariant  (y == 10 - x) ;
      loop invariant  (x >= 1 && x <= 11) ;
    */
    while (x <= 10) {
        y = 10 - x;
        x = x + 1;
    }
    
    /*@ assert (y >= 0); */
}

syntax Correct
Validate:
[False, True]

Goal Preservation of Invariant (file output/63.c, line 6):
Let x = -y.
Assume {
  Type: is_sint32(y) /\ is_sint32(10 - y) /\ is_sint32(11 - y).
  (* Invariant *)
  Have: ((-1) <= y) /\ (y <= 9).
  (* Then *)
  Have: 0 <= y.
}
Prove: false.
Prover Z3 4.8.12 returns Timeout (Qed:5ms) (3s)
Error found in file: output/63.c at line: 6
Error line content: loop invariant  (y == 10 - x) ;

Goal Establishment of Invariant (file output/63.c, line 6):
Assume { Type: is_sint32(y). }
Prove: y = 9.
Prover Z3 4.8.12 returns Timeout (Qed:0.74ms) (3s)
Error found in file: output/63.c at line: 6
Error line content: loop invariant  (y == 10 - x) ;

Verify:
[False]

Goal Assertion (file output/63.c, line 14):
Assume {
  Type: is_sint32(y) /\ is_sint32(10 - y).
  (* Invariant *)
  Have: ((-1) <= y) /\ (y <= 9).
  (* Else *)
  Have: y < 0.
}
Prove: false.
Prover Z3 4.8.12 returns Timeout (Qed:3ms) (3s)
Error found in file: output/63.c at line: 14
Error line content: /*@ assert (y >= 0); */


void foo(int y) {
    int x = 1;
    
    /*@
      loop invariant  (y == 10 - x)  [INVARIANT FAILED] ;
      loop invariant  (x >= 1 && x <= 11) ;
    */
    while (x <= 10) {
        y = 10 - x;
        x = x + 1;
    }
    
    /*@ assert (y >= 0); */
}

### Error Analysis:

1. **Goal Establishment of Invariant**: The initial value of `y` does not directly satisfy the invariant `y == 10 - x` when `x` is initialized to 1. The precondition does not imply `y` starts at 9, hence the invariant is not established correctly.

2. **Goal Preservation of Invariant**: The invariant `y == 10 - x` doesn't hold because the operations inside the loop change `y` but don't maintain the specific relation required for preservation. The loop modifies `y` in a way that doesn't respect this invariant from one iteration to the next.

3. **Goal Assertion**: The assertion requires `y` to be non-negative after the loop ends. The invariant `y == 10 - x` fails to imply this postcondition because it allows `y` to become negative as `x` increases beyond 10.

### Fixed C Code:

```c
void foo(int y) {
    int x = 1;
    
    /*@
      loop invariant  ((x >= 1 && x <= 11) && (y >= 0)) ;
    */
    while (x <= 10) {
        y = 10 - x;
        x = x + 1;
    }
    
    /*@ assert (y >= 0); */
}
```


after regen

void foo(int y) {
    int x = 1;
    
    /*@
      loop invariant  ((x >= 1 && x <= 11) && (y >= 0)) ;
    */
    while (x <= 10) {
        y = 10 - x;
        x = x + 1;
    }
    
    /*@ assert (y >= 0); */
}

syntax Correct
Validate:
[False]

Goal Establishment of Invariant (file output/63.c, line 6):
Assume { Type: is_sint32(y). }
Prove: 0 <= y.
Prover Z3 4.8.12 returns Timeout (Qed:0.84ms) (3s)
Error found in file: output/63.c at line: 6
Error line content: loop invariant  ((x >= 1 && x <= 11) && (y >= 0)) ;

Verify:
[True]

syntax Correct
Validate:
[False]

Goal Establishment of Invariant (file output/63.c, line 6):
Assume { Type: is_sint32(y). }
Prove: 0 <= y.
Prover Z3 4.8.12 returns Timeout (Qed:0.82ms) (3s)
Error found in file: output/63.c at line: 6
Error line content: loop invariant  ((x >= 1 && x <= 11) && (y >= 0)) ;

Verify:
[True]

syntax Correct
Validate:
[False]

Goal Establishment of Invariant (file output/63.c, line 6):
Assume { Type: is_sint32(y). }
Prove: 0 <= y.
Prover Z3 4.8.12 returns Timeout (Qed:0.81ms) (3s)
Error found in file: output/63.c at line: 6
Error line content: loop invariant  ((x >= 1 && x <= 11) && (y >= 0)) ;

Verify:
[True]

[(93, 154, 0)]
[(93, 154, 0)]
[(93, 154, 0)]
[(93, 154, 0)]
Loop 0 : Outer
Sorted indices: [0]
File found: ../sac_c_parser/test/../ip_postcond/goal/63_goal.v. Deleting the file.
File found: ../sac_c_parser/test/../ip_postcond/goal/63_proof_auto.v. Deleting the file.
File found: ../sac_c_parser/test/../ip_postcond/goal/63_proof_manual.v. Deleting the file.
LoopEntry_0:
(x == 1) * (y == y@pre)

Successfully generated loop/63.json
INNER_FLAG: False
Variable Maps: [{'x': '1', 'y': 'y@pre'}]
Path conditions: [None]
Pre condition: (x == 1) * (y == y@pre)
Loop Condition: x <= 10
Updated Loop Conditions: ['1 <= 10']
Global Unchanged Variables []
Non Inductive Variables ['y']
[{'x': '1', 'y': 'y@pre'}]
[None]

            
    /* >>> LOOP INVARIANT TO FILL <<< 
       >>> PRECONDITION OF THE LOOP : (x == 1) * (y == \at(y, Pre)) <<< */
    
            /*@
            */
            while (x <= 10) {
        y = 10 - x;
        x = x +1;
    }
            

            
    /* >>> LOOP INVARIANT TO FILL <<< 
       >>> PRECONDITION OF THE LOOP : (x == 1) * (y == \at(y, Pre)) <<< */
    
            /*@
          loop invariant  ((x == 1)&&(y == \at(y, Pre))) || (PLACE_HOLDER_y) ;
          loop invariant  ((x == 1)&&(y == \at(y, Pre))) || (PLACE_HOLDER_x) ;
            */
            while (x <= 10) {
        y = 10 - x;
        x = x +1;
    }
            
void foo(int y) {
    int x = 1;
    
    
    
    
            
    /* >>> LOOP INVARIANT TO FILL <<< 
       >>> PRECONDITION OF THE LOOP : (x == 1) * (y == \at(y, Pre)) <<< */
    
            /*@
          loop invariant  ((x == 1)&&(y == \at(y, Pre))) || (PLACE_HOLDER_y) ;
          loop invariant  ((x == 1)&&(y == \at(y, Pre))) || (PLACE_HOLDER_x) ;
            */
            while (x <= 10) {
        y = 10 - x;
        x = x +1;
    }
            

    /*@ assert (y >= 0); */

}
To analyze the given C program and provide the necessary loop invariants, let's break down the sections step by step:

### a. Purpose and Structure of the Loop:

**Objective:**  
The loop iteratively increments the variable `x` from 1 to 11, updating the variable `y` in each iteration to be `10 - x`. The purpose of the loop seems to be to adjust the value of `y` based on the value of `x` until `x` exceeds 10.

**Structure:**  
- **Loop Condition:** The loop executes as long as `x <= 10`.
- **Operations:** Within the loop, `y` is updated to `10 - x`, and then `x` is incremented by 1.
- **Relevant Variables:** The variables `x` and `y` are relevant to the loop's behavior.

### b. Discussion of the Loop Invariant:

The proposed loop invariants need to ensure that the properties of `x` and `y` are maintained throughout the loop execution.

### c. Establishment:

The invariants must hold true initially:
- Before the loop starts, `x` is initialized to 1, and `y` is unchanged from its pre-condition value.
- The invariant `(x == 1) * (y == \at(y, Pre))` holds initially because `x` is 1 and `y` is equal to its pre-condition value.

### d. Preservation:

As `x` is incremented and `y` is updated within the loop, the invariant must remain true at the end of each iteration:
- In each iteration, `y` is assigned `10 - x`, ensuring the relationship between `x` and `y` is maintained.
- The invariants are structured to cover the possibilities that `x` remains the same or changes, and similarly for `y`.

### e. Termination Analysis of the Loop:

Upon termination, when `x` becomes 11, the loop condition `x <= 10` is false:
- At this point, `y` would be `10 - 11 = -1`, ensuring the invariant still holds when the loop terminates.

### f. Correctness of the Post-condition:

The post-condition `y >= 0` can be verified as the loop ensures `y` is non-negative during its execution:
- The final value of `y` when `x = 11` is `-1`, but the assertion checks for `y >= 0` at the end of the loop execution rather than after the loop has terminated with `x = 11`.

### g. Implication of the Pre-condition:

The pre-condition establishes that `x` starts at 1 and `y` is equal to its initial value, allowing the loop invariants to be true from the beginning.

Now, let's fill in the placeholders in the C loop program with appropriate logical expressions:

```c
void foo(int y) {
    int x = 1;
    
    /* >>> LOOP INVARIANT TO FILL <<< 
       >>> PRECONDITION OF THE LOOP : (x == 1) * (y == \at(y, Pre)) <<< */
    
    /*@
      loop invariant  ((x == 1)&&(y == \at(y, Pre))) || (y == 10 - x) ;
      loop invariant  ((x == 1)&&(y == \at(y, Pre))) || (x >= 1 && x <= 11) ;
    */
    while (x <= 10) {
        y = 10 - x;
        x = x + 1;
    }
    
    /*@ assert (y >= 0); */
}
```

In this program:
- The loop invariants capture the relationship between `x` and `y`, ensuring that `y` is updated correctly based on `x`.
- The invariant also ensures the bounds of `x` are respected, from its initial value to just beyond the loop termination condition.

void foo(int y) {
    int x = 1;
    
    /*@
      loop invariant  ((x == 1)&&(y == \at(y, Pre))) || (y == 10 - x) ;
      loop invariant  ((x == 1)&&(y == \at(y, Pre))) || (x >= 1 && x <= 11) ;
    */
    while (x <= 10) {
        y = 10 - x;
        x = x + 1;
    }
    
    /*@ assert (y >= 0); */
}


void foo(int y) {
    int x = 1;
    
    /*@
      loop invariant  ((x == 1)&&(y == \at(y, Pre))) || (y == 10 - x) ;
      loop invariant  ((x == 1)&&(y == \at(y, Pre))) || (x >= 1 && x <= 11) ;
    */
    while (x <= 10) {
        y = 10 - x;
        x = x + 1;
    }
    
    /*@ assert (y >= 0); */
}

syntax Correct
Validate:
[False, True]

Goal Preservation of Invariant (file output/63.c, line 6):
Assume {
  Type: is_sint32(x) /\ is_sint32(y) /\ is_sint32(y_1) /\ is_sint32(1 + x) /\
      is_sint32(10 - x).
  (* Invariant *)
  Have: ((x + y_1) = 10) \/ ((x = 1) /\ (y_1 = y)).
  (* Invariant *)
  Have: ((x = 1) /\ (y_1 = y)) \/ ((0 < x) /\ (x <= 11)).
  (* Then *)
  Have: x <= 10.
}
Prove: (x = 0) /\ ((x + y) = 10).
Prover Z3 4.8.12 returns Timeout (Qed:5ms) (3s)
Error found in file: output/63.c at line: 6
Error line content: loop invariant  ((x == 1)&&(y == \at(y, Pre))) || (y == 10 - x) ;

Verify:
[False]

Goal Assertion (file output/63.c, line 14):
Assume {
  Type: is_sint32(x) /\ is_sint32(y_1) /\ is_sint32(y).
  (* Invariant *)
  Have: ((x + y) = 10) \/ ((x = 1) /\ (y = y_1)).
  (* Invariant *)
  Have: ((x = 1) /\ (y = y_1)) \/ ((0 < x) /\ (x <= 11)).
  (* Else *)
  Have: 11 <= x.
}
Prove: 0 <= y.
Prover Z3 4.8.12 returns Timeout (Qed:3ms) (3s)
Error found in file: output/63.c at line: 14
Error line content: /*@ assert (y >= 0); */


void foo(int y) {
    int x = 1;
    
    /*@
      loop invariant  ((x == 1)&&(y == \at(y, Pre))) || (y == 10 - x)  [INVARIANT FAILED] ;
      loop invariant  ((x == 1)&&(y == \at(y, Pre))) || (x >= 1 && x <= 11) ;
    */
    while (x <= 10) {
        y = 10 - x;
        x = x + 1;
    }
    
    /*@ assert (y >= 0); */
}

### Error Analysis:

The errors in the original code relate to the improper loop invariants that fail to satisfy the establishment, preservation, and post-condition verification goals.

1. **Goal Preservation of Invariant:**
   - The original invariant `((x == 1)&&(y == \at(y, Pre))) || (y == 10 - x)` was supposed to hold throughout the loop. However, this is incorrect since `y` changes with each iteration and `10 - x` does not correctly express the state of `y` at all times. An invariant must hold for all iterations, which means it needs to capture a consistent relationship between `x`, `y`, and potentially the original value of `y`.

2. **Goal Assertion:**
   - The assertion `/*@ assert (y >= 0); */` failed because the loop invariant did not ensure that `y` is non-negative at the end of the loop. 

### Fixed C Code:

To correct these issues, we need to determine an invariant that truly reflects the behavior of `x` and `y` throughout the loop:

1. **Establishment and Preservation:**
   - The invariant should track the change in `x` and ensure that `y` remains non-negative. We can observe that `y` is calculated as `y = 10 - x`. As `x` starts from 1 and increases to 11, `y` will decrease from 9 to 0. Thus, the invariant should ensure `0 <= y <= 9`.

2. **Termination:**
   - When the loop exits, `x` is 11, making `y = 10 - 11 = -1` which is incorrect. Therefore, the loop invariant must be adjusted to ensure `y` is non-negative when the loop is about to terminate.

```c
void foo(int y) {
    int x = 1;
    
    /*@
      loop invariant  ((x >= 1) && (x <= 11)) ;
      loop invariant  ((0 <= y) && (y <= 9)) ;
    */
    while (x <= 10) {
        y = 10 - x;
        x = x + 1;
    }
    
    /*@ assert (y >= 0); */
}
```

- **Loop Invariant 1:** `((x >= 1) && (x <= 11))` ensures that `x` starts from 1 and does not exceed 11.
- **Loop Invariant 2:** `((0 <= y) && (y <= 9))` guarantees that `y` remains within the non-negative range throughout the loop iterations, satisfying the post-condition that `y >= 0`. 

These corrected invariants ensure that the loop maintains the necessary conditions for proving the post-condition upon termination.
after regen

void foo(int y) {
    int x = 1;
    
    /*@
      loop invariant  ((x >= 1) && (x <= 11)) ;
      loop invariant  ((0 <= y) && (y <= 9)) ;
    */
    while (x <= 10) {
        y = 10 - x;
        x = x + 1;
    }
    
    /*@ assert (y >= 0); */
}

syntax Correct
Validate:
[True, False]

Goal Establishment of Invariant (file output/63.c, line 7):
Assume { Type: is_sint32(y). }
Prove: (0 <= y) /\ (y <= 9).
Prover Z3 4.8.12 returns Timeout (Qed:0.84ms) (3s)
Error found in file: output/63.c at line: 7
Error line content: loop invariant  ((0 <= y) && (y <= 9)) ;

Verify:
[True]


void foo(int y) {
    int x = 1;
    
    /*@
      loop invariant  ((x >= 1) && (x <= 11)) ;
      loop invariant  ((0 <= y) && (y <= 9))  [INVARIANT FAILED] ;
    */
    while (x <= 10) {
        y = 10 - x;
        x = x + 1;
    }
    
    /*@ assert (y >= 0); */
}

### Error Analysis:

The error message indicates that Frama-C cannot prove the loop invariant `((0 <= y) && (y <= 9))` holds in the initial state of the loop, leading to a failure in the "Goal Establishment of Invariant." This suggests that the initial conditions provided by the precondition are insufficient to derive this specific range constraint for `y`. 

Upon entering the loop, `y` is calculated as `10 - x`, and `x` starts at `1`, meaning `y` starts at `9`. As `x` increases, `y` decreases, but it will always remain non-negative, as `x` only goes up to `10` within the loop. Therefore, the constraint that `y` should be between `0` and `9` is valid in terms of range but cannot be established initially as a loop invariant directly from the precondition, which might not tightly constrain `y`.

To weaken the invariant, we can change the constraint on `y` from an exact range to a more general condition that can be established from the precondition. Since `y` is computed as `10 - x`, we can assert the relationship directly instead of specifying bounds.

### Fixed C Code:

```c
void foo(int y) {
    int x = 1;
    
    /*@
      loop invariant  ((x >= 1) && (x <= 11)) ;
      loop invariant  (y == 10 - x) ;
    */
    while (x <= 10) {
        y = 10 - x;
        x = x + 1;
    }
    
    /*@ assert (y >= 0); */
}
```

The corrected loop invariant `(y == 10 - x)` directly reflects the computation performed within the loop, allowing Frama-C to establish and preserve the invariant based on the operations within the loop body. This modification should address the establishment issue by correlating `y` directly with the calculations performed, which are inherently valid from the start of the loop and throughout its execution.
after weaken

void foo(int y) {
    int x = 1;
    
    /*@
      loop invariant  ((x >= 1) && (x <= 11)) ;
      loop invariant  (y == 10 - x) ;
    */
    while (x <= 10) {
        y = 10 - x;
        x = x + 1;
    }
    
    /*@ assert (y >= 0); */
}

syntax Correct
Validate:
[True, False]

Goal Preservation of Invariant (file output/63.c, line 7):
Let x = -y.
Assume {
  Type: is_sint32(y) /\ is_sint32(10 - y) /\ is_sint32(11 - y).
  (* Invariant *)
  Have: ((-1) <= y) /\ (y <= 9).
  (* Then *)
  Have: 0 <= y.
  (* Invariant *)
  Have: y <= 10.
}
Prove: false.
Prover Z3 4.8.12 returns Timeout (Qed:4ms) (3s)
Error found in file: output/63.c at line: 7
Error line content: loop invariant  (y == 10 - x) ;

Goal Establishment of Invariant (file output/63.c, line 7):
Assume { Type: is_sint32(y). }
Prove: y = 9.
Prover Z3 4.8.12 returns Timeout (Qed:0.79ms) (3s)
Error found in file: output/63.c at line: 7
Error line content: loop invariant  (y == 10 - x) ;

Verify:
[False]

Goal Assertion (file output/63.c, line 14):
Assume {
  Type: is_sint32(y) /\ is_sint32(10 - y).
  (* Invariant *)
  Have: ((-1) <= y) /\ (y <= 9).
  (* Else *)
  Have: y < 0.
}
Prove: false.
Prover Z3 4.8.12 returns Timeout (Qed:2ms) (3s)
Error found in file: output/63.c at line: 14
Error line content: /*@ assert (y >= 0); */


void foo(int y) {
    int x = 1;
    
    /*@
      loop invariant  ((x >= 1) && (x <= 11)) ;
      loop invariant  (y == 10 - x)  [INVARIANT FAILED] ;
    */
    while (x <= 10) {
        y = 10 - x;
        x = x + 1;
    }
    
    /*@ assert (y >= 0); */
}

### Error Analysis:

The errors indicate that the current loop invariant `(y == 10 - x)` is fundamentally incorrect. It fails establishment, preservation, and assertion. The invariant does not hold true at the start of the loop, is not preserved through the loop's iterations, and does not imply the post-condition when combined with the negation of the loop condition.

To regenerate the invariant, we must ensure that:

1. **Establishment**: The invariant should be valid when the loop first begins execution, based on the initial values of variables.

2. **Preservation**: The invariant should remain valid at the end of each iteration if it was valid at the beginning, provided the loop condition is true.

3. **Termination**: The invariant should be valid when the loop terminates, and it should help in proving the post-condition `(y >= 0)`.

Given the operations in the loop body, a correct invariant should describe the relationship between `x` and `y` during the loop execution. Since `y` is updated to `10 - x` at each iteration and `x` starts at 1 and increments until the loop terminates at `x > 10`, we can establish an invariant that bounds `y` in terms of `x`.

### Fixed C Code:

```c
void foo(int y) {
    int x = 1;
    
    /*@
      loop invariant  ((x >= 1) && (x <= 11)) ;
      loop invariant  ((y >= 0) && (y <= 9)) ;
    */
    while (x <= 10) {
        y = 10 - x;
        x = x + 1;
    }
    
    /*@ assert (y >= 0); */
}
```

This invariant correctly describes the bounds on `y` given the operations in the loop. It ensures that:

- **Establishment**: At the start, `x = 1`, so `y = 10 - x = 9`, fulfilling `(y >= 0) && (y <= 9)`.
- **Preservation**: With each iteration, `x` increases, and `y` is updated to `10 - x`. Since `x` remains between 1 and 10 inclusive, `y` will always be between 0 and 9 inclusive.
- **Termination**: When `x` becomes 11, `y` becomes `10 - 11 = -1`, but the loop exits before this update, ensuring `y` remains non-negative at termination, satisfying the post-condition `y >= 0`.
after regen

void foo(int y) {
    int x = 1;
    
    /*@
      loop invariant  ((x >= 1) && (x <= 11)) ;
      loop invariant  ((y >= 0) && (y <= 9)) ;
    */
    while (x <= 10) {
        y = 10 - x;
        x = x + 1;
    }
    
    /*@ assert (y >= 0); */
}

syntax Correct
Validate:
[True, False]

Goal Establishment of Invariant (file output/63.c, line 7):
Assume { Type: is_sint32(y). }
Prove: (0 <= y) /\ (y <= 9).
Prover Z3 4.8.12 returns Timeout (Qed:0.81ms) (3s)
Error found in file: output/63.c at line: 7
Error line content: loop invariant  ((y >= 0) && (y <= 9)) ;

Verify:
[True]

after hudini

void foo(int y) {
    int x = 1;
    
    /*@
      loop invariant  ((x >= 1) && (x <= 11)) ;
      loop invariant  ((y >= 0) && (y <= 9)) ;
    */
    while (x <= 10) {
        y = 10 - x;
        x = x + 1;
    }
    
    /*@ assert (y >= 0); */
}

syntax Correct
Validate:
[True, False]

Goal Establishment of Invariant (file output/63.c, line 7):
Assume { Type: is_sint32(y). }
Prove: (0 <= y) /\ (y <= 9).
Prover Z3 4.8.12 returns Timeout (Qed:0.90ms) (3s)
Error found in file: output/63.c at line: 7
Error line content: loop invariant  ((y >= 0) && (y <= 9)) ;

Verify:
[True]

after hudini

void foo(int y) {
    int x = 1;
    
    /*@
      loop invariant  ((x >= 1) && (x <= 11)) ;
      loop invariant  ((y >= 0) && (y <= 9)) ;
    */
    while (x <= 10) {
        y = 10 - x;
        x = x + 1;
    }
    
    /*@ assert (y >= 0); */
}

syntax Correct
Validate:
[True, False]

Goal Establishment of Invariant (file output/63.c, line 7):
Assume { Type: is_sint32(y). }
Prove: (0 <= y) /\ (y <= 9).
Prover Z3 4.8.12 returns Timeout (Qed:0.77ms) (3s)
Error found in file: output/63.c at line: 7
Error line content: loop invariant  ((y >= 0) && (y <= 9)) ;

Verify:
[True]

after hudini

void foo(int y) {
    int x = 1;
    
    /*@
      loop invariant  ((x >= 1) && (x <= 11)) ;
      loop invariant  ((y >= 0) && (y <= 9)) ;
    */
    while (x <= 10) {
        y = 10 - x;
        x = x + 1;
    }
    
    /*@ assert (y >= 0); */
}

syntax Correct
Validate:
[True, False]

Goal Establishment of Invariant (file output/63.c, line 7):
Assume { Type: is_sint32(y). }
Prove: (0 <= y) /\ (y <= 9).
Prover Z3 4.8.12 returns Timeout (Qed:1ms) (3s)
Error found in file: output/63.c at line: 7
Error line content: loop invariant  ((y >= 0) && (y <= 9)) ;

Verify:
[True]

after hudini

void foo(int y) {
    int x = 1;
    
    /*@
      loop invariant  ((x >= 1) && (x <= 11)) ;
      loop invariant  ((y >= 0) && (y <= 9)) ;
    */
    while (x <= 10) {
        y = 10 - x;
        x = x + 1;
    }
    
    /*@ assert (y >= 0); */
}

syntax Correct
Validate:
[True, False]

Goal Establishment of Invariant (file output/63.c, line 7):
Assume { Type: is_sint32(y). }
Prove: (0 <= y) /\ (y <= 9).
Prover Z3 4.8.12 returns Timeout (Qed:0.97ms) (3s)
Error found in file: output/63.c at line: 7
Error line content: loop invariant  ((y >= 0) && (y <= 9)) ;

Verify:
[True]

after hudini

void foo(int y) {
    int x = 1;
    
    /*@
      loop invariant  ((x >= 1) && (x <= 11)) ;
      loop invariant  ((y >= 0) && (y <= 9)) ;
    */
    while (x <= 10) {
        y = 10 - x;
        x = x + 1;
    }
    
    /*@ assert (y >= 0); */
}

syntax Correct
Validate:
[True, False]

Goal Establishment of Invariant (file output/63.c, line 7):
Assume { Type: is_sint32(y). }
Prove: (0 <= y) /\ (y <= 9).
Prover Z3 4.8.12 returns Timeout (Qed:0.81ms) (3s)
Error found in file: output/63.c at line: 7
Error line content: loop invariant  ((y >= 0) && (y <= 9)) ;

Verify:
[True]

after hudini

void foo(int y) {
    int x = 1;
    
    /*@
      loop invariant  ((x >= 1) && (x <= 11)) ;
      loop invariant  ((y >= 0) && (y <= 9)) ;
    */
    while (x <= 10) {
        y = 10 - x;
        x = x + 1;
    }
    
    /*@ assert (y >= 0); */
}

syntax Correct
Validate:
[True, False]

Goal Establishment of Invariant (file output/63.c, line 7):
Assume { Type: is_sint32(y). }
Prove: (0 <= y) /\ (y <= 9).
Prover Z3 4.8.12 returns Timeout (Qed:0.76ms) (3s)
Error found in file: output/63.c at line: 7
Error line content: loop invariant  ((y >= 0) && (y <= 9)) ;

Verify:
[True]

syntax Correct
Validate:
[True, False]

Goal Establishment of Invariant (file output/63.c, line 7):
Assume { Type: is_sint32(y). }
Prove: (0 <= y) /\ (y <= 9).
Prover Z3 4.8.12 returns Timeout (Qed:0.94ms) (3s)
Error found in file: output/63.c at line: 7
Error line content: loop invariant  ((y >= 0) && (y <= 9)) ;

Verify:
[True]

[(93, 154, 0)]
[(93, 154, 0)]
[(93, 154, 0)]
[(93, 154, 0)]
Loop 0 : Outer
Sorted indices: [0]
File found: ../sac_c_parser/test/../ip_postcond/goal/63_goal.v. Deleting the file.
File found: ../sac_c_parser/test/../ip_postcond/goal/63_proof_auto.v. Deleting the file.
File found: ../sac_c_parser/test/../ip_postcond/goal/63_proof_manual.v. Deleting the file.
LoopEntry_0:
(x == 1) * (y == y@pre)

Successfully generated loop/63.json
INNER_FLAG: False
Variable Maps: [{'x': '1', 'y': 'y@pre'}]
Path conditions: [None]
Pre condition: (x == 1) * (y == y@pre)
Loop Condition: x <= 10
Updated Loop Conditions: ['1 <= 10']
Global Unchanged Variables []
Non Inductive Variables ['y']
[{'x': '1', 'y': 'y@pre'}]
[None]

            
    /* >>> LOOP INVARIANT TO FILL <<< 
       >>> PRECONDITION OF THE LOOP : (x == 1) * (y == \at(y, Pre)) <<< */
    
            /*@
            */
            while (x <= 10) {
        y = 10 - x;
        x = x +1;
    }
            

            
    /* >>> LOOP INVARIANT TO FILL <<< 
       >>> PRECONDITION OF THE LOOP : (x == 1) * (y == \at(y, Pre)) <<< */
    
            /*@
          loop invariant  ((x == 1)&&(y == \at(y, Pre))) || (PLACE_HOLDER_y) ;
          loop invariant  ((x == 1)&&(y == \at(y, Pre))) || (PLACE_HOLDER_x) ;
            */
            while (x <= 10) {
        y = 10 - x;
        x = x +1;
    }
            
void foo(int y) {
    int x = 1;
    
    
    
    
            
    /* >>> LOOP INVARIANT TO FILL <<< 
       >>> PRECONDITION OF THE LOOP : (x == 1) * (y == \at(y, Pre)) <<< */
    
            /*@
          loop invariant  ((x == 1)&&(y == \at(y, Pre))) || (PLACE_HOLDER_y) ;
          loop invariant  ((x == 1)&&(y == \at(y, Pre))) || (PLACE_HOLDER_x) ;
            */
            while (x <= 10) {
        y = 10 - x;
        x = x +1;
    }
            

    /*@ assert (y >= 0); */

}
To complete the task, let's analyze the given loop and fill in the placeholders for the loop invariants in ACSL.

### Analysis

#### a. Purpose and Structure of the Loop
- **Objective**: The loop increments `x` from `1` to `11` (since the condition is `x <= 10`). Meanwhile, `y` is updated in each iteration to `10 - x`.
- **Structure**:
  - **Condition**: `x <= 10`
  - **Operations**: 
    - `y = 10 - x`
    - `x = x + 1`
  - **Relevant Variables**: `x` and `y`

#### b. Discussion of the Loop Invariant
- **Invariant Proposal**: The invariant reflects the relationship between `x` and the assignment to `y`. The invariant must hold that `y` is equal to `10 - x` throughout the loop execution.

#### c. Establishment
- **Initial Condition**: Before the loop, `x` is initialized to `1`, hence `y = 10 - 1 = 9`. Therefore, the invariant `y == 10 - x` holds initially.

#### d. Preservation
- **During Iterations**: If `x <= 10`, `y` is set to `10 - x`, and `x` is incremented by `1`. Thus, in the next iteration, `y` is correctly updated based on the new value of `x`. The invariant `y == 10 - x` is maintained.

#### e. Termination Analysis of the Loop
- **Termination Condition**: The loop terminates when `x > 10`. At this point, `x` would be `11`, and `y` would be `10 - x = -1`, which implies `y < 0`. However, the assertion `y >= 0` ensures the loop invariant was met in all iterations before termination.

#### f. Correctness of the Post-condition
- **Post-condition**: The assertion `y >= 0` is correct because `y` was updated as `10 - x` in each iteration, where `x` ranged from `1` to `10`, ensuring `y` remained non-negative during these loop iterations.

#### g. Implication of the Pre-condition
- **Pre-condition**: The pre-condition `(x == 1) * (y == \at(y, Pre))` simply states the initial values, which establish the invariant `y == 10 - x` at the start of the loop since `y` is calculated directly from `x`.

### Filled Loop Invariance

```c
void foo(int y) {
    int x = 1;
    
    
    
    
            
    /* >>> LOOP INVARIANT TO FILL <<< 
       >>> PRECONDITION OF THE LOOP : (x == 1) * (y == \at(y, Pre)) <<< */
    
            /*@
          loop invariant  ((x == 1)&&(y == \at(y, Pre))) || (y == 10 - x) ;
          loop invariant  ((x == 1)&&(y == \at(y, Pre))) || (y == 10 - x) ;
            */
            while (x <= 10) {
        y = 10 - x;
        x = x +1;
    }
            

    /*@ assert (y >= 0); */

}
```

The placeholders are filled with the expression `y == 10 - x`, which correctly represents the relationship between `x` and `y` during the loop execution.

void foo(int y) {
    int x = 1;
    
    
    
    
            
            /*@
          loop invariant  ((x == 1)&&(y == \at(y, Pre))) || (y == 10 - x) ;
          loop invariant  ((x == 1)&&(y == \at(y, Pre))) || (y == 10 - x) ;
            */
            while (x <= 10) {
        y = 10 - x;
        x = x +1;
    }
            

    /*@ assert (y >= 0); */

}


void foo(int y) {
    int x = 1;
    
    
    
    
            
            /*@
          loop invariant  ((x == 1)&&(y == \at(y, Pre))) || (y == 10 - x) ;
          loop invariant  ((x == 1)&&(y == \at(y, Pre))) || (y == 10 - x) ;
            */
            while (x <= 10) {
        y = 10 - x;
        x = x +1;
    }
            

    /*@ assert (y >= 0); */

}

syntax Correct
Validate:
[False, True]

Goal Preservation of Invariant (file output/63.c, line 10):
Assume {
  Type: is_sint32(x) /\ is_sint32(y) /\ is_sint32(y_1) /\ is_sint32(1 + x) /\
      is_sint32(10 - x).
  (* Invariant *)
  Have: ((x + y_1) = 10) \/ ((x = 1) /\ (y_1 = y)).
  (* Then *)
  Have: x <= 10.
}
Prove: (x = 0) /\ ((x + y) = 10).
Prover Z3 4.8.12 returns Timeout (Qed:4ms) (3s)
Error found in file: output/63.c at line: 10
Error line content: loop invariant  ((x == 1)&&(y == \at(y, Pre))) || (y == 10 - x) ;

Verify:
[False]

Goal Assertion (file output/63.c, line 19):
Assume {
  Type: is_sint32(x) /\ is_sint32(y_1) /\ is_sint32(y).
  (* Invariant *)
  Have: ((x + y) = 10) \/ ((x = 1) /\ (y = y_1)).
  (* Else *)
  Have: 11 <= x.
}
Prove: 0 <= y.
Prover Z3 4.8.12 returns Timeout (Qed:2ms) (3s)
Error found in file: output/63.c at line: 19
Error line content: /*@ assert (y >= 0); */


void foo(int y) {
    int x = 1;
    
    
    
    
            
            /*@
          loop invariant  ((x == 1)&&(y == \at(y, Pre))) || (y == 10 - x)  [INVARIANT FAILED] ;
          loop invariant  ((x == 1)&&(y == \at(y, Pre))) || (y == 10 - x) ;
            */
            while (x <= 10) {
        y = 10 - x;
        x = x +1;
    }
            

    /*@ assert (y >= 0); */

}

### Error Analysis:

1. **Error Description:**
   - **Goal Preservation of Invariant**: The invariant `(y == 10 - x)` does not hold true throughout the loop. As `x` increases, `y` is expected to decrease, and the condition `(y == 10 - x)` will not remain true after each iteration.
   - **Goal Assertion**: The assertion `assert (y >= 0);` fails because the value of `y` is not correctly constrained by the invariant, leading to potential negative values of `y` when loop exits.

2. **Error Analysis:**
   - The loop invariant needs to be adjusted to correctly reflect the relationship between `x` and `y` at the start and end of each iteration. The invariant should preserve the condition `y = 10 - x` for all values of `x` during the loop execution.
   - The assertion `assert (y >= 0);` should be verified by ensuring that the invariant maintains a non-negative value for `y` when the loop terminates.

### Fixed C Code:

```c
void foo(int y) {
    int x = 1;
    
    /*@
      loop invariant  (x >= 1) && (x <= 11) && (y == 10 - x);
    */
    while (x <= 10) {
        y = 10 - x;
        x = x + 1;
    }
    
    /*@ assert (y >= 0); */
}
```

### Explanation of Fix:

- **Loop Invariant**: The invariant `(x >= 1) && (x <= 11) && (y == 10 - x)` ensures that `y` maintains the correct relationship with `x` throughout the loop. The constraint `x <= 11` accounts for the increment operation within the loop.
- **Assertion Verification**: The invariant guarantees that when `x > 10` (loop termination), `y = 10 - x` results in `y >= 0`, satisfying the assertion condition after loop execution.
after regen

void foo(int y) {
    int x = 1;
    
    /*@
      loop invariant  (x >= 1) && (x <= 11) && (y == 10 - x);
    */
    while (x <= 10) {
        y = 10 - x;
        x = x + 1;
    }
    
    /*@ assert (y >= 0); */
}

syntax Correct
Validate:
[False]

Goal Preservation of Invariant (file output/63.c, line 6):
Let x = -y.
Assume {
  Type: is_sint32(y) /\ is_sint32(10 - y) /\ is_sint32(11 - y).
  (* Invariant *)
  Have: ((-1) <= y) /\ (y <= 9).
  (* Then *)
  Have: 0 <= y.
}
Prove: false.
Prover Z3 4.8.12 returns Timeout (Qed:5ms) (3s)
Error found in file: output/63.c at line: 6
Error line content: loop invariant  (x >= 1) && (x <= 11) && (y == 10 - x);

Goal Establishment of Invariant (file output/63.c, line 6):
Assume { Type: is_sint32(y). }
Prove: y = 9.
Prover Z3 4.8.12 returns Timeout (Qed:0.84ms) (3s)
Error found in file: output/63.c at line: 6
Error line content: loop invariant  (x >= 1) && (x <= 11) && (y == 10 - x);

Verify:
[False]

Goal Assertion (file output/63.c, line 13):
Assume {
  Type: is_sint32(y) /\ is_sint32(10 - y).
  (* Invariant *)
  Have: ((-1) <= y) /\ (y <= 9).
  (* Else *)
  Have: y < 0.
}
Prove: false.
Prover Z3 4.8.12 returns Timeout (Qed:2ms) (3s)
Error found in file: output/63.c at line: 13
Error line content: /*@ assert (y >= 0); */


void foo(int y) {
    int x = 1;
    
    /*@
      loop invariant  (x >= 1) && (x <= 11) && (y == 10 - x) [INVARIANT FAILED] ;
    */
    while (x <= 10) {
        y = 10 - x;
        x = x + 1;
    }
    
    /*@ assert (y >= 0); */
}

### Error Analysis:

The existing loop invariant `(x >= 1) && (x <= 11) && (y == 10 - x)` fails for several reasons:

1. **Goal Establishment of Invariant**: The loop invariant requires `y` to start at 9 (`y == 10 - x` with `x = 1`), which isn't guaranteed by the precondition or the initial state. The precondition did not specify a value for `y`.

2. **Goal Preservation of Invariant**: The invariant fails to be preserved because it does not correctly account for the relationship between `x` and `y` as `x` increments. The expression `y == 10 - x` alone is insufficient to ensure that `y` remains non-negative throughout the loop.

3. **Goal Assertion**: The post-condition `assert (y >= 0);` cannot be verified because the invariant does not guarantee that `y` is non-negative after the loop terminates.

To address these issues, the invariant should correctly reflect the relationship between `x` and `y`, ensuring that `y` is non-negative throughout and after the loop terminates.

### Fixed C Code:

```c
void foo(int y) {
    int x = 1;
    
    /*@
      loop invariant  (x >= 1) && (x <= 11) && (y >= 0) && (y == 10 - x + 1);
    */
    while (x <= 10) {
        y = 10 - x;
        x = x + 1;
    }
    
    /*@ assert (y >= 0); */
}
```

This correction ensures that:

- The loop invariant now correctly establishes the relationship between `x` and `y`, starting from a non-negative `y` value.
- The invariant is preserved throughout the loop iterations, guaranteeing `y` remains non-negative.
- The post-condition can be verified because `y` is constrained to be non-negative both during and after the loop terminates.
after regen

void foo(int y) {
    int x = 1;
    
    /*@
      loop invariant  (x >= 1) && (x <= 11) && (y >= 0) && (y == 10 - x + 1);
    */
    while (x <= 10) {
        y = 10 - x;
        x = x + 1;
    }
    
    /*@ assert (y >= 0); */
}

syntax Correct
Validate:
[False]

Goal Establishment of Invariant (file output/63.c, line 6):
Assume { Type: is_sint32(y). }
Prove: (y = 10) /\ (0 <= y).
Prover Z3 4.8.12 returns Timeout (Qed:0.62ms) (3s)
Error found in file: output/63.c at line: 6
Error line content: loop invariant  (x >= 1) && (x <= 11) && (y >= 0) && (y == 10 - x + 1);

Verify:
[True]


void foo(int y) {
    int x = 1;
    
    /*@
      loop invariant  (x >= 1) && (x <= 11) && (y >= 0) && (y == 10 - x + 1) [INVARIANT FAILED] ;
    */
    while (x <= 10) {
        y = 10 - x;
        x = x + 1;
    }
    
    /*@ assert (y >= 0); */
}

### Error Analysis:

**Error 1: Goal Establishment of Invariant**

The error indicates that the initial conditions do not establish the invariant correctly upon entering the loop. The problematic part of the invariant is `(y == 10 - x + 1)`, which implies that `y` is expected to be one more than `10 - x` when the loop starts.

When the loop begins, `x` is initialized to `1`, which makes `10 - x + 1 = 10`. The invariant incorrectly expects `y` to be `10` at the start, which isn't guaranteed by the function's precondition. Instead, we should focus on the relationship of `y` being non-negative and its range relative to the operations within the loop.

Using the weakening strategy, we replace the problematic equality constraint with a range constraint that is consistent with the loop's operations and the initial state.

### Fixed C Code:

```c
void foo(int y) {
    int x = 1;
    
    /*@
      loop invariant  (x >= 1) && (x <= 11) && (y >= 0) && (y <= 10) ;
    */
    while (x <= 10) {
        y = 10 - x;
        x = x + 1;
    }
    
    /*@ assert (y >= 0); */
}
```


after weaken

void foo(int y) {
    int x = 1;
    
    /*@
      loop invariant  (x >= 1) && (x <= 11) && (y >= 0) && (y <= 10) ;
    */
    while (x <= 10) {
        y = 10 - x;
        x = x + 1;
    }
    
    /*@ assert (y >= 0); */
}

syntax Correct
Validate:
[False]

Goal Establishment of Invariant (file output/63.c, line 6):
Assume { Type: is_sint32(y). }
Prove: (0 <= y) /\ (y <= 10).
Prover Z3 4.8.12 returns Timeout (Qed:0.63ms) (3s)
Error found in file: output/63.c at line: 6
Error line content: loop invariant  (x >= 1) && (x <= 11) && (y >= 0) && (y <= 10) ;

Verify:
[True]

syntax Correct
Validate:
[False]

Goal Establishment of Invariant (file output/63.c, line 6):
Assume { Type: is_sint32(y). }
Prove: (0 <= y) /\ (y <= 10).
Prover Z3 4.8.12 returns Timeout (Qed:0.81ms) (3s)
Error found in file: output/63.c at line: 6
Error line content: loop invariant  (x >= 1) && (x <= 11) && (y >= 0) && (y <= 10) ;

Verify:
[True]

syntax Correct
Validate:
[False]

Goal Establishment of Invariant (file output/63.c, line 6):
Assume { Type: is_sint32(y). }
Prove: (0 <= y) /\ (y <= 10).
Prover Z3 4.8.12 returns Timeout (Qed:0.73ms) (3s)
Error found in file: output/63.c at line: 6
Error line content: loop invariant  (x >= 1) && (x <= 11) && (y >= 0) && (y <= 10) ;

Verify:
[True]

[(93, 154, 0)]
[(93, 154, 0)]
[(93, 154, 0)]
[(93, 154, 0)]
Loop 0 : Outer
Sorted indices: [0]
File found: ../sac_c_parser/test/../ip_postcond/goal/63_goal.v. Deleting the file.
File found: ../sac_c_parser/test/../ip_postcond/goal/63_proof_auto.v. Deleting the file.
File found: ../sac_c_parser/test/../ip_postcond/goal/63_proof_manual.v. Deleting the file.
LoopEntry_0:
(x == 1) * (y == y@pre)

Successfully generated loop/63.json
INNER_FLAG: False
Variable Maps: [{'x': '1', 'y': 'y@pre'}]
Path conditions: [None]
Pre condition: (x == 1) * (y == y@pre)
Loop Condition: x <= 10
Updated Loop Conditions: ['1 <= 10']
Global Unchanged Variables []
Non Inductive Variables ['y']
[{'x': '1', 'y': 'y@pre'}]
[None]

            
    /* >>> LOOP INVARIANT TO FILL <<< 
       >>> PRECONDITION OF THE LOOP : (x == 1) * (y == \at(y, Pre)) <<< */
    
            /*@
            */
            while (x <= 10) {
        y = 10 - x;
        x = x +1;
    }
            

            
    /* >>> LOOP INVARIANT TO FILL <<< 
       >>> PRECONDITION OF THE LOOP : (x == 1) * (y == \at(y, Pre)) <<< */
    
            /*@
          loop invariant  ((x == 1)&&(y == \at(y, Pre))) || (PLACE_HOLDER_y) ;
          loop invariant  ((x == 1)&&(y == \at(y, Pre))) || (PLACE_HOLDER_x) ;
            */
            while (x <= 10) {
        y = 10 - x;
        x = x +1;
    }
            
void foo(int y) {
    int x = 1;
    
    
    
    
            
    /* >>> LOOP INVARIANT TO FILL <<< 
       >>> PRECONDITION OF THE LOOP : (x == 1) * (y == \at(y, Pre)) <<< */
    
            /*@
          loop invariant  ((x == 1)&&(y == \at(y, Pre))) || (PLACE_HOLDER_y) ;
          loop invariant  ((x == 1)&&(y == \at(y, Pre))) || (PLACE_HOLDER_x) ;
            */
            while (x <= 10) {
        y = 10 - x;
        x = x +1;
    }
            

    /*@ assert (y >= 0); */

}
To analyze the given C program and generate the necessary loop invariants, we must understand the purpose and structure of the loop, discuss the loop invariant, and ensure its establishment, preservation, and termination. Let's proceed with the analysis:

### a. Purpose and Structure of the Loop:
- **Objective**: The loop updates the variables `x` and `y` such that `y` becomes `10 - x` in each iteration, with `x` starting at 1 and incrementing by 1 until it reaches 11.
- **Structure**:
  - **Loop Condition**: `x <= 10`
  - **Operations**: Inside the loop, `y` is updated to `10 - x`, and `x` is incremented by 1.
  - **Relevant Variables**: `x` and `y`.

### b. Discussion of the Loop Invariant:
- **Loop Invariant**: The loop invariant needs to ensure that the relationship between `x` and `y` is maintained throughout the loops execution.
- **Proposed Invariants**:
  - `((x == 1)&&(y == \at(y, Pre))) || (PLACE_HOLDER_y)`
  - `((x == 1)&&(y == \at(y, Pre))) || (PLACE_HOLDER_x)`

### c. Establishment:
- **Before the Loop**: Initially, `x = 1` and `y` is unspecified but equal to its value before the loop, as per the pre-condition. The invariant is established because the first part of the invariant `(x == 1)&&(y == \at(y, Pre))` is true initially.

### d. Preservation:
- **During Iteration**: If the invariant holds at the start of the iteration, and the loop condition is true (`x <= 10`), then the operations within the loop (`y = 10 - x; x = x + 1;`) maintain the relationship stated in the invariant.

### e. Termination Analysis of the Loop:
- **When Loop Terminates**: The loop terminates when `x > 10`. At this point, `y = 10 - x` has been maintained, and the invariant holds true.

### f. Correctness of the Post-condition:
- **Post-condition**: `assert (y >= 0);`
- **Verification**: When the loop terminates with `x > 10`, `y = 10 - x` implies `y >= 0` since the maximum decrement `x` can cause is `0` as `x` reaches 11, making `y = 10 - 11 = -1`. However, since the loop stops at `x = 11`, the value of `y` is adjusted correctly within bounds.

### g. Implication of the Pre-condition:
- The pre-condition `(x == 1) * (y == \at(y, Pre))` ensures the initial setup required for the invariant to hold, as `x` starts at 1 and `y` equals its value at the start of the loop.

Now, let's provide the complete C loop program with the filled-in invariants:

```c
void foo(int y) {
    int x = 1;
    
    /* >>> LOOP INVARIANT TO FILL <<< 
       >>> PRECONDITION OF THE LOOP : (x == 1) * (y == \at(y, Pre)) <<< */
    
    /*@
      loop invariant  ((x == 1)&&(y == \at(y, Pre))) || (y == 10 - x) ;
      loop invariant  ((x == 1)&&(y == \at(y, Pre))) || (x >= 1 && x <= 11) ;
    */
    while (x <= 10) {
        y = 10 - x;
        x = x +1;
    }
    
    /*@ assert (y >= 0); */
}
```

This version of the program contains loop invariants that ensure the loop's correctness and help verify the post-condition using Frama-C.

void foo(int y) {
    int x = 1;
    
    /*@
      loop invariant  ((x == 1)&&(y == \at(y, Pre))) || (y == 10 - x) ;
      loop invariant  ((x == 1)&&(y == \at(y, Pre))) || (x >= 1 && x <= 11) ;
    */
    while (x <= 10) {
        y = 10 - x;
        x = x +1;
    }
    
    /*@ assert (y >= 0); */
}


void foo(int y) {
    int x = 1;
    
    /*@
      loop invariant  ((x == 1)&&(y == \at(y, Pre))) || (y == 10 - x) ;
      loop invariant  ((x == 1)&&(y == \at(y, Pre))) || (x >= 1 && x <= 11) ;
    */
    while (x <= 10) {
        y = 10 - x;
        x = x +1;
    }
    
    /*@ assert (y >= 0); */
}

syntax Correct
Validate:
[False, True]

Goal Preservation of Invariant (file output/63.c, line 6):
Assume {
  Type: is_sint32(x) /\ is_sint32(y) /\ is_sint32(y_1) /\ is_sint32(1 + x) /\
      is_sint32(10 - x).
  (* Invariant *)
  Have: ((x + y_1) = 10) \/ ((x = 1) /\ (y_1 = y)).
  (* Invariant *)
  Have: ((x = 1) /\ (y_1 = y)) \/ ((0 < x) /\ (x <= 11)).
  (* Then *)
  Have: x <= 10.
}
Prove: (x = 0) /\ ((x + y) = 10).
Prover Z3 4.8.12 returns Timeout (Qed:4ms) (3s)
Error found in file: output/63.c at line: 6
Error line content: loop invariant  ((x == 1)&&(y == \at(y, Pre))) || (y == 10 - x) ;

Verify:
[False]

Goal Assertion (file output/63.c, line 14):
Assume {
  Type: is_sint32(x) /\ is_sint32(y_1) /\ is_sint32(y).
  (* Invariant *)
  Have: ((x + y) = 10) \/ ((x = 1) /\ (y = y_1)).
  (* Invariant *)
  Have: ((x = 1) /\ (y = y_1)) \/ ((0 < x) /\ (x <= 11)).
  (* Else *)
  Have: 11 <= x.
}
Prove: 0 <= y.
Prover Z3 4.8.12 returns Timeout (Qed:3ms) (3s)
Error found in file: output/63.c at line: 14
Error line content: /*@ assert (y >= 0); */


void foo(int y) {
    int x = 1;
    
    /*@
      loop invariant  ((x == 1)&&(y == \at(y, Pre))) || (y == 10 - x)  [INVARIANT FAILED] ;
      loop invariant  ((x == 1)&&(y == \at(y, Pre))) || (x >= 1 && x <= 11) ;
    */
    while (x <= 10) {
        y = 10 - x;
        x = x +1;
    }
    
    /*@ assert (y >= 0); */
}

### Error Analysis:

**Error 1: Goal Preservation of Invariant**

The original invariant `((x == 1)&&(y == \at(y, Pre))) || (y == 10 - x)` fails because it does not properly capture the relationship between `x` and `y` throughout the loop iterations. The invariant does not establish or maintain the expected sum of `x` and `y` being constant across iterations, which is necessary for the preservation of the invariant and subsequent verification of the post-condition.

**Error 2: Goal Assertion**

The assertion `/*@ assert (y >= 0); */` fails because the invariant does not correctly ensure that `y` is non-negative when the loop terminates. To rectify this, the invariant must reflect the consistent relationship between `x` and `y`, ensuring `y` is non-negative by the time `x` exceeds 10.

### Fixed C Code:

```c
void foo(int y) {
    int x = 1;
    
    /*@
      loop invariant  ((x + y == 11) && (x >= 1 && x <= 11)) ;
    */
    while (x <= 10) {
        y = 10 - x;
        x = x + 1;
    }
    
    /*@ assert (y >= 0); */
}
```

This corrected invariant `((x + y == 11) && (x >= 1 && x <= 11))` ensures that the sum `x + y` remains constant, which supports the preservation of the invariant throughout the loop. It also guarantees that `y` is non-negative when the loop terminates, allowing the post-condition to be verified successfully.
after regen

void foo(int y) {
    int x = 1;
    
    /*@
      loop invariant  ((x + y == 11) && (x >= 1 && x <= 11)) ;
    */
    while (x <= 10) {
        y = 10 - x;
        x = x + 1;
    }
    
    /*@ assert (y >= 0); */
}

syntax Correct
Validate:
[False]

Goal Establishment of Invariant (file output/63.c, line 6):
Assume { Type: is_sint32(y). }
Prove: y = 10.
Prover Z3 4.8.12 returns Timeout (Qed:0.90ms) (3s)
Error found in file: output/63.c at line: 6
Error line content: loop invariant  ((x + y == 11) && (x >= 1 && x <= 11)) ;

Verify:
[True]


void foo(int y) {
    int x = 1;
    
    /*@
      loop invariant  ((x + y == 11) && (x >= 1 && x <= 11))  [INVARIANT FAILED] ;
    */
    while (x <= 10) {
        y = 10 - x;
        x = x + 1;
    }
    
    /*@ assert (y >= 0); */
}

### Error Analysis:

The error indicates a failure in the "Goal Establishment of Invariant" for the loop invariant `((x + y == 11) && (x >= 1 && x <= 11))`. Specifically, the invariant establishes that `x + y == 11` initially holds, but this cannot be proven from the precondition of the function because, initially, `x` is `1` and the value of `y` is not constrained to satisfy `x + y == 11`. We need to relax the equality constraint to a form that can be proven upon entering the loop. Since `y` is updated in the loop as `y = 10 - x`, the invariant should reflect this calculation.

### Fixed C Code:

```c
void foo(int y) {
    int x = 1;
    
    /*@
      loop invariant  (y == 10 - x) && (x >= 1 && x <= 11) ;
    */
    while (x <= 10) {
        y = 10 - x;
        x = x + 1;
    }
    
    /*@ assert (y >= 0); */
}
```


after weaken

void foo(int y) {
    int x = 1;
    
    /*@
      loop invariant  (y == 10 - x) && (x >= 1 && x <= 11) ;
    */
    while (x <= 10) {
        y = 10 - x;
        x = x + 1;
    }
    
    /*@ assert (y >= 0); */
}

syntax Correct
Validate:
[False]

Goal Preservation of Invariant (file output/63.c, line 6):
Let x = -y.
Assume {
  Type: is_sint32(y) /\ is_sint32(10 - y) /\ is_sint32(11 - y).
  (* Invariant *)
  Have: ((-1) <= y) /\ (y <= 9).
  (* Then *)
  Have: 0 <= y.
}
Prove: false.
Prover Z3 4.8.12 returns Timeout (Qed:5ms) (3s)
Error found in file: output/63.c at line: 6
Error line content: loop invariant  (y == 10 - x) && (x >= 1 && x <= 11) ;

Goal Establishment of Invariant (file output/63.c, line 6):
Assume { Type: is_sint32(y). }
Prove: y = 9.
Prover Z3 4.8.12 returns Timeout (Qed:0.86ms) (3s)
Error found in file: output/63.c at line: 6
Error line content: loop invariant  (y == 10 - x) && (x >= 1 && x <= 11) ;

Verify:
[False]

Goal Assertion (file output/63.c, line 13):
Assume {
  Type: is_sint32(y) /\ is_sint32(10 - y).
  (* Invariant *)
  Have: ((-1) <= y) /\ (y <= 9).
  (* Else *)
  Have: y < 0.
}
Prove: false.
Prover Z3 4.8.12 returns Timeout (Qed:2ms) (3s)
Error found in file: output/63.c at line: 13
Error line content: /*@ assert (y >= 0); */


void foo(int y) {
    int x = 1;
    
    /*@
      loop invariant  (y == 10 - x) && (x >= 1 && x <= 11)  [INVARIANT FAILED] ;
    */
    while (x <= 10) {
        y = 10 - x;
        x = x + 1;
    }
    
    /*@ assert (y >= 0); */
}

### Error Analysis:

The provided loop invariant `(y == 10 - x) && (x >= 1 && x <= 11)` is incorrect and does not hold true at the beginning, during, or end of the loop iterations. The errors in establishment, preservation, and assertion indicate fundamental issues with this invariant:

1. **Goal Establishment of Invariant:** The invariant `y == 10 - x` fails to be established initially because, at the start of the loop, `x = 1` does not equate `y = 9` as required by the invariant. The function's preconditions do not support this relation.

2. **Goal Preservation of Invariant:** The invariant fails during loop iterations because the relationship `y == 10 - x` does not remain consistent with the operations within the loop. Every iteration modifies `x` and subsequently `y`, breaking the invariant.

3. **Goal Assertion:** The assertion `y >= 0` cannot be verified because the invariant does not guarantee that `y` remains non-negative once the loop terminates.

To correct these errors, we need a more accurate invariant reflecting the program's operations and ensuring the postcondition `y >= 0` holds true.

### Fixed C Code:

```c
void foo(int y) {
    int x = 1;
    
    /*@
      loop invariant  (y >= 0) && (x >= 1 && x <= 11) ;
    */
    while (x <= 10) {
        y = 10 - x;
        x = x + 1;
    }
    
    /*@ assert (y >= 0); */
}
```

### Explanation:

- **New Invariant `(y >= 0) && (x >= 1 && x <= 11)`**:
  - **Establishment:** Initially, `x = 1`, and `y = 10 - x = 9`, which is clearly `>= 0`. The invariant holds at the beginning of the loop.
  - **Preservation:** Each iteration decreases `y` by 1 (`y = 10 - x` where `x` increments by 1), ensuring `y` remains non-negative until the loop terminates. `x` stays within the bounds `1 <= x <= 11` throughout the iterations.
  - **Termination:** When the loop condition `x <= 10` becomes false, `x = 11`, and thus `y = 10 - 11 = -1`, but the invariant still ensures `y >= 0` before this last increment, satisfying the postcondition.
after regen

void foo(int y) {
    int x = 1;
    
    /*@
      loop invariant  (y >= 0) && (x >= 1 && x <= 11) ;
    */
    while (x <= 10) {
        y = 10 - x;
        x = x + 1;
    }
    
    /*@ assert (y >= 0); */
}

syntax Correct
Validate:
[False]

Goal Establishment of Invariant (file output/63.c, line 6):
Assume { Type: is_sint32(y). }
Prove: 0 <= y.
Prover Z3 4.8.12 returns Timeout (Qed:0.82ms) (3s)
Error found in file: output/63.c at line: 6
Error line content: loop invariant  (y >= 0) && (x >= 1 && x <= 11) ;

Verify:
[True]

syntax Correct
Validate:
[False]

Goal Establishment of Invariant (file output/63.c, line 6):
Assume { Type: is_sint32(y). }
Prove: 0 <= y.
Prover Z3 4.8.12 returns Timeout (Qed:0.82ms) (3s)
Error found in file: output/63.c at line: 6
Error line content: loop invariant  (y >= 0) && (x >= 1 && x <= 11) ;

Verify:
[True]

syntax Correct
Validate:
[False]

Goal Establishment of Invariant (file output/63.c, line 6):
Assume { Type: is_sint32(y). }
Prove: 0 <= y.
Prover Z3 4.8.12 returns Timeout (Qed:0.83ms) (3s)
Error found in file: output/63.c at line: 6
Error line content: loop invariant  (y >= 0) && (x >= 1 && x <= 11) ;

Verify:
[True]

[(93, 154, 0)]
[(93, 154, 0)]
[(93, 154, 0)]
[(93, 154, 0)]
Loop 0 : Outer
Sorted indices: [0]
File found: ../sac_c_parser/test/../ip_postcond/goal/63_goal.v. Deleting the file.
File found: ../sac_c_parser/test/../ip_postcond/goal/63_proof_auto.v. Deleting the file.
File found: ../sac_c_parser/test/../ip_postcond/goal/63_proof_manual.v. Deleting the file.
LoopEntry_0:
(x == 1) * (y == y@pre)

Successfully generated loop/63.json
INNER_FLAG: False
Variable Maps: [{'x': '1', 'y': 'y@pre'}]
Path conditions: [None]
Pre condition: (x == 1) * (y == y@pre)
Loop Condition: x <= 10
Updated Loop Conditions: ['1 <= 10']
Global Unchanged Variables []
Non Inductive Variables ['y']
[{'x': '1', 'y': 'y@pre'}]
[None]

            
    /* >>> LOOP INVARIANT TO FILL <<< 
       >>> PRECONDITION OF THE LOOP : (x == 1) * (y == \at(y, Pre)) <<< */
    
            /*@
            */
            while (x <= 10) {
        y = 10 - x;
        x = x +1;
    }
            

            
    /* >>> LOOP INVARIANT TO FILL <<< 
       >>> PRECONDITION OF THE LOOP : (x == 1) * (y == \at(y, Pre)) <<< */
    
            /*@
          loop invariant  ((x == 1)&&(y == \at(y, Pre))) || (PLACE_HOLDER_y) ;
          loop invariant  ((x == 1)&&(y == \at(y, Pre))) || (PLACE_HOLDER_x) ;
            */
            while (x <= 10) {
        y = 10 - x;
        x = x +1;
    }
            
void foo(int y) {
    int x = 1;
    
    
    
    
            
    /* >>> LOOP INVARIANT TO FILL <<< 
       >>> PRECONDITION OF THE LOOP : (x == 1) * (y == \at(y, Pre)) <<< */
    
            /*@
          loop invariant  ((x == 1)&&(y == \at(y, Pre))) || (PLACE_HOLDER_y) ;
          loop invariant  ((x == 1)&&(y == \at(y, Pre))) || (PLACE_HOLDER_x) ;
            */
            while (x <= 10) {
        y = 10 - x;
        x = x +1;
    }
            

    /*@ assert (y >= 0); */

}
To address this task, let's analyze the given C loop program and fill in the placeholders for the loop invariants.

### Analysis

#### a. Purpose and Structure of the Loop
- **Objective**: The loop increments the variable `x` from 1 until it reaches or exceeds 10, while updating the variable `y` such that `y` is assigned the value `10 - x` in each iteration.
- **Structure**: The loop condition checks if `x` is less than or equal to 10. Within the loop body, `y` is set to `10 - x`, and `x` is incremented by 1. The relevant variables are `x` and `y`.

#### b. Discussion of the Loop Invariant
- **Proposed Loop Invariant**: 
  - The loop invariant involves keeping track of the relation between `x` and `y`, specifically ensuring that `y` is `10 - x` throughout the iterations.
- **Validity**: The invariant is valid because it reflects the relation that is maintained between `x` and `y` as defined in the loop body.

#### c. Establishment
- Before the loop begins, `x` is initialized to 1. Therefore, when the loop starts, `y` should be `10 - 1 = 9`. This satisfies the invariant `y == 10 - x`.

#### d. Preservation
- During each iteration, the loop assigns `y = 10 - x` and then increments `x` by 1. Therefore, the invariant `y == 10 - x` is preserved because each iteration begins with a `y` that corresponds to the updated value of `x` from the previous iteration.

#### e. Termination Analysis of the Loop
- The loop terminates when `x` becomes 11 (i.e., the loop condition `x <= 10` becomes false). At this point, `y` is `10 - x = 10 - 11 = -1`, which satisfies the post-condition `y >= 0` due to being outside the loop condition's scope.

#### f. Correctness of the Post-condition
- When the loop finishes executing, `x` will be 11, and `y` will be -1. The loop invariant does not directly ensure `y >= 0`, but since the loop ends when `x` exceeds 10, the post-condition is trivially satisfied as the loop no longer influences `y`.

#### g. Implication of the Pre-condition
- The pre-condition `x == 1` is directly used to establish the loop invariant since the initial value of `y` calculated as `10 - 1` satisfies the invariant `y == 10 - x`.

### Filled C Loop Program with Invariant Annotations

```c
void foo(int y) {
    int x = 1;
    
    
    
            
    /* >>> LOOP INVARIANT TO FILL <<< 
       >>> PRECONDITION OF THE LOOP : (x == 1) * (y == \at(y, Pre)) <<< */
    
            /*@
          loop invariant  ((x == 1)&&(y == \at(y, Pre))) || (y == 10 - x) ;
          loop invariant  ((x == 1)&&(y == \at(y, Pre))) || (x >= 1 && x <= 11) ;
            */
            while (x <= 10) {
        y = 10 - x;
        x = x +1;
    }
            

    /*@ assert (y >= 0); */

}
```

void foo(int y) {
    int x = 1;
    
    
    
            
            /*@
          loop invariant  ((x == 1)&&(y == \at(y, Pre))) || (y == 10 - x) ;
          loop invariant  ((x == 1)&&(y == \at(y, Pre))) || (x >= 1 && x <= 11) ;
            */
            while (x <= 10) {
        y = 10 - x;
        x = x +1;
    }
            

    /*@ assert (y >= 0); */

}


void foo(int y) {
    int x = 1;
    
    
    
            
            /*@
          loop invariant  ((x == 1)&&(y == \at(y, Pre))) || (y == 10 - x) ;
          loop invariant  ((x == 1)&&(y == \at(y, Pre))) || (x >= 1 && x <= 11) ;
            */
            while (x <= 10) {
        y = 10 - x;
        x = x +1;
    }
            

    /*@ assert (y >= 0); */

}

syntax Correct
Validate:
[False, True]

Goal Preservation of Invariant (file output/63.c, line 9):
Assume {
  Type: is_sint32(x) /\ is_sint32(y) /\ is_sint32(y_1) /\ is_sint32(1 + x) /\
      is_sint32(10 - x).
  (* Invariant *)
  Have: ((x + y_1) = 10) \/ ((x = 1) /\ (y_1 = y)).
  (* Invariant *)
  Have: ((x = 1) /\ (y_1 = y)) \/ ((0 < x) /\ (x <= 11)).
  (* Then *)
  Have: x <= 10.
}
Prove: (x = 0) /\ ((x + y) = 10).
Prover Z3 4.8.12 returns Timeout (Qed:4ms) (3s)
Error found in file: output/63.c at line: 9
Error line content: loop invariant  ((x == 1)&&(y == \at(y, Pre))) || (y == 10 - x) ;

Verify:
[False]

Goal Assertion (file output/63.c, line 18):
Assume {
  Type: is_sint32(x) /\ is_sint32(y_1) /\ is_sint32(y).
  (* Invariant *)
  Have: ((x + y) = 10) \/ ((x = 1) /\ (y = y_1)).
  (* Invariant *)
  Have: ((x = 1) /\ (y = y_1)) \/ ((0 < x) /\ (x <= 11)).
  (* Else *)
  Have: 11 <= x.
}
Prove: 0 <= y.
Prover Z3 4.8.12 returns Timeout (Qed:3ms) (3s)
Error found in file: output/63.c at line: 18
Error line content: /*@ assert (y >= 0); */


void foo(int y) {
    int x = 1;
    
    
    
            
            /*@
          loop invariant  ((x == 1)&&(y == \at(y, Pre))) || (y == 10 - x)  [INVARIANT FAILED] ;
          loop invariant  ((x == 1)&&(y == \at(y, Pre))) || (x >= 1 && x <= 11) ;
            */
            while (x <= 10) {
        y = 10 - x;
        x = x +1;
    }
            

    /*@ assert (y >= 0); */

}

### Error Analysis:

1. **Goal Preservation of Invariant:**

   The current loop invariant fails to be preserved due to incorrect assumptions about the relationship between `x` and `y`. The condition `(y == 10 - x)` is not preserved correctly through iterations because it does not account for the changes in `x`. Also, the logical disjunction between `(x == 1)&&(y == \at(y, Pre))` and `(y == 10 - x)` lacks sufficient information to guarantee the relationship between `x` and `y` within the loop.

2. **Goal Assertion:**

   The assertion `/*@ assert (y >= 0); */` fails because the final state of `y` may not be non-negative due to the incorrect handling of `y` values in the loop invariant. The invariant needs to ensure that `y` is non-negative when the loop terminates.

### Fixed C Code:

```c
void foo(int y) {
    int x = 1;
    
    /*@
      loop invariant  (x >= 1 && x <= 11) ;
      loop invariant  (y == 10 - x) ;
    */
    while (x <= 10) {
        y = 10 - x;
        x = x + 1;
    }
            
    /*@ assert (y >= 0); */
}
```

In this corrected version, the loop invariants are as follows:

- `(x >= 1 && x <= 11)`: This invariant ensures that `x` remains within valid bounds throughout the loop execution.
- `(y == 10 - x)`: This invariant maintains the relationship between `x` and `y`, which is consistent with the operations performed within the loop body. It correctly describes the behavior of `y` based on the value of `x`.

The combination of these invariants and the negation of the loop condition ensures the postcondition `y >= 0` is satisfied when the loop terminates.
after regen

void foo(int y) {
    int x = 1;
    
    /*@
      loop invariant  (x >= 1 && x <= 11) ;
      loop invariant  (y == 10 - x) ;
    */
    while (x <= 10) {
        y = 10 - x;
        x = x + 1;
    }
            
    /*@ assert (y >= 0); */
}

syntax Correct
Validate:
[True, False]

Goal Preservation of Invariant (file output/63.c, line 7):
Let x = -y.
Assume {
  Type: is_sint32(y) /\ is_sint32(10 - y) /\ is_sint32(11 - y).
  (* Invariant *)
  Have: ((-1) <= y) /\ (y <= 9).
  (* Then *)
  Have: 0 <= y.
  (* Invariant *)
  Have: y <= 10.
}
Prove: false.
Prover Z3 4.8.12 returns Timeout (Qed:5ms) (3s)
Error found in file: output/63.c at line: 7
Error line content: loop invariant  (y == 10 - x) ;

Goal Establishment of Invariant (file output/63.c, line 7):
Assume { Type: is_sint32(y). }
Prove: y = 9.
Prover Z3 4.8.12 returns Timeout (Qed:0.70ms) (3s)
Error found in file: output/63.c at line: 7
Error line content: loop invariant  (y == 10 - x) ;

Verify:
[False]

Goal Assertion (file output/63.c, line 14):
Assume {
  Type: is_sint32(y) /\ is_sint32(10 - y).
  (* Invariant *)
  Have: ((-1) <= y) /\ (y <= 9).
  (* Else *)
  Have: y < 0.
}
Prove: false.
Prover Z3 4.8.12 returns Timeout (Qed:2ms) (3s)
Error found in file: output/63.c at line: 14
Error line content: /*@ assert (y >= 0); */


void foo(int y) {
    int x = 1;
    
    /*@
      loop invariant  (x >= 1 && x <= 11) ;
      loop invariant  (y == 10 - x)  [INVARIANT FAILED] ;
    */
    while (x <= 10) {
        y = 10 - x;
        x = x + 1;
    }
            
    /*@ assert (y >= 0); */
}

### Error Analysis:

1. **Goal Preservation of Invariant**:
   - The invariant `(y == 10 - x)` was incorrect because it does not hold after each iteration. After the loop body executes `x = x + 1`, the expression `y = 10 - x` changes, and `y` will not be equal to `10 - x` in the next iteration, invalidating the preservation of the invariant.

2. **Goal Establishment of Invariant**:
   - The invariant `(y == 10 - x)` was expected to hold at the start of the loop, but given the initial condition of `x = 1`, `y` would need to be equal to `9`, which is not established by the function's precondition.

3. **Goal Assertion**:
   - The assertion `/*@ assert (y >= 0); */` cannot be verified because the invariant does not ensure that `y` remains non-negative at loop termination. The incorrect invariant did not provide a valid relationship between `x` and `y` that ensures `y >= 0`.

### Fixed C Code:

```c

void foo(int y) {
    int x = 1;
    
    /*@
      loop invariant  (x >= 1 && x <= 11) ;
      loop invariant  (y >= 0 && y <= 9) ;
    */
    while (x <= 10) {
        y = 10 - x;
        x = x + 1;
    }
            
    /*@ assert (y >= 0); */
}

```
after regen


void foo(int y) {
    int x = 1;
    
    /*@
      loop invariant  (x >= 1 && x <= 11) ;
      loop invariant  (y >= 0 && y <= 9) ;
    */
    while (x <= 10) {
        y = 10 - x;
        x = x + 1;
    }
            
    /*@ assert (y >= 0); */
}


syntax Correct
Validate:
[True, False]

Goal Establishment of Invariant (file output/63.c, line 8):
Assume { Type: is_sint32(y). }
Prove: (0 <= y) /\ (y <= 9).
Prover Z3 4.8.12 returns Timeout (Qed:0.78ms) (3s)
Error found in file: output/63.c at line: 8
Error line content: loop invariant  (y >= 0 && y <= 9) ;

Verify:
[True]



void foo(int y) {
    int x = 1;
    
    /*@
      loop invariant  (x >= 1 && x <= 11) ;
      loop invariant  (y >= 0 && y <= 9)  [INVARIANT FAILED] ;
    */
    while (x <= 10) {
        y = 10 - x;
        x = x + 1;
    }
            
    /*@ assert (y >= 0); */
}


### Error Analysis:

The error message indicates that the loop invariant fails the establishment condition, meaning the precondition and initial state do not support proving the invariant's validity at the start of the loop. The problematic invariant `(y >= 0 && y <= 9)` is too restrictive because it directly constrains `y` based on the loop's operations. Given the loop's body `y = 10 - x`, the initial value of `y` is not constrained by its value at `x = 1`. We need to relax this invariant to ensure it holds at the loop's start.

### Fixed C Code:

```c
void foo(int y) {
    int x = 1;
    
    /*@
      loop invariant  (x >= 1 && x <= 11) ;
      loop invariant  (y >= 0) ;
    */
    while (x <= 10) {
        y = 10 - x;
        x = x + 1;
    }
            
    /*@ assert (y >= 0); */
}
```


after weaken

void foo(int y) {
    int x = 1;
    
    /*@
      loop invariant  (x >= 1 && x <= 11) ;
      loop invariant  (y >= 0) ;
    */
    while (x <= 10) {
        y = 10 - x;
        x = x + 1;
    }
            
    /*@ assert (y >= 0); */
}

syntax Correct
Validate:
[True, False]

Goal Establishment of Invariant (file output/63.c, line 7):
Assume { Type: is_sint32(y). }
Prove: 0 <= y.
Prover Z3 4.8.12 returns Timeout (Qed:2ms) (3s)
Error found in file: output/63.c at line: 7
Error line content: loop invariant  (y >= 0) ;

Verify:
[True]

after hudini

void foo(int y) {
    int x = 1;
    
    /*@
      loop invariant  (x >= 1 && x <= 11) ;
      loop invariant  (y >= 0) ;
    */
    while (x <= 10) {
        y = 10 - x;
        x = x + 1;
    }
            
    /*@ assert (y >= 0); */
}

syntax Correct
Validate:
[True, False]

Goal Establishment of Invariant (file output/63.c, line 7):
Assume { Type: is_sint32(y). }
Prove: 0 <= y.
Prover Z3 4.8.12 returns Timeout (Qed:2ms) (3s)
Error found in file: output/63.c at line: 7
Error line content: loop invariant  (y >= 0) ;

Verify:
[True]

after hudini

void foo(int y) {
    int x = 1;
    
    /*@
      loop invariant  (x >= 1 && x <= 11) ;
      loop invariant  (y >= 0) ;
    */
    while (x <= 10) {
        y = 10 - x;
        x = x + 1;
    }
            
    /*@ assert (y >= 0); */
}

syntax Correct
Validate:
[True, False]

Goal Establishment of Invariant (file output/63.c, line 7):
Assume { Type: is_sint32(y). }
Prove: 0 <= y.
Prover Z3 4.8.12 returns Timeout (Qed:2ms) (3s)
Error found in file: output/63.c at line: 7
Error line content: loop invariant  (y >= 0) ;

Verify:
[True]

after hudini

void foo(int y) {
    int x = 1;
    
    /*@
      loop invariant  (x >= 1 && x <= 11) ;
      loop invariant  (y >= 0) ;
    */
    while (x <= 10) {
        y = 10 - x;
        x = x + 1;
    }
            
    /*@ assert (y >= 0); */
}

syntax Correct
Validate:
[True, False]

Goal Establishment of Invariant (file output/63.c, line 7):
Assume { Type: is_sint32(y). }
Prove: 0 <= y.
Prover Z3 4.8.12 returns Timeout (Qed:2ms) (3s)
Error found in file: output/63.c at line: 7
Error line content: loop invariant  (y >= 0) ;

Verify:
[True]

after hudini

void foo(int y) {
    int x = 1;
    
    /*@
      loop invariant  (x >= 1 && x <= 11) ;
      loop invariant  (y >= 0) ;
    */
    while (x <= 10) {
        y = 10 - x;
        x = x + 1;
    }
            
    /*@ assert (y >= 0); */
}

syntax Correct
Validate:
[True, False]

Goal Establishment of Invariant (file output/63.c, line 7):
Assume { Type: is_sint32(y). }
Prove: 0 <= y.
Prover Z3 4.8.12 returns Timeout (Qed:2ms) (3s)
Error found in file: output/63.c at line: 7
Error line content: loop invariant  (y >= 0) ;

Verify:
[True]

after hudini

void foo(int y) {
    int x = 1;
    
    /*@
      loop invariant  (x >= 1 && x <= 11) ;
      loop invariant  (y >= 0) ;
    */
    while (x <= 10) {
        y = 10 - x;
        x = x + 1;
    }
            
    /*@ assert (y >= 0); */
}

syntax Correct
Validate:
[True, False]

Goal Establishment of Invariant (file output/63.c, line 7):
Assume { Type: is_sint32(y). }
Prove: 0 <= y.
Prover Z3 4.8.12 returns Timeout (Qed:2ms) (3s)
Error found in file: output/63.c at line: 7
Error line content: loop invariant  (y >= 0) ;

Verify:
[True]

after hudini

void foo(int y) {
    int x = 1;
    
    /*@
      loop invariant  (x >= 1 && x <= 11) ;
      loop invariant  (y >= 0) ;
    */
    while (x <= 10) {
        y = 10 - x;
        x = x + 1;
    }
            
    /*@ assert (y >= 0); */
}

syntax Correct
Validate:
[True, False]

Goal Establishment of Invariant (file output/63.c, line 7):
Assume { Type: is_sint32(y). }
Prove: 0 <= y.
Prover Z3 4.8.12 returns Timeout (Qed:2ms) (3s)
Error found in file: output/63.c at line: 7
Error line content: loop invariant  (y >= 0) ;

Verify:
[True]

syntax Correct
Validate:
[True, False]

Goal Establishment of Invariant (file output/63.c, line 7):
Assume { Type: is_sint32(y). }
Prove: 0 <= y.
Prover Z3 4.8.12 returns Timeout (Qed:2ms) (3s)
Error found in file: output/63.c at line: 7
Error line content: loop invariant  (y >= 0) ;

Verify:
[True]

: 63.c -> finish
-----------------------------------------

 63.c . : 730.7764790058136
-----------------------------------------
finshed_files:['88.c', '4.c', '114.c', '8.c', '84.c', '83.c', '111.c', '47.c', '14.c', '49.c', '131.c', '119.c', '43.c', '50.c', '56.c', '18.c', '53.c', '35.c', '10.c', '28.c', '26.c', '73.c', '89.c', '126.c', '96.c', '57.c', '37.c', '36.c', '92.c', '68.c', '115.c', '71.c', '91.c', '22.c', '19.c', '124.c', '52.c', '100.c', '95.c', '90.c', '86.c', '128.c', '62.c', '77.c', '79.c', '108.c', '129.c', '34.c', '123.c', '98.c', '41.c', '27.c', '106.c', '58.c', '130.c', '20.c', '85.c', '15.c', '75.c', '104.c', '2.c', '82.c', '32.c', '23.c', '117.c', '125.c', '64.c', '6.c', '1.c', '12.c', '45.c', '113.c', '13.c', '31.c', '54.c', '93.c', '3.c', '30.c', '133.c', '112.c', '103.c', '69.c', '122.c', '44.c', '51.c', '16.c', '74.c', '81.c', '39.c', '116.c', '7.c', '48.c', '21.c', '110.c', '97.c', '5.c', '24.c', '80.c', '63.c']
