file:84.c
Successfully generated loop/84.json
INNER_FLAG: False
Variable Maps: [{'x': '-50', 'y': 'y@pre'}]
Path conditions: [None]
Pre condition: (x == -50) * (y == y@pre)
Loop Condition: x < 0
Updated Loop Conditions: ['-50 < 0']
Global Unchanged Variables []
Non Inductive Variables []
[{'x': '-50', 'y': 'y@pre'}]
[None]

            
    /* >>> LOOP INVARIANT TO FILL <<< 
       >>> PRECONDITION OF THE LOOP : (x == -50) * (y == \at(y, Pre)) <<< */
    
            /*@
            */
            while (x < 0) {
      
      x  = x + y;
      y  = y + 1;
      
  
    }
            

            
    /* >>> LOOP INVARIANT TO FILL <<< 
       >>> PRECONDITION OF THE LOOP : (x == -50) * (y == \at(y, Pre)) <<< */
    
            /*@
          loop invariant  ((x == -50)&&(y == \at(y, Pre))) || (PLACE_HOLDER_y) ;
          loop invariant  ((x == -50)&&(y == \at(y, Pre))) || (PLACE_HOLDER_x) ;
            */
            while (x < 0) {
      
      x  = x + y;
      y  = y + 1;
      
  
    }
            
void foo(int y) {

    int x = -50;
  
    
    
            
    /* >>> LOOP INVARIANT TO FILL <<< 
       >>> PRECONDITION OF THE LOOP : (x == -50) * (y == \at(y, Pre)) <<< */
    
            /*@
          loop invariant  ((x == -50)&&(y == \at(y, Pre))) || (PLACE_HOLDER_y) ;
          loop invariant  ((x == -50)&&(y == \at(y, Pre))) || (PLACE_HOLDER_x) ;
            */
            while (x < 0) {
      
      x  = x + y;
      y  = y + 1;
      
  
    }
            
    /*@ assert y > 0; */
  
  }
To fill in the placeholders for the loop invariants, we need to analyze the given C loop program:

### Purpose and Structure of the Loop

**Objective:**  
The loop aims to modify the variables `x` and `y` such that the loop condition `x < 0` eventually becomes false, allowing the loop to terminate. The post-condition asserts that `y > 0` once the loop terminates.

**Structure:**  
- **Loop Condition:** `x < 0`
- **Operations:** 
  - `x` is incremented by `y` in each iteration: `x = x + y`.
  - `y` is incremented by 1 in each iteration: `y = y + 1`.
- **Relevant Variables:** `x`, `y`

### Discussion of the Loop Invariant

The loop invariant must ensure that the properties of `x` and `y` are maintained throughout the execution of the loop. The placeholders will be filled with conditions that relate to the changes in `x` and `y`.

### Establishment

Before the loop starts, the pre-condition `(x == -50) * (y == \at(y, Pre))` holds. The initial values `x = -50` and `y = \at(y, Pre)` ensure that the loop invariant is established.

### Preservation

During each iteration, `x` is increased by `y` and `y` is increased by 1. The invariant must hold true assuming `x < 0` is true at the start of the iteration and remains true at the end. The invariants track the relationship between `x` and `y` based on their operations.

### Termination Analysis of the Loop

When the loop terminates, `x >= 0` is true the first time. The loop invariant should still hold, and `y` should be positive to satisfy the post-condition.

### Correctness of the Post-condition

The loop invariant combined with `x >= 0` implies that `y > 0` is correct. The increment operations ensure that `y` eventually becomes positive.

### Implication of the Pre-condition

The pre-condition `(x == -50) * (y == \at(y, Pre))` guarantees the loop invariant is established because it sets a specific starting value for `x` and `y`.

### Filled C Loop Program with Invariants

```c
void foo(int y) {

    int x = -50;
  
    /* >>> LOOP INVARIANT TO FILL <<< 
       >>> PRECONDITION OF THE LOOP : (x == -50) * (y == \at(y, Pre)) <<< */
    
    /*@
      loop invariant  ((x == -50)&&(y == \at(y, Pre))) || (y > \at(y, Pre) && x >= -50) ;
      loop invariant  ((x == -50)&&(y == \at(y, Pre))) || (x >= -50 && x < 0) ;
      */
    while (x < 0) {
      
      x  = x + y;
      y  = y + 1;
      
    }
            
    /*@ assert y > 0; */
  
}
```

void foo(int y) {

    int x = -50;
  
    /*@
      loop invariant  ((x == -50)&&(y == \at(y, Pre))) || (y > \at(y, Pre) && x >= -50) ;
      loop invariant  ((x == -50)&&(y == \at(y, Pre))) || (x >= -50 && x < 0) ;
      */
    while (x < 0) {
      
      x  = x + y;
      y  = y + 1;
      
    }
            
    /*@ assert y > 0; */
  
}


void foo(int y) {

    int x = -50;
  
    /*@
      loop invariant  ((x == -50)&&(y == \at(y, Pre))) || (y > \at(y, Pre) && x >= -50) ;
      loop invariant  ((x == -50)&&(y == \at(y, Pre))) || (x >= -50 && x < 0) ;
      */
    while (x < 0) {
      
      x  = x + y;
      y  = y + 1;
      
    }
            
    /*@ assert y > 0; */
  
}

syntax Correct
Validate:
[False, False]

Goal Preservation of Invariant (file output/84.c, line 7):
Let x_1 = 1 + y.
Let x_2 = x + y.
Assume {
  Type: is_sint32(x) /\ is_sint32(y_1) /\ is_sint32(y) /\ is_sint32(x_1) /\
      is_sint32(x_2).
  (* Invariant *)
  Have: ((x = (-50)) /\ (y = y_1)) \/ ((y_1 < y) /\ ((-50) <= x)).
  (* Invariant *)
  Have: ((-50) <= x) \/ ((x = (-50)) /\ (y = y_1)).
  (* Then *)
  Have: x < 0.
}
Prove: ((x_1 = y_1) /\ (x_2 = (-50))) \/ ((y_1 <= y) /\ ((-50) <= x_2)).
Prover Z3 4.8.12 returns Timeout (Qed:5ms) (3s)
Error found in file: output/84.c at line: 7
Error line content: loop invariant  ((x == -50)&&(y == \at(y, Pre))) || (y > \at(y, Pre) && x >= -50) ;

Goal Preservation of Invariant (file output/84.c, line 8):
Let x_1 = 1 + y.
Let x_2 = x + y.
Assume {
  Type: is_sint32(x) /\ is_sint32(y_1) /\ is_sint32(y) /\ is_sint32(x_1) /\
      is_sint32(x_2).
  (* Invariant *)
  Have: ((x = (-50)) /\ (y = y_1)) \/ ((y_1 < y) /\ ((-50) <= x)).
  (* Invariant *)
  Have: ((-50) <= x) \/ ((x = (-50)) /\ (y = y_1)).
  (* Then *)
  Have: x < 0.
  (* Invariant *)
  Have: ((x_1 = y_1) /\ (x_2 = (-50))) \/ ((y_1 <= y) /\ ((-50) <= x_2)).
}
Prove: ((x_1 = y_1) /\ (x_2 = (-50))) \/ ((x_2 < 0) /\ ((-50) <= x_2)).
Prover Z3 4.8.12 returns Timeout (Qed:5ms) (3s)
Error found in file: output/84.c at line: 8
Error line content: loop invariant  ((x == -50)&&(y == \at(y, Pre))) || (x >= -50 && x < 0) ;

Verify:
[True]


void foo(int y) {

    int x = -50;
  
    /*@
      loop invariant  ((x == -50)&&(y == \at(y, Pre))) || (y > \at(y, Pre) && x >= -50)  [INVARIANT FAILED] ;
      loop invariant  ((x == -50)&&(y == \at(y, Pre))) || (x >= -50 && x < 0)  [INVARIANT FAILED] ;
      */
    while (x < 0) {
      
      x  = x + y;
      y  = y + 1;
      
    }
            
    /*@ assert y > 0; */
  
}

### Error Analysis:

The errors indicate that the loop invariants fail the goal preservation condition. This means the invariants do not hold after each iteration of the loop. The current invariants attempt to establish equality or specific conditions that fail due to the changes in the variables `x` and `y`. 

The invariant `(x == -50)&&(y == \at(y, Pre))` tries to assert that `x` remains `-50` and `y` stays the same as its initial value, which is not preserved because both `x` and `y` are modified in each iteration. 

The invariant `((y > \at(y, Pre) && x >= -50))` and `((x >= -50 && x < 0))` are based on specific values and do not accommodate the changes that occur to `x` and `y` during the loop. These invariants fail as the loop progresses because they do not account for the increments.

To fix this, we need to weaken the invariant by using range constraints instead of specific values, allowing for the progression of `x` and `y` within bounds that will hold through all iterations.

### Fixed C Code:

```c
void foo(int y) {

    int x = -50;
  
    /*@
      loop invariant  ((x == -50) && (y == \at(y, Pre))) || (y >= \at(y, Pre) && x >= -50) ;
      loop invariant  ((x == -50) && (y == \at(y, Pre))) || (x >= -50 && x < y) ;
      */
    while (x < 0) {
      
      x  = x + y;
      y  = y + 1;
      
    }
            
    /*@ assert y > 0; */
  
}
```

By changing the invariants to `y >= \at(y, Pre)` and `x < y`, we account for the evolving values of `x` and `y` within the loop, ensuring they satisfy the conditions throughout the iterations, thus preserving the invariants.
after weaken

void foo(int y) {

    int x = -50;
  
    /*@
      loop invariant  ((x == -50) && (y == \at(y, Pre))) || (y >= \at(y, Pre) && x >= -50) ;
      loop invariant  ((x == -50) && (y == \at(y, Pre))) || (x >= -50 && x < y) ;
      */
    while (x < 0) {
      
      x  = x + y;
      y  = y + 1;
      
    }
            
    /*@ assert y > 0; */
  
}

syntax Correct
Validate:
[False, True]

Goal Preservation of Invariant (file output/84.c, line 7):
Let x_1 = 1 + y.
Let x_2 = x + y.
Assume {
  Type: is_sint32(x) /\ is_sint32(y_1) /\ is_sint32(y) /\ is_sint32(x_1) /\
      is_sint32(x_2).
  (* Invariant *)
  Have: ((x = (-50)) /\ (y = y_1)) \/ ((y_1 <= y) /\ ((-50) <= x)).
  (* Invariant *)
  Have: ((x = (-50)) /\ (y = y_1)) \/ ((x < y) /\ ((-50) <= x)).
  (* Then *)
  Have: x < 0.
}
Prove: ((x_1 = y_1) /\ (x_2 = (-50))) \/ (((-50) <= x_2) /\ (y_1 <= x_1)).
Prover Z3 4.8.12 returns Timeout (Qed:5ms) (3s)
Error found in file: output/84.c at line: 7
Error line content: loop invariant  ((x == -50) && (y == \at(y, Pre))) || (y >= \at(y, Pre) && x >= -50) ;

Verify:
[True]


void foo(int y) {

    int x = -50;
  
    /*@
      loop invariant  ((x == -50) && (y == \at(y, Pre))) || (y >= \at(y, Pre) && x >= -50)  [INVARIANT FAILED] ;
      loop invariant  ((x == -50) && (y == \at(y, Pre))) || (x >= -50 && x < y) ;
      */
    while (x < 0) {
      
      x  = x + y;
      y  = y + 1;
      
    }
            
    /*@ assert y > 0; */
  
}

### Error Analysis:

The error in "Goal Preservation of Invariant" indicates that the existing invariant is not being preserved through the loop iterations. The current invariant's inequalities, `(y >= \at(y, Pre) && x >= -50)`, are not sufficient to cover all possible changes to `x` and `y` as the loop executes, especially considering the operations performed in the loop. This suggests that the invariant needs to be weakened.

Given the operations within the loop (`x = x + y` and `y = y + 1`), the values of `x` and `y` are both increasing each iteration. The invariant should accurately capture these changes and ensure that it remains valid throughout the loop execution. We need to replace the equality constraints with range constraints that reflect the possible values of `x` and `y` during the loop execution.

### Fixed C Code:

```c
void foo(int y) {

    int x = -50;
  
    /*@
      loop invariant  ((x == -50) && (y == \at(y, Pre))) || (y >= \at(y, Pre) && x <= y) ;
      loop invariant  ((x == -50) && (y == \at(y, Pre))) || (x >= -50 && x < y) ;
      */
    while (x < 0) {
      
      x  = x + y;
      y  = y + 1;
      
    }
            
    /*@ assert y > 0; */
  
}
```

The modification to the first invariant includes changing `x >= -50` to `x <= y`, which reflects the fact that `x` is incremented by `y` during each iteration and thus can grow larger than `-50`, potentially reaching values up to `y`. This change aims to ensure that the invariant remains preserved throughout the loop's execution.
after weaken

void foo(int y) {

    int x = -50;
  
    /*@
      loop invariant  ((x == -50) && (y == \at(y, Pre))) || (y >= \at(y, Pre) && x <= y) ;
      loop invariant  ((x == -50) && (y == \at(y, Pre))) || (x >= -50 && x < y) ;
      */
    while (x < 0) {
      
      x  = x + y;
      y  = y + 1;
      
    }
            
    /*@ assert y > 0; */
  
}

syntax Correct
Validate:
[True, False]

Goal Preservation of Invariant (file output/84.c, line 8):
Let x_1 = 1 + y.
Let x_2 = x + y.
Assume {
  Type: is_sint32(x) /\ is_sint32(y_1) /\ is_sint32(y) /\ is_sint32(x_1) /\
      is_sint32(x_2).
  (* Invariant *)
  Have: ((x = (-50)) /\ (y = y_1)) \/ ((x <= y) /\ (y_1 <= y)).
  (* Invariant *)
  Have: ((x = (-50)) /\ (y = y_1)) \/ ((x < y) /\ ((-50) <= x)).
  (* Then *)
  Have: x < 0.
  (* Invariant *)
  Have: (y_1 <= x_1) \/ ((x_1 = y_1) /\ (x_2 = (-50))).
}
Prove: ((-50) <= x_2) \/ ((x_1 = y_1) /\ (x_2 = (-50))).
Prover Z3 4.8.12 returns Timeout (Qed:5ms) (3s)
Error found in file: output/84.c at line: 8
Error line content: loop invariant  ((x == -50) && (y == \at(y, Pre))) || (x >= -50 && x < y) ;

Verify:
[True]


void foo(int y) {

    int x = -50;
  
    /*@
      loop invariant  ((x == -50) && (y == \at(y, Pre))) || (y >= \at(y, Pre) && x <= y) ;
      loop invariant  ((x == -50) && (y == \at(y, Pre))) || (x >= -50 && x < y)  [INVARIANT FAILED] ;
      */
    while (x < 0) {
      
      x  = x + y;
      y  = y + 1;
      
    }
            
    /*@ assert y > 0; */
  
}

### Error Analysis:

The error is related to the "Goal Preservation of Invariant" for the second loop invariant. The purpose of the invariant is to ensure that certain conditions hold true before and after each iteration of the loop. The invariant `((x == -50) && (y == \at(y, Pre))) || (x >= -50 && x < y)` suggests that `x < y` is expected to hold as part of the invariant. However, as `x` and `y` are updated within the loop, this condition may not be preserved correctly after each iteration, especially since `x` is incremented by `y`, potentially causing `x` to equal or exceed `y`.

To address this, we can weaken the invariant by changing the condition `x < y` to `x <= y`, which allows for the possibility that `x` can be equal to `y`, thus preserving the invariant correctly across iterations.

### Fixed C Code:

```c
void foo(int y) {

    int x = -50;
  
    /*@
      loop invariant  ((x == -50) && (y == \at(y, Pre))) || (y >= \at(y, Pre) && x <= y) ;
      loop invariant  ((x == -50) && (y == \at(y, Pre))) || (x >= -50 && x <= y) ;
      */
    while (x < 0) {
      
      x  = x + y;
      y  = y + 1;
      
    }
            
    /*@ assert y > 0; */
  
}
```

The adjustment from `x < y` to `x <= y` in the second loop invariant reflects the need for the invariant to remain valid after each loop iteration, ensuring the preservation of the invariant while verifying the postcondition.
after weaken

void foo(int y) {

    int x = -50;
  
    /*@
      loop invariant  ((x == -50) && (y == \at(y, Pre))) || (y >= \at(y, Pre) && x <= y) ;
      loop invariant  ((x == -50) && (y == \at(y, Pre))) || (x >= -50 && x <= y) ;
      */
    while (x < 0) {
      
      x  = x + y;
      y  = y + 1;
      
    }
            
    /*@ assert y > 0; */
  
}

syntax Correct
Validate:
[True, False]

Goal Preservation of Invariant (file output/84.c, line 8):
Let x_1 = 1 + y.
Let x_2 = x + y.
Assume {
  Type: is_sint32(x) /\ is_sint32(y_1) /\ is_sint32(y) /\ is_sint32(x_1) /\
      is_sint32(x_2).
  (* Invariant *)
  Have: ((x = (-50)) /\ (y = y_1)) \/ ((x <= y) /\ (y_1 <= y)).
  (* Invariant *)
  Have: ((x = (-50)) /\ (y = y_1)) \/ ((x <= y) /\ ((-50) <= x)).
  (* Then *)
  Have: x < 0.
  (* Invariant *)
  Have: (y_1 <= x_1) \/ ((x_1 = y_1) /\ (x_2 = (-50))).
}
Prove: ((-50) <= x_2) \/ ((x_1 = y_1) /\ (x_2 = (-50))).
Prover Z3 4.8.12 returns Timeout (Qed:5ms) (3s)
Error found in file: output/84.c at line: 8
Error line content: loop invariant  ((x == -50) && (y == \at(y, Pre))) || (x >= -50 && x <= y) ;

Verify:
[False]

Goal Assertion (file output/84.c, line 17):
Assume {
  Type: is_sint32(x) /\ is_sint32(y_1) /\ is_sint32(y).
  (* Invariant *)
  Have: ((x = (-50)) /\ (y = y_1)) \/ ((x <= y) /\ (y_1 <= y)).
  (* Invariant *)
  Have: ((x = (-50)) /\ (y = y_1)) \/ ((x <= y) /\ ((-50) <= x)).
  (* Else *)
  Have: 0 <= x.
}
Prove: 0 < y.
Prover Z3 4.8.12 returns Timeout (Qed:3ms) (3s)
Error found in file: output/84.c at line: 17
Error line content: /*@ assert y > 0; */

after hudini

void foo(int y) {

    int x = -50;
  
    /*@
      loop invariant  ((x == -50) && (y == \at(y, Pre))) || (y >= \at(y, Pre) && x <= y) ;
      loop invariant  ((x == -50) && (y == \at(y, Pre))) || (x >= -50 && x <= y) ;
      */
    while (x < 0) {
      
      x  = x + y;
      y  = y + 1;
      
    }
            
    /*@ assert y > 0; */
  
}

syntax Correct
Validate:
[True, False]

Goal Preservation of Invariant (file output/84.c, line 8):
Let x_1 = 1 + y.
Let x_2 = x + y.
Assume {
  Type: is_sint32(x) /\ is_sint32(y_1) /\ is_sint32(y) /\ is_sint32(x_1) /\
      is_sint32(x_2).
  (* Invariant *)
  Have: ((x = (-50)) /\ (y = y_1)) \/ ((x <= y) /\ (y_1 <= y)).
  (* Invariant *)
  Have: ((x = (-50)) /\ (y = y_1)) \/ ((x <= y) /\ ((-50) <= x)).
  (* Then *)
  Have: x < 0.
  (* Invariant *)
  Have: (y_1 <= x_1) \/ ((x_1 = y_1) /\ (x_2 = (-50))).
}
Prove: ((-50) <= x_2) \/ ((x_1 = y_1) /\ (x_2 = (-50))).
Prover Z3 4.8.12 returns Timeout (Qed:5ms) (3s)
Error found in file: output/84.c at line: 8
Error line content: loop invariant  ((x == -50) && (y == \at(y, Pre))) || (x >= -50 && x <= y) ;

Verify:
[False]

Goal Assertion (file output/84.c, line 17):
Assume {
  Type: is_sint32(x) /\ is_sint32(y_1) /\ is_sint32(y).
  (* Invariant *)
  Have: ((x = (-50)) /\ (y = y_1)) \/ ((x <= y) /\ (y_1 <= y)).
  (* Invariant *)
  Have: ((x = (-50)) /\ (y = y_1)) \/ ((x <= y) /\ ((-50) <= x)).
  (* Else *)
  Have: 0 <= x.
}
Prove: 0 < y.
Prover Z3 4.8.12 returns Timeout (Qed:3ms) (3s)
Error found in file: output/84.c at line: 17
Error line content: /*@ assert y > 0; */

after hudini

void foo(int y) {

    int x = -50;
  
    /*@
      loop invariant  ((x == -50) && (y == \at(y, Pre))) || (y >= \at(y, Pre) && x <= y) ;
      loop invariant  ((x == -50) && (y == \at(y, Pre))) || (x >= -50 && x <= y) ;
      */
    while (x < 0) {
      
      x  = x + y;
      y  = y + 1;
      
    }
            
    /*@ assert y > 0; */
  
}

syntax Correct
Validate:
[True, False]

Goal Preservation of Invariant (file output/84.c, line 8):
Let x_1 = 1 + y.
Let x_2 = x + y.
Assume {
  Type: is_sint32(x) /\ is_sint32(y_1) /\ is_sint32(y) /\ is_sint32(x_1) /\
      is_sint32(x_2).
  (* Invariant *)
  Have: ((x = (-50)) /\ (y = y_1)) \/ ((x <= y) /\ (y_1 <= y)).
  (* Invariant *)
  Have: ((x = (-50)) /\ (y = y_1)) \/ ((x <= y) /\ ((-50) <= x)).
  (* Then *)
  Have: x < 0.
  (* Invariant *)
  Have: (y_1 <= x_1) \/ ((x_1 = y_1) /\ (x_2 = (-50))).
}
Prove: ((-50) <= x_2) \/ ((x_1 = y_1) /\ (x_2 = (-50))).
Prover Z3 4.8.12 returns Timeout (Qed:5ms) (3s)
Error found in file: output/84.c at line: 8
Error line content: loop invariant  ((x == -50) && (y == \at(y, Pre))) || (x >= -50 && x <= y) ;

Verify:
[False]

Goal Assertion (file output/84.c, line 17):
Assume {
  Type: is_sint32(x) /\ is_sint32(y_1) /\ is_sint32(y).
  (* Invariant *)
  Have: ((x = (-50)) /\ (y = y_1)) \/ ((x <= y) /\ (y_1 <= y)).
  (* Invariant *)
  Have: ((x = (-50)) /\ (y = y_1)) \/ ((x <= y) /\ ((-50) <= x)).
  (* Else *)
  Have: 0 <= x.
}
Prove: 0 < y.
Prover Z3 4.8.12 returns Timeout (Qed:3ms) (3s)
Error found in file: output/84.c at line: 17
Error line content: /*@ assert y > 0; */

after hudini

void foo(int y) {

    int x = -50;
  
    /*@
      loop invariant  ((x == -50) && (y == \at(y, Pre))) || (y >= \at(y, Pre) && x <= y) ;
      loop invariant  ((x == -50) && (y == \at(y, Pre))) || (x >= -50 && x <= y) ;
      */
    while (x < 0) {
      
      x  = x + y;
      y  = y + 1;
      
    }
            
    /*@ assert y > 0; */
  
}

syntax Correct
Validate:
[True, False]

Goal Preservation of Invariant (file output/84.c, line 8):
Let x_1 = 1 + y.
Let x_2 = x + y.
Assume {
  Type: is_sint32(x) /\ is_sint32(y_1) /\ is_sint32(y) /\ is_sint32(x_1) /\
      is_sint32(x_2).
  (* Invariant *)
  Have: ((x = (-50)) /\ (y = y_1)) \/ ((x <= y) /\ (y_1 <= y)).
  (* Invariant *)
  Have: ((x = (-50)) /\ (y = y_1)) \/ ((x <= y) /\ ((-50) <= x)).
  (* Then *)
  Have: x < 0.
  (* Invariant *)
  Have: (y_1 <= x_1) \/ ((x_1 = y_1) /\ (x_2 = (-50))).
}
Prove: ((-50) <= x_2) \/ ((x_1 = y_1) /\ (x_2 = (-50))).
Prover Z3 4.8.12 returns Timeout (Qed:5ms) (3s)
Error found in file: output/84.c at line: 8
Error line content: loop invariant  ((x == -50) && (y == \at(y, Pre))) || (x >= -50 && x <= y) ;

Verify:
[False]

Goal Assertion (file output/84.c, line 17):
Assume {
  Type: is_sint32(x) /\ is_sint32(y_1) /\ is_sint32(y).
  (* Invariant *)
  Have: ((x = (-50)) /\ (y = y_1)) \/ ((x <= y) /\ (y_1 <= y)).
  (* Invariant *)
  Have: ((x = (-50)) /\ (y = y_1)) \/ ((x <= y) /\ ((-50) <= x)).
  (* Else *)
  Have: 0 <= x.
}
Prove: 0 < y.
Prover Z3 4.8.12 returns Timeout (Qed:3ms) (3s)
Error found in file: output/84.c at line: 17
Error line content: /*@ assert y > 0; */

after hudini

void foo(int y) {

    int x = -50;
  
    /*@
      loop invariant  ((x == -50) && (y == \at(y, Pre))) || (y >= \at(y, Pre) && x <= y) ;
      loop invariant  ((x == -50) && (y == \at(y, Pre))) || (x >= -50 && x <= y) ;
      */
    while (x < 0) {
      
      x  = x + y;
      y  = y + 1;
      
    }
            
    /*@ assert y > 0; */
  
}

syntax Correct
Validate:
[True, False]

Goal Preservation of Invariant (file output/84.c, line 8):
Let x_1 = 1 + y.
Let x_2 = x + y.
Assume {
  Type: is_sint32(x) /\ is_sint32(y_1) /\ is_sint32(y) /\ is_sint32(x_1) /\
      is_sint32(x_2).
  (* Invariant *)
  Have: ((x = (-50)) /\ (y = y_1)) \/ ((x <= y) /\ (y_1 <= y)).
  (* Invariant *)
  Have: ((x = (-50)) /\ (y = y_1)) \/ ((x <= y) /\ ((-50) <= x)).
  (* Then *)
  Have: x < 0.
  (* Invariant *)
  Have: (y_1 <= x_1) \/ ((x_1 = y_1) /\ (x_2 = (-50))).
}
Prove: ((-50) <= x_2) \/ ((x_1 = y_1) /\ (x_2 = (-50))).
Prover Z3 4.8.12 returns Timeout (Qed:5ms) (3s)
Error found in file: output/84.c at line: 8
Error line content: loop invariant  ((x == -50) && (y == \at(y, Pre))) || (x >= -50 && x <= y) ;

Verify:
[False]

Goal Assertion (file output/84.c, line 17):
Assume {
  Type: is_sint32(x) /\ is_sint32(y_1) /\ is_sint32(y).
  (* Invariant *)
  Have: ((x = (-50)) /\ (y = y_1)) \/ ((x <= y) /\ (y_1 <= y)).
  (* Invariant *)
  Have: ((x = (-50)) /\ (y = y_1)) \/ ((x <= y) /\ ((-50) <= x)).
  (* Else *)
  Have: 0 <= x.
}
Prove: 0 < y.
Prover Z3 4.8.12 returns Timeout (Qed:3ms) (3s)
Error found in file: output/84.c at line: 17
Error line content: /*@ assert y > 0; */

after hudini

void foo(int y) {

    int x = -50;
  
    /*@
      loop invariant  ((x == -50) && (y == \at(y, Pre))) || (y >= \at(y, Pre) && x <= y) ;
      loop invariant  ((x == -50) && (y == \at(y, Pre))) || (x >= -50 && x <= y) ;
      */
    while (x < 0) {
      
      x  = x + y;
      y  = y + 1;
      
    }
            
    /*@ assert y > 0; */
  
}

syntax Correct
Validate:
[True, False]

Goal Preservation of Invariant (file output/84.c, line 8):
Let x_1 = 1 + y.
Let x_2 = x + y.
Assume {
  Type: is_sint32(x) /\ is_sint32(y_1) /\ is_sint32(y) /\ is_sint32(x_1) /\
      is_sint32(x_2).
  (* Invariant *)
  Have: ((x = (-50)) /\ (y = y_1)) \/ ((x <= y) /\ (y_1 <= y)).
  (* Invariant *)
  Have: ((x = (-50)) /\ (y = y_1)) \/ ((x <= y) /\ ((-50) <= x)).
  (* Then *)
  Have: x < 0.
  (* Invariant *)
  Have: (y_1 <= x_1) \/ ((x_1 = y_1) /\ (x_2 = (-50))).
}
Prove: ((-50) <= x_2) \/ ((x_1 = y_1) /\ (x_2 = (-50))).
Prover Z3 4.8.12 returns Timeout (Qed:4ms) (3s)
Error found in file: output/84.c at line: 8
Error line content: loop invariant  ((x == -50) && (y == \at(y, Pre))) || (x >= -50 && x <= y) ;

Verify:
[False]

Goal Assertion (file output/84.c, line 17):
Assume {
  Type: is_sint32(x) /\ is_sint32(y_1) /\ is_sint32(y).
  (* Invariant *)
  Have: ((x = (-50)) /\ (y = y_1)) \/ ((x <= y) /\ (y_1 <= y)).
  (* Invariant *)
  Have: ((x = (-50)) /\ (y = y_1)) \/ ((x <= y) /\ ((-50) <= x)).
  (* Else *)
  Have: 0 <= x.
}
Prove: 0 < y.
Prover Z3 4.8.12 returns Timeout (Qed:3ms) (3s)
Error found in file: output/84.c at line: 17
Error line content: /*@ assert y > 0; */

after hudini

void foo(int y) {

    int x = -50;
  
    /*@
      loop invariant  ((x == -50) && (y == \at(y, Pre))) || (y >= \at(y, Pre) && x <= y) ;
      loop invariant  ((x == -50) && (y == \at(y, Pre))) || (x >= -50 && x <= y) ;
      */
    while (x < 0) {
      
      x  = x + y;
      y  = y + 1;
      
    }
            
    /*@ assert y > 0; */
  
}

syntax Correct
Validate:
[True, False]

Goal Preservation of Invariant (file output/84.c, line 8):
Let x_1 = 1 + y.
Let x_2 = x + y.
Assume {
  Type: is_sint32(x) /\ is_sint32(y_1) /\ is_sint32(y) /\ is_sint32(x_1) /\
      is_sint32(x_2).
  (* Invariant *)
  Have: ((x = (-50)) /\ (y = y_1)) \/ ((x <= y) /\ (y_1 <= y)).
  (* Invariant *)
  Have: ((x = (-50)) /\ (y = y_1)) \/ ((x <= y) /\ ((-50) <= x)).
  (* Then *)
  Have: x < 0.
  (* Invariant *)
  Have: (y_1 <= x_1) \/ ((x_1 = y_1) /\ (x_2 = (-50))).
}
Prove: ((-50) <= x_2) \/ ((x_1 = y_1) /\ (x_2 = (-50))).
Prover Z3 4.8.12 returns Timeout (Qed:4ms) (3s)
Error found in file: output/84.c at line: 8
Error line content: loop invariant  ((x == -50) && (y == \at(y, Pre))) || (x >= -50 && x <= y) ;

Verify:
[False]

Goal Assertion (file output/84.c, line 17):
Assume {
  Type: is_sint32(x) /\ is_sint32(y_1) /\ is_sint32(y).
  (* Invariant *)
  Have: ((x = (-50)) /\ (y = y_1)) \/ ((x <= y) /\ (y_1 <= y)).
  (* Invariant *)
  Have: ((x = (-50)) /\ (y = y_1)) \/ ((x <= y) /\ ((-50) <= x)).
  (* Else *)
  Have: 0 <= x.
}
Prove: 0 < y.
Prover Z3 4.8.12 returns Timeout (Qed:3ms) (3s)
Error found in file: output/84.c at line: 17
Error line content: /*@ assert y > 0; */

syntax Correct
Validate:
[True, False]

Goal Preservation of Invariant (file output/84.c, line 8):
Let x_1 = 1 + y.
Let x_2 = x + y.
Assume {
  Type: is_sint32(x) /\ is_sint32(y_1) /\ is_sint32(y) /\ is_sint32(x_1) /\
      is_sint32(x_2).
  (* Invariant *)
  Have: ((x = (-50)) /\ (y = y_1)) \/ ((x <= y) /\ (y_1 <= y)).
  (* Invariant *)
  Have: ((x = (-50)) /\ (y = y_1)) \/ ((x <= y) /\ ((-50) <= x)).
  (* Then *)
  Have: x < 0.
  (* Invariant *)
  Have: (y_1 <= x_1) \/ ((x_1 = y_1) /\ (x_2 = (-50))).
}
Prove: ((-50) <= x_2) \/ ((x_1 = y_1) /\ (x_2 = (-50))).
Prover Z3 4.8.12 returns Timeout (Qed:5ms) (3s)
Error found in file: output/84.c at line: 8
Error line content: loop invariant  ((x == -50) && (y == \at(y, Pre))) || (x >= -50 && x <= y) ;

Verify:
[False]

Goal Assertion (file output/84.c, line 17):
Assume {
  Type: is_sint32(x) /\ is_sint32(y_1) /\ is_sint32(y).
  (* Invariant *)
  Have: ((x = (-50)) /\ (y = y_1)) \/ ((x <= y) /\ (y_1 <= y)).
  (* Invariant *)
  Have: ((x = (-50)) /\ (y = y_1)) \/ ((x <= y) /\ ((-50) <= x)).
  (* Else *)
  Have: 0 <= x.
}
Prove: 0 < y.
Prover Z3 4.8.12 returns Timeout (Qed:3ms) (3s)
Error found in file: output/84.c at line: 17
Error line content: /*@ assert y > 0; */

[(89, 163, 0)]
[(89, 163, 0)]
[(89, 163, 0)]
[(89, 163, 0)]
Loop 0 : Outer
Sorted indices: [0]
File found: ../sac_c_parser/test/../ip_postcond/goal/84_goal.v. Deleting the file.
File found: ../sac_c_parser/test/../ip_postcond/goal/84_proof_auto.v. Deleting the file.
File found: ../sac_c_parser/test/../ip_postcond/goal/84_proof_manual.v. Deleting the file.
LoopEntry_0:
(x == -50) * (y == y@pre)

Successfully generated loop/84.json
INNER_FLAG: False
Variable Maps: [{'x': '-50', 'y': 'y@pre'}]
Path conditions: [None]
Pre condition: (x == -50) * (y == y@pre)
Loop Condition: x < 0
Updated Loop Conditions: ['-50 < 0']
Global Unchanged Variables []
Non Inductive Variables []
[{'x': '-50', 'y': 'y@pre'}]
[None]

            
    /* >>> LOOP INVARIANT TO FILL <<< 
       >>> PRECONDITION OF THE LOOP : (x == -50) * (y == \at(y, Pre)) <<< */
    
            /*@
            */
            while (x < 0) {
      
      x  = x + y;
      y  = y + 1;
      
  
    }
            

            
    /* >>> LOOP INVARIANT TO FILL <<< 
       >>> PRECONDITION OF THE LOOP : (x == -50) * (y == \at(y, Pre)) <<< */
    
            /*@
          loop invariant  ((x == -50)&&(y == \at(y, Pre))) || (PLACE_HOLDER_y) ;
          loop invariant  ((x == -50)&&(y == \at(y, Pre))) || (PLACE_HOLDER_x) ;
            */
            while (x < 0) {
      
      x  = x + y;
      y  = y + 1;
      
  
    }
            
void foo(int y) {

    int x = -50;
  
    
    
            
    /* >>> LOOP INVARIANT TO FILL <<< 
       >>> PRECONDITION OF THE LOOP : (x == -50) * (y == \at(y, Pre)) <<< */
    
            /*@
          loop invariant  ((x == -50)&&(y == \at(y, Pre))) || (PLACE_HOLDER_y) ;
          loop invariant  ((x == -50)&&(y == \at(y, Pre))) || (PLACE_HOLDER_x) ;
            */
            while (x < 0) {
      
      x  = x + y;
      y  = y + 1;
      
  
    }
            
    /*@ assert y > 0; */
  
  }
To analyze the given C program and identify the appropriate loop invariants, let's go through the steps outlined in the task. We will then provide the filled-in C program with the `PLACE_HOLDER` values replaced by valid ACSL annotations.

### Analysis

**a. Purpose and Structure of the Loop:**

- **Objective:** The loop's purpose is to increment the variable `x`, starting from `-50`, by adding `y` to it repeatedly, while also incrementing `y` by `1` in each iteration, until `x` is no longer negative.
- **Structure:**
  - **Condition:** The loop executes while `x < 0`.
  - **Operations:**
    - `x = x + y;`
    - `y = y + 1;`
  - **Relevant Variables:** `x` and `y`.

**b. Discussion of the Loop Invariant:**

- The loop invariant must capture the relationship between `x` and `y` across iterations. Since `x` starts at `-50` and is incremented by `y`, and `y` itself is incremented, we need to express conditions that are true at each step:
  - The invariant must reflect the change in `x` and `y` while maintaining the constraints imposed by the precondition.
  
**c. Establishment:**

- Before the loop starts, `x` is `-50` and `y` is equal to its initial value `\at(y, Pre)`. These values satisfy the initial conditions for the invariants.

**d. Preservation:**

- During each iteration, `x` is increased by `y`, and `y` is incremented, meaning the relationship is maintained. The invariants ensure that either the initial conditions hold or the logical progression of `x` and `y` through the loop is preserved.

**e. Termination Analysis of the Loop:**

- The loop terminates when `x` is no longer less than `0`. At this point, the established relationship between `x` and `y` ensures that `y` is positive.

**f. Correctness of the Post-condition:**

- Once the loop finishes, `x` is non-negative (`x >= 0`). Given the logic of the loop, this implies that `y` must have incremented enough times to ensure `y > 0`.

**g. Implication of the Pre-condition:**

- The pre-condition `(x == -50) * (y == \at(y, Pre))` ensures that the starting values of `x` and `y` are known, establishing a basis for the invariants to hold.

### Filled-in C Program

```c
void foo(int y) {

    int x = -50;
    
    /* >>> LOOP INVARIANT TO FILL <<< 
       >>> PRECONDITION OF THE LOOP : (x == -50) * (y == \at(y, Pre)) <<< */
    
    /*@
      loop invariant  ((x == -50)&&(y == \at(y, Pre))) || (x == -50 + (y - \at(y, Pre)) * (\at(y, Pre) + (y - \at(y, Pre) - 1)/2)) ;
      loop invariant  ((x == -50)&&(y == \at(y, Pre))) || (y >= \at(y, Pre)) ;
    */
    while (x < 0) {
        x = x + y;
        y = y + 1;
    }
    
    /*@ assert y > 0; */

}
```

These invariants capture the progression of `x` and `y` through the loop iterations and ensure that the required post-condition is met when the loop concludes.

void foo(int y) {

    int x = -50;
    
    /*@
      loop invariant  ((x == -50)&&(y == \at(y, Pre))) || (x == -50 + (y - \at(y, Pre)) * (\at(y, Pre) + (y - \at(y, Pre) - 1)/2)) ;
      loop invariant  ((x == -50)&&(y == \at(y, Pre))) || (y >= \at(y, Pre)) ;
    */
    while (x < 0) {
        x = x + y;
        y = y + 1;
    }
    
    /*@ assert y > 0; */

}


void foo(int y) {

    int x = -50;
    
    /*@
      loop invariant  ((x == -50)&&(y == \at(y, Pre))) || (x == -50 + (y - \at(y, Pre)) * (\at(y, Pre) + (y - \at(y, Pre) - 1)/2)) ;
      loop invariant  ((x == -50)&&(y == \at(y, Pre))) || (y >= \at(y, Pre)) ;
    */
    while (x < 0) {
        x = x + y;
        y = y + 1;
    }
    
    /*@ assert y > 0; */

}

syntax Correct
Validate:
[False, True]

Goal Preservation of Invariant (file output/84.c, line 7):
Let x_1 = -y_1.
Let x_2 = y - y_1.
Let x_3 = 1 + y.
Let x_4 = x + y.
Assume {
  Type: is_sint32(x) /\ is_sint32(y_1) /\ is_sint32(y) /\ is_sint32(x_3) /\
      is_sint32(x_4).
  (* Invariant *)
  Have: ((x_2 * (y_1 + ((y - 1 - y_1) / 2))) = (50 + x)) \/
      ((x = (-50)) /\ (y = y_1)).
  (* Invariant *)
  Have: (y_1 <= y) \/ ((x = (-50)) /\ (y = y_1)).
  (* Then *)
  Have: x < 0.
}
Prove: (((1 + y - y_1) * (y_1 + (x_2 / 2))) = (50 + x + y)) \/
    ((x_3 = y_1) /\ (x_4 = (-50))).
Prover Z3 4.8.12 returns Timeout (Qed:5ms) (3s)
Error found in file: output/84.c at line: 7
Error line content: loop invariant  ((x == -50)&&(y == \at(y, Pre))) || (x == -50 + (y - \at(y, Pre)) * (\at(y, Pre) + (y - \at(y, Pre) - 1)/2)) ;

Verify:
[True]


void foo(int y) {

    int x = -50;
    
    /*@
      loop invariant  ((x == -50)&&(y == \at(y, Pre))) || (x == -50 + (y - \at(y, Pre)) * (\at(y, Pre) + (y - \at(y, Pre) - 1)/2))  [INVARIANT FAILED] ;
      loop invariant  ((x == -50)&&(y == \at(y, Pre))) || (y >= \at(y, Pre)) ;
    */
    while (x < 0) {
        x = x + y;
        y = y + 1;
    }
    
    /*@ assert y > 0; */

}

### Error Analysis:

The error message indicates a "Goal Preservation of Invariant" failure. This suggests that the invariant is not being preserved correctly across loop iterations. The faulty invariant involves complex equality constraints that are difficult for the prover to validate, given the operations within the loop. The operations involve incrementing `x` and `y`, which complicates preserving the invariant as it is currently defined.

To address this, we can weaken the invariant by replacing the problematic equality constraint with a simpler range constraint. This will ensure that the invariant can be maintained across iterations without getting too complex for the prover.

### Fixed C Code:

```c
void foo(int y) {

    int x = -50;
    
    /*@
      loop invariant  ((x == -50)&&(y == \at(y, Pre))) || (x >= -50) ;
      loop invariant  ((x == -50)&&(y == \at(y, Pre))) || (y >= \at(y, Pre)) ;
    */
    while (x < 0) {
        x = x + y;
        y = y + 1;
    }
    
    /*@ assert y > 0; */

}
```


after weaken

void foo(int y) {

    int x = -50;
    
    /*@
      loop invariant  ((x == -50)&&(y == \at(y, Pre))) || (x >= -50) ;
      loop invariant  ((x == -50)&&(y == \at(y, Pre))) || (y >= \at(y, Pre)) ;
    */
    while (x < 0) {
        x = x + y;
        y = y + 1;
    }
    
    /*@ assert y > 0; */

}

syntax Correct
Validate:
[False, True]

Goal Preservation of Invariant (file output/84.c, line 7):
Let x_1 = 1 + y.
Let x_2 = x + y.
Assume {
  Type: is_sint32(x) /\ is_sint32(y_1) /\ is_sint32(y) /\ is_sint32(x_1) /\
      is_sint32(x_2).
  (* Invariant *)
  Have: ((-50) <= x) \/ ((x = (-50)) /\ (y = y_1)).
  (* Invariant *)
  Have: (y_1 <= y) \/ ((x = (-50)) /\ (y = y_1)).
  (* Then *)
  Have: x < 0.
}
Prove: ((-50) <= x_2) \/ ((x_1 = y_1) /\ (x_2 = (-50))).
Prover Z3 4.8.12 returns Timeout (Qed:5ms) (3s)
Error found in file: output/84.c at line: 7
Error line content: loop invariant  ((x == -50)&&(y == \at(y, Pre))) || (x >= -50) ;

Verify:
[False]

Goal Assertion (file output/84.c, line 15):
Assume {
  Type: is_sint32(x) /\ is_sint32(y_1) /\ is_sint32(y).
  (* Invariant *)
  Have: ((-50) <= x) \/ ((x = (-50)) /\ (y = y_1)).
  (* Invariant *)
  Have: (y_1 <= y) \/ ((x = (-50)) /\ (y = y_1)).
  (* Else *)
  Have: 0 <= x.
}
Prove: 0 < y.
Prover Z3 4.8.12 returns Timeout (Qed:2ms) (3s)
Error found in file: output/84.c at line: 15
Error line content: /*@ assert y > 0; */


void foo(int y) {

    int x = -50;
    
    /*@
      loop invariant  ((x == -50)&&(y == \at(y, Pre))) || (x >= -50)  [INVARIANT FAILED] ;
      loop invariant  ((x == -50)&&(y == \at(y, Pre))) || (y >= \at(y, Pre)) ;
    */
    while (x < 0) {
        x = x + y;
        y = y + 1;
    }
    
    /*@ assert y > 0; */

}

### Error Analysis:

The given errors indicate issues with both the establishment and preservation of the loop invariant, as well as the inability to verify the assertion after the loop. The primary goal of the loop is to increment `x` by `y` and `y` by 1 in each iteration, starting with `x` at `-50`. The post-condition to be verified is that `y > 0` after the loop terminates.

**Issues Identified:**

1. **Establishment & Preservation**: The current invariant `((x == -50)&&(y == \at(y, Pre))) || (x >= -50)` fails to capture the relationship between `x` and `y` as they are updated in the loop. It does not consider the cumulative effect of adding `y` to `x` and incrementing `y`.

2. **Assertion**: The assertion `y > 0` cannot be verified because the loop invariant does not guarantee the necessary conditions for `y` to be positive upon termination.

**Rationale for Regenerating the Invariant:**
- The invariant needs to capture the cumulative sum of `y` added to `x` in each iteration.
- We must ensure that `y` is always increasing from its initial value, thus leading to a positive `y` when the loop terminates.

### Fixed C Code:

```c
void foo(int y) {

    int x = -50;
    
    /*@
      loop invariant  x == -50 + (y - \at(y, Pre)) * (\at(y, Pre) + y - \at(y, Pre) - 1) / 2 ;
      loop invariant  y >= \at(y, Pre) ;
    */
    while (x < 0) {
        x = x + y;
        y = y + 1;
    }
    
    /*@ assert y > 0; */

}
```

**Explanation of the New Invariant:**

- The first invariant captures the relationship between `x` and `y` during the loop. It reflects that `x` starts at `-50` and is incremented by the sum of `y` values, which can be expressed using arithmetic series properties.
- The second invariant ensures that `y` is always greater than or equal to its initial value, which, combined with the loop's logic, implies that `y` will be positive upon loop termination.

These invariants collectively ensure that the loop's operations maintain the necessary conditions to prove the post-condition `y > 0`.
after regen

void foo(int y) {

    int x = -50;
    
    /*@
      loop invariant  x == -50 + (y - \at(y, Pre)) * (\at(y, Pre) + y - \at(y, Pre) - 1) / 2 ;
      loop invariant  y >= \at(y, Pre) ;
    */
    while (x < 0) {
        x = x + y;
        y = y + 1;
    }
    
    /*@ assert y > 0; */

}

syntax Correct
Validate:
[False, True]

Goal Preservation of Invariant (file output/84.c, line 7):
Let x = -y_1.
Let x_1 = (y - 1) * (y - y_1).
Let x_2 = x_1 / 2.
Assume {
  Type: is_sint32(y_1) /\ is_sint32(y) /\ is_sint32(1 + y) /\
      is_sint32(x_2 - 50) /\ is_sint32(y + x_2 - 50).
  (* Invariant *)
  Have: y_1 <= y.
  (* Then *)
  Have: x_1 <= 99.
}
Prove: ((y * (1 + y - y_1)) / 2) = (y + x_2).
Prover Z3 4.8.12 returns Timeout (Qed:5ms) (3s)
Error found in file: output/84.c at line: 7
Error line content: loop invariant  x == -50 + (y - \at(y, Pre)) * (\at(y, Pre) + y - \at(y, Pre) - 1) / 2 ;

Verify:
[True]


void foo(int y) {

    int x = -50;
    
    /*@
      loop invariant  x == -50 + (y - \at(y, Pre)) * (\at(y, Pre) + y - \at(y, Pre) - 1) / 2  [INVARIANT FAILED] ;
      loop invariant  y >= \at(y, Pre) ;
    */
    while (x < 0) {
        x = x + y;
        y = y + 1;
    }
    
    /*@ assert y > 0; */

}

### Error Analysis:

The error indicates that the current invariant fails the "Goal Preservation of Invariant" check. This means the invariant does not remain valid after each iteration of the loop. The invariant involves an extensive calculation with equality constraints, which can be overly strict given the loop's arithmetic operations on `x` and `y`. To weaken the invariant, we can replace the equality constraint with a range constraint that accommodates changes in `x` and `y` after each iteration.

### Fixed C Code:

```c
void foo(int y) {

    int x = -50;
    
    /*@
      loop invariant -50 <= x <= y * y  ;
      loop invariant y >= \at(y, Pre) ;
    */
    while (x < 0) {
        x = x + y;
        y = y + 1;
    }
    
    /*@ assert y > 0; */

}
```
after weaken

void foo(int y) {

    int x = -50;
    
    /*@
      loop invariant -50 <= x <= y * y  ;
      loop invariant y >= \at(y, Pre) ;
    */
    while (x < 0) {
        x = x + y;
        y = y + 1;
    }
    
    /*@ assert y > 0; */

}

syntax Correct
Validate:
[False, True]

Goal Preservation of Invariant (file output/84.c, line 7):
Let x_1 = 1 + y.
Let x_2 = x + y.
Assume {
  Type: is_sint32(x) /\ is_sint32(y_1) /\ is_sint32(y) /\ is_sint32(x_1) /\
      is_sint32(x_2).
  (* Invariant *)
  Have: (-50) <= (y_1 * y_1).
  (* Invariant *)
  Have: (x <= (y * y)) /\ ((-50) <= x).
  (* Invariant *)
  Have: y_1 <= y.
  (* Then *)
  Have: x < 0.
}
Prove: (x_2 <= (x_1 * x_1)) /\ ((-50) <= x_2).
Prover Z3 4.8.12 returns Timeout (Qed:5ms) (3s)
Error found in file: output/84.c at line: 7
Error line content: loop invariant -50 <= x <= y * y  ;

Verify:
[False]

Goal Assertion (file output/84.c, line 15):
Assume {
  Type: is_sint32(x) /\ is_sint32(y_1) /\ is_sint32(y).
  (* Invariant *)
  Have: (-50) <= (y_1 * y_1).
  (* Invariant *)
  Have: (x <= (y * y)) /\ ((-50) <= x).
  (* Invariant *)
  Have: y_1 <= y.
  (* Else *)
  Have: 0 <= x.
}
Prove: 0 < y.
Prover Z3 4.8.12 returns Timeout (Qed:3ms) (3s)
Error found in file: output/84.c at line: 15
Error line content: /*@ assert y > 0; */

after hudini

void foo(int y) {

    int x = -50;
    
    /*@      loop invariant y >= \at(y, Pre) ;
    */
    while (x < 0) {
        x = x + y;
        y = y + 1;
    }
    
    /*@ assert y > 0; */

}

syntax Correct
Validate:
[True]

Verify:
[False]

Goal Assertion (file output/84.c, line 13):
Assume {
  Type: is_sint32(x) /\ is_sint32(y_1) /\ is_sint32(y).
  (* Invariant *)
  Have: y_1 <= y.
  (* Else *)
  Have: 0 <= x.
}
Prove: 0 < y.
Prover Z3 4.8.12 returns Timeout (Qed:2ms) (3s)
Error found in file: output/84.c at line: 13
Error line content: /*@ assert y > 0; */

syntax Correct
Validate:
[True]

Verify:
[False]

Goal Assertion (file output/84.c, line 13):
Assume {
  Type: is_sint32(x) /\ is_sint32(y_1) /\ is_sint32(y).
  (* Invariant *)
  Have: y_1 <= y.
  (* Else *)
  Have: 0 <= x.
}
Prove: 0 < y.
Prover Z3 4.8.12 returns Timeout (Qed:2ms) (3s)
Error found in file: output/84.c at line: 13
Error line content: /*@ assert y > 0; */

syntax Correct
Validate:
[True]

Verify:
[False]

Goal Assertion (file output/84.c, line 13):
Assume {
  Type: is_sint32(x) /\ is_sint32(y_1) /\ is_sint32(y).
  (* Invariant *)
  Have: y_1 <= y.
  (* Else *)
  Have: 0 <= x.
}
Prove: 0 < y.
Prover Z3 4.8.12 returns Timeout (Qed:2ms) (3s)
Error found in file: output/84.c at line: 13
Error line content: /*@ assert y > 0; */

[(89, 163, 0)]
[(89, 163, 0)]
[(89, 163, 0)]
[(89, 163, 0)]
Loop 0 : Outer
Sorted indices: [0]
File found: ../sac_c_parser/test/../ip_postcond/goal/84_goal.v. Deleting the file.
File found: ../sac_c_parser/test/../ip_postcond/goal/84_proof_auto.v. Deleting the file.
File found: ../sac_c_parser/test/../ip_postcond/goal/84_proof_manual.v. Deleting the file.
LoopEntry_0:
(x == -50) * (y == y@pre)

Successfully generated loop/84.json
INNER_FLAG: False
Variable Maps: [{'x': '-50', 'y': 'y@pre'}]
Path conditions: [None]
Pre condition: (x == -50) * (y == y@pre)
Loop Condition: x < 0
Updated Loop Conditions: ['-50 < 0']
Global Unchanged Variables []
Non Inductive Variables []
[{'x': '-50', 'y': 'y@pre'}]
[None]

            
    /* >>> LOOP INVARIANT TO FILL <<< 
       >>> PRECONDITION OF THE LOOP : (x == -50) * (y == \at(y, Pre)) <<< */
    
            /*@
            */
            while (x < 0) {
      
      x  = x + y;
      y  = y + 1;
      
  
    }
            

            
    /* >>> LOOP INVARIANT TO FILL <<< 
       >>> PRECONDITION OF THE LOOP : (x == -50) * (y == \at(y, Pre)) <<< */
    
            /*@
          loop invariant  ((x == -50)&&(y == \at(y, Pre))) || (PLACE_HOLDER_y) ;
          loop invariant  ((x == -50)&&(y == \at(y, Pre))) || (PLACE_HOLDER_x) ;
            */
            while (x < 0) {
      
      x  = x + y;
      y  = y + 1;
      
  
    }
            
void foo(int y) {

    int x = -50;
  
    
    
            
    /* >>> LOOP INVARIANT TO FILL <<< 
       >>> PRECONDITION OF THE LOOP : (x == -50) * (y == \at(y, Pre)) <<< */
    
            /*@
          loop invariant  ((x == -50)&&(y == \at(y, Pre))) || (PLACE_HOLDER_y) ;
          loop invariant  ((x == -50)&&(y == \at(y, Pre))) || (PLACE_HOLDER_x) ;
            */
            while (x < 0) {
      
      x  = x + y;
      y  = y + 1;
      
  
    }
            
    /*@ assert y > 0; */
  
  }
To analyze the given C loop and fill in the placeholders for the loop invariants, we need to understand the loop's behavior and ensure that the invariants help in proving the post-condition.

### a. Purpose and Structure of the Loop:

**Objective:**  
The loop aims to increment `x` by `y` and `y` by 1 in each iteration until `x` becomes non-negative.

**Structure:**  
- **Condition:** The loop continues as long as `x < 0`.
- **Operations:** In each iteration, `x` is increased by `y`, and `y` is incremented by 1.
- **Relevant Variables:** `x` and `y`. Initially, `x` is `-50` as per the pre-condition, and `y` remains unchanged from its initial value.

### b. Discussion of the Loop Invariant:

We need to identify conditions that remain true before and after each loop iteration, helping us reason about the post-condition `y > 0`.

### c. Establishment:

At the start (`x == -50`), the pre-condition ensures that the initial values of `x` and `y` satisfy the invariant. In this case, initially, `y` is equal to its initial value, and `x` is `-50`. The invariant involving conditions on `y` and `x` ensures this.

### d. Preservation:

During each iteration:
- `x` increases by `y`, and
- `y` increases by 1.

The conditions involving `y` and `x` ensure that the invariant holds at the end of each iteration, given it holds at the start.

### e. Termination Analysis of the Loop:

The loop terminates when `x` becomes non-negative. At this point, based on the loop invariant, we can deduce conditions on `y`.

### f. Correctness of the Post-condition:

Once the loop finishes executing, the invariant and the negation of the loop condition (`x >= 0`) imply that `y` must be greater than 0.

### g. Implication of the Pre-condition:

The pre-condition `(x == -50) * (y == \at(y, Pre))` ensures that the initial values of `x` and `y` are correctly set, establishing the loop invariant before the loop starts.

Now, filling in the placeholders:

```c
void foo(int y) {

    int x = -50;
  
    
    
            
    /* >>> LOOP INVARIANT TO FILL <<< 
       >>> PRECONDITION OF THE LOOP : (x == -50) * (y == \at(y, Pre)) <<< */
    
            /*@
          loop invariant  ((x == -50)&&(y == \at(y, Pre))) || (y > \at(y, Pre)) ;
          loop invariant  ((x == -50)&&(y == \at(y, Pre))) || (x >= y * (y - \at(y, Pre)) - 50) ;
            */
            while (x < 0) {
      
      x  = x + y;
      y  = y + 1;
      
  
    }
            
    /*@ assert y > 0; */
  
  }
```

This invariant ensures that once the loop finishes, `y` is greater than its initial value (which was non-negative), thus satisfying the post-condition `y > 0`.

void foo(int y) {

    int x = -50;
  
    
    
            
            /*@
          loop invariant  ((x == -50)&&(y == \at(y, Pre))) || (y > \at(y, Pre)) ;
          loop invariant  ((x == -50)&&(y == \at(y, Pre))) || (x >= y * (y - \at(y, Pre)) - 50) ;
            */
            while (x < 0) {
      
      x  = x + y;
      y  = y + 1;
      
  
    }
            
    /*@ assert y > 0; */
  
  }


void foo(int y) {

    int x = -50;
  
    
    
            
            /*@
          loop invariant  ((x == -50)&&(y == \at(y, Pre))) || (y > \at(y, Pre)) ;
          loop invariant  ((x == -50)&&(y == \at(y, Pre))) || (x >= y * (y - \at(y, Pre)) - 50) ;
            */
            while (x < 0) {
      
      x  = x + y;
      y  = y + 1;
      
  
    }
            
    /*@ assert y > 0; */
  
  }

syntax Correct
Validate:
[True, False]

Goal Preservation of Invariant (file output/84.c, line 11):
Let x_1 = 1 + y.
Let x_2 = x + y.
Let x_3 = -y_1.
Assume {
  Type: is_sint32(x) /\ is_sint32(y_1) /\ is_sint32(y) /\ is_sint32(x_1) /\
      is_sint32(x_2).
  (* Invariant *)
  Have: (y_1 < y) \/ ((x = (-50)) /\ (y = y_1)).
  (* Invariant *)
  Have: ((y * (y - y_1)) <= (50 + x)) \/ ((x = (-50)) /\ (y = y_1)).
  (* Then *)
  Have: x < 0.
  (* Invariant *)
  Have: (y_1 <= y) \/ ((x_1 = y_1) /\ (x_2 = (-50))).
}
Prove: ((x_1 * (1 + y - y_1)) <= (50 + x + y)) \/
    ((x_1 = y_1) /\ (x_2 = (-50))).
Prover Z3 4.8.12 returns Timeout (Qed:5ms) (3s)
Error found in file: output/84.c at line: 11
Error line content: loop invariant  ((x == -50)&&(y == \at(y, Pre))) || (x >= y * (y - \at(y, Pre)) - 50) ;

Verify:
[False]

Goal Assertion (file output/84.c, line 21):
Assume {
  Type: is_sint32(x) /\ is_sint32(y_1) /\ is_sint32(y).
  (* Invariant *)
  Have: (y_1 < y) \/ ((x = (-50)) /\ (y = y_1)).
  (* Invariant *)
  Have: ((y * (y - y_1)) <= (50 + x)) \/ ((x = (-50)) /\ (y = y_1)).
  (* Else *)
  Have: 0 <= x.
}
Prove: 0 < y.
Prover Z3 4.8.12 returns Timeout (Qed:4ms) (3s)
Error found in file: output/84.c at line: 21
Error line content: /*@ assert y > 0; */


void foo(int y) {

    int x = -50;
  
    
    
            
            /*@
          loop invariant  ((x == -50)&&(y == \at(y, Pre))) || (y > \at(y, Pre)) ;
          loop invariant  ((x == -50)&&(y == \at(y, Pre))) || (x >= y * (y - \at(y, Pre)) - 50)  [INVARIANT FAILED] ;
            */
            while (x < 0) {
      
      x  = x + y;
      y  = y + 1;
      
  
    }
            
    /*@ assert y > 0; */
  
  }

### Error Analysis:

#### Error 1: Goal Preservation of Invariant
- **Cause:** The invariant `((x == -50)&&(y == \at(y, Pre))) || (x >= y * (y - \at(y, Pre)) - 50)` is not preserved across iterations. Specifically, the condition `(x >= y * (y - \at(y, Pre)) - 50)` fails to hold after each iteration due to the change in `x` and `y`. The arithmetic does not correctly reflect the relationship between `x` and `y` as they evolve.
  
#### Error 2: Goal Assertion
- **Cause:** The assertion `y > 0` fails because the invariants do not imply this condition when the loop exits. The initial invariant setup incorrectly assumes a specific form that fails to guarantee positive `y` after the loop terminates.

### Fixed C Code:

The goal is to ensure the invariants correctly reflect the relationship between `x` and `y` and that they imply the post-condition when the loop exits.

```c
void foo(int y) {

    int x = -50;
    
    /*@
      loop invariant  (x == -50 && y == \at(y, Pre)) || (x >= -50 && y > \at(y, Pre));
      loop invariant  (x <= y * (y - \at(y, Pre)) - 50);
    */
    while (x < 0) {
        x = x + y;
        y = y + 1;
    }
    
    /*@ assert y > 0; */
}
```

### Explanation of Fixed Invariants:

1. **Invariant 1:** `(x == -50 && y == \at(y, Pre)) || (x >= -50 && y > \at(y, Pre))`
   - This invariant ensures that either the initial condition holds or, once the loop starts, `x` is adjusted such that it remains non-positive until `y` increases sufficiently.

2. **Invariant 2:** `(x <= y * (y - \at(y, Pre)) - 50)`
   - This invariant captures the relationship between `x` and `y` as they evolve. It ensures that `x` is bounded in relation to `y`, allowing `x` to incrementally approach zero as `y` grows.

These invariants, combined, ensure that upon loop termination (`x` is no longer negative), the post-condition `y > 0` holds because `y` increases with each iteration starting from its initial value `\at(y, Pre)`.
after regen

void foo(int y) {

    int x = -50;
    
    /*@
      loop invariant  (x == -50 && y == \at(y, Pre)) || (x >= -50 && y > \at(y, Pre));
      loop invariant  (x <= y * (y - \at(y, Pre)) - 50);
    */
    while (x < 0) {
        x = x + y;
        y = y + 1;
    }
    
    /*@ assert y > 0; */
}

syntax Correct
Validate:
[False, True]

Goal Preservation of Invariant (file output/84.c, line 7):
Let x_1 = 1 + y.
Let x_2 = x + y.
Assume {
  Type: is_sint32(x) /\ is_sint32(y_1) /\ is_sint32(y) /\ is_sint32(x_1) /\
      is_sint32(x_2).
  (* Invariant *)
  Have: ((x = (-50)) /\ (y = y_1)) \/ ((y_1 < y) /\ ((-50) <= x)).
  (* Invariant *)
  Have: (50 + x) <= (y * (y - y_1)).
  (* Then *)
  Have: x < 0.
}
Prove: ((x_1 = y_1) /\ (x_2 = (-50))) \/ ((y_1 <= y) /\ ((-50) <= x_2)).
Prover Z3 4.8.12 returns Timeout (Qed:5ms) (3s)
Error found in file: output/84.c at line: 7
Error line content: loop invariant  (x == -50 && y == \at(y, Pre)) || (x >= -50 && y > \at(y, Pre));

Verify:
[True]


void foo(int y) {

    int x = -50;
    
    /*@
      loop invariant  (x == -50 && y == \at(y, Pre)) || (x >= -50 && y > \at(y, Pre)) [INVARIANT FAILED] ;
      loop invariant  (x <= y * (y - \at(y, Pre)) - 50);
    */
    while (x < 0) {
        x = x + y;
        y = y + 1;
    }
    
    /*@ assert y > 0; */
}

### Error Analysis:

The error indicates a problem with the preservation of the loop invariant. The invariant `(x == -50 && y == \at(y, Pre)) || (x >= -50 && y > \at(y, Pre))` is not preserved correctly after each iteration of the loop. The issue likely arises from the equality constraints `(x == -50 && y == \at(y, Pre))`, which are too strict and cannot remain true after the first iteration once `y` is incremented.

To fix this, we can weaken the invariant by replacing the problematic equality constraints with range constraints. Specifically, the invariant can be adjusted to reflect the condition that `x` remains less than or equal to 0 and `y` remains greater than its initial value throughout the loop execution.

### Fixed C Code:

```c
void foo(int y) {

    int x = -50;
    
    /*@
      loop invariant  (x <= 0 && y >= \at(y, Pre));
      loop invariant  (x <= y * (y - \at(y, Pre)) - 50);
    */
    while (x < 0) {
        x = x + y;
        y = y + 1;
    }
    
    /*@ assert y > 0; */
}
```


after weaken

void foo(int y) {

    int x = -50;
    
    /*@
      loop invariant  (x <= 0 && y >= \at(y, Pre));
      loop invariant  (x <= y * (y - \at(y, Pre)) - 50);
    */
    while (x < 0) {
        x = x + y;
        y = y + 1;
    }
    
    /*@ assert y > 0; */
}

syntax Correct
Validate:
[False, True]

Goal Preservation of Invariant (file output/84.c, line 7):
Let x_1 = 1 + y.
Let x_2 = x + y.
Assume {
  Type: is_sint32(x) /\ is_sint32(y_1) /\ is_sint32(y) /\ is_sint32(x_1) /\
      is_sint32(x_2).
  (* Invariant *)
  Have: (x <= 0) /\ (y_1 <= y).
  (* Invariant *)
  Have: (50 + x) <= (y * (y - y_1)).
  (* Then *)
  Have: x < 0.
}
Prove: (x_2 <= 0) /\ (y_1 <= x_1).
Prover Z3 4.8.12 returns Timeout (Qed:4ms) (3s)
Error found in file: output/84.c at line: 7
Error line content: loop invariant  (x <= 0 && y >= \at(y, Pre));

Verify:
[True]


void foo(int y) {

    int x = -50;
    
    /*@
      loop invariant  (x <= 0 && y >= \at(y, Pre)) [INVARIANT FAILED] ;
      loop invariant  (x <= y * (y - \at(y, Pre)) - 50);
    */
    while (x < 0) {
        x = x + y;
        y = y + 1;
    }
    
    /*@ assert y > 0; */
}

### Error Analysis:

The error indicates that the loop invariant `(x <= 0 && y >= \at(y, Pre))` is incorrect, specifically in terms of preservation. This means that the invariant is not maintained across iterations of the loop, possibly due to changes in `x` and `y`. The equality constraint consistently fails, as the values of `x` and `y` change during each loop iteration, making it difficult to maintain the invariant with the equality constraint. Therefore, a range constraint should be used instead.

### Fixed C Code:

```c
void foo(int y) {

    int x = -50;
    
    /*@
      loop invariant  (x <= 0 && y >= \at(y, Pre) && x >= -50);
      loop invariant  (x <= y * (y - \at(y, Pre)) - 50);
    */
    while (x < 0) {
        x = x + y;
        y = y + 1;
    }
    
    /*@ assert y > 0; */
}
```
after weaken

void foo(int y) {

    int x = -50;
    
    /*@
      loop invariant  (x <= 0 && y >= \at(y, Pre) && x >= -50);
      loop invariant  (x <= y * (y - \at(y, Pre)) - 50);
    */
    while (x < 0) {
        x = x + y;
        y = y + 1;
    }
    
    /*@ assert y > 0; */
}

syntax Correct
Validate:
[False, True]

Goal Preservation of Invariant (file output/84.c, line 7):
Let x_1 = 1 + y.
Let x_2 = x + y.
Assume {
  Type: is_sint32(x) /\ is_sint32(y_1) /\ is_sint32(y) /\ is_sint32(x_1) /\
      is_sint32(x_2).
  (* Invariant *)
  Have: (x <= 0) /\ (y_1 <= y) /\ ((-50) <= x).
  (* Invariant *)
  Have: (50 + x) <= (y * (y - y_1)).
  (* Then *)
  Have: x < 0.
}
Prove: (x_2 <= 0) /\ ((-50) <= x_2) /\ (y_1 <= x_1).
Prover Z3 4.8.12 returns Timeout (Qed:5ms) (3s)
Error found in file: output/84.c at line: 7
Error line content: loop invariant  (x <= 0 && y >= \at(y, Pre) && x >= -50);

Verify:
[True]

after hudini

void foo(int y) {

    int x = -50;
    
    /*@      loop invariant  (x <= y * (y - \at(y, Pre)) - 50);
    */
    while (x < 0) {
        x = x + y;
        y = y + 1;
    }
    
    /*@ assert y > 0; */
}

syntax Correct
Validate:
[False]

Goal Preservation of Invariant (file output/84.c, line 6):
Let x_1 = -y_1.
Let x_2 = 1 + y.
Assume {
  Type: is_sint32(x) /\ is_sint32(y_1) /\ is_sint32(y) /\ is_sint32(x_2) /\
      is_sint32(x + y).
  (* Invariant *)
  Have: (50 + x) <= (y * (y - y_1)).
  (* Then *)
  Have: x < 0.
}
Prove: (50 + x + y) <= (x_2 * (1 + y - y_1)).
Prover Z3 4.8.12 returns Timeout (Qed:5ms) (3s)
Error found in file: output/84.c at line: 6
Error line content: /*@      loop invariant  (x <= y * (y - \at(y, Pre)) - 50);

Verify:
[False]

Goal Assertion (file output/84.c, line 13):
Assume {
  Type: is_sint32(x) /\ is_sint32(y_1) /\ is_sint32(y).
  (* Invariant *)
  Have: (50 + x) <= (y * (y - y_1)).
  (* Else *)
  Have: 0 <= x.
}
Prove: 0 < y.
Prover Z3 4.8.12 returns Timeout (Qed:2ms) (3s)
Error found in file: output/84.c at line: 13
Error line content: /*@ assert y > 0; */

syntax Correct
Validate:
[False]

Goal Preservation of Invariant (file output/84.c, line 6):
Let x_1 = -y_1.
Let x_2 = 1 + y.
Assume {
  Type: is_sint32(x) /\ is_sint32(y_1) /\ is_sint32(y) /\ is_sint32(x_2) /\
      is_sint32(x + y).
  (* Invariant *)
  Have: (50 + x) <= (y * (y - y_1)).
  (* Then *)
  Have: x < 0.
}
Prove: (50 + x + y) <= (x_2 * (1 + y - y_1)).
Prover Z3 4.8.12 returns Timeout (Qed:5ms) (3s)
Error found in file: output/84.c at line: 6
Error line content: /*@      loop invariant  (x <= y * (y - \at(y, Pre)) - 50);

Verify:
[False]

Goal Assertion (file output/84.c, line 13):
Assume {
  Type: is_sint32(x) /\ is_sint32(y_1) /\ is_sint32(y).
  (* Invariant *)
  Have: (50 + x) <= (y * (y - y_1)).
  (* Else *)
  Have: 0 <= x.
}
Prove: 0 < y.
Prover Z3 4.8.12 returns Timeout (Qed:2ms) (3s)
Error found in file: output/84.c at line: 13
Error line content: /*@ assert y > 0; */

syntax Correct
Validate:
[False]

Goal Preservation of Invariant (file output/84.c, line 6):
Let x_1 = -y_1.
Let x_2 = 1 + y.
Assume {
  Type: is_sint32(x) /\ is_sint32(y_1) /\ is_sint32(y) /\ is_sint32(x_2) /\
      is_sint32(x + y).
  (* Invariant *)
  Have: (50 + x) <= (y * (y - y_1)).
  (* Then *)
  Have: x < 0.
}
Prove: (50 + x + y) <= (x_2 * (1 + y - y_1)).
Prover Z3 4.8.12 returns Timeout (Qed:5ms) (3s)
Error found in file: output/84.c at line: 6
Error line content: /*@      loop invariant  (x <= y * (y - \at(y, Pre)) - 50);

Verify:
[False]

Goal Assertion (file output/84.c, line 13):
Assume {
  Type: is_sint32(x) /\ is_sint32(y_1) /\ is_sint32(y).
  (* Invariant *)
  Have: (50 + x) <= (y * (y - y_1)).
  (* Else *)
  Have: 0 <= x.
}
Prove: 0 < y.
Prover Z3 4.8.12 returns Timeout (Qed:2ms) (3s)
Error found in file: output/84.c at line: 13
Error line content: /*@ assert y > 0; */

[(89, 163, 0)]
[(89, 163, 0)]
[(89, 163, 0)]
[(89, 163, 0)]
Loop 0 : Outer
Sorted indices: [0]
File found: ../sac_c_parser/test/../ip_postcond/goal/84_goal.v. Deleting the file.
File found: ../sac_c_parser/test/../ip_postcond/goal/84_proof_auto.v. Deleting the file.
File found: ../sac_c_parser/test/../ip_postcond/goal/84_proof_manual.v. Deleting the file.
LoopEntry_0:
(x == -50) * (y == y@pre)

Successfully generated loop/84.json
INNER_FLAG: False
Variable Maps: [{'x': '-50', 'y': 'y@pre'}]
Path conditions: [None]
Pre condition: (x == -50) * (y == y@pre)
Loop Condition: x < 0
Updated Loop Conditions: ['-50 < 0']
Global Unchanged Variables []
Non Inductive Variables []
[{'x': '-50', 'y': 'y@pre'}]
[None]

            
    /* >>> LOOP INVARIANT TO FILL <<< 
       >>> PRECONDITION OF THE LOOP : (x == -50) * (y == \at(y, Pre)) <<< */
    
            /*@
            */
            while (x < 0) {
      
      x  = x + y;
      y  = y + 1;
      
  
    }
            

            
    /* >>> LOOP INVARIANT TO FILL <<< 
       >>> PRECONDITION OF THE LOOP : (x == -50) * (y == \at(y, Pre)) <<< */
    
            /*@
          loop invariant  ((x == -50)&&(y == \at(y, Pre))) || (PLACE_HOLDER_y) ;
          loop invariant  ((x == -50)&&(y == \at(y, Pre))) || (PLACE_HOLDER_x) ;
            */
            while (x < 0) {
      
      x  = x + y;
      y  = y + 1;
      
  
    }
            
void foo(int y) {

    int x = -50;
  
    
    
            
    /* >>> LOOP INVARIANT TO FILL <<< 
       >>> PRECONDITION OF THE LOOP : (x == -50) * (y == \at(y, Pre)) <<< */
    
            /*@
          loop invariant  ((x == -50)&&(y == \at(y, Pre))) || (PLACE_HOLDER_y) ;
          loop invariant  ((x == -50)&&(y == \at(y, Pre))) || (PLACE_HOLDER_x) ;
            */
            while (x < 0) {
      
      x  = x + y;
      y  = y + 1;
      
  
    }
            
    /*@ assert y > 0; */
  
  }
To analyze the provided loop and generate the necessary loop invariants, let's follow the structured approach:

### a. Purpose and Structure of the Loop
**Objective:**  
The loop aims to repeatedly add the variable `y` to `x` and increment `y` until `x` is no longer negative.

**Structure:**  
- **Loop Condition:** `x < 0`
- **Operations:** 
  - `x = x + y`
  - `y = y + 1`
- **Relevant Variables:** `x` and `y`

### b. Discussion of the Loop Invariant
The loop invariant needs to reflect two aspects:
1. The relationship between `x` and `y` as they change.
2. The conditions that remain constant or evolve predictably over iterations.

### c. Establishment
- **Invariant:** Initially, `x == -50` and `y == \at(y, Pre)`, satisfying the first part of the invariant.

### d. Preservation
- **Invariant:** After each iteration, `x` is incremented by `y`, and `y` is incremented by 1. The invariant captures the relationship between the initial values and the evolution through iterations.

### e. Termination Analysis of the Loop
- When the loop terminates, `x` has been incremented enough times so that `x >= 0`.
- At this point, `y` has been incremented several times from its initial value, ensuring `y > 0`.

### f. Correctness of the Post-condition
- The post-condition `y > 0` is ensured because `y` starts at `\at(y, Pre)` and is incremented each time the loop iterates.

### g. Implication of the Pre-condition
- The pre-condition `(x == -50) * (y == \at(y, Pre))` directly establishes the initial state required for the invariant to hold from the start of the loop.

### Filled Loop Program
```c
void foo(int y) {

    int x = -50;
  
    /* >>> LOOP INVARIANT TO FILL <<< 
       >>> PRECONDITION OF THE LOOP : (x == -50) * (y == \at(y, Pre)) <<< */
    
    /*@
      loop invariant ((x == -50)&&(y == \at(y, Pre))) || (y == \at(y, Pre) + (x + 50));
      loop invariant ((x == -50)&&(y == \at(y, Pre))) || (x == -50 + (y - \at(y, Pre)) * (\at(y, Pre) + (y - \at(y, Pre) - 1) / 2));
    */
    while (x < 0) {
        x = x + y;
        y = y + 1;
    }
            
    /*@ assert y > 0; */
  
}
```

void foo(int y) {

    int x = -50;
  
    /*@
      loop invariant ((x == -50)&&(y == \at(y, Pre))) || (y == \at(y, Pre) + (x + 50));
      loop invariant ((x == -50)&&(y == \at(y, Pre))) || (x == -50 + (y - \at(y, Pre)) * (\at(y, Pre) + (y - \at(y, Pre) - 1) / 2));
    */
    while (x < 0) {
        x = x + y;
        y = y + 1;
    }
            
    /*@ assert y > 0; */
  
}


void foo(int y) {

    int x = -50;
  
    /*@
      loop invariant ((x == -50)&&(y == \at(y, Pre))) || (y == \at(y, Pre) + (x + 50));
      loop invariant ((x == -50)&&(y == \at(y, Pre))) || (x == -50 + (y - \at(y, Pre)) * (\at(y, Pre) + (y - \at(y, Pre) - 1) / 2));
    */
    while (x < 0) {
        x = x + y;
        y = y + 1;
    }
            
    /*@ assert y > 0; */
  
}

syntax Correct
Validate:
[False, True]

Goal Preservation of Invariant (file output/84.c, line 7):
Let x_1 = -y.
Let x_2 = 1 + y_1.
Let x_3 = x + y_1.
Assume {
  Type: is_sint32(x) /\ is_sint32(y) /\ is_sint32(y_1) /\ is_sint32(x_2) /\
      is_sint32(x_3).
  (* Invariant *)
  Have: ((50 + x + y) = y_1) \/ ((x = (-50)) /\ (y_1 = y)).
  (* Invariant *)
  Have: (((y_1 - y) * (y + ((y_1 - 1 - y) / 2))) = (50 + x)) \/
      ((x = (-50)) /\ (y_1 = y)).
  (* Then *)
  Have: x < 0.
}
Prove: ((x + y) = (-49)) \/ ((x_2 = y) /\ (x_3 = (-50))).
Prover Z3 4.8.12 returns Timeout (Qed:5ms) (3s)
Error found in file: output/84.c at line: 7
Error line content: loop invariant ((x == -50)&&(y == \at(y, Pre))) || (y == \at(y, Pre) + (x + 50));

Verify:
[True]


void foo(int y) {

    int x = -50;
  
    /*@
      loop invariant ((x == -50)&&(y == \at(y, Pre))) || (y == \at(y, Pre) + (x + 50)) [INVARIANT FAILED] ;
      loop invariant ((x == -50)&&(y == \at(y, Pre))) || (x == -50 + (y - \at(y, Pre)) * (\at(y, Pre) + (y - \at(y, Pre) - 1) / 2));
    */
    while (x < 0) {
        x = x + y;
        y = y + 1;
    }
            
    /*@ assert y > 0; */
  
}

### Error Analysis:

The error reported by Frama-C indicates a problem with the preservation of the loop invariant. Specifically, the invariant `((x == -50)&&(y == \at(y, Pre))) || (y == \at(y, Pre) + (x + 50))` is too strict and cannot be proven to hold after each iteration of the loop. The calculation `(x + 50)` combined with the initial `y` makes it difficult for the invariant to hold true for every iteration, especially as `y` is incremented.

To address this, we can weaken the invariant by using range constraints instead of equality constraints. This is a common strategy when equality constraints fail due to extensive calculations.

### Fixed C Code:

```c
void foo(int y) {

    int x = -50;
  
    /*@
      loop invariant ((x == -50)&&(y == \at(y, Pre))) || (y >= \at(y, Pre) + (x + 50)) ;
      loop invariant ((x == -50)&&(y == \at(y, Pre))) || (x == -50 + (y - \at(y, Pre)) * (\at(y, Pre) + (y - \at(y, Pre) - 1) / 2));
    */
    while (x < 0) {
        x = x + y;
        y = y + 1;
    }
            
    /*@ assert y > 0; */
  
}
```

In the corrected code, the invariant has been adjusted to use a range constraint `y >= \at(y, Pre) + (x + 50)` instead of an equality constraint. This allows the invariant to hold for a broader set of conditions, accommodating the changes to `y` during each loop iteration.
after weaken

void foo(int y) {

    int x = -50;
  
    /*@
      loop invariant ((x == -50)&&(y == \at(y, Pre))) || (y >= \at(y, Pre) + (x + 50)) ;
      loop invariant ((x == -50)&&(y == \at(y, Pre))) || (x == -50 + (y - \at(y, Pre)) * (\at(y, Pre) + (y - \at(y, Pre) - 1) / 2));
    */
    while (x < 0) {
        x = x + y;
        y = y + 1;
    }
            
    /*@ assert y > 0; */
  
}

syntax Correct
Validate:
[False, False]

Goal Preservation of Invariant (file output/84.c, line 7):
Let x_1 = -y.
Let x_2 = 1 + y_1.
Let x_3 = x + y_1.
Assume {
  Type: is_sint32(x) /\ is_sint32(y) /\ is_sint32(y_1) /\ is_sint32(x_2) /\
      is_sint32(x_3).
  (* Invariant *)
  Have: ((50 + x + y) <= y_1) \/ ((x = (-50)) /\ (y_1 = y)).
  (* Invariant *)
  Have: (((y_1 - y) * (y + ((y_1 - 1 - y) / 2))) = (50 + x)) \/
      ((x = (-50)) /\ (y_1 = y)).
  (* Then *)
  Have: x < 0.
}
Prove: ((x + y) <= (-49)) \/ ((x_2 = y) /\ (x_3 = (-50))).
Prover Z3 4.8.12 returns Timeout (Qed:5ms) (3s)
Error found in file: output/84.c at line: 7
Error line content: loop invariant ((x == -50)&&(y == \at(y, Pre))) || (y >= \at(y, Pre) + (x + 50)) ;

Goal Preservation of Invariant (file output/84.c, line 8):
Let x_1 = 1 + y.
Let x_2 = x + y.
Let x_3 = -y_1.
Let x_4 = y - y_1.
Assume {
  Type: is_sint32(x) /\ is_sint32(y_1) /\ is_sint32(y) /\ is_sint32(x_1) /\
      is_sint32(x_2).
  (* Invariant *)
  Have: ((50 + x + y_1) <= y) \/ ((x = (-50)) /\ (y = y_1)).
  (* Invariant *)
  Have: ((x_4 * (y_1 + ((y - 1 - y_1) / 2))) = (50 + x)) \/
      ((x = (-50)) /\ (y = y_1)).
  (* Then *)
  Have: x < 0.
  (* Invariant *)
  Have: ((x + y_1) <= (-49)) \/ ((x_1 = y_1) /\ (x_2 = (-50))).
}
Prove: (((1 + y - y_1) * (y_1 + (x_4 / 2))) = (50 + x + y)) \/
    ((x_1 = y_1) /\ (x_2 = (-50))).
Prover Z3 4.8.12 returns Timeout (Qed:5ms) (3s)
Error found in file: output/84.c at line: 8
Error line content: loop invariant ((x == -50)&&(y == \at(y, Pre))) || (x == -50 + (y - \at(y, Pre)) * (\at(y, Pre) + (y - \at(y, Pre) - 1) / 2));

Verify:
[True]


void foo(int y) {

    int x = -50;
  
    /*@
      loop invariant ((x == -50)&&(y == \at(y, Pre))) || (y >= \at(y, Pre) + (x + 50))  [INVARIANT FAILED] ;
      loop invariant ((x == -50)&&(y == \at(y, Pre))) || (x == -50 + (y - \at(y, Pre)) * (\at(y, Pre) + (y - \at(y, Pre) - 1) / 2)) [INVARIANT FAILED] ;
    */
    while (x < 0) {
        x = x + y;
        y = y + 1;
    }
            
    /*@ assert y > 0; */
  
}

### Error Analysis:

The loop invariants provided are causing errors in Frama-C's analysis due to their complexity and the equality constraints involved, which are difficult to preserve across iterations. The invariants appear to try to express complex relationships between `x` and `y` as they evolve through the loop. Given the nature of the errors, weakening the invariants by replacing equality constraints with range constraints can help in preserving them across iterations.

1. **Error 1**: The goal preservation error suggests that the invariant `y >= \at(y, Pre) + (x + 50)` is proving challenging for Frama-C to maintain across iterations. Instead of aiming for exact equality, we can express a range that captures the behavior of `y` relative to its initial value and the change in `x`.

2. **Error 2**: Similar issues are present for the invariant involving complex calculations with `x`. This invariant can be simplified to focus on the bounds of `x` relative to its initial condition.

### Fixed C Code:

```c
void foo(int y) {

    int x = -50;
  
    /*@
      loop invariant ((x == -50)&&(y == \at(y, Pre))) || (y >= \at(y, Pre)) ;
      loop invariant ((x == -50)&&(y == \at(y, Pre))) || (x >= -50) ;
    */
    while (x < 0) {
        x = x + y;
        y = y + 1;
    }
            
    /*@ assert y > 0; */
  
}
```

The invariants have been modified to express simpler conditions that focus on the general bounds of `y` and `x` rather than their exact values throughout the loop iterations. This approach should align better with the requirements for goal preservation in Frama-C and facilitate successful verification of the post-condition.
after weaken

void foo(int y) {

    int x = -50;
  
    /*@
      loop invariant ((x == -50)&&(y == \at(y, Pre))) || (y >= \at(y, Pre)) ;
      loop invariant ((x == -50)&&(y == \at(y, Pre))) || (x >= -50) ;
    */
    while (x < 0) {
        x = x + y;
        y = y + 1;
    }
            
    /*@ assert y > 0; */
  
}

syntax Correct
Validate:
[True, False]

Goal Preservation of Invariant (file output/84.c, line 8):
Let x_1 = 1 + y.
Let x_2 = x + y.
Assume {
  Type: is_sint32(x) /\ is_sint32(y_1) /\ is_sint32(y) /\ is_sint32(x_1) /\
      is_sint32(x_2).
  (* Invariant *)
  Have: (y_1 <= y) \/ ((x = (-50)) /\ (y = y_1)).
  (* Invariant *)
  Have: ((-50) <= x) \/ ((x = (-50)) /\ (y = y_1)).
  (* Then *)
  Have: x < 0.
  (* Invariant *)
  Have: (y_1 <= x_1) \/ ((x_1 = y_1) /\ (x_2 = (-50))).
}
Prove: ((-50) <= x_2) \/ ((x_1 = y_1) /\ (x_2 = (-50))).
Prover Z3 4.8.12 returns Timeout (Qed:4ms) (3s)
Error found in file: output/84.c at line: 8
Error line content: loop invariant ((x == -50)&&(y == \at(y, Pre))) || (x >= -50) ;

Verify:
[False]

Goal Assertion (file output/84.c, line 15):
Assume {
  Type: is_sint32(x) /\ is_sint32(y_1) /\ is_sint32(y).
  (* Invariant *)
  Have: (y_1 <= y) \/ ((x = (-50)) /\ (y = y_1)).
  (* Invariant *)
  Have: ((-50) <= x) \/ ((x = (-50)) /\ (y = y_1)).
  (* Else *)
  Have: 0 <= x.
}
Prove: 0 < y.
Prover Z3 4.8.12 returns Timeout (Qed:3ms) (3s)
Error found in file: output/84.c at line: 15
Error line content: /*@ assert y > 0; */


void foo(int y) {

    int x = -50;
  
    /*@
      loop invariant ((x == -50)&&(y == \at(y, Pre))) || (y >= \at(y, Pre)) ;
      loop invariant ((x == -50)&&(y == \at(y, Pre))) || (x >= -50)  [INVARIANT FAILED] ;
    */
    while (x < 0) {
        x = x + y;
        y = y + 1;
    }
            
    /*@ assert y > 0; */
  
}

### Error Analysis:

The errors in the provided ACSL annotations are related to the inability to establish and preserve the loop invariants, as well as the failure to prove the post-condition assertion. The existing invariants attempt to capture conditions about the relationship between `x` and `y`, but they fail to accurately express properties that remain true throughout the loop's execution.

1. **Establishment Error**: The invariant `(x == -50)&&(y == \at(y, Pre))` is initially true, but the alternative condition `(x >= -50)` is not sufficient. More importantly, it doesn't capture the necessary relationship between `x` and `y`.

2. **Preservation Error**: The invariant fails to be preserved through iterations because it does not accurately describe the relationship between `x` and `y` as they are updated. The statement `(x >= -50)` is not meaningful in preserving a useful property across iterations.

3. **Assertion Error**: The assertion `y > 0` after the loop cannot be proven because the existing invariants do not ensure this condition will be met when the loop terminates.

### Rationale for Regeneration:

To regenerate the loop invariant, we need to capture the relationship between `x` and `y` as they evolve. Since `x` starts at `-50` and `y` is incremented by 1 each time `x` is increased by `y`, a simple way to express an invariant is to maintain a relationship involving their initial values and their difference.

### Fixed C Code with Corrected Invariants:

```c
void foo(int y) {

    int x = -50;
  
    /*@
      loop invariant (x == -50 + (y - \at(y, Pre)) * (y - \at(y, Pre) + 1) / 2);
      loop invariant y > \at(y, Pre);
    */
    while (x < 0) {
        x = x + y;
        y = y + 1;
    }
            
    /*@ assert y > 0; */
  
}
```

### Explanation:

- **Invariant 1**: `(x == -50 + (y - \at(y, Pre)) * (y - \at(y, Pre) + 1) / 2)`: This invariant captures the relationship between the initial value of `x` and its updates. Each iteration of the loop increases `x` by `y`, and `y` is incremented by 1. This formula reflects the arithmetic progression of their relationship.

- **Invariant 2**: `y > \at(y, Pre)`: This invariant ensures that `y` is always greater than its initial value. Since `y` is incremented by 1 in every iteration, this invariant holds true throughout the loop's execution.

These invariants together ensure the loop's behavior is correctly captured, and they suffice to prove the post-condition `y > 0` after the loop terminates.
after regen

void foo(int y) {

    int x = -50;
  
    /*@
      loop invariant (x == -50 + (y - \at(y, Pre)) * (y - \at(y, Pre) + 1) / 2);
      loop invariant y > \at(y, Pre);
    */
    while (x < 0) {
        x = x + y;
        y = y + 1;
    }
            
    /*@ assert y > 0; */
  
}

syntax Correct
Validate:
[True, False]

Goal Establishment of Invariant (file output/84.c, line 8):
Prove: false.
Prover Z3 4.8.12 returns Timeout (Qed:2ms) (3s)
Error found in file: output/84.c at line: 8
Error line content: loop invariant y > \at(y, Pre);

Verify:
[True]

after hudini

void foo(int y) {

    int x = -50;
  
    /*@
      loop invariant (x == -50 + (y - \at(y, Pre)) * (y - \at(y, Pre) + 1) / 2);
      loop invariant y > \at(y, Pre);
    */
    while (x < 0) {
        x = x + y;
        y = y + 1;
    }
            
    /*@ assert y > 0; */
  
}

syntax Correct
Validate:
[True, False]

Goal Establishment of Invariant (file output/84.c, line 8):
Prove: false.
Prover Z3 4.8.12 returns Timeout (Qed:2ms) (3s)
Error found in file: output/84.c at line: 8
Error line content: loop invariant y > \at(y, Pre);

Verify:
[True]

after hudini

void foo(int y) {

    int x = -50;
  
    /*@
      loop invariant (x == -50 + (y - \at(y, Pre)) * (y - \at(y, Pre) + 1) / 2);
      loop invariant y > \at(y, Pre);
    */
    while (x < 0) {
        x = x + y;
        y = y + 1;
    }
            
    /*@ assert y > 0; */
  
}

syntax Correct
Validate:
[True, False]

Goal Establishment of Invariant (file output/84.c, line 8):
Prove: false.
Prover Z3 4.8.12 returns Timeout (Qed:2ms) (3s)
Error found in file: output/84.c at line: 8
Error line content: loop invariant y > \at(y, Pre);

Verify:
[True]

after hudini

void foo(int y) {

    int x = -50;
  
    /*@
      loop invariant (x == -50 + (y - \at(y, Pre)) * (y - \at(y, Pre) + 1) / 2);
      loop invariant y > \at(y, Pre);
    */
    while (x < 0) {
        x = x + y;
        y = y + 1;
    }
            
    /*@ assert y > 0; */
  
}

syntax Correct
Validate:
[True, False]

Goal Establishment of Invariant (file output/84.c, line 8):
Prove: false.
Prover Z3 4.8.12 returns Timeout (Qed:2ms) (3s)
Error found in file: output/84.c at line: 8
Error line content: loop invariant y > \at(y, Pre);

Verify:
[True]

after hudini

void foo(int y) {

    int x = -50;
  
    /*@
      loop invariant (x == -50 + (y - \at(y, Pre)) * (y - \at(y, Pre) + 1) / 2);
      loop invariant y > \at(y, Pre);
    */
    while (x < 0) {
        x = x + y;
        y = y + 1;
    }
            
    /*@ assert y > 0; */
  
}

syntax Correct
Validate:
[True, False]

Goal Establishment of Invariant (file output/84.c, line 8):
Prove: false.
Prover Z3 4.8.12 returns Timeout (Qed:2ms) (3s)
Error found in file: output/84.c at line: 8
Error line content: loop invariant y > \at(y, Pre);

Verify:
[True]

after hudini

void foo(int y) {

    int x = -50;
  
    /*@
      loop invariant (x == -50 + (y - \at(y, Pre)) * (y - \at(y, Pre) + 1) / 2);
      loop invariant y > \at(y, Pre);
    */
    while (x < 0) {
        x = x + y;
        y = y + 1;
    }
            
    /*@ assert y > 0; */
  
}

syntax Correct
Validate:
[True, False]

Goal Establishment of Invariant (file output/84.c, line 8):
Prove: false.
Prover Z3 4.8.12 returns Timeout (Qed:2ms) (3s)
Error found in file: output/84.c at line: 8
Error line content: loop invariant y > \at(y, Pre);

Verify:
[True]

after hudini

void foo(int y) {

    int x = -50;
  
    /*@
      loop invariant (x == -50 + (y - \at(y, Pre)) * (y - \at(y, Pre) + 1) / 2);
      loop invariant y > \at(y, Pre);
    */
    while (x < 0) {
        x = x + y;
        y = y + 1;
    }
            
    /*@ assert y > 0; */
  
}

syntax Correct
Validate:
[True, False]

Goal Establishment of Invariant (file output/84.c, line 8):
Prove: false.
Prover Z3 4.8.12 returns Timeout (Qed:2ms) (3s)
Error found in file: output/84.c at line: 8
Error line content: loop invariant y > \at(y, Pre);

Verify:
[True]

syntax Correct
Validate:
[True, False]

Goal Establishment of Invariant (file output/84.c, line 8):
Prove: false.
Prover Z3 4.8.12 returns Timeout (Qed:2ms) (3s)
Error found in file: output/84.c at line: 8
Error line content: loop invariant y > \at(y, Pre);

Verify:
[True]

[(89, 163, 0)]
[(89, 163, 0)]
[(89, 163, 0)]
[(89, 163, 0)]
Loop 0 : Outer
Sorted indices: [0]
File found: ../sac_c_parser/test/../ip_postcond/goal/84_goal.v. Deleting the file.
File found: ../sac_c_parser/test/../ip_postcond/goal/84_proof_auto.v. Deleting the file.
File found: ../sac_c_parser/test/../ip_postcond/goal/84_proof_manual.v. Deleting the file.
LoopEntry_0:
(x == -50) * (y == y@pre)

Successfully generated loop/84.json
INNER_FLAG: False
Variable Maps: [{'x': '-50', 'y': 'y@pre'}]
Path conditions: [None]
Pre condition: (x == -50) * (y == y@pre)
Loop Condition: x < 0
Updated Loop Conditions: ['-50 < 0']
Global Unchanged Variables []
Non Inductive Variables []
[{'x': '-50', 'y': 'y@pre'}]
[None]

            
    /* >>> LOOP INVARIANT TO FILL <<< 
       >>> PRECONDITION OF THE LOOP : (x == -50) * (y == \at(y, Pre)) <<< */
    
            /*@
            */
            while (x < 0) {
      
      x  = x + y;
      y  = y + 1;
      
  
    }
            

            
    /* >>> LOOP INVARIANT TO FILL <<< 
       >>> PRECONDITION OF THE LOOP : (x == -50) * (y == \at(y, Pre)) <<< */
    
            /*@
          loop invariant  ((x == -50)&&(y == \at(y, Pre))) || (PLACE_HOLDER_y) ;
          loop invariant  ((x == -50)&&(y == \at(y, Pre))) || (PLACE_HOLDER_x) ;
            */
            while (x < 0) {
      
      x  = x + y;
      y  = y + 1;
      
  
    }
            
void foo(int y) {

    int x = -50;
  
    
    
            
    /* >>> LOOP INVARIANT TO FILL <<< 
       >>> PRECONDITION OF THE LOOP : (x == -50) * (y == \at(y, Pre)) <<< */
    
            /*@
          loop invariant  ((x == -50)&&(y == \at(y, Pre))) || (PLACE_HOLDER_y) ;
          loop invariant  ((x == -50)&&(y == \at(y, Pre))) || (PLACE_HOLDER_x) ;
            */
            while (x < 0) {
      
      x  = x + y;
      y  = y + 1;
      
  
    }
            
    /*@ assert y > 0; */
  
  }
To generate the necessary loop invariants for the given C program, we need to analyze the loop and fill in the placeholders with appropriate logical expressions. Let's break down the task:

### a. Purpose and Structure of the Loop
- **Objective:** The loop aims to increase the value of `x` from `-50` until it is non-negative while simultaneously incrementing `y` by 1 in each iteration.
- **Structure:**
  - **Initial Condition:** `x` is initialized to `-50`.
  - **Loop Condition:** `x < 0` - the loop continues as long as `x` is negative.
  - **Operations in the Loop Body:**
    - `x = x + y;` - `x` is incremented by the current value of `y`.
    - `y = y + 1;` - `y` is incremented by 1.
  - **Relevant Variables:** `x` and `y`.

### b. Discussion of the Loop Invariant
- **Proposed Invariants:**
  - `(x >= -50) && (x < 0) && (y == \at(y, Pre))`
  - `x + y * (y - \at(y, Pre)) == -50`
- These invariants capture the relationship between `x` and `y` throughout the loop iterations and ensure that `x` starts from `-50` and increases, while `y` tracks the number of iterations.

### c. Establishment
- Before the loop starts, `x` is `-50`, and `y` is `\at(y, Pre)`. The invariant condition is satisfied because:
  - `x == -50` implies `x >= -50` and `x < 0`.
  - The expression `x + y * (y - \at(y, Pre)) == -50` holds as `y - \at(y, Pre)` is `0` initially.

### d. Preservation
- Assuming the invariants hold at the start of an iteration, after executing `x = x + y;` and `y = y + 1;`, they remain true:
  - `x` is incremented by `y`, maintaining the relation `x + y * (y - \at(y, Pre)) == -50`.
  - As long as `x < 0`, `y` increments such that `y == \at(y, Pre) + n` where `n` is the iteration count.

### e. Termination Analysis of the Loop
- The loop terminates when `x >= 0`. At this point, `y` has been incremented enough times to make `x` non-negative. The invariant holds because:
  - `x >= 0` satisfies the termination condition.
  - `y > \at(y, Pre)`, satisfying the invariant for termination.

### f. Correctness of the Post-condition
- The post-condition `y > 0` is ensured because `y` starts at `\at(y, Pre)` and increments in every iteration. Since the loop only terminates when `x` becomes non-negative, `y` must have incremented enough times to be positive.

### g. Implication of the Pre-condition
- The pre-condition `(x == -50) * (y == \at(y, Pre))` implies the loop invariant because:
  - Initially, `x == -50` and `y == \at(y, Pre)`, satisfying the invariant establishment.

Let's now fill in the placeholders in the ACSL annotations within the C code:

```c
void foo(int y) {

    int x = -50;
  
    /* >>> LOOP INVARIANT TO FILL <<< 
       >>> PRECONDITION OF THE LOOP : (x == -50) * (y == \at(y, Pre)) <<< */
    
    /*@
      loop invariant  ((x >= -50) && (x < 0)) || (y == \at(y, Pre) + (-50 - x) / y) ;
      loop invariant  (x + y * (y - \at(y, Pre)) == -50) ;
    */
    while (x < 0) {
      
      x  = x + y;
      y  = y + 1;
      
    }
            
    /*@ assert y > 0; */
  
}
```

In this code, the loop invariants are crafted to track how `x` and `y` evolve throughout the loop execution, ensuring that the post-condition holds true once the loop finishes.

void foo(int y) {

    int x = -50;
  
    /*@
      loop invariant  ((x >= -50) && (x < 0)) || (y == \at(y, Pre) + (-50 - x) / y) ;
      loop invariant  (x + y * (y - \at(y, Pre)) == -50) ;
    */
    while (x < 0) {
      
      x  = x + y;
      y  = y + 1;
      
    }
            
    /*@ assert y > 0; */
  
}


void foo(int y) {

    int x = -50;
  
    /*@
      loop invariant  ((x >= -50) && (x < 0)) || (y == \at(y, Pre) + (-50 - x) / y) ;
      loop invariant  (x + y * (y - \at(y, Pre)) == -50) ;
    */
    while (x < 0) {
      
      x  = x + y;
      y  = y + 1;
      
    }
            
    /*@ assert y > 0; */
  
}

syntax Correct
Validate:
[False, False]

Goal Preservation of Invariant (file output/84.c, line 7):
Let x = y_1 * (y_1 - y).
Let x_1 = 1 + y_1.
Let x_2 = -x.
Assume {
  Type: is_sint32(y) /\ is_sint32(y_1) /\ is_sint32(x_1) /\
      is_sint32(-50 - x) /\ is_sint32(y_1 - 50 - x).
  (* Invariant *)
  Have: ((y + (x / y_1)) = y_1) \/ (x <= 0).
  (* Then *)
  Have: (-49) <= x.
}
Prove: ((y + ((x - y_1) / x_1)) = x_1) \/ ((x <= y_1) /\ (y_1 <= (49 + x))).
Prover Z3 4.8.12 returns Timeout (Qed:6ms) (3s)
Error found in file: output/84.c at line: 7
Error line content: loop invariant  ((x >= -50) && (x < 0)) || (y == \at(y, Pre) + (-50 - x) / y) ;

Goal Preservation of Invariant (file output/84.c, line 8):
Let x = -y_1.
Let x_1 = y * (y - y_1).
Let x_2 = 1 + y.
Let x_3 = -x_1.
Assume {
  Type: is_sint32(y_1) /\ is_sint32(y) /\ is_sint32(x_2) /\
      is_sint32(-50 - x_1) /\ is_sint32(y - 50 - x_1).
  (* Invariant *)
  Have: ((y_1 + (x_1 / y)) = y) \/ (x_1 <= 0).
  (* Then *)
  Have: (-49) <= x_1.
  (* Invariant *)
  Have: ((y_1 + ((x_1 - y) / x_2)) = x_2) \/
      ((x_1 <= y) /\ (y <= (49 + x_1))).
}
Prove: x_1 = (y + (x_2 * (1 + y - y_1))).
Prover Z3 4.8.12 returns Timeout (Qed:5ms) (3s)
Error found in file: output/84.c at line: 8
Error line content: loop invariant  (x + y * (y - \at(y, Pre)) == -50) ;

Verify:
[False]

Goal Assertion (file output/84.c, line 17):
Let x = y * (y - y_1).
Assume {
  Type: is_sint32(y_1) /\ is_sint32(y) /\ is_sint32(-50 - x).
  (* Invariant *)
  Have: (y_1 + (x / y)) = y.
  (* Else *)
  Have: x <= (-50).
}
Prove: 0 < y.
Prover Z3 4.8.12 returns Timeout (Qed:3ms) (3s)
Error found in file: output/84.c at line: 17
Error line content: /*@ assert y > 0; */


void foo(int y) {

    int x = -50;
  
    /*@
      loop invariant  ((x >= -50) && (x < 0)) || (y == \at(y, Pre) + (-50 - x) / y)  [INVARIANT FAILED] ;
      loop invariant  (x + y * (y - \at(y, Pre)) == -50)  [INVARIANT FAILED] ;
    */
    while (x < 0) {
      
      x  = x + y;
      y  = y + 1;
      
    }
            
    /*@ assert y > 0; */
  
}

### Error Analysis:

The errors identified in the verification process stem from incorrect loop invariants that fail to satisfy the establishment, preservation, and assertion goals. The current invariants do not correctly capture the intended properties of the loop and do not facilitate the verification of the postcondition.

1. **Goal Establishment of Invariant**:
   The existing invariants are not properly established before entering the loop. They do not reflect the relationship between `x` and `y` that holds initially.

2. **Goal Preservation of Invariant**:
   The invariants do not hold after each iteration, which indicates they are not preserved by the loop operations. The transformation of variables inside the loop does not maintain the current invariants.

3. **Goal Assertion**:
   The assertion `y > 0` after the loop cannot be verified with the given invariants, as the relationship between `x` and `y` is not correctly maintained.

### Fixed C Code:

Here is the corrected C code with regenerated loop invariants:

```c
void foo(int y) {

    int x = -50;
  
    /*@
      loop invariant x <= -50 + y * (y - \at(y, Pre));
      loop invariant y > \at(y, Pre);
    */
    while (x < 0) {
      
      x = x + y;
      y = y + 1;
      
    }
            
    /*@ assert y > 0; */
  
}
```

**Explanation of New Invariants**:

1. **Invariant 1**: `x <= -50 + y * (y - \at(y, Pre));`
   - This invariant establishes a relationship between `x`, `y`, and their initial values. It reflects the cumulative effect of the operations inside the loop on `x`, starting from its initialization at `-50`.

2. **Invariant 2**: `y > \at(y, Pre);`
   - This invariant ensures that `y` is strictly increasing with each iteration, which aligns with the operations inside the loop (`y = y + 1`) and helps prove the postcondition `y > 0`. 

These invariants are designed to satisfy the establishment, preservation, and termination conditions, thereby allowing the postcondition to be verified successfully.
after regen

void foo(int y) {

    int x = -50;
  
    /*@
      loop invariant x <= -50 + y * (y - \at(y, Pre));
      loop invariant y > \at(y, Pre);
    */
    while (x < 0) {
      
      x = x + y;
      y = y + 1;
      
    }
            
    /*@ assert y > 0; */
  
}

syntax Correct
Validate:
[True, False]

Goal Establishment of Invariant (file output/84.c, line 8):
Prove: false.
Prover Z3 4.8.12 returns Timeout (Qed:2ms) (3s)
Error found in file: output/84.c at line: 8
Error line content: loop invariant y > \at(y, Pre);

Verify:
[True]


void foo(int y) {

    int x = -50;
  
    /*@
      loop invariant x <= -50 + y * (y - \at(y, Pre));
      loop invariant y > \at(y, Pre) [INVARIANT FAILED] ;
    */
    while (x < 0) {
      
      x = x + y;
      y = y + 1;
      
    }
            
    /*@ assert y > 0; */
  
}

### Error Analysis:

The error in the given loop invariant is related to the establishment condition. The invariant `y > \at(y, Pre)` is supposed to hold before the loop starts, but based on the pre-condition, `y` is equal to `\at(y, Pre)` at the beginning, which causes Frama-C to fail in proving this invariant initially. As a result, the invariant is too strong for establishment. We need to weaken the invariant, such as by replacing equality constraints with range constraints that will be valid from the start of the loop.

### Fixed C Code:

```c
void foo(int y) {

    int x = -50;
  
    /*@
      loop invariant x <= -50 + y * (y - \at(y, Pre));
      loop invariant y >= \at(y, Pre);
    */
    while (x < 0) {
      
      x = x + y;
      y = y + 1;
      
    }
            
    /*@ assert y > 0; */
  
}
```
after weaken

void foo(int y) {

    int x = -50;
  
    /*@
      loop invariant x <= -50 + y * (y - \at(y, Pre));
      loop invariant y >= \at(y, Pre);
    */
    while (x < 0) {
      
      x = x + y;
      y = y + 1;
      
    }
            
    /*@ assert y > 0; */
  
}

syntax Correct
Validate:
[True, True]

Verify:
[True]

CORRECT INVARIANT
syntax Correct
Validate:
[True, True]

Verify:
[True]

syntax Correct
Validate:
[True, True]

Verify:
[True]

: 84.c -> finish
-----------------------------------------

 84.c . : 744.1996586322784
-----------------------------------------
finshed_files:['88.c', '4.c', '114.c', '8.c', '84.c']
