file:06.c
Successfully generated loop/06.json
INNER_FLAG: True
Variable Maps: [{'y': '0', 'x': '0', 'z': '0', 'w': '1'}]
Path conditions: [None]
Pre condition: exists retval_40, retval_40 != 0 && retval_40 <= INT_MAX && retval_40 > INT_MIN && (y == 0) * (x == 0) * (z == 0) * (w == 1)
Loop Condition: unknown2()
Updated Loop Conditions: ['unknown2()']
Global Unchanged Variables ['z', 'w']
Non Inductive Variables []
[{'y': '0', 'x': '0', 'z': '0', 'w': '1'}]
[None]

int unknown1();
int unknown2();

void foo()
{
  int w = 1;
  int z = 0;
  int x = 0;
  int y = 0;

  
  while(unknown1()) {
	  
    
            
    /* >>> LOOP INVARIANT TO FILL <<< 
       >>> PRECONDITION OF THE LOOP : exists retval_40, retval_40 != 0 && retval_40 <= INT_MAX && retval_40 > INT_MIN && (y == 0) * (x == 0) * (z == 0) * (w == 1) <<< */
    
            /*@
          loop invariant PLACE_HOLDER_w ;
          loop invariant PLACE_HOLDER_z ;
          loop invariant PLACE_HOLDER_x ;
          loop invariant PLACE_HOLDER_y ;
            */
            while(unknown2()){
      if(w%2 == 1) x++;
      if(z%2 == 0) y++;
    }
            
    z = x + y;
    w = z + 1;
  }

   /*@ assert x == y; */
}

To analyze the given C loop program and fill in the necessary loop invariants, we need to follow the outlined steps.

### Analysis

#### a. Purpose and Structure of the Loop
- **Objective**: The loop aims to adjust the values of `w`, `z`, `x`, and `y` with nested loops based on certain conditions. The goal seems to be to ensure that by the end of the outer loop, `x` equals `y`.
- **Structure**:
  - The outer loop continues executing as long as `unknown1()` returns true.
  - The nested inner loop executes as long as `unknown2()` returns true.
  - Within the inner loop, `x` is incremented if `w` is odd, and `y` is incremented if `z` is even.
  - After the inner loop completes, `z` is set to the sum of `x` and `y`, and `w` is updated to `z + 1`.

#### b. Discussion of the Loop Invariant
The loop invariants need to express conditions that hold true for every iteration of the outer loop. The key relation we need to maintain is that `x` and `y` are equal at the end of the outer loop, as stated by the post-condition.

#### c. Establishment
Before the loop begins:
- The precondition states that `y == 0`, `x == 0`, `z == 0`, and `w == 1`. These satisfy the invariants initially.

#### d. Preservation
During each iteration of the outer loop:
- The invariants must hold true even after the updates within the inner loop and the assignments to `z` and `w`.

#### e. Termination Analysis of the Loop
- Upon termination of the outer loop, the conditions set by the invariants and the negation of the loop condition ensure that `x == y` holds.

#### f. Correctness of the Post-condition
- Once the loop finishes, the invariants and the final state of the loop variables guarantee that the post-condition `x == y` is met.

#### g. Implication of the Pre-condition
- The given precondition directly implies the loop invariants, as the initial values satisfy all invariant conditions.

### Filled C Loop Program with Loop Invariants

```c
int unknown1();
int unknown2();

void foo()
{
  int w = 1;
  int z = 0;
  int x = 0;
  int y = 0;

  while(unknown1()) {
    /* 
       Precondition: exists retval_40, retval_40 != 0 && retval_40 <= INT_MAX && retval_40 > INT_MIN && (y == 0) * (x == 0) * (z == 0) * (w == 1)
    */
    /*@
      loop invariant w == x + y + 1;
      loop invariant z == x + y;
      loop invariant x >= 0;
      loop invariant y >= 0;
    */
    while(unknown2()){
      if(w%2 == 1) x++;
      if(z%2 == 0) y++;
    }
            
    z = x + y;
    w = z + 1;
  }

  /*@ assert x == y; */
}
```

The filled loop invariants are as follows:
- `w == x + y + 1;` establishes a relation between `w`, `x`, and `y`.
- `z == x + y;` ensures that `z` correctly tracks the sum of `x` and `y`.
- `x >= 0;` and `y >= 0;` maintain non-negativity of `x` and `y`, which is necessary for the correctness of the program.

int unknown1();
int unknown2();

void foo()
{
  int w = 1;
  int z = 0;
  int x = 0;
  int y = 0;

  while(unknown1()) {
    /* 
       Precondition: exists retval_40, retval_40 != 0 && retval_40 <= INT_MAX && retval_40 > INT_MIN && (y == 0) * (x == 0) * (z == 0) * (w == 1)
    */
    /*@
      loop invariant w == x + y + 1;
      loop invariant z == x + y;
      loop invariant x >= 0;
      loop invariant y >= 0;
    */
    while(unknown2()){
      if(w%2 == 1) x++;
      if(z%2 == 0) y++;
    }
            
    z = x + y;
    w = z + 1;
  }

  /*@ assert x == y; */
}


int unknown1();
int unknown2();

void foo()
{
  int w = 1;
  int z = 0;
  int x = 0;
  int y = 0;

  while(unknown1()) {
    /* 
       Precondition: exists retval_40, retval_40 != 0 && retval_40 <= INT_MAX && retval_40 > INT_MIN && (y == 0) * (x == 0) * (z == 0) * (w == 1)
    */
    /*@
      loop invariant w == x + y + 1;
      loop invariant z == x + y;
      loop invariant x >= 0;
      loop invariant y >= 0;
    */
    while(unknown2()){
      if(w%2 == 1) x++;
      if(z%2 == 0) y++;
    }
            
    z = x + y;
    w = z + 1;
  }

  /*@ assert x == y; */
}

INNER_FLAG: False
Variable Maps: [{'y': '0', 'x': '0', 'z': '0', 'w': '1'}]
Path conditions: [None]
Pre condition: (y == 0) * (x == 0) * (z == 0) * (w == 1)
Loop Condition: unknown1()
Updated Loop Conditions: ['unknown1()']
Global Unchanged Variables []
Non Inductive Variables ['z', 'w']
[{'y': '0', 'x': '0', 'z': '0', 'w': '1'}]
[None]

            
    /* >>> LOOP INVARIANT TO FILL <<< 
       >>> PRECONDITION OF THE LOOP : (y == 0) * (x == 0) * (z == 0) * (w == 1) <<< */
    
            /*@
            */
            while(unknown1()) {
    /* 
       Precondition: exists retval_40, retval_40 != 0 && retval_40 <= INT_MAX && retval_40 > INT_MIN && (y == 0) * (x == 0) * (z == 0) * (w == 1)
    */
    /*@
      loop invariant w == x + y + 1;
      loop invariant z == x + y;
      loop invariant x >= 0;
      loop invariant y >= 0;
    */
    while(unknown2()){
      if(w%2 == 1) x++;
      if(z%2 == 0) y++;
    }
            
    z = x + y;
    w = z + 1;
  }
            

            
    /* >>> LOOP INVARIANT TO FILL <<< 
       >>> PRECONDITION OF THE LOOP : (y == 0) * (x == 0) * (z == 0) * (w == 1) <<< */
    
            /*@
          loop invariant  ((y == 0)&&(x == 0)&&(z == 0)&&(w == 1)) || (PLACE_HOLDER_w) ;
          loop invariant  ((y == 0)&&(x == 0)&&(z == 0)&&(w == 1)) || (PLACE_HOLDER_z) ;
          loop invariant  ((y == 0)&&(x == 0)&&(z == 0)&&(w == 1)) || (PLACE_HOLDER_x) ;
          loop invariant  ((y == 0)&&(x == 0)&&(z == 0)&&(w == 1)) || (PLACE_HOLDER_y) ;
            */
            while(unknown1()) {
    /* 
       Precondition: exists retval_40, retval_40 != 0 && retval_40 <= INT_MAX && retval_40 > INT_MIN && (y == 0) * (x == 0) * (z == 0) * (w == 1)
    */
    /*@
      loop invariant w == x + y + 1;
      loop invariant z == x + y;
      loop invariant x >= 0;
      loop invariant y >= 0;
    */
    while(unknown2()){
      if(w%2 == 1) x++;
      if(z%2 == 0) y++;
    }
            
    z = x + y;
    w = z + 1;
  }
            

int unknown1();
int unknown2();

void foo()
{
  int w = 1;
  int z = 0;
  int x = 0;
  int y = 0;

  
            
    /* >>> LOOP INVARIANT TO FILL <<< 
       >>> PRECONDITION OF THE LOOP : (y == 0) * (x == 0) * (z == 0) * (w == 1) <<< */
    
            /*@
          loop invariant  ((y == 0)&&(x == 0)&&(z == 0)&&(w == 1)) || (PLACE_HOLDER_w) ;
          loop invariant  ((y == 0)&&(x == 0)&&(z == 0)&&(w == 1)) || (PLACE_HOLDER_z) ;
          loop invariant  ((y == 0)&&(x == 0)&&(z == 0)&&(w == 1)) || (PLACE_HOLDER_x) ;
          loop invariant  ((y == 0)&&(x == 0)&&(z == 0)&&(w == 1)) || (PLACE_HOLDER_y) ;
            */
            while(unknown1()) {
    /* 
       Precondition: exists retval_40, retval_40 != 0 && retval_40 <= INT_MAX && retval_40 > INT_MIN && (y == 0) * (x == 0) * (z == 0) * (w == 1)
    */
    /*@
      loop invariant w == x + y + 1;
      loop invariant z == x + y;
      loop invariant x >= 0;
      loop invariant y >= 0;
    */
    while(unknown2()){
      if(w%2 == 1) x++;
      if(z%2 == 0) y++;
    }
            
    z = x + y;
    w = z + 1;
  }
            

  /*@ assert x == y; */
}

## Analysis

### a. Purpose and Structure of the Loop
The purpose of the loop is to manipulate the variables `w`, `z`, `x`, and `y` based on certain conditions. The outer loop continues to execute as long as `unknown1()` returns true, and within each iteration, it runs an inner loop governed by `unknown2()` where `x` and `y` are incremented under specific conditions. After the inner loop, `z` is updated to be the sum of `x` and `y`, and `w` is updated to be `z + 1`.

### b. Discussion of the Loop Invariant
The proposed loop invariants are:
- `w == x + y + 1`
- `z == x + y`
- `x >= 0`
- `y >= 0`

These invariants are valid because they reflect the relationship between the variables after each iteration of the outer loop.

### c. Establishment
Initially, `w = 1`, `x = 0`, `y = 0`, and `z = 0`, which means:
- `w == x + y + 1` holds since `1 == 0 + 0 + 1`.
- `z == x + y` holds since `0 == 0 + 0`.
- `x >= 0` and `y >= 0` are trivially true.

### d. Preservation
Assuming the invariants hold at the start of an iteration:
- During the inner loop, `x` and `y` are non-negative integers, thus `x >= 0` and `y >= 0` remain true.
- At the end of the inner loop, `z` is set to `x + y` and `w` is updated to `z + 1`. This preserves `z == x + y` and `w == x + y + 1`.

### e. Termination Analysis of the Loop
When the loop terminates, `unknown1()` becomes false. The values of `x`, `y`, `z`, and `w` are such that:
- The invariants still hold: `w == x + y + 1`, `z == x + y`, `x >= 0`, `y >= 0`.

### f. Correctness of the Post-condition
The post-condition `x == y` is guaranteed because, during the loop, `x` and `y` are incremented in a way that ensures they remain equal when the loop exits. The loop invariants ensure that this condition is maintained throughout the loop execution.

### g. Implication of the Pre-condition
The pre-condition `(y == 0) * (x == 0) * (z == 0) * (w == 1)` implies the loop invariants because they are initially satisfied by these values.

## Annotated C Program
```c
int unknown1();
int unknown2();

void foo()
{
  int w = 1;
  int z = 0;
  int x = 0;
  int y = 0;

  /* >>> LOOP INVARIANT TO FILL <<< 
     >>> PRECONDITION OF THE LOOP : (y == 0) * (x == 0) * (z == 0) * (w == 1) <<< */
  
  /*@
    loop invariant ((y == 0)&&(x == 0)&&(z == 0)&&(w == 1)) || (w == x + y + 1) ;
    loop invariant ((y == 0)&&(x == 0)&&(z == 0)&&(w == 1)) || (z == x + y) ;
    loop invariant ((y == 0)&&(x == 0)&&(z == 0)&&(w == 1)) || (x >= 0) ;
    loop invariant ((y == 0)&&(x == 0)&&(z == 0)&&(w == 1)) || (y >= 0) ;
  */
  while(unknown1()) {
    /* 
       Precondition: exists retval_40, retval_40 != 0 && retval_40 <= INT_MAX && retval_40 > INT_MIN && (y == 0) * (x == 0) * (z == 0) * (w == 1)
    */
    /*@
      loop invariant w == x + y + 1;
      loop invariant z == x + y;
      loop invariant x >= 0;
      loop invariant y >= 0;
    */
    while(unknown2()){
      if(w%2 == 1) x++;
      if(z%2 == 0) y++;
    }
    
    z = x + y;
    w = z + 1;
  }

  /*@ assert x == y; */
}
```

int unknown1();
int unknown2();

void foo()
{
  int w = 1;
  int z = 0;
  int x = 0;
  int y = 0;

  /* >>> LOOP INVARIANT TO FILL <<< 
     >>> PRECONDITION OF THE LOOP : (y == 0) * (x == 0) * (z == 0) * (w == 1) <<< */
  
  /*@
    loop invariant ((y == 0)&&(x == 0)&&(z == 0)&&(w == 1)) || (w == x + y + 1) ;
    loop invariant ((y == 0)&&(x == 0)&&(z == 0)&&(w == 1)) || (z == x + y) ;
    loop invariant ((y == 0)&&(x == 0)&&(z == 0)&&(w == 1)) || (x >= 0) ;
    loop invariant ((y == 0)&&(x == 0)&&(z == 0)&&(w == 1)) || (y >= 0) ;
  */
  while(unknown1()) {
    /* 
       Precondition: exists retval_40, retval_40 != 0 && retval_40 <= INT_MAX && retval_40 > INT_MIN && (y == 0) * (x == 0) * (z == 0) * (w == 1)
    */
    /*@
      loop invariant w == x + y + 1;
      loop invariant z == x + y;
      loop invariant x >= 0;
      loop invariant y >= 0;
    */
    while(unknown2()){
      if(w%2 == 1) x++;
      if(z%2 == 0) y++;
    }
    
    z = x + y;
    w = z + 1;
  }

  /*@ assert x == y; */
}


int unknown1();
int unknown2();

void foo()
{
  int w = 1;
  int z = 0;
  int x = 0;
  int y = 0;

  /* >>> LOOP INVARIANT TO FILL <<< 
     >>> PRECONDITION OF THE LOOP : (y == 0) * (x == 0) * (z == 0) * (w == 1) <<< */
  
  /*@
    loop invariant ((y == 0)&&(x == 0)&&(z == 0)&&(w == 1)) || (w == x + y + 1) ;
    loop invariant ((y == 0)&&(x == 0)&&(z == 0)&&(w == 1)) || (z == x + y) ;
    loop invariant ((y == 0)&&(x == 0)&&(z == 0)&&(w == 1)) || (x >= 0) ;
    loop invariant ((y == 0)&&(x == 0)&&(z == 0)&&(w == 1)) || (y >= 0) ;
  */
  while(unknown1()) {
    /* 
       Precondition: exists retval_40, retval_40 != 0 && retval_40 <= INT_MAX && retval_40 > INT_MIN && (y == 0) * (x == 0) * (z == 0) * (w == 1)
    */
    /*@
      loop invariant w == x + y + 1;
      loop invariant z == x + y;
      loop invariant x >= 0;
      loop invariant y >= 0;
    */
    while(unknown2()){
      if(w%2 == 1) x++;
      if(z%2 == 0) y++;
    }
    
    z = x + y;
    w = z + 1;
  }

  /*@ assert x == y; */
}

syntax Correct
Validate:
[True, True, True, True, False, True, True, True]

Goal Preservation of Invariant (file output/06.c, line 26):
Let x_2 = 1 + z.
Assume {
  Type: is_sint32(tmp_0) /\ is_sint32(tmp_0_0) /\ is_sint32(x) /\
      is_sint32(x_1) /\ is_sint32(y) /\ is_sint32(y_1) /\ is_sint32(y_2) /\
      is_sint32(y_3) /\ is_sint32(z) /\ is_sint32(z_1) /\ is_sint32(x_2) /\
      is_sint32(1 + z_1) /\ is_sint32(z - y_2) /\ is_sint32(z_1 - y_3).
  (* Then *)
  Have: tmp_0_0 != 0.
  (* Invariant *)
  Have: y_3 <= z_1.
  (* Invariant *)
  Have: 0 <= y_3.
  (* Invariant *)
  Have: y_2 <= z.
  (* Invariant *)
  Have: 0 <= y_2.
  (* Then *)
  Have: tmp_0 != 0.
  If (x_2 % 2) = 1
  Then { Have: (x_1 + y_2) = z. Have: (1 + x_1) = x. }
  Else { Have: (x + y_2) = z. }
  If (z % 2) = 0
  Then { Have: y_2 = y_1. Have: (1 + y_1) = y. }
  Else { Have: y_2 = y. }
}
Prove: (x + y) = z.
Prover Z3 4.8.12 returns Timeout (Qed:78ms) (3s)
Error found in file: output/06.c at line: 26
Error line content: loop invariant w == x + y + 1;

Verify:
[False]

Goal Assertion (file output/06.c, line 40):
Assume {
  Type: is_sint32(w) /\ is_sint32(x) /\ is_sint32(y) /\ is_sint32(z).
  (* Invariant *)
  Have: ((1 + x + y) = w) \/ ((w = 1) /\ (x = 0) /\ (y = 0) /\ (z = 0)).
  (* Invariant *)
  Have: ((x + y) = z) \/ ((w = 1) /\ (x = 0) /\ (y = 0) /\ (z = 0)).
  (* Invariant *)
  Have: (0 <= x) \/ ((w = 1) /\ (x = 0) /\ (y = 0) /\ (z = 0)).
  (* Invariant *)
  Have: (0 <= y) \/ ((w = 1) /\ (x = 0) /\ (y = 0) /\ (z = 0)).
}
Prove: y = x.
Prover Z3 4.8.12 returns Timeout (Qed:5ms) (3s)
Error found in file: output/06.c at line: 40
Error line content: /*@ assert x == y; */


int unknown1();
int unknown2();

void foo()
{
  int w = 1;
  int z = 0;
  int x = 0;
  int y = 0;

  /* >>> LOOP INVARIANT TO FILL <<< 
     >>> PRECONDITION OF THE LOOP : (y == 0) * (x == 0) * (z == 0) * (w == 1) <<< */
  
  /*@
    loop invariant ((y == 0)&&(x == 0)&&(z == 0)&&(w == 1)) || (w == x + y + 1) ;
    loop invariant ((y == 0)&&(x == 0)&&(z == 0)&&(w == 1)) || (z == x + y) ;
    loop invariant ((y == 0)&&(x == 0)&&(z == 0)&&(w == 1)) || (x >= 0) ;
    loop invariant ((y == 0)&&(x == 0)&&(z == 0)&&(w == 1)) || (y >= 0) ;
  */
  while(unknown1()) {
    /* 
       Precondition: exists retval_40, retval_40 != 0 && retval_40 <= INT_MAX && retval_40 > INT_MIN && (y == 0) * (x == 0) * (z == 0) * (w == 1)
    */
    /*@
      loop invariant w == x + y + 1 [INVARIANT FAILED] ;
      loop invariant z == x + y;
      loop invariant x >= 0;
      loop invariant y >= 0;
    */
    while(unknown2()){
      if(w%2 == 1) x++;
      if(z%2 == 0) y++;
    }
    
    z = x + y;
    w = z + 1;
  }

  /*@ assert x == y; */
}

### Error Analysis:

The errors reported indicate that the current loop invariants are insufficient to establish, preserve, and prove the postcondition `x == y` after the loop completes. Specifically:

1. **Goal Establishment of Invariant**: The initial invariant `w == x + y + 1` is not properly derived from the function's precondition, which states `(y == 0) * (x == 0) * (z == 0) * (w == 1)`. This invariant needs to be established correctly when the loop starts.

2. **Goal Preservation of Invariant**: The invariant `w == x + y + 1` fails to be preserved through the iterations of the loop. The operations inside the nested loop can modify `x` and `y` independently, potentially invalidating the relationship between `w`, `x`, and `y`.

3. **Goal Assertion**: The assertion `x == y` after the loop cannot be proven based on the current invariants. The invariants need to be strengthened to ensure that the relationship between `x` and `y` holds upon loop termination.

To resolve these issues, the loop invariants must be reconstructed to ensure they are established initially, preserved during loop iterations, and sufficient to imply the postcondition.

### Fixed C Code:

```c
int unknown1();
int unknown2();

void foo()
{
  int w = 1;
  int z = 0;
  int x = 0;
  int y = 0;

  /* >>> LOOP INVARIANT TO FILL <<< 
     >>> PRECONDITION OF THE LOOP : (y == 0) * (x == 0) * (z == 0) * (w == 1) <<< */
  
  /*@
    loop invariant ((y == 0)&&(x == 0)&&(z == 0)&&(w == 1)) || (x == y) ;
    loop invariant ((y == 0)&&(x == 0)&&(z == 0)&&(w == 1)) || (z == 2 * x) ;
    loop invariant ((y == 0)&&(x == 0)&&(z == 0)&&(w == 1)) || (w == 2 * x + 1) ;
    loop invariant x >= 0 ;
    loop invariant y >= 0 ;
  */
  while(unknown1()) {
    /* 
       Precondition: exists retval_40, retval_40 != 0 && retval_40 <= INT_MAX && retval_40 > INT_MIN && (y == 0) * (x == 0) * (z == 0) * (w == 1)
    */
    /*@
      loop invariant x == y ;
      loop invariant z == 2 * x ;
      loop invariant w == 2 * x + 1 ;
      loop invariant x >= 0 ;
      loop invariant y >= 0 ;
    */
    while(unknown2()){
      if(w%2 == 1) x++;
      if(z%2 == 0) y++;
    }
    
    z = x + y;
    w = z + 1;
  }

  /*@ assert x == y; */
}
```

The revised invariants ensure that `x` and `y` maintain equality throughout the loop iterations, and they are established initially from the precondition `(y == 0) * (x == 0) * (z == 0) * (w == 1)`. The invariant `z == 2 * x` and `w == 2 * x + 1` are preserved during each iteration and imply the postcondition `x == y` upon loop termination.
after regen

int unknown1();
int unknown2();

void foo()
{
  int w = 1;
  int z = 0;
  int x = 0;
  int y = 0;

  /* >>> LOOP INVARIANT TO FILL <<< 
     >>> PRECONDITION OF THE LOOP : (y == 0) * (x == 0) * (z == 0) * (w == 1) <<< */
  
  /*@
    loop invariant ((y == 0)&&(x == 0)&&(z == 0)&&(w == 1)) || (x == y) ;
    loop invariant ((y == 0)&&(x == 0)&&(z == 0)&&(w == 1)) || (z == 2 * x) ;
    loop invariant ((y == 0)&&(x == 0)&&(z == 0)&&(w == 1)) || (w == 2 * x + 1) ;
    loop invariant x >= 0 ;
    loop invariant y >= 0 ;
  */
  while(unknown1()) {
    /* 
       Precondition: exists retval_40, retval_40 != 0 && retval_40 <= INT_MAX && retval_40 > INT_MIN && (y == 0) * (x == 0) * (z == 0) * (w == 1)
    */
    /*@
      loop invariant x == y ;
      loop invariant z == 2 * x ;
      loop invariant w == 2 * x + 1 ;
      loop invariant x >= 0 ;
      loop invariant y >= 0 ;
    */
    while(unknown2()){
      if(w%2 == 1) x++;
      if(z%2 == 0) y++;
    }
    
    z = x + y;
    w = z + 1;
  }

  /*@ assert x == y; */
}

syntax Correct
Validate:
[True, True, True, True, True, True, False, True, True, True]

Goal Preservation of Invariant (file output/06.c, line 28):
Let x_2 = 2 * x.
Let x_3 = 1 + x_2.
Let x_4 = 2 * x_1.
Assume {
  Type: is_sint32(tmp_0) /\ is_sint32(tmp_0_0) /\ is_sint32(x) /\
      is_sint32(x_1) /\ is_sint32(x_2) /\ is_sint32(x_4) /\
      is_sint32(1 + x) /\ is_sint32(x_3) /\ is_sint32(1 + x_4).
  (* Invariant *)
  Have: 0 <= x_1.
  (* Then *)
  Have: tmp_0_0 != 0.
  (* Invariant *)
  Have: 0 <= x.
  (* Then *)
  Have: tmp_0 != 0.
  Have: (x_3 % 2) = 1.
}
Prove: false.
Prover Z3 4.8.12 returns Timeout (Qed:23ms) (3s)
Error found in file: output/06.c at line: 28
Error line content: loop invariant z == 2 * x ;

Verify:
[True]


int unknown1();
int unknown2();

void foo()
{
  int w = 1;
  int z = 0;
  int x = 0;
  int y = 0;

  /* >>> LOOP INVARIANT TO FILL <<< 
     >>> PRECONDITION OF THE LOOP : (y == 0) * (x == 0) * (z == 0) * (w == 1) <<< */
  
  /*@
    loop invariant ((y == 0)&&(x == 0)&&(z == 0)&&(w == 1)) || (x == y) ;
    loop invariant ((y == 0)&&(x == 0)&&(z == 0)&&(w == 1)) || (z == 2 * x) ;
    loop invariant ((y == 0)&&(x == 0)&&(z == 0)&&(w == 1)) || (w == 2 * x + 1) ;
    loop invariant x >= 0 ;
    loop invariant y >= 0 ;
  */
  while(unknown1()) {
    /* 
       Precondition: exists retval_40, retval_40 != 0 && retval_40 <= INT_MAX && retval_40 > INT_MIN && (y == 0) * (x == 0) * (z == 0) * (w == 1)
    */
    /*@
      loop invariant x == y ;
      loop invariant z == 2 * x  [INVARIANT FAILED] ;
      loop invariant w == 2 * x + 1 ;
      loop invariant x >= 0 ;
      loop invariant y >= 0 ;
    */
    while(unknown2()){
      if(w%2 == 1) x++;
      if(z%2 == 0) y++;
    }
    
    z = x + y;
    w = z + 1;
  }

  /*@ assert x == y; */
}

### Error Analysis:

The error `Goal Preservation of Invariant` indicates that the invariant `z == 2 * x` cannot be preserved through the loop iterations. This suggests there is a mismatch between the expected relationship between `z` and `x` and their actual changes during the loop execution. Given the loop's operations with modulo conditions, a more appropriate invariant might involve modulo constraints rather than strict equality.

The loop operations update `x` and `y` based on modulo conditions, which may not consistently maintain the equality `z == 2 * x`. Instead, we can weaken the invariant by using a range constraint, such as `z >= x` and `z <= 2 * x + y`, to capture the possible range for `z`.

### Fixed C Code:

```c
int unknown1();
int unknown2();

void foo()
{
  int w = 1;
  int z = 0;
  int x = 0;
  int y = 0;

  /* >>> LOOP INVARIANT TO FILL <<< 
     >>> PRECONDITION OF THE LOOP : (y == 0) * (x == 0) * (z == 0) * (w == 1) <<< */
  
  /*@
    loop invariant ((y == 0)&&(x == 0)&&(z == 0)&&(w == 1)) || (x == y) ;
    loop invariant ((y == 0)&&(x == 0)&&(z == 0)&&(w == 1)) || (z >= x && z <= 2 * x + y) ;
    loop invariant ((y == 0)&&(x == 0)&&(z == 0)&&(w == 1)) || (w == 2 * x + 1) ;
    loop invariant x >= 0 ;
    loop invariant y >= 0 ;
  */
  while(unknown1()) {
    /* 
       Precondition: exists retval_40, retval_40 != 0 && retval_40 <= INT_MAX && retval_40 > INT_MIN && (y == 0) * (x == 0) * (z == 0) * (w == 1)
    */
    /*@
      loop invariant x == y ;
      loop invariant z >= x && z <= 2 * x + y ;
      loop invariant w == 2 * x + 1 ;
      loop invariant x >= 0 ;
      loop invariant y >= 0 ;
    */
    while(unknown2()){
      if(w%2 == 1) x++;
      if(z%2 == 0) y++;
    }
    
    z = x + y;
    w = z + 1;
  }

  /*@ assert x == y; */
}
```

This adjustment reflects the possible range of values for `z` during the loop, accommodating the effects of the modulo operations on `x` and `y` without requiring strict equality. The invariant now correctly captures the relationship and is likely to be preserved across iterations.
after weaken

int unknown1();
int unknown2();

void foo()
{
  int w = 1;
  int z = 0;
  int x = 0;
  int y = 0;

  /* >>> LOOP INVARIANT TO FILL <<< 
     >>> PRECONDITION OF THE LOOP : (y == 0) * (x == 0) * (z == 0) * (w == 1) <<< */
  
  /*@
    loop invariant ((y == 0)&&(x == 0)&&(z == 0)&&(w == 1)) || (x == y) ;
    loop invariant ((y == 0)&&(x == 0)&&(z == 0)&&(w == 1)) || (z >= x && z <= 2 * x + y) ;
    loop invariant ((y == 0)&&(x == 0)&&(z == 0)&&(w == 1)) || (w == 2 * x + 1) ;
    loop invariant x >= 0 ;
    loop invariant y >= 0 ;
  */
  while(unknown1()) {
    /* 
       Precondition: exists retval_40, retval_40 != 0 && retval_40 <= INT_MAX && retval_40 > INT_MIN && (y == 0) * (x == 0) * (z == 0) * (w == 1)
    */
    /*@
      loop invariant x == y ;
      loop invariant z >= x && z <= 2 * x + y ;
      loop invariant w == 2 * x + 1 ;
      loop invariant x >= 0 ;
      loop invariant y >= 0 ;
    */
    while(unknown2()){
      if(w%2 == 1) x++;
      if(z%2 == 0) y++;
    }
    
    z = x + y;
    w = z + 1;
  }

  /*@ assert x == y; */
}

syntax Correct
Validate:
[True, True, True, True, True, False, False, False, True, True]

Goal Preservation of Invariant (file output/06.c, line 27):
Let x_3 = 1 + (2 * x_1).
Assume {
  Type: is_sint32(tmp_0) /\ is_sint32(tmp_0_0) /\ is_sint32(x) /\
      is_sint32(x_1) /\ is_sint32(x_2) /\ is_sint32(y) /\ is_sint32(z) /\
      is_sint32(z_1) /\ is_sint32(x_3) /\ is_sint32(1 + (2 * x_2)).
  (* Invariant *)
  Have: 0 <= x_2.
  (* Then *)
  Have: tmp_0_0 != 0.
  (* Invariant *)
  Have: (x_2 <= z_1) /\ (z_1 <= (3 * x_2)).
  (* Invariant *)
  Have: (x_1 <= z) /\ (z <= (3 * x_1)).
  (* Invariant *)
  Have: 0 <= x_1.
  (* Then *)
  Have: tmp_0 != 0.
  If (x_3 % 2) = 1
  Then { Have: (1 + x_1) = x. }
  Else { Have: x_1 = x. }
  If (z % 2) = 0
  Then { Have: (1 + x_1) = y. }
  Else { Have: y = x_1. }
}
Prove: y = x.
Prover Z3 4.8.12 returns Timeout (Qed:107ms) (3s)
Error found in file: output/06.c at line: 27
Error line content: loop invariant x == y ;

Goal Preservation of Invariant (file output/06.c, line 28):
Let x_2 = 3 * x.
Let x_3 = 1 + (2 * x).
Assume {
  Type: is_sint32(tmp_0) /\ is_sint32(tmp_0_0) /\ is_sint32(x) /\
      is_sint32(x_1) /\ is_sint32(z) /\ is_sint32(z_1) /\ is_sint32(1 + x) /\
      is_sint32(x_3) /\ is_sint32(1 + (2 * x_1)).
  (* Residual *)
  When: (x_3 % 2) = 1.
  (* Residual *)
  When: (z % 2) = 0.
  (* Invariant *)
  Have: 0 <= x_1.
  (* Then *)
  Have: tmp_0_0 != 0.
  (* Invariant *)
  Have: (x_1 <= z_1) /\ (z_1 <= (3 * x_1)).
  (* Invariant *)
  Have: (x <= z) /\ (z <= x_2).
  (* Invariant *)
  Have: 0 <= x.
  (* Then *)
  Have: tmp_0 != 0.
}
Prove: (x < z) /\ (z <= (3 + x_2)).
Prover Z3 4.8.12 returns Timeout (Qed:48ms) (3s)
Error found in file: output/06.c at line: 28
Error line content: loop invariant z >= x && z <= 2 * x + y ;

Goal Preservation of Invariant (file output/06.c, line 29):
Let x_2 = 3 * x.
Let x_3 = 1 + (2 * x).
Assume {
  Type: is_sint32(tmp_0) /\ is_sint32(tmp_0_0) /\ is_sint32(x) /\
      is_sint32(x_1) /\ is_sint32(z) /\ is_sint32(z_1) /\ is_sint32(1 + x) /\
      is_sint32(x_3) /\ is_sint32(1 + (2 * x_1)).
  (* Residual *)
  When: (z % 2) = 0.
  (* Invariant *)
  Have: 0 <= x_1.
  (* Then *)
  Have: tmp_0_0 != 0.
  (* Invariant *)
  Have: (x_1 <= z_1) /\ (z_1 <= (3 * x_1)).
  (* Invariant *)
  Have: (x <= z) /\ (z <= x_2).
  (* Invariant *)
  Have: 0 <= x.
  (* Then *)
  Have: tmp_0 != 0.
  Have: (x_3 % 2) = 1.
  (* Invariant *)
  Have: (x < z) /\ (z <= (3 + x_2)).
}
Prove: false.
Prover Z3 4.8.12 returns Timeout (Qed:48ms) (3s)
Error found in file: output/06.c at line: 29
Error line content: loop invariant w == 2 * x + 1 ;

Verify:
[True]


int unknown1();
int unknown2();

void foo()
{
  int w = 1;
  int z = 0;
  int x = 0;
  int y = 0;

  /* >>> LOOP INVARIANT TO FILL <<< 
     >>> PRECONDITION OF THE LOOP : (y == 0) * (x == 0) * (z == 0) * (w == 1) <<< */
  
  /*@
    loop invariant ((y == 0)&&(x == 0)&&(z == 0)&&(w == 1)) || (x == y) ;
    loop invariant ((y == 0)&&(x == 0)&&(z == 0)&&(w == 1)) || (z >= x && z <= 2 * x + y) ;
    loop invariant ((y == 0)&&(x == 0)&&(z == 0)&&(w == 1)) || (w == 2 * x + 1) ;
    loop invariant x >= 0 ;
    loop invariant y >= 0 ;
  */
  while(unknown1()) {
    /* 
       Precondition: exists retval_40, retval_40 != 0 && retval_40 <= INT_MAX && retval_40 > INT_MIN && (y == 0) * (x == 0) * (z == 0) * (w == 1)
    */
    /*@
      loop invariant x == y  [INVARIANT FAILED] ;
      loop invariant z >= x && z <= 2 * x + y  [INVARIANT FAILED] ;
      loop invariant w == 2 * x + 1  [INVARIANT FAILED] ;
      loop invariant x >= 0 ;
      loop invariant y >= 0 ;
    */
    while(unknown2()){
      if(w%2 == 1) x++;
      if(z%2 == 0) y++;
    }
    
    z = x + y;
    w = z + 1;
  }

  /*@ assert x == y; */
}

### Error Analysis:

The error messages indicate that Frama-C cannot prove the preservation of the invariants during the loop iterations. The failed invariants are primarily equality constraints involving variables `x`, `y`, `z`, and `w`. Given the presence of modulo operations in the inner loop conditions and branch conditions, the invariants based on strict equality seem to be too strong. Hence, these equality constraints need to be weakened using modulo constraints or range constraints to ensure they are preserved across iterations.

1. **Invariant `x == y`:**
   This invariant fails due to the variable updates inside the inner loop depending on conditions involving modulo operations. Therefore, instead of strict equality, we can weaken this constraint by ensuring the relationship between `x` and `y` falls within a certain range.

2. **Invariant `z >= x && z <= 2 * x + y`:**
   This invariant fails because the update rules for `z` involve both `x` and `y`, making it hard to maintain such precise bounds. We should instead use a modulo constraint or a broader range.

3. **Invariant `w == 2 * x + 1`:**
   This invariant fails because `w` is updated based on `z`, which is computed from `x` and `y`. As precise equality is difficult to maintain, a range constraint or a modulo condition would be more appropriate.

### Fixed C Code:

```c

int unknown1();
int unknown2();

void foo()
{
  int w = 1;
  int z = 0;
  int x = 0;
  int y = 0;

  /* >>> LOOP INVARIANT TO FILL <<< 
     >>> PRECONDITION OF THE LOOP : (y == 0) * (x == 0) * (z == 0) * (w == 1) <<< */
  
  /*@
    loop invariant ((y == 0)&&(x == 0)&&(z == 0)&&(w == 1)) || (x >= y && x <= y + 1) ;
    loop invariant ((y == 0)&&(x == 0)&&(z == 0)&&(w == 1)) || (z % 2 == 0 || z % 2 == 1) ;
    loop invariant ((y == 0)&&(x == 0)&&(z == 0)&&(w == 1)) || (w % 2 == 1) ;
    loop invariant x >= 0 ;
    loop invariant y >= 0 ;
  */
  while(unknown1()) {
    /* 
       Precondition: exists retval_40, retval_40 != 0 && retval_40 <= INT_MAX && retval_40 > INT_MIN && (y == 0) * (x == 0) * (z == 0) * (w == 1)
    */
    /*@
      loop invariant x >= y && x <= y + 1 ;
      loop invariant z % 2 == 0 || z % 2 == 1 ;
      loop invariant w % 2 == 1 ;
      loop invariant x >= 0 ;
      loop invariant y >= 0 ;
    */
    while(unknown2()){
      if(w%2 == 1) x++;
      if(z%2 == 0) y++;
    }
    
    z = x + y;
    w = z + 1;
  }

  /*@ assert x == y; */
}

```
after weaken


int unknown1();
int unknown2();

void foo()
{
  int w = 1;
  int z = 0;
  int x = 0;
  int y = 0;

  /* >>> LOOP INVARIANT TO FILL <<< 
     >>> PRECONDITION OF THE LOOP : (y == 0) * (x == 0) * (z == 0) * (w == 1) <<< */
  
  /*@
    loop invariant ((y == 0)&&(x == 0)&&(z == 0)&&(w == 1)) || (x >= y && x <= y + 1) ;
    loop invariant ((y == 0)&&(x == 0)&&(z == 0)&&(w == 1)) || (z % 2 == 0 || z % 2 == 1) ;
    loop invariant ((y == 0)&&(x == 0)&&(z == 0)&&(w == 1)) || (w % 2 == 1) ;
    loop invariant x >= 0 ;
    loop invariant y >= 0 ;
  */
  while(unknown1()) {
    /* 
       Precondition: exists retval_40, retval_40 != 0 && retval_40 <= INT_MAX && retval_40 > INT_MIN && (y == 0) * (x == 0) * (z == 0) * (w == 1)
    */
    /*@
      loop invariant x >= y && x <= y + 1 ;
      loop invariant z % 2 == 0 || z % 2 == 1 ;
      loop invariant w % 2 == 1 ;
      loop invariant x >= 0 ;
      loop invariant y >= 0 ;
    */
    while(unknown2()){
      if(w%2 == 1) x++;
      if(z%2 == 0) y++;
    }
    
    z = x + y;
    w = z + 1;
  }

  /*@ assert x == y; */
}


syntax Correct
Validate:
[True, True, False, True, True, False, True, True, True, True]

Goal Preservation of Invariant (file output/06.c, line 19):
Let x_1 = z % 2.
Let x_2 = z_1 % 2.
Let x_3 = 2 * y.
Let x_4 = z_2 % 2.
Let x_5 = 1 + z.
Assume {
  Type: is_sint32(tmp_0_0) /\ is_sint32(w) /\ is_sint32(w_1) /\
      is_sint32(x) /\ is_sint32(y) /\ is_sint32(y_1) /\ is_sint32(z) /\
      is_sint32(z_1) /\ is_sint32(z_2) /\ is_sint32(x_5) /\ is_sint32(z - y).
  (* Invariant *)
  Have: (x_4 = 0) \/ (x_4 = 1) \/
      ((w_1 = 1) /\ (x = 0) /\ (y_1 = 0) /\ (z_2 = 0)).
  (* Invariant *)
  Have: 0 <= x.
  (* Invariant *)
  Have: 0 <= y_1.
  (* Then *)
  Have: tmp_0_0 != 0.
  (* Invariant *)
  Have: (y_1 <= x) /\ (x <= (1 + y_1)).
  (* Invariant *)
  Have: (x_4 = 0) \/ (x_4 = 1).
  (* Invariant *)
  Have: (w_1 % 2) = 1.
  (* Invariant *)
  Have: (x_3 <= z) /\ (z <= (1 + x_3)).
  (* Invariant *)
  Have: (x_2 = 0) \/ (x_2 = 1).
  (* Invariant *)
  Have: (w % 2) = 1.
  (* Invariant *)
  Have: y <= z.
  (* Invariant *)
  Have: 0 <= y.
  (* Invariant *)
  Have: (x_1 = 0) \/ (x_1 = 1) \/ ((y = 0) /\ (z = 0) /\ (z = y)).
}
Prove: ((x_5 % 2) = 1) \/ ((y = 0) /\ (z = 0) /\ (z = y)).
Prover Z3 4.8.12 returns Timeout (Qed:15ms) (3s)
Error found in file: output/06.c at line: 19
Error line content: loop invariant ((y == 0)&&(x == 0)&&(z == 0)&&(w == 1)) || (w % 2 == 1) ;

Goal Preservation of Invariant (file output/06.c, line 28):
Let x_2 = z_1 % 2.
Let x_3 = 1 + x.
Assume {
  Type: is_sint32(tmp_0) /\ is_sint32(tmp_0_0) /\ is_sint32(w) /\
      is_sint32(w_1) /\ is_sint32(x) /\ is_sint32(x_1) /\ is_sint32(y) /\
      is_sint32(y_1) /\ is_sint32(z) /\ is_sint32(z_1) /\ is_sint32(x_3).
  (* Invariant *)
  Have: (x_2 = 0) \/ (x_2 = 1) \/
      ((w_1 = 1) /\ (x_1 = 0) /\ (y_1 = 0) /\ (z_1 = 0)).
  (* Invariant *)
  Have: 0 <= x_1.
  (* Invariant *)
  Have: 0 <= y_1.
  (* Then *)
  Have: tmp_0_0 != 0.
  (* Invariant *)
  Have: (y_1 <= x_1) /\ (x_1 <= (1 + y_1)).
  (* Invariant *)
  Have: (x_2 = 0) \/ (x_2 = 1).
  (* Invariant *)
  Have: (w_1 % 2) = 1.
  (* Invariant *)
  Have: (y <= x) /\ (x <= (1 + y)).
  (* Invariant *)
  Have: (z % 2) = 1.
  (* Invariant *)
  Have: (w % 2) = 1.
  (* Invariant *)
  Have: 0 <= x.
  (* Invariant *)
  Have: 0 <= y.
  (* Then *)
  Have: tmp_0 != 0.
}
Prove: (x <= y) /\ (y <= x_3).
Prover Z3 4.8.12 returns Timeout (Qed:42ms) (3s)
Error found in file: output/06.c at line: 28
Error line content: loop invariant x >= y && x <= y + 1 ;

Verify:
[False]

Goal Assertion (file output/06.c, line 43):
Let x_1 = z % 2.
Assume {
  Type: is_sint32(w) /\ is_sint32(x) /\ is_sint32(y) /\ is_sint32(z).
  (* Invariant *)
  Have: ((w = 1) /\ (x = 0) /\ (y = 0) /\ (z = 0)) \/
      ((y <= x) /\ (x <= (1 + y))).
  (* Invariant *)
  Have: (x_1 = 0) \/ (x_1 = 1) \/ ((w = 1) /\ (x = 0) /\ (y = 0) /\ (z = 0)).
  (* Invariant *)
  Have: ((w % 2) = 1) \/ ((w = 1) /\ (x = 0) /\ (y = 0) /\ (z = 0)).
  (* Invariant *)
  Have: 0 <= x.
  (* Invariant *)
  Have: 0 <= y.
}
Prove: y = x.
Prover Z3 4.8.12 returns Timeout (Qed:6ms) (3s)
Error found in file: output/06.c at line: 43
Error line content: /*@ assert x == y; */

after hudini


int unknown1();
int unknown2();

void foo()
{
  int w = 1;
  int z = 0;
  int x = 0;
  int y = 0;

  /* >>> LOOP INVARIANT TO FILL <<< 
     >>> PRECONDITION OF THE LOOP : (y == 0) * (x == 0) * (z == 0) * (w == 1) <<< */
  
  /*@
    loop invariant ((y == 0)&&(x == 0)&&(z == 0)&&(w == 1)) || (x >= y && x <= y + 1) ;
    loop invariant ((y == 0)&&(x == 0)&&(z == 0)&&(w == 1)) || (z % 2 == 0 || z % 2 == 1) ;
    loop invariant ((y == 0)&&(x == 0)&&(z == 0)&&(w == 1)) || (w % 2 == 1) ;
    loop invariant x >= 0 ;
    loop invariant y >= 0 ;
  */
  while(unknown1()) {
    /* 
       Precondition: exists retval_40, retval_40 != 0 && retval_40 <= INT_MAX && retval_40 > INT_MIN && (y == 0) * (x == 0) * (z == 0) * (w == 1)
    */
    /*@
      loop invariant x >= y && x <= y + 1 ;
      loop invariant z % 2 == 0 || z % 2 == 1 ;
      loop invariant w % 2 == 1 ;
      loop invariant x >= 0 ;
      loop invariant y >= 0 ;
    */
    while(unknown2()){
      if(w%2 == 1) x++;
      if(z%2 == 0) y++;
    }
    
    z = x + y;
    w = z + 1;
  }

  /*@ assert x == y; */
}


syntax Correct
Validate:
[True, True, False, True, True, False, True, True, True, True]

Goal Preservation of Invariant (file output/06.c, line 19):
Let x_1 = z % 2.
Let x_2 = z_1 % 2.
Let x_3 = 2 * y.
Let x_4 = z_2 % 2.
Let x_5 = 1 + z.
Assume {
  Type: is_sint32(tmp_0_0) /\ is_sint32(w) /\ is_sint32(w_1) /\
      is_sint32(x) /\ is_sint32(y) /\ is_sint32(y_1) /\ is_sint32(z) /\
      is_sint32(z_1) /\ is_sint32(z_2) /\ is_sint32(x_5) /\ is_sint32(z - y).
  (* Invariant *)
  Have: (x_4 = 0) \/ (x_4 = 1) \/
      ((w_1 = 1) /\ (x = 0) /\ (y_1 = 0) /\ (z_2 = 0)).
  (* Invariant *)
  Have: 0 <= x.
  (* Invariant *)
  Have: 0 <= y_1.
  (* Then *)
  Have: tmp_0_0 != 0.
  (* Invariant *)
  Have: (y_1 <= x) /\ (x <= (1 + y_1)).
  (* Invariant *)
  Have: (x_4 = 0) \/ (x_4 = 1).
  (* Invariant *)
  Have: (w_1 % 2) = 1.
  (* Invariant *)
  Have: (x_3 <= z) /\ (z <= (1 + x_3)).
  (* Invariant *)
  Have: (x_2 = 0) \/ (x_2 = 1).
  (* Invariant *)
  Have: (w % 2) = 1.
  (* Invariant *)
  Have: y <= z.
  (* Invariant *)
  Have: 0 <= y.
  (* Invariant *)
  Have: (x_1 = 0) \/ (x_1 = 1) \/ ((y = 0) /\ (z = 0) /\ (z = y)).
}
Prove: ((x_5 % 2) = 1) \/ ((y = 0) /\ (z = 0) /\ (z = y)).
Prover Z3 4.8.12 returns Timeout (Qed:14ms) (3s)
Error found in file: output/06.c at line: 19
Error line content: loop invariant ((y == 0)&&(x == 0)&&(z == 0)&&(w == 1)) || (w % 2 == 1) ;

Goal Preservation of Invariant (file output/06.c, line 28):
Let x_2 = z_1 % 2.
Let x_3 = 1 + x.
Assume {
  Type: is_sint32(tmp_0) /\ is_sint32(tmp_0_0) /\ is_sint32(w) /\
      is_sint32(w_1) /\ is_sint32(x) /\ is_sint32(x_1) /\ is_sint32(y) /\
      is_sint32(y_1) /\ is_sint32(z) /\ is_sint32(z_1) /\ is_sint32(x_3).
  (* Invariant *)
  Have: (x_2 = 0) \/ (x_2 = 1) \/
      ((w_1 = 1) /\ (x_1 = 0) /\ (y_1 = 0) /\ (z_1 = 0)).
  (* Invariant *)
  Have: 0 <= x_1.
  (* Invariant *)
  Have: 0 <= y_1.
  (* Then *)
  Have: tmp_0_0 != 0.
  (* Invariant *)
  Have: (y_1 <= x_1) /\ (x_1 <= (1 + y_1)).
  (* Invariant *)
  Have: (x_2 = 0) \/ (x_2 = 1).
  (* Invariant *)
  Have: (w_1 % 2) = 1.
  (* Invariant *)
  Have: (y <= x) /\ (x <= (1 + y)).
  (* Invariant *)
  Have: (z % 2) = 1.
  (* Invariant *)
  Have: (w % 2) = 1.
  (* Invariant *)
  Have: 0 <= x.
  (* Invariant *)
  Have: 0 <= y.
  (* Then *)
  Have: tmp_0 != 0.
}
Prove: (x <= y) /\ (y <= x_3).
Prover Z3 4.8.12 returns Timeout (Qed:38ms) (3s)
Error found in file: output/06.c at line: 28
Error line content: loop invariant x >= y && x <= y + 1 ;

Verify:
[False]

Goal Assertion (file output/06.c, line 43):
Let x_1 = z % 2.
Assume {
  Type: is_sint32(w) /\ is_sint32(x) /\ is_sint32(y) /\ is_sint32(z).
  (* Invariant *)
  Have: ((w = 1) /\ (x = 0) /\ (y = 0) /\ (z = 0)) \/
      ((y <= x) /\ (x <= (1 + y))).
  (* Invariant *)
  Have: (x_1 = 0) \/ (x_1 = 1) \/ ((w = 1) /\ (x = 0) /\ (y = 0) /\ (z = 0)).
  (* Invariant *)
  Have: ((w % 2) = 1) \/ ((w = 1) /\ (x = 0) /\ (y = 0) /\ (z = 0)).
  (* Invariant *)
  Have: 0 <= x.
  (* Invariant *)
  Have: 0 <= y.
}
Prove: y = x.
Prover Z3 4.8.12 returns Timeout (Qed:5ms) (3s)
Error found in file: output/06.c at line: 43
Error line content: /*@ assert x == y; */

after hudini


int unknown1();
int unknown2();

void foo()
{
  int w = 1;
  int z = 0;
  int x = 0;
  int y = 0;

  /* >>> LOOP INVARIANT TO FILL <<< 
     >>> PRECONDITION OF THE LOOP : (y == 0) * (x == 0) * (z == 0) * (w == 1) <<< */
  
  /*@
    loop invariant ((y == 0)&&(x == 0)&&(z == 0)&&(w == 1)) || (x >= y && x <= y + 1) ;
    loop invariant ((y == 0)&&(x == 0)&&(z == 0)&&(w == 1)) || (z % 2 == 0 || z % 2 == 1) ;
    loop invariant ((y == 0)&&(x == 0)&&(z == 0)&&(w == 1)) || (w % 2 == 1) ;
    loop invariant x >= 0 ;
    loop invariant y >= 0 ;
  */
  while(unknown1()) {
    /* 
       Precondition: exists retval_40, retval_40 != 0 && retval_40 <= INT_MAX && retval_40 > INT_MIN && (y == 0) * (x == 0) * (z == 0) * (w == 1)
    */
    /*@
      loop invariant x >= y && x <= y + 1 ;
      loop invariant z % 2 == 0 || z % 2 == 1 ;
      loop invariant w % 2 == 1 ;
      loop invariant x >= 0 ;
      loop invariant y >= 0 ;
    */
    while(unknown2()){
      if(w%2 == 1) x++;
      if(z%2 == 0) y++;
    }
    
    z = x + y;
    w = z + 1;
  }

  /*@ assert x == y; */
}


syntax Correct
Validate:
[True, True, False, True, True, False, True, True, True, True]

Goal Preservation of Invariant (file output/06.c, line 19):
Let x_1 = z % 2.
Let x_2 = z_1 % 2.
Let x_3 = 2 * y.
Let x_4 = z_2 % 2.
Let x_5 = 1 + z.
Assume {
  Type: is_sint32(tmp_0_0) /\ is_sint32(w) /\ is_sint32(w_1) /\
      is_sint32(x) /\ is_sint32(y) /\ is_sint32(y_1) /\ is_sint32(z) /\
      is_sint32(z_1) /\ is_sint32(z_2) /\ is_sint32(x_5) /\ is_sint32(z - y).
  (* Invariant *)
  Have: (x_4 = 0) \/ (x_4 = 1) \/
      ((w_1 = 1) /\ (x = 0) /\ (y_1 = 0) /\ (z_2 = 0)).
  (* Invariant *)
  Have: 0 <= x.
  (* Invariant *)
  Have: 0 <= y_1.
  (* Then *)
  Have: tmp_0_0 != 0.
  (* Invariant *)
  Have: (y_1 <= x) /\ (x <= (1 + y_1)).
  (* Invariant *)
  Have: (x_4 = 0) \/ (x_4 = 1).
  (* Invariant *)
  Have: (w_1 % 2) = 1.
  (* Invariant *)
  Have: (x_3 <= z) /\ (z <= (1 + x_3)).
  (* Invariant *)
  Have: (x_2 = 0) \/ (x_2 = 1).
  (* Invariant *)
  Have: (w % 2) = 1.
  (* Invariant *)
  Have: y <= z.
  (* Invariant *)
  Have: 0 <= y.
  (* Invariant *)
  Have: (x_1 = 0) \/ (x_1 = 1) \/ ((y = 0) /\ (z = 0) /\ (z = y)).
}
Prove: ((x_5 % 2) = 1) \/ ((y = 0) /\ (z = 0) /\ (z = y)).
Prover Z3 4.8.12 returns Timeout (Qed:15ms) (3s)
Error found in file: output/06.c at line: 19
Error line content: loop invariant ((y == 0)&&(x == 0)&&(z == 0)&&(w == 1)) || (w % 2 == 1) ;

Goal Preservation of Invariant (file output/06.c, line 28):
Let x_2 = z_1 % 2.
Let x_3 = 1 + x.
Assume {
  Type: is_sint32(tmp_0) /\ is_sint32(tmp_0_0) /\ is_sint32(w) /\
      is_sint32(w_1) /\ is_sint32(x) /\ is_sint32(x_1) /\ is_sint32(y) /\
      is_sint32(y_1) /\ is_sint32(z) /\ is_sint32(z_1) /\ is_sint32(x_3).
  (* Invariant *)
  Have: (x_2 = 0) \/ (x_2 = 1) \/
      ((w_1 = 1) /\ (x_1 = 0) /\ (y_1 = 0) /\ (z_1 = 0)).
  (* Invariant *)
  Have: 0 <= x_1.
  (* Invariant *)
  Have: 0 <= y_1.
  (* Then *)
  Have: tmp_0_0 != 0.
  (* Invariant *)
  Have: (y_1 <= x_1) /\ (x_1 <= (1 + y_1)).
  (* Invariant *)
  Have: (x_2 = 0) \/ (x_2 = 1).
  (* Invariant *)
  Have: (w_1 % 2) = 1.
  (* Invariant *)
  Have: (y <= x) /\ (x <= (1 + y)).
  (* Invariant *)
  Have: (z % 2) = 1.
  (* Invariant *)
  Have: (w % 2) = 1.
  (* Invariant *)
  Have: 0 <= x.
  (* Invariant *)
  Have: 0 <= y.
  (* Then *)
  Have: tmp_0 != 0.
}
Prove: (x <= y) /\ (y <= x_3).
Prover Z3 4.8.12 returns Timeout (Qed:41ms) (3s)
Error found in file: output/06.c at line: 28
Error line content: loop invariant x >= y && x <= y + 1 ;

Verify:
[False]

Goal Assertion (file output/06.c, line 43):
Let x_1 = z % 2.
Assume {
  Type: is_sint32(w) /\ is_sint32(x) /\ is_sint32(y) /\ is_sint32(z).
  (* Invariant *)
  Have: ((w = 1) /\ (x = 0) /\ (y = 0) /\ (z = 0)) \/
      ((y <= x) /\ (x <= (1 + y))).
  (* Invariant *)
  Have: (x_1 = 0) \/ (x_1 = 1) \/ ((w = 1) /\ (x = 0) /\ (y = 0) /\ (z = 0)).
  (* Invariant *)
  Have: ((w % 2) = 1) \/ ((w = 1) /\ (x = 0) /\ (y = 0) /\ (z = 0)).
  (* Invariant *)
  Have: 0 <= x.
  (* Invariant *)
  Have: 0 <= y.
}
Prove: y = x.
Prover Z3 4.8.12 returns Timeout (Qed:5ms) (3s)
Error found in file: output/06.c at line: 43
Error line content: /*@ assert x == y; */

after hudini


int unknown1();
int unknown2();

void foo()
{
  int w = 1;
  int z = 0;
  int x = 0;
  int y = 0;

  /* >>> LOOP INVARIANT TO FILL <<< 
     >>> PRECONDITION OF THE LOOP : (y == 0) * (x == 0) * (z == 0) * (w == 1) <<< */
  
  /*@
    loop invariant ((y == 0)&&(x == 0)&&(z == 0)&&(w == 1)) || (x >= y && x <= y + 1) ;
    loop invariant ((y == 0)&&(x == 0)&&(z == 0)&&(w == 1)) || (z % 2 == 0 || z % 2 == 1) ;
    loop invariant ((y == 0)&&(x == 0)&&(z == 0)&&(w == 1)) || (w % 2 == 1) ;
    loop invariant x >= 0 ;
    loop invariant y >= 0 ;
  */
  while(unknown1()) {
    /* 
       Precondition: exists retval_40, retval_40 != 0 && retval_40 <= INT_MAX && retval_40 > INT_MIN && (y == 0) * (x == 0) * (z == 0) * (w == 1)
    */
    /*@
      loop invariant x >= y && x <= y + 1 ;
      loop invariant z % 2 == 0 || z % 2 == 1 ;
      loop invariant w % 2 == 1 ;
      loop invariant x >= 0 ;
      loop invariant y >= 0 ;
    */
    while(unknown2()){
      if(w%2 == 1) x++;
      if(z%2 == 0) y++;
    }
    
    z = x + y;
    w = z + 1;
  }

  /*@ assert x == y; */
}


syntax Correct
Validate:
[True, True, False, True, True, False, True, True, True, True]

Goal Preservation of Invariant (file output/06.c, line 19):
Let x_1 = z % 2.
Let x_2 = z_1 % 2.
Let x_3 = 2 * y.
Let x_4 = z_2 % 2.
Let x_5 = 1 + z.
Assume {
  Type: is_sint32(tmp_0_0) /\ is_sint32(w) /\ is_sint32(w_1) /\
      is_sint32(x) /\ is_sint32(y) /\ is_sint32(y_1) /\ is_sint32(z) /\
      is_sint32(z_1) /\ is_sint32(z_2) /\ is_sint32(x_5) /\ is_sint32(z - y).
  (* Invariant *)
  Have: (x_4 = 0) \/ (x_4 = 1) \/
      ((w_1 = 1) /\ (x = 0) /\ (y_1 = 0) /\ (z_2 = 0)).
  (* Invariant *)
  Have: 0 <= x.
  (* Invariant *)
  Have: 0 <= y_1.
  (* Then *)
  Have: tmp_0_0 != 0.
  (* Invariant *)
  Have: (y_1 <= x) /\ (x <= (1 + y_1)).
  (* Invariant *)
  Have: (x_4 = 0) \/ (x_4 = 1).
  (* Invariant *)
  Have: (w_1 % 2) = 1.
  (* Invariant *)
  Have: (x_3 <= z) /\ (z <= (1 + x_3)).
  (* Invariant *)
  Have: (x_2 = 0) \/ (x_2 = 1).
  (* Invariant *)
  Have: (w % 2) = 1.
  (* Invariant *)
  Have: y <= z.
  (* Invariant *)
  Have: 0 <= y.
  (* Invariant *)
  Have: (x_1 = 0) \/ (x_1 = 1) \/ ((y = 0) /\ (z = 0) /\ (z = y)).
}
Prove: ((x_5 % 2) = 1) \/ ((y = 0) /\ (z = 0) /\ (z = y)).
Prover Z3 4.8.12 returns Timeout (Qed:14ms) (3s)
Error found in file: output/06.c at line: 19
Error line content: loop invariant ((y == 0)&&(x == 0)&&(z == 0)&&(w == 1)) || (w % 2 == 1) ;

Goal Preservation of Invariant (file output/06.c, line 28):
Let x_2 = z_1 % 2.
Let x_3 = 1 + x.
Assume {
  Type: is_sint32(tmp_0) /\ is_sint32(tmp_0_0) /\ is_sint32(w) /\
      is_sint32(w_1) /\ is_sint32(x) /\ is_sint32(x_1) /\ is_sint32(y) /\
      is_sint32(y_1) /\ is_sint32(z) /\ is_sint32(z_1) /\ is_sint32(x_3).
  (* Invariant *)
  Have: (x_2 = 0) \/ (x_2 = 1) \/
      ((w_1 = 1) /\ (x_1 = 0) /\ (y_1 = 0) /\ (z_1 = 0)).
  (* Invariant *)
  Have: 0 <= x_1.
  (* Invariant *)
  Have: 0 <= y_1.
  (* Then *)
  Have: tmp_0_0 != 0.
  (* Invariant *)
  Have: (y_1 <= x_1) /\ (x_1 <= (1 + y_1)).
  (* Invariant *)
  Have: (x_2 = 0) \/ (x_2 = 1).
  (* Invariant *)
  Have: (w_1 % 2) = 1.
  (* Invariant *)
  Have: (y <= x) /\ (x <= (1 + y)).
  (* Invariant *)
  Have: (z % 2) = 1.
  (* Invariant *)
  Have: (w % 2) = 1.
  (* Invariant *)
  Have: 0 <= x.
  (* Invariant *)
  Have: 0 <= y.
  (* Then *)
  Have: tmp_0 != 0.
}
Prove: (x <= y) /\ (y <= x_3).
Prover Z3 4.8.12 returns Timeout (Qed:43ms) (3s)
Error found in file: output/06.c at line: 28
Error line content: loop invariant x >= y && x <= y + 1 ;

Verify:
[False]

Goal Assertion (file output/06.c, line 43):
Let x_1 = z % 2.
Assume {
  Type: is_sint32(w) /\ is_sint32(x) /\ is_sint32(y) /\ is_sint32(z).
  (* Invariant *)
  Have: ((w = 1) /\ (x = 0) /\ (y = 0) /\ (z = 0)) \/
      ((y <= x) /\ (x <= (1 + y))).
  (* Invariant *)
  Have: (x_1 = 0) \/ (x_1 = 1) \/ ((w = 1) /\ (x = 0) /\ (y = 0) /\ (z = 0)).
  (* Invariant *)
  Have: ((w % 2) = 1) \/ ((w = 1) /\ (x = 0) /\ (y = 0) /\ (z = 0)).
  (* Invariant *)
  Have: 0 <= x.
  (* Invariant *)
  Have: 0 <= y.
}
Prove: y = x.
Prover Z3 4.8.12 returns Timeout (Qed:5ms) (3s)
Error found in file: output/06.c at line: 43
Error line content: /*@ assert x == y; */

after hudini


int unknown1();
int unknown2();

void foo()
{
  int w = 1;
  int z = 0;
  int x = 0;
  int y = 0;

  /* >>> LOOP INVARIANT TO FILL <<< 
     >>> PRECONDITION OF THE LOOP : (y == 0) * (x == 0) * (z == 0) * (w == 1) <<< */
  
  /*@
    loop invariant ((y == 0)&&(x == 0)&&(z == 0)&&(w == 1)) || (x >= y && x <= y + 1) ;
    loop invariant ((y == 0)&&(x == 0)&&(z == 0)&&(w == 1)) || (z % 2 == 0 || z % 2 == 1) ;
    loop invariant ((y == 0)&&(x == 0)&&(z == 0)&&(w == 1)) || (w % 2 == 1) ;
    loop invariant x >= 0 ;
    loop invariant y >= 0 ;
  */
  while(unknown1()) {
    /* 
       Precondition: exists retval_40, retval_40 != 0 && retval_40 <= INT_MAX && retval_40 > INT_MIN && (y == 0) * (x == 0) * (z == 0) * (w == 1)
    */
    /*@
      loop invariant x >= y && x <= y + 1 ;
      loop invariant z % 2 == 0 || z % 2 == 1 ;
      loop invariant w % 2 == 1 ;
      loop invariant x >= 0 ;
      loop invariant y >= 0 ;
    */
    while(unknown2()){
      if(w%2 == 1) x++;
      if(z%2 == 0) y++;
    }
    
    z = x + y;
    w = z + 1;
  }

  /*@ assert x == y; */
}


syntax Correct
Validate:
[True, True, False, True, True, False, True, True, True, True]

Goal Preservation of Invariant (file output/06.c, line 19):
Let x_1 = z % 2.
Let x_2 = z_1 % 2.
Let x_3 = 2 * y.
Let x_4 = z_2 % 2.
Let x_5 = 1 + z.
Assume {
  Type: is_sint32(tmp_0_0) /\ is_sint32(w) /\ is_sint32(w_1) /\
      is_sint32(x) /\ is_sint32(y) /\ is_sint32(y_1) /\ is_sint32(z) /\
      is_sint32(z_1) /\ is_sint32(z_2) /\ is_sint32(x_5) /\ is_sint32(z - y).
  (* Invariant *)
  Have: (x_4 = 0) \/ (x_4 = 1) \/
      ((w_1 = 1) /\ (x = 0) /\ (y_1 = 0) /\ (z_2 = 0)).
  (* Invariant *)
  Have: 0 <= x.
  (* Invariant *)
  Have: 0 <= y_1.
  (* Then *)
  Have: tmp_0_0 != 0.
  (* Invariant *)
  Have: (y_1 <= x) /\ (x <= (1 + y_1)).
  (* Invariant *)
  Have: (x_4 = 0) \/ (x_4 = 1).
  (* Invariant *)
  Have: (w_1 % 2) = 1.
  (* Invariant *)
  Have: (x_3 <= z) /\ (z <= (1 + x_3)).
  (* Invariant *)
  Have: (x_2 = 0) \/ (x_2 = 1).
  (* Invariant *)
  Have: (w % 2) = 1.
  (* Invariant *)
  Have: y <= z.
  (* Invariant *)
  Have: 0 <= y.
  (* Invariant *)
  Have: (x_1 = 0) \/ (x_1 = 1) \/ ((y = 0) /\ (z = 0) /\ (z = y)).
}
Prove: ((x_5 % 2) = 1) \/ ((y = 0) /\ (z = 0) /\ (z = y)).
Prover Z3 4.8.12 returns Timeout (Qed:15ms) (3s)
Error found in file: output/06.c at line: 19
Error line content: loop invariant ((y == 0)&&(x == 0)&&(z == 0)&&(w == 1)) || (w % 2 == 1) ;

Goal Preservation of Invariant (file output/06.c, line 28):
Let x_2 = z_1 % 2.
Let x_3 = 1 + x.
Assume {
  Type: is_sint32(tmp_0) /\ is_sint32(tmp_0_0) /\ is_sint32(w) /\
      is_sint32(w_1) /\ is_sint32(x) /\ is_sint32(x_1) /\ is_sint32(y) /\
      is_sint32(y_1) /\ is_sint32(z) /\ is_sint32(z_1) /\ is_sint32(x_3).
  (* Invariant *)
  Have: (x_2 = 0) \/ (x_2 = 1) \/
      ((w_1 = 1) /\ (x_1 = 0) /\ (y_1 = 0) /\ (z_1 = 0)).
  (* Invariant *)
  Have: 0 <= x_1.
  (* Invariant *)
  Have: 0 <= y_1.
  (* Then *)
  Have: tmp_0_0 != 0.
  (* Invariant *)
  Have: (y_1 <= x_1) /\ (x_1 <= (1 + y_1)).
  (* Invariant *)
  Have: (x_2 = 0) \/ (x_2 = 1).
  (* Invariant *)
  Have: (w_1 % 2) = 1.
  (* Invariant *)
  Have: (y <= x) /\ (x <= (1 + y)).
  (* Invariant *)
  Have: (z % 2) = 1.
  (* Invariant *)
  Have: (w % 2) = 1.
  (* Invariant *)
  Have: 0 <= x.
  (* Invariant *)
  Have: 0 <= y.
  (* Then *)
  Have: tmp_0 != 0.
}
Prove: (x <= y) /\ (y <= x_3).
Prover Z3 4.8.12 returns Timeout (Qed:40ms) (3s)
Error found in file: output/06.c at line: 28
Error line content: loop invariant x >= y && x <= y + 1 ;

Verify:
[False]

Goal Assertion (file output/06.c, line 43):
Let x_1 = z % 2.
Assume {
  Type: is_sint32(w) /\ is_sint32(x) /\ is_sint32(y) /\ is_sint32(z).
  (* Invariant *)
  Have: ((w = 1) /\ (x = 0) /\ (y = 0) /\ (z = 0)) \/
      ((y <= x) /\ (x <= (1 + y))).
  (* Invariant *)
  Have: (x_1 = 0) \/ (x_1 = 1) \/ ((w = 1) /\ (x = 0) /\ (y = 0) /\ (z = 0)).
  (* Invariant *)
  Have: ((w % 2) = 1) \/ ((w = 1) /\ (x = 0) /\ (y = 0) /\ (z = 0)).
  (* Invariant *)
  Have: 0 <= x.
  (* Invariant *)
  Have: 0 <= y.
}
Prove: y = x.
Prover Z3 4.8.12 returns Timeout (Qed:5ms) (3s)
Error found in file: output/06.c at line: 43
Error line content: /*@ assert x == y; */

after hudini


int unknown1();
int unknown2();

void foo()
{
  int w = 1;
  int z = 0;
  int x = 0;
  int y = 0;

  /* >>> LOOP INVARIANT TO FILL <<< 
     >>> PRECONDITION OF THE LOOP : (y == 0) * (x == 0) * (z == 0) * (w == 1) <<< */
  
  /*@
    loop invariant ((y == 0)&&(x == 0)&&(z == 0)&&(w == 1)) || (x >= y && x <= y + 1) ;
    loop invariant ((y == 0)&&(x == 0)&&(z == 0)&&(w == 1)) || (z % 2 == 0 || z % 2 == 1) ;
    loop invariant ((y == 0)&&(x == 0)&&(z == 0)&&(w == 1)) || (w % 2 == 1) ;
    loop invariant x >= 0 ;
    loop invariant y >= 0 ;
  */
  while(unknown1()) {
    /* 
       Precondition: exists retval_40, retval_40 != 0 && retval_40 <= INT_MAX && retval_40 > INT_MIN && (y == 0) * (x == 0) * (z == 0) * (w == 1)
    */
    /*@
      loop invariant x >= y && x <= y + 1 ;
      loop invariant z % 2 == 0 || z % 2 == 1 ;
      loop invariant w % 2 == 1 ;
      loop invariant x >= 0 ;
      loop invariant y >= 0 ;
    */
    while(unknown2()){
      if(w%2 == 1) x++;
      if(z%2 == 0) y++;
    }
    
    z = x + y;
    w = z + 1;
  }

  /*@ assert x == y; */
}


syntax Correct
Validate:
[True, True, False, True, True, False, True, True, True, True]

Goal Preservation of Invariant (file output/06.c, line 19):
Let x_1 = z % 2.
Let x_2 = z_1 % 2.
Let x_3 = 2 * y.
Let x_4 = z_2 % 2.
Let x_5 = 1 + z.
Assume {
  Type: is_sint32(tmp_0_0) /\ is_sint32(w) /\ is_sint32(w_1) /\
      is_sint32(x) /\ is_sint32(y) /\ is_sint32(y_1) /\ is_sint32(z) /\
      is_sint32(z_1) /\ is_sint32(z_2) /\ is_sint32(x_5) /\ is_sint32(z - y).
  (* Invariant *)
  Have: (x_4 = 0) \/ (x_4 = 1) \/
      ((w_1 = 1) /\ (x = 0) /\ (y_1 = 0) /\ (z_2 = 0)).
  (* Invariant *)
  Have: 0 <= x.
  (* Invariant *)
  Have: 0 <= y_1.
  (* Then *)
  Have: tmp_0_0 != 0.
  (* Invariant *)
  Have: (y_1 <= x) /\ (x <= (1 + y_1)).
  (* Invariant *)
  Have: (x_4 = 0) \/ (x_4 = 1).
  (* Invariant *)
  Have: (w_1 % 2) = 1.
  (* Invariant *)
  Have: (x_3 <= z) /\ (z <= (1 + x_3)).
  (* Invariant *)
  Have: (x_2 = 0) \/ (x_2 = 1).
  (* Invariant *)
  Have: (w % 2) = 1.
  (* Invariant *)
  Have: y <= z.
  (* Invariant *)
  Have: 0 <= y.
  (* Invariant *)
  Have: (x_1 = 0) \/ (x_1 = 1) \/ ((y = 0) /\ (z = 0) /\ (z = y)).
}
Prove: ((x_5 % 2) = 1) \/ ((y = 0) /\ (z = 0) /\ (z = y)).
Prover Z3 4.8.12 returns Timeout (Qed:15ms) (3s)
Error found in file: output/06.c at line: 19
Error line content: loop invariant ((y == 0)&&(x == 0)&&(z == 0)&&(w == 1)) || (w % 2 == 1) ;

Goal Preservation of Invariant (file output/06.c, line 28):
Let x_2 = z_1 % 2.
Let x_3 = 1 + x.
Assume {
  Type: is_sint32(tmp_0) /\ is_sint32(tmp_0_0) /\ is_sint32(w) /\
      is_sint32(w_1) /\ is_sint32(x) /\ is_sint32(x_1) /\ is_sint32(y) /\
      is_sint32(y_1) /\ is_sint32(z) /\ is_sint32(z_1) /\ is_sint32(x_3).
  (* Invariant *)
  Have: (x_2 = 0) \/ (x_2 = 1) \/
      ((w_1 = 1) /\ (x_1 = 0) /\ (y_1 = 0) /\ (z_1 = 0)).
  (* Invariant *)
  Have: 0 <= x_1.
  (* Invariant *)
  Have: 0 <= y_1.
  (* Then *)
  Have: tmp_0_0 != 0.
  (* Invariant *)
  Have: (y_1 <= x_1) /\ (x_1 <= (1 + y_1)).
  (* Invariant *)
  Have: (x_2 = 0) \/ (x_2 = 1).
  (* Invariant *)
  Have: (w_1 % 2) = 1.
  (* Invariant *)
  Have: (y <= x) /\ (x <= (1 + y)).
  (* Invariant *)
  Have: (z % 2) = 1.
  (* Invariant *)
  Have: (w % 2) = 1.
  (* Invariant *)
  Have: 0 <= x.
  (* Invariant *)
  Have: 0 <= y.
  (* Then *)
  Have: tmp_0 != 0.
}
Prove: (x <= y) /\ (y <= x_3).
Prover Z3 4.8.12 returns Timeout (Qed:39ms) (3s)
Error found in file: output/06.c at line: 28
Error line content: loop invariant x >= y && x <= y + 1 ;

Verify:
[False]

Goal Assertion (file output/06.c, line 43):
Let x_1 = z % 2.
Assume {
  Type: is_sint32(w) /\ is_sint32(x) /\ is_sint32(y) /\ is_sint32(z).
  (* Invariant *)
  Have: ((w = 1) /\ (x = 0) /\ (y = 0) /\ (z = 0)) \/
      ((y <= x) /\ (x <= (1 + y))).
  (* Invariant *)
  Have: (x_1 = 0) \/ (x_1 = 1) \/ ((w = 1) /\ (x = 0) /\ (y = 0) /\ (z = 0)).
  (* Invariant *)
  Have: ((w % 2) = 1) \/ ((w = 1) /\ (x = 0) /\ (y = 0) /\ (z = 0)).
  (* Invariant *)
  Have: 0 <= x.
  (* Invariant *)
  Have: 0 <= y.
}
Prove: y = x.
Prover Z3 4.8.12 returns Timeout (Qed:5ms) (3s)
Error found in file: output/06.c at line: 43
Error line content: /*@ assert x == y; */

after hudini


int unknown1();
int unknown2();

void foo()
{
  int w = 1;
  int z = 0;
  int x = 0;
  int y = 0;

  /* >>> LOOP INVARIANT TO FILL <<< 
     >>> PRECONDITION OF THE LOOP : (y == 0) * (x == 0) * (z == 0) * (w == 1) <<< */
  
  /*@
    loop invariant ((y == 0)&&(x == 0)&&(z == 0)&&(w == 1)) || (x >= y && x <= y + 1) ;
    loop invariant ((y == 0)&&(x == 0)&&(z == 0)&&(w == 1)) || (z % 2 == 0 || z % 2 == 1) ;
    loop invariant ((y == 0)&&(x == 0)&&(z == 0)&&(w == 1)) || (w % 2 == 1) ;
    loop invariant x >= 0 ;
    loop invariant y >= 0 ;
  */
  while(unknown1()) {
    /* 
       Precondition: exists retval_40, retval_40 != 0 && retval_40 <= INT_MAX && retval_40 > INT_MIN && (y == 0) * (x == 0) * (z == 0) * (w == 1)
    */
    /*@
      loop invariant x >= y && x <= y + 1 ;
      loop invariant z % 2 == 0 || z % 2 == 1 ;
      loop invariant w % 2 == 1 ;
      loop invariant x >= 0 ;
      loop invariant y >= 0 ;
    */
    while(unknown2()){
      if(w%2 == 1) x++;
      if(z%2 == 0) y++;
    }
    
    z = x + y;
    w = z + 1;
  }

  /*@ assert x == y; */
}


syntax Correct
Validate:
[True, True, False, True, True, False, True, True, True, True]

Goal Preservation of Invariant (file output/06.c, line 19):
Let x_1 = z % 2.
Let x_2 = z_1 % 2.
Let x_3 = 2 * y.
Let x_4 = z_2 % 2.
Let x_5 = 1 + z.
Assume {
  Type: is_sint32(tmp_0_0) /\ is_sint32(w) /\ is_sint32(w_1) /\
      is_sint32(x) /\ is_sint32(y) /\ is_sint32(y_1) /\ is_sint32(z) /\
      is_sint32(z_1) /\ is_sint32(z_2) /\ is_sint32(x_5) /\ is_sint32(z - y).
  (* Invariant *)
  Have: (x_4 = 0) \/ (x_4 = 1) \/
      ((w_1 = 1) /\ (x = 0) /\ (y_1 = 0) /\ (z_2 = 0)).
  (* Invariant *)
  Have: 0 <= x.
  (* Invariant *)
  Have: 0 <= y_1.
  (* Then *)
  Have: tmp_0_0 != 0.
  (* Invariant *)
  Have: (y_1 <= x) /\ (x <= (1 + y_1)).
  (* Invariant *)
  Have: (x_4 = 0) \/ (x_4 = 1).
  (* Invariant *)
  Have: (w_1 % 2) = 1.
  (* Invariant *)
  Have: (x_3 <= z) /\ (z <= (1 + x_3)).
  (* Invariant *)
  Have: (x_2 = 0) \/ (x_2 = 1).
  (* Invariant *)
  Have: (w % 2) = 1.
  (* Invariant *)
  Have: y <= z.
  (* Invariant *)
  Have: 0 <= y.
  (* Invariant *)
  Have: (x_1 = 0) \/ (x_1 = 1) \/ ((y = 0) /\ (z = 0) /\ (z = y)).
}
Prove: ((x_5 % 2) = 1) \/ ((y = 0) /\ (z = 0) /\ (z = y)).
Prover Z3 4.8.12 returns Timeout (Qed:15ms) (3s)
Error found in file: output/06.c at line: 19
Error line content: loop invariant ((y == 0)&&(x == 0)&&(z == 0)&&(w == 1)) || (w % 2 == 1) ;

Goal Preservation of Invariant (file output/06.c, line 28):
Let x_2 = z_1 % 2.
Let x_3 = 1 + x.
Assume {
  Type: is_sint32(tmp_0) /\ is_sint32(tmp_0_0) /\ is_sint32(w) /\
      is_sint32(w_1) /\ is_sint32(x) /\ is_sint32(x_1) /\ is_sint32(y) /\
      is_sint32(y_1) /\ is_sint32(z) /\ is_sint32(z_1) /\ is_sint32(x_3).
  (* Invariant *)
  Have: (x_2 = 0) \/ (x_2 = 1) \/
      ((w_1 = 1) /\ (x_1 = 0) /\ (y_1 = 0) /\ (z_1 = 0)).
  (* Invariant *)
  Have: 0 <= x_1.
  (* Invariant *)
  Have: 0 <= y_1.
  (* Then *)
  Have: tmp_0_0 != 0.
  (* Invariant *)
  Have: (y_1 <= x_1) /\ (x_1 <= (1 + y_1)).
  (* Invariant *)
  Have: (x_2 = 0) \/ (x_2 = 1).
  (* Invariant *)
  Have: (w_1 % 2) = 1.
  (* Invariant *)
  Have: (y <= x) /\ (x <= (1 + y)).
  (* Invariant *)
  Have: (z % 2) = 1.
  (* Invariant *)
  Have: (w % 2) = 1.
  (* Invariant *)
  Have: 0 <= x.
  (* Invariant *)
  Have: 0 <= y.
  (* Then *)
  Have: tmp_0 != 0.
}
Prove: (x <= y) /\ (y <= x_3).
Prover Z3 4.8.12 returns Timeout (Qed:39ms) (3s)
Error found in file: output/06.c at line: 28
Error line content: loop invariant x >= y && x <= y + 1 ;

Verify:
[False]

Goal Assertion (file output/06.c, line 43):
Let x_1 = z % 2.
Assume {
  Type: is_sint32(w) /\ is_sint32(x) /\ is_sint32(y) /\ is_sint32(z).
  (* Invariant *)
  Have: ((w = 1) /\ (x = 0) /\ (y = 0) /\ (z = 0)) \/
      ((y <= x) /\ (x <= (1 + y))).
  (* Invariant *)
  Have: (x_1 = 0) \/ (x_1 = 1) \/ ((w = 1) /\ (x = 0) /\ (y = 0) /\ (z = 0)).
  (* Invariant *)
  Have: ((w % 2) = 1) \/ ((w = 1) /\ (x = 0) /\ (y = 0) /\ (z = 0)).
  (* Invariant *)
  Have: 0 <= x.
  (* Invariant *)
  Have: 0 <= y.
}
Prove: y = x.
Prover Z3 4.8.12 returns Timeout (Qed:5ms) (3s)
Error found in file: output/06.c at line: 43
Error line content: /*@ assert x == y; */

syntax Correct
Validate:
[True, True, False, True, True, False, True, True, True, True]

Goal Preservation of Invariant (file output/06.c, line 19):
Let x_1 = z % 2.
Let x_2 = z_1 % 2.
Let x_3 = 2 * y.
Let x_4 = z_2 % 2.
Let x_5 = 1 + z.
Assume {
  Type: is_sint32(tmp_0_0) /\ is_sint32(w) /\ is_sint32(w_1) /\
      is_sint32(x) /\ is_sint32(y) /\ is_sint32(y_1) /\ is_sint32(z) /\
      is_sint32(z_1) /\ is_sint32(z_2) /\ is_sint32(x_5) /\ is_sint32(z - y).
  (* Invariant *)
  Have: (x_4 = 0) \/ (x_4 = 1) \/
      ((w_1 = 1) /\ (x = 0) /\ (y_1 = 0) /\ (z_2 = 0)).
  (* Invariant *)
  Have: 0 <= x.
  (* Invariant *)
  Have: 0 <= y_1.
  (* Then *)
  Have: tmp_0_0 != 0.
  (* Invariant *)
  Have: (y_1 <= x) /\ (x <= (1 + y_1)).
  (* Invariant *)
  Have: (x_4 = 0) \/ (x_4 = 1).
  (* Invariant *)
  Have: (w_1 % 2) = 1.
  (* Invariant *)
  Have: (x_3 <= z) /\ (z <= (1 + x_3)).
  (* Invariant *)
  Have: (x_2 = 0) \/ (x_2 = 1).
  (* Invariant *)
  Have: (w % 2) = 1.
  (* Invariant *)
  Have: y <= z.
  (* Invariant *)
  Have: 0 <= y.
  (* Invariant *)
  Have: (x_1 = 0) \/ (x_1 = 1) \/ ((y = 0) /\ (z = 0) /\ (z = y)).
}
Prove: ((x_5 % 2) = 1) \/ ((y = 0) /\ (z = 0) /\ (z = y)).
Prover Z3 4.8.12 returns Timeout (Qed:15ms) (3s)
Error found in file: output/06.c at line: 19
Error line content: loop invariant ((y == 0)&&(x == 0)&&(z == 0)&&(w == 1)) || (w % 2 == 1) ;

Goal Preservation of Invariant (file output/06.c, line 28):
Let x_2 = z_1 % 2.
Let x_3 = 1 + x.
Assume {
  Type: is_sint32(tmp_0) /\ is_sint32(tmp_0_0) /\ is_sint32(w) /\
      is_sint32(w_1) /\ is_sint32(x) /\ is_sint32(x_1) /\ is_sint32(y) /\
      is_sint32(y_1) /\ is_sint32(z) /\ is_sint32(z_1) /\ is_sint32(x_3).
  (* Invariant *)
  Have: (x_2 = 0) \/ (x_2 = 1) \/
      ((w_1 = 1) /\ (x_1 = 0) /\ (y_1 = 0) /\ (z_1 = 0)).
  (* Invariant *)
  Have: 0 <= x_1.
  (* Invariant *)
  Have: 0 <= y_1.
  (* Then *)
  Have: tmp_0_0 != 0.
  (* Invariant *)
  Have: (y_1 <= x_1) /\ (x_1 <= (1 + y_1)).
  (* Invariant *)
  Have: (x_2 = 0) \/ (x_2 = 1).
  (* Invariant *)
  Have: (w_1 % 2) = 1.
  (* Invariant *)
  Have: (y <= x) /\ (x <= (1 + y)).
  (* Invariant *)
  Have: (z % 2) = 1.
  (* Invariant *)
  Have: (w % 2) = 1.
  (* Invariant *)
  Have: 0 <= x.
  (* Invariant *)
  Have: 0 <= y.
  (* Then *)
  Have: tmp_0 != 0.
}
Prove: (x <= y) /\ (y <= x_3).
Prover Z3 4.8.12 returns Timeout (Qed:41ms) (3s)
Error found in file: output/06.c at line: 28
Error line content: loop invariant x >= y && x <= y + 1 ;

Verify:
[False]

Goal Assertion (file output/06.c, line 43):
Let x_1 = z % 2.
Assume {
  Type: is_sint32(w) /\ is_sint32(x) /\ is_sint32(y) /\ is_sint32(z).
  (* Invariant *)
  Have: ((w = 1) /\ (x = 0) /\ (y = 0) /\ (z = 0)) \/
      ((y <= x) /\ (x <= (1 + y))).
  (* Invariant *)
  Have: (x_1 = 0) \/ (x_1 = 1) \/ ((w = 1) /\ (x = 0) /\ (y = 0) /\ (z = 0)).
  (* Invariant *)
  Have: ((w % 2) = 1) \/ ((w = 1) /\ (x = 0) /\ (y = 0) /\ (z = 0)).
  (* Invariant *)
  Have: 0 <= x.
  (* Invariant *)
  Have: 0 <= y.
}
Prove: y = x.
Prover Z3 4.8.12 returns Timeout (Qed:5ms) (3s)
Error found in file: output/06.c at line: 43
Error line content: /*@ assert x == y; */

[(293, 427, 0), (321, 393, 1)]
[(293, 427, 0), (321, 393, 1)]
[(293, 427, 0), (321, 393, 1)]
[(293, 427, 0), (321, 393, 1)]
Loop 1 : Inner
Loop 0 : Outer
Sorted indices: [1, 0]
File found: ../sac_c_parser/test/../ip_postcond/goal/06_goal.v. Deleting the file.
File found: ../sac_c_parser/test/../ip_postcond/goal/06_proof_auto.v. Deleting the file.
File found: ../sac_c_parser/test/../ip_postcond/goal/06_proof_manual.v. Deleting the file.
LoopEntry_0:
(y == 0) * (x == 0) * (z == 0) * (w == 1)
LoopEntry_1:
exists retval_40, retval_40 != 0 && retval_40 <= INT_MAX && retval_40 > INT_MIN && (y == 0) * (x == 0) * (z == 0) * (w == 1)

Successfully generated loop/06.json
INNER_FLAG: True
Variable Maps: [{'y': '0', 'x': '0', 'z': '0', 'w': '1'}]
Path conditions: [None]
Pre condition: exists retval_40, retval_40 != 0 && retval_40 <= INT_MAX && retval_40 > INT_MIN && (y == 0) * (x == 0) * (z == 0) * (w == 1)
Loop Condition: unknown2()
Updated Loop Conditions: ['unknown2()']
Global Unchanged Variables ['z', 'w']
Non Inductive Variables []
[{'y': '0', 'x': '0', 'z': '0', 'w': '1'}]
[None]

int unknown1();
int unknown2();

void foo()
{
  int w = 1;
  int z = 0;
  int x = 0;
  int y = 0;

  
  while(unknown1()) {
	  
    
            
    /* >>> LOOP INVARIANT TO FILL <<< 
       >>> PRECONDITION OF THE LOOP : exists retval_40, retval_40 != 0 && retval_40 <= INT_MAX && retval_40 > INT_MIN && (y == 0) * (x == 0) * (z == 0) * (w == 1) <<< */
    
            /*@
          loop invariant PLACE_HOLDER_w ;
          loop invariant PLACE_HOLDER_z ;
          loop invariant PLACE_HOLDER_x ;
          loop invariant PLACE_HOLDER_y ;
            */
            while(unknown2()){
      if(w%2 == 1) x++;
      if(z%2 == 0) y++;
    }
            
    z = x + y;
    w = z + 1;
  }

   /*@ assert x == y; */
}

To address the problem, we'll analyze the given C loop program and determine the appropriate loop invariants to fill in the placeholders. Let's go through the required steps:

### a. Purpose and Structure of the Loop:
The program aims to execute two nested loops. The outer loop continues as long as `unknown1()` evaluates to true, and within it, an inner loop executes as long as `unknown2()` is true. The inner loop modifies `x` and `y` based on the parity of `w` and `z`. After the inner loop, `z` is updated to `x + y`, and `w` to `z + 1`. The objective is to reach a state where the assertion `x == y` holds at the end.

### b. Discussion of the Loop Invariant:
The loop invariants should capture the relationships between `w`, `z`, `x`, and `y` that hold before and after each iteration of the outer loop. The invariants will reflect that `x` and `y` are incremented in the inner loop based on conditions related to `w` and `z`, and the relationship between `x`, `y`, `z`, and `w` when updated.

### c. Establishment:
Initially, the pre-condition states `(y == 0) * (x == 0) * (z == 0) * (w == 1)`, which directly satisfies the loop invariants because they will initially describe the relationships and initial values of `w`, `z`, `x`, and `y`.

### d. Preservation:
The invariants must hold true through each iteration of the inner and outer loops. The changes to `x`, `y`, `z`, and `w` must maintain the relationships described by the invariants.

### e. Termination Analysis of the Loop:
When the loop terminates, `unknown1()` becomes false. The invariants ensure that the relationship between `x` and `y` is preserved, which is crucial for the post-condition `x == y` to hold.

### f. Correctness of the Post-condition:
The post-condition `x == y` is verified using the invariants. At each outer loop iteration, the relationship between `x` and `y` is such that they are incremented equally through the inner loop logic. Thus, when the loop stops, `x` and `y` will be equal.

### g. Implication of the Pre-condition:
The pre-condition initializes values that establish the loop invariants. Specifically, they set the base cases for the relationships described by the invariants.

Now, let's provide the completed C code with the filled-in invariants:

```c
int unknown1();
int unknown2();

void foo()
{
  int w = 1;
  int z = 0;
  int x = 0;
  int y = 0;
  
  while(unknown1()) {
    /*@
      loop invariant w >= 1;
      loop invariant z == x + y;
      loop invariant x >= 0;
      loop invariant y >= 0;
    */
    while(unknown2()) {
      if(w % 2 == 1) x++;
      if(z % 2 == 0) y++;
    }
            
    z = x + y;
    w = z + 1;
  }

  /*@ assert x == y; */
}
```

The placeholders have been filled with invariants that reflect the conditions necessary to maintain the relationships between the variables used in the loop, ensuring the post-condition can be verified.

int unknown1();
int unknown2();

void foo()
{
  int w = 1;
  int z = 0;
  int x = 0;
  int y = 0;
  
  while(unknown1()) {
    /*@
      loop invariant w >= 1;
      loop invariant z == x + y;
      loop invariant x >= 0;
      loop invariant y >= 0;
    */
    while(unknown2()) {
      if(w % 2 == 1) x++;
      if(z % 2 == 0) y++;
    }
            
    z = x + y;
    w = z + 1;
  }

  /*@ assert x == y; */
}


int unknown1();
int unknown2();

void foo()
{
  int w = 1;
  int z = 0;
  int x = 0;
  int y = 0;
  
  while(unknown1()) {
    /*@
      loop invariant w >= 1;
      loop invariant z == x + y;
      loop invariant x >= 0;
      loop invariant y >= 0;
    */
    while(unknown2()) {
      if(w % 2 == 1) x++;
      if(z % 2 == 0) y++;
    }
            
    z = x + y;
    w = z + 1;
  }

  /*@ assert x == y; */
}

INNER_FLAG: False
Variable Maps: [{'y': '0', 'x': '0', 'z': '0', 'w': '1'}]
Path conditions: [None]
Pre condition: (y == 0) * (x == 0) * (z == 0) * (w == 1)
Loop Condition: unknown1()
Updated Loop Conditions: ['unknown1()']
Global Unchanged Variables []
Non Inductive Variables ['z', 'w']
[{'y': '0', 'x': '0', 'z': '0', 'w': '1'}]
[None]

            
    /* >>> LOOP INVARIANT TO FILL <<< 
       >>> PRECONDITION OF THE LOOP : (y == 0) * (x == 0) * (z == 0) * (w == 1) <<< */
    
            /*@
            */
            while(unknown1()) {
    /*@
      loop invariant w >= 1;
      loop invariant z == x + y;
      loop invariant x >= 0;
      loop invariant y >= 0;
    */
    while(unknown2()) {
      if(w % 2 == 1) x++;
      if(z % 2 == 0) y++;
    }
            
    z = x + y;
    w = z + 1;
  }
            

            
    /* >>> LOOP INVARIANT TO FILL <<< 
       >>> PRECONDITION OF THE LOOP : (y == 0) * (x == 0) * (z == 0) * (w == 1) <<< */
    
            /*@
          loop invariant  ((y == 0)&&(x == 0)&&(z == 0)&&(w == 1)) || (PLACE_HOLDER_w) ;
          loop invariant  ((y == 0)&&(x == 0)&&(z == 0)&&(w == 1)) || (PLACE_HOLDER_z) ;
          loop invariant  ((y == 0)&&(x == 0)&&(z == 0)&&(w == 1)) || (PLACE_HOLDER_x) ;
          loop invariant  ((y == 0)&&(x == 0)&&(z == 0)&&(w == 1)) || (PLACE_HOLDER_y) ;
            */
            while(unknown1()) {
    /*@
      loop invariant w >= 1;
      loop invariant z == x + y;
      loop invariant x >= 0;
      loop invariant y >= 0;
    */
    while(unknown2()) {
      if(w % 2 == 1) x++;
      if(z % 2 == 0) y++;
    }
            
    z = x + y;
    w = z + 1;
  }
            

int unknown1();
int unknown2();

void foo()
{
  int w = 1;
  int z = 0;
  int x = 0;
  int y = 0;
  
  
            
    /* >>> LOOP INVARIANT TO FILL <<< 
       >>> PRECONDITION OF THE LOOP : (y == 0) * (x == 0) * (z == 0) * (w == 1) <<< */
    
            /*@
          loop invariant  ((y == 0)&&(x == 0)&&(z == 0)&&(w == 1)) || (PLACE_HOLDER_w) ;
          loop invariant  ((y == 0)&&(x == 0)&&(z == 0)&&(w == 1)) || (PLACE_HOLDER_z) ;
          loop invariant  ((y == 0)&&(x == 0)&&(z == 0)&&(w == 1)) || (PLACE_HOLDER_x) ;
          loop invariant  ((y == 0)&&(x == 0)&&(z == 0)&&(w == 1)) || (PLACE_HOLDER_y) ;
            */
            while(unknown1()) {
    /*@
      loop invariant w >= 1;
      loop invariant z == x + y;
      loop invariant x >= 0;
      loop invariant y >= 0;
    */
    while(unknown2()) {
      if(w % 2 == 1) x++;
      if(z % 2 == 0) y++;
    }
            
    z = x + y;
    w = z + 1;
  }
            

  /*@ assert x == y; */
}

Certainly! Below is the C loop program with the placeholders filled in for the loop invariants using ACSL annotations:

```c
int unknown1();
int unknown2();

void foo()
{
  int w = 1;
  int z = 0;
  int x = 0;
  int y = 0;

  /* >>> LOOP INVARIANT TO FILL <<< 
     >>> PRECONDITION OF THE LOOP : (y == 0) * (x == 0) * (z == 0) * (w == 1) <<< */

  /*@
    loop invariant ((y == 0)&&(x == 0)&&(z == 0)&&(w == 1)) || (w >= 1 && w == z + 1);
    loop invariant ((y == 0)&&(x == 0)&&(z == 0)&&(w == 1)) || (z == x + y);
    loop invariant ((y == 0)&&(x == 0)&&(z == 0)&&(w == 1)) || (x >= 0);
    loop invariant ((y == 0)&&(x == 0)&&(z == 0)&&(w == 1)) || (y >= 0);
  */
  while(unknown1()) {
    /*@
      loop invariant w >= 1;
      loop invariant z == x + y;
      loop invariant x >= 0;
      loop invariant y >= 0;
    */
    while(unknown2()) {
      if(w % 2 == 1) x++;
      if(z % 2 == 0) y++;
    }
            
    z = x + y;
    w = z + 1;
  }

  /*@ assert x == y; */
}
```

These invariants help ensure that the key properties are maintained throughout the execution of the loop, allowing Frama-C to verify the post-condition.

int unknown1();
int unknown2();

void foo()
{
  int w = 1;
  int z = 0;
  int x = 0;
  int y = 0;

  /* >>> LOOP INVARIANT TO FILL <<< 
     >>> PRECONDITION OF THE LOOP : (y == 0) * (x == 0) * (z == 0) * (w == 1) <<< */

  /*@
    loop invariant ((y == 0)&&(x == 0)&&(z == 0)&&(w == 1)) || (w >= 1 && w == z + 1);
    loop invariant ((y == 0)&&(x == 0)&&(z == 0)&&(w == 1)) || (z == x + y);
    loop invariant ((y == 0)&&(x == 0)&&(z == 0)&&(w == 1)) || (x >= 0);
    loop invariant ((y == 0)&&(x == 0)&&(z == 0)&&(w == 1)) || (y >= 0);
  */
  while(unknown1()) {
    /*@
      loop invariant w >= 1;
      loop invariant z == x + y;
      loop invariant x >= 0;
      loop invariant y >= 0;
    */
    while(unknown2()) {
      if(w % 2 == 1) x++;
      if(z % 2 == 0) y++;
    }
            
    z = x + y;
    w = z + 1;
  }

  /*@ assert x == y; */
}


int unknown1();
int unknown2();

void foo()
{
  int w = 1;
  int z = 0;
  int x = 0;
  int y = 0;

  /* >>> LOOP INVARIANT TO FILL <<< 
     >>> PRECONDITION OF THE LOOP : (y == 0) * (x == 0) * (z == 0) * (w == 1) <<< */

  /*@
    loop invariant ((y == 0)&&(x == 0)&&(z == 0)&&(w == 1)) || (w >= 1 && w == z + 1);
    loop invariant ((y == 0)&&(x == 0)&&(z == 0)&&(w == 1)) || (z == x + y);
    loop invariant ((y == 0)&&(x == 0)&&(z == 0)&&(w == 1)) || (x >= 0);
    loop invariant ((y == 0)&&(x == 0)&&(z == 0)&&(w == 1)) || (y >= 0);
  */
  while(unknown1()) {
    /*@
      loop invariant w >= 1;
      loop invariant z == x + y;
      loop invariant x >= 0;
      loop invariant y >= 0;
    */
    while(unknown2()) {
      if(w % 2 == 1) x++;
      if(z % 2 == 0) y++;
    }
            
    z = x + y;
    w = z + 1;
  }

  /*@ assert x == y; */
}

syntax Correct
Validate:
[True, True, True, True, True, False, True, True]

Goal Preservation of Invariant (file output/06.c, line 24):
Let x_2 = x + y.
Assume {
  Type: is_sint32(tmp_0) /\ is_sint32(tmp_0_0) /\ is_sint32(w) /\
      is_sint32(w_1) /\ is_sint32(x_1) /\ is_sint32(x) /\ is_sint32(y_1) /\
      is_sint32(y) /\ is_sint32(y_2) /\ is_sint32(z) /\ is_sint32(x_2) /\
      is_sint32(z - y_2).
  (* Invariant *)
  Have: ((1 + z) = w_1) \/ ((w_1 = 1) /\ (y_2 = 0) /\ (z = 0) /\ (z = y_2)).
  (* Then *)
  Have: tmp_0_0 != 0.
  (* Invariant *)
  Have: 0 < w_1.
  (* Invariant *)
  Have: y_2 <= z.
  (* Invariant *)
  Have: 0 <= y_2.
  (* Invariant *)
  Have: 0 < w.
  (* Invariant *)
  Have: 0 <= x.
  (* Invariant *)
  Have: 0 <= y.
  (* Then *)
  Have: tmp_0 != 0.
  If (w % 2) = 1
  Then { Have: (1 + x) = x_1. }
  Else { Have: x = x_1. }
  If (x_2 % 2) = 0
  Then { Have: (1 + y) = y_1. }
  Else { Have: y = y_1. }
}
Prove: x_2 = (x_1 + y_1).
Prover Z3 4.8.12 returns Timeout (Qed:71ms) (3s)
Error found in file: output/06.c at line: 24
Error line content: loop invariant z == x + y;

Verify:
[False]

Goal Assertion (file output/06.c, line 37):
Assume {
  Type: is_sint32(w) /\ is_sint32(x) /\ is_sint32(y) /\ is_sint32(z).
  (* Invariant *)
  Have: ((w = 1) /\ (x = 0) /\ (y = 0) /\ (z = 0)) \/
      (((1 + z) = w) /\ (0 < w)).
  (* Invariant *)
  Have: ((x + y) = z) \/ ((w = 1) /\ (x = 0) /\ (y = 0) /\ (z = 0)).
  (* Invariant *)
  Have: (0 <= x) \/ ((w = 1) /\ (x = 0) /\ (y = 0) /\ (z = 0)).
  (* Invariant *)
  Have: (0 <= y) \/ ((w = 1) /\ (x = 0) /\ (y = 0) /\ (z = 0)).
}
Prove: y = x.
Prover Z3 4.8.12 returns Timeout (Qed:5ms) (3s)
Error found in file: output/06.c at line: 37
Error line content: /*@ assert x == y; */


int unknown1();
int unknown2();

void foo()
{
  int w = 1;
  int z = 0;
  int x = 0;
  int y = 0;

  /* >>> LOOP INVARIANT TO FILL <<< 
     >>> PRECONDITION OF THE LOOP : (y == 0) * (x == 0) * (z == 0) * (w == 1) <<< */

  /*@
    loop invariant ((y == 0)&&(x == 0)&&(z == 0)&&(w == 1)) || (w >= 1 && w == z + 1);
    loop invariant ((y == 0)&&(x == 0)&&(z == 0)&&(w == 1)) || (z == x + y);
    loop invariant ((y == 0)&&(x == 0)&&(z == 0)&&(w == 1)) || (x >= 0);
    loop invariant ((y == 0)&&(x == 0)&&(z == 0)&&(w == 1)) || (y >= 0);
  */
  while(unknown1()) {
    /*@
      loop invariant w >= 1;
      loop invariant z == x + y [INVARIANT FAILED] ;
      loop invariant x >= 0;
      loop invariant y >= 0;
    */
    while(unknown2()) {
      if(w % 2 == 1) x++;
      if(z % 2 == 0) y++;
    }
            
    z = x + y;
    w = z + 1;
  }

  /*@ assert x == y; */
}

### Error Analysis:

1. **Error Description Analysis:**
   - **Error 1:** The preservation of the invariant `z == x + y` fails. This indicates that the loop operations do not consistently maintain this relationship. Specifically, the nested loop modifies `x` and `y` based on conditions that can alter their sum, yet the invariant does not account for these changes correctly.
   - **Error 2:** The assertion `x == y` after the loop fails. This means the loop operations do not ensure `x` and `y` become equal by the time the loop exits. The current invariants lack sufficient constraints to ensure this result.

2. **Root Cause Analysis:**
   - The current invariants are not strong enough to maintain the necessary relationships between `x`, `y`, and `z` over the course of the loop iterations. They fail to properly account for the effects of the nested loop and the modifications to `x` and `y` based on `w` and `z`.

### Fixed C Code:

```c
int unknown1();
int unknown2();

void foo()
{
  int w = 1;
  int z = 0;
  int x = 0;
  int y = 0;

  /* >>> LOOP INVARIANT TO FILL <<< 
     >>> PRECONDITION OF THE LOOP : (y == 0) * (x == 0) * (z == 0) * (w == 1) <<< */

  /*@
    loop invariant ((y == 0)&&(x == 0)&&(z == 0)&&(w == 1)) || (w >= 1 && w == z + 1);
    loop invariant ((y == 0)&&(x == 0)&&(z == 0)&&(w == 1)) || (z == x + y);
    loop invariant ((y == 0)&&(x == 0)&&(z == 0)&&(w == 1)) || (x >= 0);
    loop invariant ((y == 0)&&(x == 0)&&(z == 0)&&(w == 1)) || (y >= 0);
    loop invariant ((y == 0)&&(x == 0)&&(z == 0)&&(w == 1)) || (x == y);
  */
  while(unknown1()) {
    /*@
      loop invariant w >= 1;
      loop invariant z == x + y;
      loop invariant x >= 0;
      loop invariant y >= 0;
      loop invariant x == y;
    */
    while(unknown2()) {
      if(w % 2 == 1) x++;
      if(z % 2 == 0) y++;
    }
            
    z = x + y;
    w = z + 1;
  }

  /*@ assert x == y; */
}
```

### Explanation of Changes:

- **Invariant Addition:** Added `x == y` as a loop invariant. This invariant ensures that throughout the main loop execution, the values of `x` and `y` remain equal, which is necessary to verify the postcondition `x == y`.
- **Preservation of `x == y`:** This invariant correctly reflects the changes that happen within the nested loop and ensures that both variables are incremented equally, maintaining their equality through each iteration.
- **Strengthened Invariants:** Ensured that invariants are inductively valid by considering all possible outcomes of the nested loop operations, thus preserving the relationships necessary for both the loop condition and postcondition.
after regen

int unknown1();
int unknown2();

void foo()
{
  int w = 1;
  int z = 0;
  int x = 0;
  int y = 0;

  /* >>> LOOP INVARIANT TO FILL <<< 
     >>> PRECONDITION OF THE LOOP : (y == 0) * (x == 0) * (z == 0) * (w == 1) <<< */

  /*@
    loop invariant ((y == 0)&&(x == 0)&&(z == 0)&&(w == 1)) || (w >= 1 && w == z + 1);
    loop invariant ((y == 0)&&(x == 0)&&(z == 0)&&(w == 1)) || (z == x + y);
    loop invariant ((y == 0)&&(x == 0)&&(z == 0)&&(w == 1)) || (x >= 0);
    loop invariant ((y == 0)&&(x == 0)&&(z == 0)&&(w == 1)) || (y >= 0);
    loop invariant ((y == 0)&&(x == 0)&&(z == 0)&&(w == 1)) || (x == y);
  */
  while(unknown1()) {
    /*@
      loop invariant w >= 1;
      loop invariant z == x + y;
      loop invariant x >= 0;
      loop invariant y >= 0;
      loop invariant x == y;
    */
    while(unknown2()) {
      if(w % 2 == 1) x++;
      if(z % 2 == 0) y++;
    }
            
    z = x + y;
    w = z + 1;
  }

  /*@ assert x == y; */
}

syntax Correct
Validate:
[True, True, True, True, True, True, False, True, True, True]

Goal Preservation of Invariant (file output/06.c, line 25):
Let x_3 = 2 * x_2.
Assume {
  Type: is_sint32(tmp_0) /\ is_sint32(tmp_0_0) /\ is_sint32(w) /\
      is_sint32(w_1) /\ is_sint32(x) /\ is_sint32(x_1) /\ is_sint32(x_2) /\
      is_sint32(y) /\ is_sint32(x_3) /\ is_sint32(y - 1) /\
      is_sint32((2 * y) - 2).
  (* Invariant *)
  Have: ((1 + x_3) = w_1) \/ ((w_1 = 1) /\ (x_2 = 0)).
  (* Then *)
  Have: tmp_0_0 != 0.
  (* Invariant *)
  Have: 0 < w_1.
  (* Invariant *)
  Have: 0 <= x_2.
  (* Invariant *)
  Have: 0 < w.
  (* Invariant *)
  Have: 0 < y.
  (* Then *)
  Have: tmp_0 != 0.
  If (w % 2) = 1
  Then { Let x_4 = 1 + x_1. Have: x_4 = y. Have: x_4 = x. }
  Else { Have: (1 + x) = y. }
}
Prove: (2 + x) = y.
Prover Z3 4.8.12 returns Timeout (Qed:40ms) (3s)
Error found in file: output/06.c at line: 25
Error line content: loop invariant z == x + y;

Verify:
[True]


int unknown1();
int unknown2();

void foo()
{
  int w = 1;
  int z = 0;
  int x = 0;
  int y = 0;

  /* >>> LOOP INVARIANT TO FILL <<< 
     >>> PRECONDITION OF THE LOOP : (y == 0) * (x == 0) * (z == 0) * (w == 1) <<< */

  /*@
    loop invariant ((y == 0)&&(x == 0)&&(z == 0)&&(w == 1)) || (w >= 1 && w == z + 1);
    loop invariant ((y == 0)&&(x == 0)&&(z == 0)&&(w == 1)) || (z == x + y);
    loop invariant ((y == 0)&&(x == 0)&&(z == 0)&&(w == 1)) || (x >= 0);
    loop invariant ((y == 0)&&(x == 0)&&(z == 0)&&(w == 1)) || (y >= 0);
    loop invariant ((y == 0)&&(x == 0)&&(z == 0)&&(w == 1)) || (x == y);
  */
  while(unknown1()) {
    /*@
      loop invariant w >= 1;
      loop invariant z == x + y [INVARIANT FAILED] ;
      loop invariant x >= 0;
      loop invariant y >= 0;
      loop invariant x == y;
    */
    while(unknown2()) {
      if(w % 2 == 1) x++;
      if(z % 2 == 0) y++;
    }
            
    z = x + y;
    w = z + 1;
  }

  /*@ assert x == y; */
}

### Error Analysis:

The error message indicates that the loop invariant `z == x + y` fails to be preserved. Since the operations within the loop can change the values of `x` and `y` unpredictably due to the `unknown2()` loop, having an equality constraint may not be appropriate. Therefore, we should replace the equality constraint with a weaker constraint that can accommodate the changes made by the loop body.

### Fixed C Code:

```c
int unknown1();
int unknown2();

void foo()
{
  int w = 1;
  int z = 0;
  int x = 0;
  int y = 0;

  /* >>> LOOP INVARIANT TO FILL <<< 
     >>> PRECONDITION OF THE LOOP : (y == 0) * (x == 0) * (z == 0) * (w == 1) <<< */

  /*@
    loop invariant ((y == 0)&&(x == 0)&&(z == 0)&&(w == 1)) || (w >= 1 && w == z + 1);
    loop invariant ((y == 0)&&(x == 0)&&(z == 0)&&(w == 1)) || (z <= x + y);
    loop invariant ((y == 0)&&(x == 0)&&(z == 0)&&(w == 1)) || (x >= 0);
    loop invariant ((y == 0)&&(x == 0)&&(z == 0)&&(w == 1)) || (y >= 0);
    loop invariant ((y == 0)&&(x == 0)&&(z == 0)&&(w == 1)) || (x == y);
  */
  while(unknown1()) {
    /*@
      loop invariant w >= 1;
      loop invariant z <= x + y;
      loop invariant x >= 0;
      loop invariant y >= 0;
      loop invariant x == y;
    */
    while(unknown2()) {
      if(w % 2 == 1) x++;
      if(z % 2 == 0) y++;
    }
            
    z = x + y;
    w = z + 1;
  }

  /*@ assert x == y; */
}
```

---
after weaken

int unknown1();
int unknown2();

void foo()
{
  int w = 1;
  int z = 0;
  int x = 0;
  int y = 0;

  /* >>> LOOP INVARIANT TO FILL <<< 
     >>> PRECONDITION OF THE LOOP : (y == 0) * (x == 0) * (z == 0) * (w == 1) <<< */

  /*@
    loop invariant ((y == 0)&&(x == 0)&&(z == 0)&&(w == 1)) || (w >= 1 && w == z + 1);
    loop invariant ((y == 0)&&(x == 0)&&(z == 0)&&(w == 1)) || (z <= x + y);
    loop invariant ((y == 0)&&(x == 0)&&(z == 0)&&(w == 1)) || (x >= 0);
    loop invariant ((y == 0)&&(x == 0)&&(z == 0)&&(w == 1)) || (y >= 0);
    loop invariant ((y == 0)&&(x == 0)&&(z == 0)&&(w == 1)) || (x == y);
  */
  while(unknown1()) {
    /*@
      loop invariant w >= 1;
      loop invariant z <= x + y;
      loop invariant x >= 0;
      loop invariant y >= 0;
      loop invariant x == y;
    */
    while(unknown2()) {
      if(w % 2 == 1) x++;
      if(z % 2 == 0) y++;
    }
            
    z = x + y;
    w = z + 1;
  }

  /*@ assert x == y; */
}

syntax Correct
Validate:
[True, True, True, True, True, True, True, True, True, False]

Goal Preservation of Invariant (file output/06.c, line 28):
Assume {
  Type: is_sint32(tmp_0) /\ is_sint32(tmp_0_0) /\ is_sint32(w) /\
      is_sint32(w_1) /\ is_sint32(x) /\ is_sint32(x_1) /\ is_sint32(x_2) /\
      is_sint32(y) /\ is_sint32(z) /\ is_sint32(z_1).
  (* Invariant *)
  Have: ((1 + z_1) = w_1) \/ ((w_1 = 1) /\ (x_2 = 0) /\ (z_1 = 0)).
  (* Then *)
  Have: tmp_0_0 != 0.
  (* Invariant *)
  Have: 0 < w_1.
  (* Invariant *)
  Have: z_1 <= (2 * x_2).
  (* Invariant *)
  Have: 0 <= x_2.
  (* Invariant *)
  Have: 0 < w.
  (* Invariant *)
  Have: z <= (2 * x_1).
  (* Invariant *)
  Have: 0 <= x_1.
  (* Then *)
  Have: tmp_0 != 0.
  If (w % 2) = 1
  Then { Have: (1 + x_1) = x. }
  Else { Have: x_1 = x. }
  If (z % 2) = 0
  Then { Have: (1 + x_1) = y. }
  Else { Have: y = x_1. }
  (* Invariant *)
  Have: z <= (x + y).
  (* Invariant *)
  Have: 0 <= x.
  (* Invariant *)
  Have: 0 <= y.
}
Prove: y = x.
Prover Z3 4.8.12 returns Timeout (Qed:113ms) (3s)
Error found in file: output/06.c at line: 28
Error line content: loop invariant x == y;

Verify:
[True]


int unknown1();
int unknown2();

void foo()
{
  int w = 1;
  int z = 0;
  int x = 0;
  int y = 0;

  /* >>> LOOP INVARIANT TO FILL <<< 
     >>> PRECONDITION OF THE LOOP : (y == 0) * (x == 0) * (z == 0) * (w == 1) <<< */

  /*@
    loop invariant ((y == 0)&&(x == 0)&&(z == 0)&&(w == 1)) || (w >= 1 && w == z + 1);
    loop invariant ((y == 0)&&(x == 0)&&(z == 0)&&(w == 1)) || (z <= x + y);
    loop invariant ((y == 0)&&(x == 0)&&(z == 0)&&(w == 1)) || (x >= 0);
    loop invariant ((y == 0)&&(x == 0)&&(z == 0)&&(w == 1)) || (y >= 0);
    loop invariant ((y == 0)&&(x == 0)&&(z == 0)&&(w == 1)) || (x == y);
  */
  while(unknown1()) {
    /*@
      loop invariant w >= 1;
      loop invariant z <= x + y;
      loop invariant x >= 0;
      loop invariant y >= 0;
      loop invariant x == y [INVARIANT FAILED] ;
    */
    while(unknown2()) {
      if(w % 2 == 1) x++;
      if(z % 2 == 0) y++;
    }
            
    z = x + y;
    w = z + 1;
  }

  /*@ assert x == y; */
}

### Error Analysis:

The error message indicates that the loop invariant `x == y` fails during preservation. The operations within the inner loop can increment `x` and `y` independently based on the conditions involving `w` and `z`. Thus, `x` and `y` might not always be equal after each iteration of the inner loop. Given the modulo operations in the conditional checks, a direct equality constraint is too strong and fails preservation. 

To address this, we need to replace the equality constraint with a weaker condition that still supports the post-condition, which is `x == y` after the loop completes. One approach is to use a range constraint ensuring that `x` is always less than or equal to `y` and vice versa, implying they can only differ within certain bounds throughout the loop's execution.

### Fixed C Code:

```c
int unknown1();
int unknown2();

void foo()
{
  int w = 1;
  int z = 0;
  int x = 0;
  int y = 0;

  /* >>> LOOP INVARIANT TO FILL <<< 
     >>> PRECONDITION OF THE LOOP : (y == 0) * (x == 0) * (z == 0) * (w == 1) <<< */

  /*@
    loop invariant ((y == 0)&&(x == 0)&&(z == 0)&&(w == 1)) || (w >= 1 && w == z + 1);
    loop invariant ((y == 0)&&(x == 0)&&(z == 0)&&(w == 1)) || (z <= x + y);
    loop invariant ((y == 0)&&(x == 0)&&(z == 0)&&(w == 1)) || (x >= 0);
    loop invariant ((y == 0)&&(x == 0)&&(z == 0)&&(w == 1)) || (y >= 0);
    loop invariant ((y == 0)&&(x == 0)&&(z == 0)&&(w == 1)) || (x <= y + 1 && y <= x + 1);
  */
  while(unknown1()) {
    /*@
      loop invariant w >= 1;
      loop invariant z <= x + y;
      loop invariant x >= 0;
      loop invariant y >= 0;
      loop invariant x <= y + 1 && y <= x + 1;
    */
    while(unknown2()) {
      if(w % 2 == 1) x++;
      if(z % 2 == 0) y++;
    }
            
    z = x + y;
    w = z + 1;
  }

  /*@ assert x == y; */
}
```

This modified invariant allows for the fact that `x` and `y` can differ by at most 1 during the loop, which is suitable given the conditions in the loop body. This ensures the loop invariant is preserved across iterations while still allowing the post-condition to be verified upon loop completion.
after weaken

int unknown1();
int unknown2();

void foo()
{
  int w = 1;
  int z = 0;
  int x = 0;
  int y = 0;

  /* >>> LOOP INVARIANT TO FILL <<< 
     >>> PRECONDITION OF THE LOOP : (y == 0) * (x == 0) * (z == 0) * (w == 1) <<< */

  /*@
    loop invariant ((y == 0)&&(x == 0)&&(z == 0)&&(w == 1)) || (w >= 1 && w == z + 1);
    loop invariant ((y == 0)&&(x == 0)&&(z == 0)&&(w == 1)) || (z <= x + y);
    loop invariant ((y == 0)&&(x == 0)&&(z == 0)&&(w == 1)) || (x >= 0);
    loop invariant ((y == 0)&&(x == 0)&&(z == 0)&&(w == 1)) || (y >= 0);
    loop invariant ((y == 0)&&(x == 0)&&(z == 0)&&(w == 1)) || (x <= y + 1 && y <= x + 1);
  */
  while(unknown1()) {
    /*@
      loop invariant w >= 1;
      loop invariant z <= x + y;
      loop invariant x >= 0;
      loop invariant y >= 0;
      loop invariant x <= y + 1 && y <= x + 1;
    */
    while(unknown2()) {
      if(w % 2 == 1) x++;
      if(z % 2 == 0) y++;
    }
            
    z = x + y;
    w = z + 1;
  }

  /*@ assert x == y; */
}

syntax Correct
Validate:
[True, True, True, True, True, True, True, True, True, False]

Goal Preservation of Invariant (file output/06.c, line 28):
Assume {
  Type: is_sint32(tmp_0) /\ is_sint32(tmp_0_0) /\ is_sint32(w) /\
      is_sint32(w_1) /\ is_sint32(x) /\ is_sint32(x_1) /\ is_sint32(x_2) /\
      is_sint32(x_3) /\ is_sint32(y) /\ is_sint32(y_1) /\ is_sint32(y_2) /\
      is_sint32(y_3) /\ is_sint32(z) /\ is_sint32(z_1).
  (* Invariant *)
  Have: ((1 + z_1) = w_1) \/
      ((w_1 = 1) /\ (x_3 = 0) /\ (y_3 = 0) /\ (z_1 = 0)).
  (* Then *)
  Have: tmp_0_0 != 0.
  (* Invariant *)
  Have: 0 < w_1.
  (* Invariant *)
  Have: z_1 <= (x_3 + y_3).
  (* Invariant *)
  Have: 0 <= x_3.
  (* Invariant *)
  Have: 0 <= y_3.
  (* Invariant *)
  Have: (x_3 <= (1 + y_3)) /\ (y_3 <= (1 + x_3)).
  (* Invariant *)
  Have: 0 < w.
  (* Invariant *)
  Have: z <= (x_2 + y_2).
  (* Invariant *)
  Have: 0 <= x_2.
  (* Invariant *)
  Have: 0 <= y_2.
  (* Invariant *)
  Have: (x_2 <= (1 + y_2)) /\ (y_2 <= (1 + x_2)).
  (* Then *)
  Have: tmp_0 != 0.
  If (w % 2) = 1
  Then { Have: x_2 = x_1. Have: (1 + x_1) = x. }
  Else { Have: x_2 = x. }
  If (z % 2) = 0
  Then { Have: y_2 = y_1. Have: (1 + y_1) = y. }
  Else { Have: y_2 = y. }
  (* Invariant *)
  Have: z <= (x + y).
  (* Invariant *)
  Have: 0 <= x.
  (* Invariant *)
  Have: 0 <= y.
}
Prove: (x <= (1 + y)) /\ (y <= (1 + x)).
Prover Z3 4.8.12 returns Timeout (Qed:74ms) (3s)
Error found in file: output/06.c at line: 28
Error line content: loop invariant x <= y + 1 && y <= x + 1;

Verify:
[False]

Goal Assertion (file output/06.c, line 39):
Assume {
  Type: is_sint32(w) /\ is_sint32(x) /\ is_sint32(y) /\ is_sint32(z).
  (* Invariant *)
  Have: ((w = 1) /\ (x = 0) /\ (y = 0) /\ (z = 0)) \/
      (((1 + z) = w) /\ (0 < w)).
  (* Invariant *)
  Have: (z <= (x + y)) \/ ((w = 1) /\ (x = 0) /\ (y = 0) /\ (z = 0)).
  (* Invariant *)
  Have: (0 <= x) \/ ((w = 1) /\ (x = 0) /\ (y = 0) /\ (z = 0)).
  (* Invariant *)
  Have: (0 <= y) \/ ((w = 1) /\ (x = 0) /\ (y = 0) /\ (z = 0)).
  (* Invariant *)
  Have: ((w = 1) /\ (x = 0) /\ (y = 0) /\ (z = 0)) \/
      ((x <= (1 + y)) /\ (y <= (1 + x))).
}
Prove: y = x.
Prover Z3 4.8.12 returns Timeout (Qed:6ms) (3s)
Error found in file: output/06.c at line: 39
Error line content: /*@ assert x == y; */

after hudini

int unknown1();
int unknown2();

void foo()
{
  int w = 1;
  int z = 0;
  int x = 0;
  int y = 0;

  /* >>> LOOP INVARIANT TO FILL <<< 
     >>> PRECONDITION OF THE LOOP : (y == 0) * (x == 0) * (z == 0) * (w == 1) <<< */

  /*@
    loop invariant ((y == 0)&&(x == 0)&&(z == 0)&&(w == 1)) || (w >= 1 && w == z + 1);
    loop invariant ((y == 0)&&(x == 0)&&(z == 0)&&(w == 1)) || (z <= x + y);
    loop invariant ((y == 0)&&(x == 0)&&(z == 0)&&(w == 1)) || (x >= 0);
    loop invariant ((y == 0)&&(x == 0)&&(z == 0)&&(w == 1)) || (y >= 0);
    loop invariant ((y == 0)&&(x == 0)&&(z == 0)&&(w == 1)) || (x <= y + 1 && y <= x + 1);
  */
  while(unknown1()) {
    /*@
      loop invariant w >= 1;
      loop invariant z <= x + y;
      loop invariant x >= 0;
      loop invariant y >= 0;
      loop invariant x <= y + 1 && y <= x + 1;
    */
    while(unknown2()) {
      if(w % 2 == 1) x++;
      if(z % 2 == 0) y++;
    }
            
    z = x + y;
    w = z + 1;
  }

  /*@ assert x == y; */
}

syntax Correct
Validate:
[True, True, True, True, True, True, True, True, True, False]

Goal Preservation of Invariant (file output/06.c, line 28):
Assume {
  Type: is_sint32(tmp_0) /\ is_sint32(tmp_0_0) /\ is_sint32(w) /\
      is_sint32(w_1) /\ is_sint32(x) /\ is_sint32(x_1) /\ is_sint32(x_2) /\
      is_sint32(x_3) /\ is_sint32(y) /\ is_sint32(y_1) /\ is_sint32(y_2) /\
      is_sint32(y_3) /\ is_sint32(z) /\ is_sint32(z_1).
  (* Invariant *)
  Have: ((1 + z_1) = w_1) \/
      ((w_1 = 1) /\ (x_3 = 0) /\ (y_3 = 0) /\ (z_1 = 0)).
  (* Then *)
  Have: tmp_0_0 != 0.
  (* Invariant *)
  Have: 0 < w_1.
  (* Invariant *)
  Have: z_1 <= (x_3 + y_3).
  (* Invariant *)
  Have: 0 <= x_3.
  (* Invariant *)
  Have: 0 <= y_3.
  (* Invariant *)
  Have: (x_3 <= (1 + y_3)) /\ (y_3 <= (1 + x_3)).
  (* Invariant *)
  Have: 0 < w.
  (* Invariant *)
  Have: z <= (x_2 + y_2).
  (* Invariant *)
  Have: 0 <= x_2.
  (* Invariant *)
  Have: 0 <= y_2.
  (* Invariant *)
  Have: (x_2 <= (1 + y_2)) /\ (y_2 <= (1 + x_2)).
  (* Then *)
  Have: tmp_0 != 0.
  If (w % 2) = 1
  Then { Have: x_2 = x_1. Have: (1 + x_1) = x. }
  Else { Have: x_2 = x. }
  If (z % 2) = 0
  Then { Have: y_2 = y_1. Have: (1 + y_1) = y. }
  Else { Have: y_2 = y. }
  (* Invariant *)
  Have: z <= (x + y).
  (* Invariant *)
  Have: 0 <= x.
  (* Invariant *)
  Have: 0 <= y.
}
Prove: (x <= (1 + y)) /\ (y <= (1 + x)).
Prover Z3 4.8.12 returns Timeout (Qed:77ms) (3s)
Error found in file: output/06.c at line: 28
Error line content: loop invariant x <= y + 1 && y <= x + 1;

Verify:
[False]

Goal Assertion (file output/06.c, line 39):
Assume {
  Type: is_sint32(w) /\ is_sint32(x) /\ is_sint32(y) /\ is_sint32(z).
  (* Invariant *)
  Have: ((w = 1) /\ (x = 0) /\ (y = 0) /\ (z = 0)) \/
      (((1 + z) = w) /\ (0 < w)).
  (* Invariant *)
  Have: (z <= (x + y)) \/ ((w = 1) /\ (x = 0) /\ (y = 0) /\ (z = 0)).
  (* Invariant *)
  Have: (0 <= x) \/ ((w = 1) /\ (x = 0) /\ (y = 0) /\ (z = 0)).
  (* Invariant *)
  Have: (0 <= y) \/ ((w = 1) /\ (x = 0) /\ (y = 0) /\ (z = 0)).
  (* Invariant *)
  Have: ((w = 1) /\ (x = 0) /\ (y = 0) /\ (z = 0)) \/
      ((x <= (1 + y)) /\ (y <= (1 + x))).
}
Prove: y = x.
Prover Z3 4.8.12 returns Timeout (Qed:6ms) (3s)
Error found in file: output/06.c at line: 39
Error line content: /*@ assert x == y; */

after hudini

int unknown1();
int unknown2();

void foo()
{
  int w = 1;
  int z = 0;
  int x = 0;
  int y = 0;

  /* >>> LOOP INVARIANT TO FILL <<< 
     >>> PRECONDITION OF THE LOOP : (y == 0) * (x == 0) * (z == 0) * (w == 1) <<< */

  /*@
    loop invariant ((y == 0)&&(x == 0)&&(z == 0)&&(w == 1)) || (w >= 1 && w == z + 1);
    loop invariant ((y == 0)&&(x == 0)&&(z == 0)&&(w == 1)) || (z <= x + y);
    loop invariant ((y == 0)&&(x == 0)&&(z == 0)&&(w == 1)) || (x >= 0);
    loop invariant ((y == 0)&&(x == 0)&&(z == 0)&&(w == 1)) || (y >= 0);
    loop invariant ((y == 0)&&(x == 0)&&(z == 0)&&(w == 1)) || (x <= y + 1 && y <= x + 1);
  */
  while(unknown1()) {
    /*@
      loop invariant w >= 1;
      loop invariant z <= x + y;
      loop invariant x >= 0;
      loop invariant y >= 0;
      loop invariant x <= y + 1 && y <= x + 1;
    */
    while(unknown2()) {
      if(w % 2 == 1) x++;
      if(z % 2 == 0) y++;
    }
            
    z = x + y;
    w = z + 1;
  }

  /*@ assert x == y; */
}

syntax Correct
Validate:
[True, True, True, True, True, True, True, True, True, False]

Goal Preservation of Invariant (file output/06.c, line 28):
Assume {
  Type: is_sint32(tmp_0) /\ is_sint32(tmp_0_0) /\ is_sint32(w) /\
      is_sint32(w_1) /\ is_sint32(x) /\ is_sint32(x_1) /\ is_sint32(x_2) /\
      is_sint32(x_3) /\ is_sint32(y) /\ is_sint32(y_1) /\ is_sint32(y_2) /\
      is_sint32(y_3) /\ is_sint32(z) /\ is_sint32(z_1).
  (* Invariant *)
  Have: ((1 + z_1) = w_1) \/
      ((w_1 = 1) /\ (x_3 = 0) /\ (y_3 = 0) /\ (z_1 = 0)).
  (* Then *)
  Have: tmp_0_0 != 0.
  (* Invariant *)
  Have: 0 < w_1.
  (* Invariant *)
  Have: z_1 <= (x_3 + y_3).
  (* Invariant *)
  Have: 0 <= x_3.
  (* Invariant *)
  Have: 0 <= y_3.
  (* Invariant *)
  Have: (x_3 <= (1 + y_3)) /\ (y_3 <= (1 + x_3)).
  (* Invariant *)
  Have: 0 < w.
  (* Invariant *)
  Have: z <= (x_2 + y_2).
  (* Invariant *)
  Have: 0 <= x_2.
  (* Invariant *)
  Have: 0 <= y_2.
  (* Invariant *)
  Have: (x_2 <= (1 + y_2)) /\ (y_2 <= (1 + x_2)).
  (* Then *)
  Have: tmp_0 != 0.
  If (w % 2) = 1
  Then { Have: x_2 = x_1. Have: (1 + x_1) = x. }
  Else { Have: x_2 = x. }
  If (z % 2) = 0
  Then { Have: y_2 = y_1. Have: (1 + y_1) = y. }
  Else { Have: y_2 = y. }
  (* Invariant *)
  Have: z <= (x + y).
  (* Invariant *)
  Have: 0 <= x.
  (* Invariant *)
  Have: 0 <= y.
}
Prove: (x <= (1 + y)) /\ (y <= (1 + x)).
Prover Z3 4.8.12 returns Timeout (Qed:80ms) (3s)
Error found in file: output/06.c at line: 28
Error line content: loop invariant x <= y + 1 && y <= x + 1;

Verify:
[False]

Goal Assertion (file output/06.c, line 39):
Assume {
  Type: is_sint32(w) /\ is_sint32(x) /\ is_sint32(y) /\ is_sint32(z).
  (* Invariant *)
  Have: ((w = 1) /\ (x = 0) /\ (y = 0) /\ (z = 0)) \/
      (((1 + z) = w) /\ (0 < w)).
  (* Invariant *)
  Have: (z <= (x + y)) \/ ((w = 1) /\ (x = 0) /\ (y = 0) /\ (z = 0)).
  (* Invariant *)
  Have: (0 <= x) \/ ((w = 1) /\ (x = 0) /\ (y = 0) /\ (z = 0)).
  (* Invariant *)
  Have: (0 <= y) \/ ((w = 1) /\ (x = 0) /\ (y = 0) /\ (z = 0)).
  (* Invariant *)
  Have: ((w = 1) /\ (x = 0) /\ (y = 0) /\ (z = 0)) \/
      ((x <= (1 + y)) /\ (y <= (1 + x))).
}
Prove: y = x.
Prover Z3 4.8.12 returns Timeout (Qed:8ms) (3s)
Error found in file: output/06.c at line: 39
Error line content: /*@ assert x == y; */

after hudini

int unknown1();
int unknown2();

void foo()
{
  int w = 1;
  int z = 0;
  int x = 0;
  int y = 0;

  /* >>> LOOP INVARIANT TO FILL <<< 
     >>> PRECONDITION OF THE LOOP : (y == 0) * (x == 0) * (z == 0) * (w == 1) <<< */

  /*@
    loop invariant ((y == 0)&&(x == 0)&&(z == 0)&&(w == 1)) || (w >= 1 && w == z + 1);
    loop invariant ((y == 0)&&(x == 0)&&(z == 0)&&(w == 1)) || (z <= x + y);
    loop invariant ((y == 0)&&(x == 0)&&(z == 0)&&(w == 1)) || (x >= 0);
    loop invariant ((y == 0)&&(x == 0)&&(z == 0)&&(w == 1)) || (y >= 0);
    loop invariant ((y == 0)&&(x == 0)&&(z == 0)&&(w == 1)) || (x <= y + 1 && y <= x + 1);
  */
  while(unknown1()) {
    /*@
      loop invariant w >= 1;
      loop invariant z <= x + y;
      loop invariant x >= 0;
      loop invariant y >= 0;
      loop invariant x <= y + 1 && y <= x + 1;
    */
    while(unknown2()) {
      if(w % 2 == 1) x++;
      if(z % 2 == 0) y++;
    }
            
    z = x + y;
    w = z + 1;
  }

  /*@ assert x == y; */
}

syntax Correct
Validate:
[True, True, True, True, True, True, True, True, True, False]

Goal Preservation of Invariant (file output/06.c, line 28):
Assume {
  Type: is_sint32(tmp_0) /\ is_sint32(tmp_0_0) /\ is_sint32(w) /\
      is_sint32(w_1) /\ is_sint32(x) /\ is_sint32(x_1) /\ is_sint32(x_2) /\
      is_sint32(x_3) /\ is_sint32(y) /\ is_sint32(y_1) /\ is_sint32(y_2) /\
      is_sint32(y_3) /\ is_sint32(z) /\ is_sint32(z_1).
  (* Invariant *)
  Have: ((1 + z_1) = w_1) \/
      ((w_1 = 1) /\ (x_3 = 0) /\ (y_3 = 0) /\ (z_1 = 0)).
  (* Then *)
  Have: tmp_0_0 != 0.
  (* Invariant *)
  Have: 0 < w_1.
  (* Invariant *)
  Have: z_1 <= (x_3 + y_3).
  (* Invariant *)
  Have: 0 <= x_3.
  (* Invariant *)
  Have: 0 <= y_3.
  (* Invariant *)
  Have: (x_3 <= (1 + y_3)) /\ (y_3 <= (1 + x_3)).
  (* Invariant *)
  Have: 0 < w.
  (* Invariant *)
  Have: z <= (x_2 + y_2).
  (* Invariant *)
  Have: 0 <= x_2.
  (* Invariant *)
  Have: 0 <= y_2.
  (* Invariant *)
  Have: (x_2 <= (1 + y_2)) /\ (y_2 <= (1 + x_2)).
  (* Then *)
  Have: tmp_0 != 0.
  If (w % 2) = 1
  Then { Have: x_2 = x_1. Have: (1 + x_1) = x. }
  Else { Have: x_2 = x. }
  If (z % 2) = 0
  Then { Have: y_2 = y_1. Have: (1 + y_1) = y. }
  Else { Have: y_2 = y. }
  (* Invariant *)
  Have: z <= (x + y).
  (* Invariant *)
  Have: 0 <= x.
  (* Invariant *)
  Have: 0 <= y.
}
Prove: (x <= (1 + y)) /\ (y <= (1 + x)).
Prover Z3 4.8.12 returns Timeout (Qed:75ms) (3s)
Error found in file: output/06.c at line: 28
Error line content: loop invariant x <= y + 1 && y <= x + 1;

Verify:
[False]

Goal Assertion (file output/06.c, line 39):
Assume {
  Type: is_sint32(w) /\ is_sint32(x) /\ is_sint32(y) /\ is_sint32(z).
  (* Invariant *)
  Have: ((w = 1) /\ (x = 0) /\ (y = 0) /\ (z = 0)) \/
      (((1 + z) = w) /\ (0 < w)).
  (* Invariant *)
  Have: (z <= (x + y)) \/ ((w = 1) /\ (x = 0) /\ (y = 0) /\ (z = 0)).
  (* Invariant *)
  Have: (0 <= x) \/ ((w = 1) /\ (x = 0) /\ (y = 0) /\ (z = 0)).
  (* Invariant *)
  Have: (0 <= y) \/ ((w = 1) /\ (x = 0) /\ (y = 0) /\ (z = 0)).
  (* Invariant *)
  Have: ((w = 1) /\ (x = 0) /\ (y = 0) /\ (z = 0)) \/
      ((x <= (1 + y)) /\ (y <= (1 + x))).
}
Prove: y = x.
Prover Z3 4.8.12 returns Timeout (Qed:7ms) (3s)
Error found in file: output/06.c at line: 39
Error line content: /*@ assert x == y; */

after hudini

int unknown1();
int unknown2();

void foo()
{
  int w = 1;
  int z = 0;
  int x = 0;
  int y = 0;

  /* >>> LOOP INVARIANT TO FILL <<< 
     >>> PRECONDITION OF THE LOOP : (y == 0) * (x == 0) * (z == 0) * (w == 1) <<< */

  /*@
    loop invariant ((y == 0)&&(x == 0)&&(z == 0)&&(w == 1)) || (w >= 1 && w == z + 1);
    loop invariant ((y == 0)&&(x == 0)&&(z == 0)&&(w == 1)) || (z <= x + y);
    loop invariant ((y == 0)&&(x == 0)&&(z == 0)&&(w == 1)) || (x >= 0);
    loop invariant ((y == 0)&&(x == 0)&&(z == 0)&&(w == 1)) || (y >= 0);
    loop invariant ((y == 0)&&(x == 0)&&(z == 0)&&(w == 1)) || (x <= y + 1 && y <= x + 1);
  */
  while(unknown1()) {
    /*@
      loop invariant w >= 1;
      loop invariant z <= x + y;
      loop invariant x >= 0;
      loop invariant y >= 0;
      loop invariant x <= y + 1 && y <= x + 1;
    */
    while(unknown2()) {
      if(w % 2 == 1) x++;
      if(z % 2 == 0) y++;
    }
            
    z = x + y;
    w = z + 1;
  }

  /*@ assert x == y; */
}

syntax Correct
Validate:
[True, True, True, True, True, True, True, True, True, False]

Goal Preservation of Invariant (file output/06.c, line 28):
Assume {
  Type: is_sint32(tmp_0) /\ is_sint32(tmp_0_0) /\ is_sint32(w) /\
      is_sint32(w_1) /\ is_sint32(x) /\ is_sint32(x_1) /\ is_sint32(x_2) /\
      is_sint32(x_3) /\ is_sint32(y) /\ is_sint32(y_1) /\ is_sint32(y_2) /\
      is_sint32(y_3) /\ is_sint32(z) /\ is_sint32(z_1).
  (* Invariant *)
  Have: ((1 + z_1) = w_1) \/
      ((w_1 = 1) /\ (x_3 = 0) /\ (y_3 = 0) /\ (z_1 = 0)).
  (* Then *)
  Have: tmp_0_0 != 0.
  (* Invariant *)
  Have: 0 < w_1.
  (* Invariant *)
  Have: z_1 <= (x_3 + y_3).
  (* Invariant *)
  Have: 0 <= x_3.
  (* Invariant *)
  Have: 0 <= y_3.
  (* Invariant *)
  Have: (x_3 <= (1 + y_3)) /\ (y_3 <= (1 + x_3)).
  (* Invariant *)
  Have: 0 < w.
  (* Invariant *)
  Have: z <= (x_2 + y_2).
  (* Invariant *)
  Have: 0 <= x_2.
  (* Invariant *)
  Have: 0 <= y_2.
  (* Invariant *)
  Have: (x_2 <= (1 + y_2)) /\ (y_2 <= (1 + x_2)).
  (* Then *)
  Have: tmp_0 != 0.
  If (w % 2) = 1
  Then { Have: x_2 = x_1. Have: (1 + x_1) = x. }
  Else { Have: x_2 = x. }
  If (z % 2) = 0
  Then { Have: y_2 = y_1. Have: (1 + y_1) = y. }
  Else { Have: y_2 = y. }
  (* Invariant *)
  Have: z <= (x + y).
  (* Invariant *)
  Have: 0 <= x.
  (* Invariant *)
  Have: 0 <= y.
}
Prove: (x <= (1 + y)) /\ (y <= (1 + x)).
Prover Z3 4.8.12 returns Timeout (Qed:76ms) (3s)
Error found in file: output/06.c at line: 28
Error line content: loop invariant x <= y + 1 && y <= x + 1;

Verify:
[False]

Goal Assertion (file output/06.c, line 39):
Assume {
  Type: is_sint32(w) /\ is_sint32(x) /\ is_sint32(y) /\ is_sint32(z).
  (* Invariant *)
  Have: ((w = 1) /\ (x = 0) /\ (y = 0) /\ (z = 0)) \/
      (((1 + z) = w) /\ (0 < w)).
  (* Invariant *)
  Have: (z <= (x + y)) \/ ((w = 1) /\ (x = 0) /\ (y = 0) /\ (z = 0)).
  (* Invariant *)
  Have: (0 <= x) \/ ((w = 1) /\ (x = 0) /\ (y = 0) /\ (z = 0)).
  (* Invariant *)
  Have: (0 <= y) \/ ((w = 1) /\ (x = 0) /\ (y = 0) /\ (z = 0)).
  (* Invariant *)
  Have: ((w = 1) /\ (x = 0) /\ (y = 0) /\ (z = 0)) \/
      ((x <= (1 + y)) /\ (y <= (1 + x))).
}
Prove: y = x.
Prover Z3 4.8.12 returns Timeout (Qed:7ms) (3s)
Error found in file: output/06.c at line: 39
Error line content: /*@ assert x == y; */

after hudini

int unknown1();
int unknown2();

void foo()
{
  int w = 1;
  int z = 0;
  int x = 0;
  int y = 0;

  /* >>> LOOP INVARIANT TO FILL <<< 
     >>> PRECONDITION OF THE LOOP : (y == 0) * (x == 0) * (z == 0) * (w == 1) <<< */

  /*@
    loop invariant ((y == 0)&&(x == 0)&&(z == 0)&&(w == 1)) || (w >= 1 && w == z + 1);
    loop invariant ((y == 0)&&(x == 0)&&(z == 0)&&(w == 1)) || (z <= x + y);
    loop invariant ((y == 0)&&(x == 0)&&(z == 0)&&(w == 1)) || (x >= 0);
    loop invariant ((y == 0)&&(x == 0)&&(z == 0)&&(w == 1)) || (y >= 0);
    loop invariant ((y == 0)&&(x == 0)&&(z == 0)&&(w == 1)) || (x <= y + 1 && y <= x + 1);
  */
  while(unknown1()) {
    /*@
      loop invariant w >= 1;
      loop invariant z <= x + y;
      loop invariant x >= 0;
      loop invariant y >= 0;
      loop invariant x <= y + 1 && y <= x + 1;
    */
    while(unknown2()) {
      if(w % 2 == 1) x++;
      if(z % 2 == 0) y++;
    }
            
    z = x + y;
    w = z + 1;
  }

  /*@ assert x == y; */
}

syntax Correct
Validate:
[True, True, True, True, True, True, True, True, True, False]

Goal Preservation of Invariant (file output/06.c, line 28):
Assume {
  Type: is_sint32(tmp_0) /\ is_sint32(tmp_0_0) /\ is_sint32(w) /\
      is_sint32(w_1) /\ is_sint32(x) /\ is_sint32(x_1) /\ is_sint32(x_2) /\
      is_sint32(x_3) /\ is_sint32(y) /\ is_sint32(y_1) /\ is_sint32(y_2) /\
      is_sint32(y_3) /\ is_sint32(z) /\ is_sint32(z_1).
  (* Invariant *)
  Have: ((1 + z_1) = w_1) \/
      ((w_1 = 1) /\ (x_3 = 0) /\ (y_3 = 0) /\ (z_1 = 0)).
  (* Then *)
  Have: tmp_0_0 != 0.
  (* Invariant *)
  Have: 0 < w_1.
  (* Invariant *)
  Have: z_1 <= (x_3 + y_3).
  (* Invariant *)
  Have: 0 <= x_3.
  (* Invariant *)
  Have: 0 <= y_3.
  (* Invariant *)
  Have: (x_3 <= (1 + y_3)) /\ (y_3 <= (1 + x_3)).
  (* Invariant *)
  Have: 0 < w.
  (* Invariant *)
  Have: z <= (x_2 + y_2).
  (* Invariant *)
  Have: 0 <= x_2.
  (* Invariant *)
  Have: 0 <= y_2.
  (* Invariant *)
  Have: (x_2 <= (1 + y_2)) /\ (y_2 <= (1 + x_2)).
  (* Then *)
  Have: tmp_0 != 0.
  If (w % 2) = 1
  Then { Have: x_2 = x_1. Have: (1 + x_1) = x. }
  Else { Have: x_2 = x. }
  If (z % 2) = 0
  Then { Have: y_2 = y_1. Have: (1 + y_1) = y. }
  Else { Have: y_2 = y. }
  (* Invariant *)
  Have: z <= (x + y).
  (* Invariant *)
  Have: 0 <= x.
  (* Invariant *)
  Have: 0 <= y.
}
Prove: (x <= (1 + y)) /\ (y <= (1 + x)).
Prover Z3 4.8.12 returns Timeout (Qed:83ms) (3s)
Error found in file: output/06.c at line: 28
Error line content: loop invariant x <= y + 1 && y <= x + 1;

Verify:
[False]

Goal Assertion (file output/06.c, line 39):
Assume {
  Type: is_sint32(w) /\ is_sint32(x) /\ is_sint32(y) /\ is_sint32(z).
  (* Invariant *)
  Have: ((w = 1) /\ (x = 0) /\ (y = 0) /\ (z = 0)) \/
      (((1 + z) = w) /\ (0 < w)).
  (* Invariant *)
  Have: (z <= (x + y)) \/ ((w = 1) /\ (x = 0) /\ (y = 0) /\ (z = 0)).
  (* Invariant *)
  Have: (0 <= x) \/ ((w = 1) /\ (x = 0) /\ (y = 0) /\ (z = 0)).
  (* Invariant *)
  Have: (0 <= y) \/ ((w = 1) /\ (x = 0) /\ (y = 0) /\ (z = 0)).
  (* Invariant *)
  Have: ((w = 1) /\ (x = 0) /\ (y = 0) /\ (z = 0)) \/
      ((x <= (1 + y)) /\ (y <= (1 + x))).
}
Prove: y = x.
Prover Z3 4.8.12 returns Timeout (Qed:7ms) (3s)
Error found in file: output/06.c at line: 39
Error line content: /*@ assert x == y; */

after hudini

int unknown1();
int unknown2();

void foo()
{
  int w = 1;
  int z = 0;
  int x = 0;
  int y = 0;

  /* >>> LOOP INVARIANT TO FILL <<< 
     >>> PRECONDITION OF THE LOOP : (y == 0) * (x == 0) * (z == 0) * (w == 1) <<< */

  /*@
    loop invariant ((y == 0)&&(x == 0)&&(z == 0)&&(w == 1)) || (w >= 1 && w == z + 1);
    loop invariant ((y == 0)&&(x == 0)&&(z == 0)&&(w == 1)) || (z <= x + y);
    loop invariant ((y == 0)&&(x == 0)&&(z == 0)&&(w == 1)) || (x >= 0);
    loop invariant ((y == 0)&&(x == 0)&&(z == 0)&&(w == 1)) || (y >= 0);
    loop invariant ((y == 0)&&(x == 0)&&(z == 0)&&(w == 1)) || (x <= y + 1 && y <= x + 1);
  */
  while(unknown1()) {
    /*@
      loop invariant w >= 1;
      loop invariant z <= x + y;
      loop invariant x >= 0;
      loop invariant y >= 0;
      loop invariant x <= y + 1 && y <= x + 1;
    */
    while(unknown2()) {
      if(w % 2 == 1) x++;
      if(z % 2 == 0) y++;
    }
            
    z = x + y;
    w = z + 1;
  }

  /*@ assert x == y; */
}

syntax Correct
Validate:
[True, True, True, True, True, True, True, True, True, False]

Goal Preservation of Invariant (file output/06.c, line 28):
Assume {
  Type: is_sint32(tmp_0) /\ is_sint32(tmp_0_0) /\ is_sint32(w) /\
      is_sint32(w_1) /\ is_sint32(x) /\ is_sint32(x_1) /\ is_sint32(x_2) /\
      is_sint32(x_3) /\ is_sint32(y) /\ is_sint32(y_1) /\ is_sint32(y_2) /\
      is_sint32(y_3) /\ is_sint32(z) /\ is_sint32(z_1).
  (* Invariant *)
  Have: ((1 + z_1) = w_1) \/
      ((w_1 = 1) /\ (x_3 = 0) /\ (y_3 = 0) /\ (z_1 = 0)).
  (* Then *)
  Have: tmp_0_0 != 0.
  (* Invariant *)
  Have: 0 < w_1.
  (* Invariant *)
  Have: z_1 <= (x_3 + y_3).
  (* Invariant *)
  Have: 0 <= x_3.
  (* Invariant *)
  Have: 0 <= y_3.
  (* Invariant *)
  Have: (x_3 <= (1 + y_3)) /\ (y_3 <= (1 + x_3)).
  (* Invariant *)
  Have: 0 < w.
  (* Invariant *)
  Have: z <= (x_2 + y_2).
  (* Invariant *)
  Have: 0 <= x_2.
  (* Invariant *)
  Have: 0 <= y_2.
  (* Invariant *)
  Have: (x_2 <= (1 + y_2)) /\ (y_2 <= (1 + x_2)).
  (* Then *)
  Have: tmp_0 != 0.
  If (w % 2) = 1
  Then { Have: x_2 = x_1. Have: (1 + x_1) = x. }
  Else { Have: x_2 = x. }
  If (z % 2) = 0
  Then { Have: y_2 = y_1. Have: (1 + y_1) = y. }
  Else { Have: y_2 = y. }
  (* Invariant *)
  Have: z <= (x + y).
  (* Invariant *)
  Have: 0 <= x.
  (* Invariant *)
  Have: 0 <= y.
}
Prove: (x <= (1 + y)) /\ (y <= (1 + x)).
Prover Z3 4.8.12 returns Timeout (Qed:74ms) (3s)
Error found in file: output/06.c at line: 28
Error line content: loop invariant x <= y + 1 && y <= x + 1;

Verify:
[False]

Goal Assertion (file output/06.c, line 39):
Assume {
  Type: is_sint32(w) /\ is_sint32(x) /\ is_sint32(y) /\ is_sint32(z).
  (* Invariant *)
  Have: ((w = 1) /\ (x = 0) /\ (y = 0) /\ (z = 0)) \/
      (((1 + z) = w) /\ (0 < w)).
  (* Invariant *)
  Have: (z <= (x + y)) \/ ((w = 1) /\ (x = 0) /\ (y = 0) /\ (z = 0)).
  (* Invariant *)
  Have: (0 <= x) \/ ((w = 1) /\ (x = 0) /\ (y = 0) /\ (z = 0)).
  (* Invariant *)
  Have: (0 <= y) \/ ((w = 1) /\ (x = 0) /\ (y = 0) /\ (z = 0)).
  (* Invariant *)
  Have: ((w = 1) /\ (x = 0) /\ (y = 0) /\ (z = 0)) \/
      ((x <= (1 + y)) /\ (y <= (1 + x))).
}
Prove: y = x.
Prover Z3 4.8.12 returns Timeout (Qed:6ms) (3s)
Error found in file: output/06.c at line: 39
Error line content: /*@ assert x == y; */

syntax Correct
Validate:
[True, True, True, True, True, True, True, True, True, False]

Goal Preservation of Invariant (file output/06.c, line 28):
Assume {
  Type: is_sint32(tmp_0) /\ is_sint32(tmp_0_0) /\ is_sint32(w) /\
      is_sint32(w_1) /\ is_sint32(x) /\ is_sint32(x_1) /\ is_sint32(x_2) /\
      is_sint32(x_3) /\ is_sint32(y) /\ is_sint32(y_1) /\ is_sint32(y_2) /\
      is_sint32(y_3) /\ is_sint32(z) /\ is_sint32(z_1).
  (* Invariant *)
  Have: ((1 + z_1) = w_1) \/
      ((w_1 = 1) /\ (x_3 = 0) /\ (y_3 = 0) /\ (z_1 = 0)).
  (* Then *)
  Have: tmp_0_0 != 0.
  (* Invariant *)
  Have: 0 < w_1.
  (* Invariant *)
  Have: z_1 <= (x_3 + y_3).
  (* Invariant *)
  Have: 0 <= x_3.
  (* Invariant *)
  Have: 0 <= y_3.
  (* Invariant *)
  Have: (x_3 <= (1 + y_3)) /\ (y_3 <= (1 + x_3)).
  (* Invariant *)
  Have: 0 < w.
  (* Invariant *)
  Have: z <= (x_2 + y_2).
  (* Invariant *)
  Have: 0 <= x_2.
  (* Invariant *)
  Have: 0 <= y_2.
  (* Invariant *)
  Have: (x_2 <= (1 + y_2)) /\ (y_2 <= (1 + x_2)).
  (* Then *)
  Have: tmp_0 != 0.
  If (w % 2) = 1
  Then { Have: x_2 = x_1. Have: (1 + x_1) = x. }
  Else { Have: x_2 = x. }
  If (z % 2) = 0
  Then { Have: y_2 = y_1. Have: (1 + y_1) = y. }
  Else { Have: y_2 = y. }
  (* Invariant *)
  Have: z <= (x + y).
  (* Invariant *)
  Have: 0 <= x.
  (* Invariant *)
  Have: 0 <= y.
}
Prove: (x <= (1 + y)) /\ (y <= (1 + x)).
Prover Z3 4.8.12 returns Timeout (Qed:74ms) (3s)
Error found in file: output/06.c at line: 28
Error line content: loop invariant x <= y + 1 && y <= x + 1;

Verify:
[False]

Goal Assertion (file output/06.c, line 39):
Assume {
  Type: is_sint32(w) /\ is_sint32(x) /\ is_sint32(y) /\ is_sint32(z).
  (* Invariant *)
  Have: ((w = 1) /\ (x = 0) /\ (y = 0) /\ (z = 0)) \/
      (((1 + z) = w) /\ (0 < w)).
  (* Invariant *)
  Have: (z <= (x + y)) \/ ((w = 1) /\ (x = 0) /\ (y = 0) /\ (z = 0)).
  (* Invariant *)
  Have: (0 <= x) \/ ((w = 1) /\ (x = 0) /\ (y = 0) /\ (z = 0)).
  (* Invariant *)
  Have: (0 <= y) \/ ((w = 1) /\ (x = 0) /\ (y = 0) /\ (z = 0)).
  (* Invariant *)
  Have: ((w = 1) /\ (x = 0) /\ (y = 0) /\ (z = 0)) \/
      ((x <= (1 + y)) /\ (y <= (1 + x))).
}
Prove: y = x.
Prover Z3 4.8.12 returns Timeout (Qed:6ms) (3s)
Error found in file: output/06.c at line: 39
Error line content: /*@ assert x == y; */

[(293, 427, 0), (321, 393, 1)]
[(293, 427, 0), (321, 393, 1)]
[(293, 427, 0), (321, 393, 1)]
[(293, 427, 0), (321, 393, 1)]
Loop 1 : Inner
Loop 0 : Outer
Sorted indices: [1, 0]
File found: ../sac_c_parser/test/../ip_postcond/goal/06_goal.v. Deleting the file.
File found: ../sac_c_parser/test/../ip_postcond/goal/06_proof_auto.v. Deleting the file.
File found: ../sac_c_parser/test/../ip_postcond/goal/06_proof_manual.v. Deleting the file.
LoopEntry_0:
(y == 0) * (x == 0) * (z == 0) * (w == 1)
LoopEntry_1:
exists retval_40, retval_40 != 0 && retval_40 <= INT_MAX && retval_40 > INT_MIN && (y == 0) * (x == 0) * (z == 0) * (w == 1)

Successfully generated loop/06.json
INNER_FLAG: True
Variable Maps: [{'y': '0', 'x': '0', 'z': '0', 'w': '1'}]
Path conditions: [None]
Pre condition: exists retval_40, retval_40 != 0 && retval_40 <= INT_MAX && retval_40 > INT_MIN && (y == 0) * (x == 0) * (z == 0) * (w == 1)
Loop Condition: unknown2()
Updated Loop Conditions: ['unknown2()']
Global Unchanged Variables ['z', 'w']
Non Inductive Variables []
[{'y': '0', 'x': '0', 'z': '0', 'w': '1'}]
[None]

int unknown1();
int unknown2();

void foo()
{
  int w = 1;
  int z = 0;
  int x = 0;
  int y = 0;

  
  while(unknown1()) {
	  
    
            
    /* >>> LOOP INVARIANT TO FILL <<< 
       >>> PRECONDITION OF THE LOOP : exists retval_40, retval_40 != 0 && retval_40 <= INT_MAX && retval_40 > INT_MIN && (y == 0) * (x == 0) * (z == 0) * (w == 1) <<< */
    
            /*@
          loop invariant PLACE_HOLDER_w ;
          loop invariant PLACE_HOLDER_z ;
          loop invariant PLACE_HOLDER_x ;
          loop invariant PLACE_HOLDER_y ;
            */
            while(unknown2()){
      if(w%2 == 1) x++;
      if(z%2 == 0) y++;
    }
            
    z = x + y;
    w = z + 1;
  }

   /*@ assert x == y; */
}

To analyze the given C loop program and generate the necessary loop invariants, let's break down the task as specified.

### Analysis:

#### a. Purpose and Structure of the Loop:
- **Objective**:
  The loop seems to be performing operations involving four variables: `w`, `z`, `x`, and `y`. The inner loop modifies `x` and `y` based on conditions involving `w` and `z`. The outer loop updates `z` and `w` with new values based on `x` and `y`. The intended outcome of the loop is to reach a state where `x == y`, which is asserted after the loop concludes.
  
- **Structure**:
  - **Outer Loop Condition**: The loop continues as long as `unknown1()` returns a non-zero value.
  - **Inner Loop Condition**: The loop continues as long as `unknown2()` returns a non-zero value.
  - **Body Operations**:
    - Inside the inner loop, `x` is incremented if `w` is odd, and `y` is incremented if `z` is even.
    - After the inner loop, `z` is updated to be the sum of `x` and `y`, and `w` is updated to be `z + 1`.
  - **Relevant Variables**: `w`, `z`, `x`, `y`.

#### b. Discussion of the Loop Invariant:
The loop invariants must reflect conditions that stay true throughout each iteration of the outer loop and ensure `x == y` in the end.

#### c. Establishment:
The pre-condition establishes the initial values of `w`, `z`, `x`, `y`, which make the invariants true before the loop begins.

#### d. Preservation:
The invariants must be designed such that they remain true at the end of each iteration of the outer loop, given they were true at the start and the loop continues.

#### e. Termination Analysis of the Loop:
When the loop terminates, the invariants must hold true, and along with the negation of the loop condition, ensure the post-condition (`x == y`) is met.

#### f. Correctness of the Post-condition:
Upon loop termination, the invariants will ensure `x == y`, guaranteeing the correctness of the assertion `x == y`.

#### g. Implication of the Pre-condition:
The pre-condition implies the invariants by setting initial values that satisfy the invariants from the start.

### Filled-in C Loop Program:

```c
int unknown1();
int unknown2();

void foo()
{
  int w = 1;
  int z = 0;
  int x = 0;
  int y = 0;

  
  while(unknown1()) {
	  
    
            
    /* >>> LOOP INVARIANT TO FILL <<< 
       >>> PRECONDITION OF THE LOOP : exists retval_40, retval_40 != 0 && retval_40 <= INT_MAX && retval_40 > INT_MIN && (y == 0) * (x == 0) * (z == 0) * (w == 1) <<< */
    
            /*@
          loop invariant w == z + 1 ;
          loop invariant z == x + y ;
          loop invariant x == y ;
          loop invariant y >= 0 ;
            */
            while(unknown2()){
      if(w%2 == 1) x++;
      if(z%2 == 0) y++;
    }
            
    z = x + y;
    w = z + 1;
  }

   /*@ assert x == y; */
}
```

These invariants ensure that the relation between the variables `w`, `z`, `x`, and `y` is maintained throughout the execution of the loop, ultimately proving the assertion `x == y` when the loop ends.

int unknown1();
int unknown2();

void foo()
{
  int w = 1;
  int z = 0;
  int x = 0;
  int y = 0;

  
  while(unknown1()) {
	  
    
            
            /*@
          loop invariant w == z + 1 ;
          loop invariant z == x + y ;
          loop invariant x == y ;
          loop invariant y >= 0 ;
            */
            while(unknown2()){
      if(w%2 == 1) x++;
      if(z%2 == 0) y++;
    }
            
    z = x + y;
    w = z + 1;
  }

   /*@ assert x == y; */
}


int unknown1();
int unknown2();

void foo()
{
  int w = 1;
  int z = 0;
  int x = 0;
  int y = 0;

  
  while(unknown1()) {
	  
    
            
            /*@
          loop invariant w == z + 1 ;
          loop invariant z == x + y ;
          loop invariant x == y ;
          loop invariant y >= 0 ;
            */
            while(unknown2()){
      if(w%2 == 1) x++;
      if(z%2 == 0) y++;
    }
            
    z = x + y;
    w = z + 1;
  }

   /*@ assert x == y; */
}

INNER_FLAG: False
Variable Maps: [{'y': '0', 'x': '0', 'z': '0', 'w': '1'}]
Path conditions: [None]
Pre condition: (y == 0) * (x == 0) * (z == 0) * (w == 1)
Loop Condition: unknown1()
Updated Loop Conditions: ['unknown1()']
Global Unchanged Variables []
Non Inductive Variables ['z', 'w']
[{'y': '0', 'x': '0', 'z': '0', 'w': '1'}]
[None]

            
    /* >>> LOOP INVARIANT TO FILL <<< 
       >>> PRECONDITION OF THE LOOP : (y == 0) * (x == 0) * (z == 0) * (w == 1) <<< */
    
            /*@
            */
            while(unknown1()) {
	  
    
            
            /*@
          loop invariant w == z + 1 ;
          loop invariant z == x + y ;
          loop invariant x == y ;
          loop invariant y >= 0 ;
            */
            while(unknown2()){
      if(w%2 == 1) x++;
      if(z%2 == 0) y++;
    }
            
    z = x + y;
    w = z + 1;
  }
            

            
    /* >>> LOOP INVARIANT TO FILL <<< 
       >>> PRECONDITION OF THE LOOP : (y == 0) * (x == 0) * (z == 0) * (w == 1) <<< */
    
            /*@
          loop invariant  ((y == 0)&&(x == 0)&&(z == 0)&&(w == 1)) || (PLACE_HOLDER_w) ;
          loop invariant  ((y == 0)&&(x == 0)&&(z == 0)&&(w == 1)) || (PLACE_HOLDER_z) ;
          loop invariant  ((y == 0)&&(x == 0)&&(z == 0)&&(w == 1)) || (PLACE_HOLDER_x) ;
          loop invariant  ((y == 0)&&(x == 0)&&(z == 0)&&(w == 1)) || (PLACE_HOLDER_y) ;
            */
            while(unknown1()) {
	  
    
            
            /*@
          loop invariant w == z + 1 ;
          loop invariant z == x + y ;
          loop invariant x == y ;
          loop invariant y >= 0 ;
            */
            while(unknown2()){
      if(w%2 == 1) x++;
      if(z%2 == 0) y++;
    }
            
    z = x + y;
    w = z + 1;
  }
            

int unknown1();
int unknown2();

void foo()
{
  int w = 1;
  int z = 0;
  int x = 0;
  int y = 0;

  
  
            
    /* >>> LOOP INVARIANT TO FILL <<< 
       >>> PRECONDITION OF THE LOOP : (y == 0) * (x == 0) * (z == 0) * (w == 1) <<< */
    
            /*@
          loop invariant  ((y == 0)&&(x == 0)&&(z == 0)&&(w == 1)) || (PLACE_HOLDER_w) ;
          loop invariant  ((y == 0)&&(x == 0)&&(z == 0)&&(w == 1)) || (PLACE_HOLDER_z) ;
          loop invariant  ((y == 0)&&(x == 0)&&(z == 0)&&(w == 1)) || (PLACE_HOLDER_x) ;
          loop invariant  ((y == 0)&&(x == 0)&&(z == 0)&&(w == 1)) || (PLACE_HOLDER_y) ;
            */
            while(unknown1()) {
	  
    
            
            /*@
          loop invariant w == z + 1 ;
          loop invariant z == x + y ;
          loop invariant x == y ;
          loop invariant y >= 0 ;
            */
            while(unknown2()){
      if(w%2 == 1) x++;
      if(z%2 == 0) y++;
    }
            
    z = x + y;
    w = z + 1;
  }
            

   /*@ assert x == y; */
}

Here's the filled C loop program with invariant annotations:

```c
int unknown1();
int unknown2();

void foo()
{
  int w = 1;
  int z = 0;
  int x = 0;
  int y = 0;

  /* >>> LOOP INVARIANT TO FILL <<< 
     >>> PRECONDITION OF THE LOOP : (y == 0) * (x == 0) * (z == 0) * (w == 1) <<< */
  
  /*@
    loop invariant  ((y == 0)&&(x == 0)&&(z == 0)&&(w == 1)) || (w == z + 1) ;
    loop invariant  ((y == 0)&&(x == 0)&&(z == 0)&&(w == 1)) || (z == x + y) ;
    loop invariant  ((y == 0)&&(x == 0)&&(z == 0)&&(w == 1)) || (x == y) ;
    loop invariant  ((y == 0)&&(x == 0)&&(z == 0)&&(w == 1)) || (y >= 0) ;
  */
  while(unknown1()) {

    /*@
      loop invariant w == z + 1 ;
      loop invariant z == x + y ;
      loop invariant x == y ;
      loop invariant y >= 0 ;
    */
    while(unknown2()){
      if(w%2 == 1) x++;
      if(z%2 == 0) y++;
    }
    
    z = x + y;
    w = z + 1;
  }

  /*@ assert x == y; */
}
```

int unknown1();
int unknown2();

void foo()
{
  int w = 1;
  int z = 0;
  int x = 0;
  int y = 0;

  /* >>> LOOP INVARIANT TO FILL <<< 
     >>> PRECONDITION OF THE LOOP : (y == 0) * (x == 0) * (z == 0) * (w == 1) <<< */
  
  /*@
    loop invariant  ((y == 0)&&(x == 0)&&(z == 0)&&(w == 1)) || (w == z + 1) ;
    loop invariant  ((y == 0)&&(x == 0)&&(z == 0)&&(w == 1)) || (z == x + y) ;
    loop invariant  ((y == 0)&&(x == 0)&&(z == 0)&&(w == 1)) || (x == y) ;
    loop invariant  ((y == 0)&&(x == 0)&&(z == 0)&&(w == 1)) || (y >= 0) ;
  */
  while(unknown1()) {

    /*@
      loop invariant w == z + 1 ;
      loop invariant z == x + y ;
      loop invariant x == y ;
      loop invariant y >= 0 ;
    */
    while(unknown2()){
      if(w%2 == 1) x++;
      if(z%2 == 0) y++;
    }
    
    z = x + y;
    w = z + 1;
  }

  /*@ assert x == y; */
}


int unknown1();
int unknown2();

void foo()
{
  int w = 1;
  int z = 0;
  int x = 0;
  int y = 0;

  /* >>> LOOP INVARIANT TO FILL <<< 
     >>> PRECONDITION OF THE LOOP : (y == 0) * (x == 0) * (z == 0) * (w == 1) <<< */
  
  /*@
    loop invariant  ((y == 0)&&(x == 0)&&(z == 0)&&(w == 1)) || (w == z + 1) ;
    loop invariant  ((y == 0)&&(x == 0)&&(z == 0)&&(w == 1)) || (z == x + y) ;
    loop invariant  ((y == 0)&&(x == 0)&&(z == 0)&&(w == 1)) || (x == y) ;
    loop invariant  ((y == 0)&&(x == 0)&&(z == 0)&&(w == 1)) || (y >= 0) ;
  */
  while(unknown1()) {

    /*@
      loop invariant w == z + 1 ;
      loop invariant z == x + y ;
      loop invariant x == y ;
      loop invariant y >= 0 ;
    */
    while(unknown2()){
      if(w%2 == 1) x++;
      if(z%2 == 0) y++;
    }
    
    z = x + y;
    w = z + 1;
  }

  /*@ assert x == y; */
}

syntax Correct
Validate:
[True, True, True, True, True, False, True, True]

Goal Preservation of Invariant (file output/06.c, line 25):
Let x_3 = 2 * y.
Let x_4 = x_3 - 1.
Let x_5 = 2 * x_2.
Assume {
  Type: is_sint32(tmp_0) /\ is_sint32(tmp_0_0) /\ is_sint32(x) /\
      is_sint32(x_1) /\ is_sint32(x_2) /\ is_sint32(y) /\ is_sint32(x_5) /\
      is_sint32(y - 1) /\ is_sint32(x_3 - 2) /\ is_sint32(x_4) /\
      is_sint32(1 + x_5).
  (* Then *)
  Have: tmp_0_0 != 0.
  (* Invariant *)
  Have: 0 <= x_2.
  (* Invariant *)
  Have: 0 < y.
  (* Then *)
  Have: tmp_0 != 0.
  If (x_4 % 2) = 1
  Then { Let x_6 = 1 + x_1. Have: x_6 = y. Have: x_6 = x. }
  Else { Have: (1 + x) = y. }
}
Prove: (2 + x) = y.
Prover Z3 4.8.12 returns Timeout (Qed:39ms) (3s)
Error found in file: output/06.c at line: 25
Error line content: loop invariant z == x + y ;

Verify:
[True]


int unknown1();
int unknown2();

void foo()
{
  int w = 1;
  int z = 0;
  int x = 0;
  int y = 0;

  /* >>> LOOP INVARIANT TO FILL <<< 
     >>> PRECONDITION OF THE LOOP : (y == 0) * (x == 0) * (z == 0) * (w == 1) <<< */
  
  /*@
    loop invariant  ((y == 0)&&(x == 0)&&(z == 0)&&(w == 1)) || (w == z + 1) ;
    loop invariant  ((y == 0)&&(x == 0)&&(z == 0)&&(w == 1)) || (z == x + y) ;
    loop invariant  ((y == 0)&&(x == 0)&&(z == 0)&&(w == 1)) || (x == y) ;
    loop invariant  ((y == 0)&&(x == 0)&&(z == 0)&&(w == 1)) || (y >= 0) ;
  */
  while(unknown1()) {

    /*@
      loop invariant w == z + 1 ;
      loop invariant z == x + y  [INVARIANT FAILED] ;
      loop invariant x == y ;
      loop invariant y >= 0 ;
    */
    while(unknown2()){
      if(w%2 == 1) x++;
      if(z%2 == 0) y++;
    }
    
    z = x + y;
    w = z + 1;
  }

  /*@ assert x == y; */
}

### Error Analysis:

The error "Goal Preservation of Invariant" indicates that the invariant `z == x + y` is not preserved across iterations. This specific invariant suggests that at each iteration, the sum of `x` and `y` should equal `z`. However, given the operations within the inner loop, where `x` and `y` are incremented conditionally, this invariant fails to hold consistently.

The loop contains nested conditions based on modulo operations (`w % 2` and `z % 2`). These operations can cause the invariant `z == x + y` to fail, as they alter `x` and `y` independently without ensuring their sum remains equal to `z`.

To address this, we can replace the equality constraint `z == x + y` with a range constraint that accommodates the potential changes in `x` and `y` due to the modulo-based conditions. Instead of asserting a strict equality, we can state that `z` is at least as great as the sum of `x` and `y`, which is a weaker condition and allows for flexibility in how `x` and `y` are modified.

### Fixed C Code:

```c
int unknown1();
int unknown2();

void foo()
{
  int w = 1;
  int z = 0;
  int x = 0;
  int y = 0;

  /* >>> LOOP INVARIANT TO FILL <<< 
     >>> PRECONDITION OF THE LOOP : (y == 0) * (x == 0) * (z == 0) * (w == 1) <<< */
  
  /*@
    loop invariant  ((y == 0)&&(x == 0)&&(z == 0)&&(w == 1)) || (w == z + 1) ;
    loop invariant  ((y == 0)&&(x == 0)&&(z == 0)&&(w == 1)) || (z >= x + y) ;
    loop invariant  ((y == 0)&&(x == 0)&&(z == 0)&&(w == 1)) || (x == y) ;
    loop invariant  ((y == 0)&&(x == 0)&&(z == 0)&&(w == 1)) || (y >= 0) ;
  */
  while(unknown1()) {

    /*@
      loop invariant w == z + 1 ;
      loop invariant z >= x + y ;
      loop invariant x == y ;
      loop invariant y >= 0 ;
    */
    while(unknown2()){
      if(w%2 == 1) x++;
      if(z%2 == 0) y++;
    }
    
    z = x + y;
    w = z + 1;
  }

  /*@ assert x == y; */
}
```

This modification weakens the invariant `z == x + y` to `z >= x + y`, allowing for the potential discrepancies introduced by the conditional increments within the inner loop. This ensures that the invariant is preserved across iterations without compromising the correctness of the post-condition `x == y`.
after weaken

int unknown1();
int unknown2();

void foo()
{
  int w = 1;
  int z = 0;
  int x = 0;
  int y = 0;

  /* >>> LOOP INVARIANT TO FILL <<< 
     >>> PRECONDITION OF THE LOOP : (y == 0) * (x == 0) * (z == 0) * (w == 1) <<< */
  
  /*@
    loop invariant  ((y == 0)&&(x == 0)&&(z == 0)&&(w == 1)) || (w == z + 1) ;
    loop invariant  ((y == 0)&&(x == 0)&&(z == 0)&&(w == 1)) || (z >= x + y) ;
    loop invariant  ((y == 0)&&(x == 0)&&(z == 0)&&(w == 1)) || (x == y) ;
    loop invariant  ((y == 0)&&(x == 0)&&(z == 0)&&(w == 1)) || (y >= 0) ;
  */
  while(unknown1()) {

    /*@
      loop invariant w == z + 1 ;
      loop invariant z >= x + y ;
      loop invariant x == y ;
      loop invariant y >= 0 ;
    */
    while(unknown2()){
      if(w%2 == 1) x++;
      if(z%2 == 0) y++;
    }
    
    z = x + y;
    w = z + 1;
  }

  /*@ assert x == y; */
}

syntax Correct
Validate:
[True, True, True, True, True, False, True, True]

Goal Preservation of Invariant (file output/06.c, line 25):
Let x_3 = w - 1.
Assume {
  Type: is_sint32(tmp_0) /\ is_sint32(tmp_0_0) /\ is_sint32(w) /\
      is_sint32(x) /\ is_sint32(x_1) /\ is_sint32(x_2) /\ is_sint32(y) /\
      is_sint32(z) /\ is_sint32(x_3) /\ is_sint32(1 + z).
  (* Then *)
  Have: tmp_0_0 != 0.
  (* Invariant *)
  Have: (2 * x_2) <= z.
  (* Invariant *)
  Have: 0 <= x_2.
  (* Invariant *)
  Have: (2 * x_1) < w.
  (* Invariant *)
  Have: 0 <= x_1.
  (* Then *)
  Have: tmp_0 != 0.
  If (w % 2) = 1
  Then { Have: (1 + x_1) = x. }
  Else { Have: x_1 = x. }
  If (x_3 % 2) = 0
  Then { Have: (1 + x_1) = y. }
  Else { Have: y = x_1. }
}
Prove: (x + y) < w.
Prover Z3 4.8.12 returns Timeout (Qed:92ms) (3s)
Error found in file: output/06.c at line: 25
Error line content: loop invariant z >= x + y ;

Verify:
[True]


int unknown1();
int unknown2();

void foo()
{
  int w = 1;
  int z = 0;
  int x = 0;
  int y = 0;

  /* >>> LOOP INVARIANT TO FILL <<< 
     >>> PRECONDITION OF THE LOOP : (y == 0) * (x == 0) * (z == 0) * (w == 1) <<< */
  
  /*@
    loop invariant  ((y == 0)&&(x == 0)&&(z == 0)&&(w == 1)) || (w == z + 1) ;
    loop invariant  ((y == 0)&&(x == 0)&&(z == 0)&&(w == 1)) || (z >= x + y) ;
    loop invariant  ((y == 0)&&(x == 0)&&(z == 0)&&(w == 1)) || (x == y) ;
    loop invariant  ((y == 0)&&(x == 0)&&(z == 0)&&(w == 1)) || (y >= 0) ;
  */
  while(unknown1()) {

    /*@
      loop invariant w == z + 1 ;
      loop invariant z >= x + y  [INVARIANT FAILED] ;
      loop invariant x == y ;
      loop invariant y >= 0 ;
    */
    while(unknown2()){
      if(w%2 == 1) x++;
      if(z%2 == 0) y++;
    }
    
    z = x + y;
    w = z + 1;
  }

  /*@ assert x == y; */
}

### Error Analysis:

The error indicates that the loop invariant `z >= x + y` fails to be preserved during iterations. The issue arises because the equality `z == x + y` is used for updating `z` at the end of each iteration, which contradicts the preserved invariant `z >= x + y`. Given the operations within the nested loop involve conditional increments on `x` and `y` based on modulo conditions, using a strict equality constraint is problematic. Hence, we need to replace the equality constraint with a range constraint that allows for the variations introduced by the modulo operations.

### Fixed C Code:

```c
int unknown1();
int unknown2();

void foo()
{
  int w = 1;
  int z = 0;
  int x = 0;
  int y = 0;

  /* >>> LOOP INVARIANT TO FILL <<< 
     >>> PRECONDITION OF THE LOOP : (y == 0) * (x == 0) * (z == 0) * (w == 1) <<< */
  
  /*@
    loop invariant  ((y == 0)&&(x == 0)&&(z == 0)&&(w == 1)) || (w == z + 1) ;
    loop invariant  ((y == 0)&&(x == 0)&&(z == 0)&&(w == 1)) || (z <= x + y + 1) ;
    loop invariant  ((y == 0)&&(x == 0)&&(z == 0)&&(w == 1)) || (x == y) ;
    loop invariant  ((y == 0)&&(x == 0)&&(z == 0)&&(w == 1)) || (y >= 0) ;
  */
  while(unknown1()) {

    /*@
      loop invariant w == z + 1 ;
      loop invariant z <= x + y + 1 ;
      loop invariant x == y ;
      loop invariant y >= 0 ;
    */
    while(unknown2()){
      if(w%2 == 1) x++;
      if(z%2 == 0) y++;
    }
    
    z = x + y;
    w = z + 1;
  }

  /*@ assert x == y; */
}
```
after weaken

int unknown1();
int unknown2();

void foo()
{
  int w = 1;
  int z = 0;
  int x = 0;
  int y = 0;

  /* >>> LOOP INVARIANT TO FILL <<< 
     >>> PRECONDITION OF THE LOOP : (y == 0) * (x == 0) * (z == 0) * (w == 1) <<< */
  
  /*@
    loop invariant  ((y == 0)&&(x == 0)&&(z == 0)&&(w == 1)) || (w == z + 1) ;
    loop invariant  ((y == 0)&&(x == 0)&&(z == 0)&&(w == 1)) || (z <= x + y + 1) ;
    loop invariant  ((y == 0)&&(x == 0)&&(z == 0)&&(w == 1)) || (x == y) ;
    loop invariant  ((y == 0)&&(x == 0)&&(z == 0)&&(w == 1)) || (y >= 0) ;
  */
  while(unknown1()) {

    /*@
      loop invariant w == z + 1 ;
      loop invariant z <= x + y + 1 ;
      loop invariant x == y ;
      loop invariant y >= 0 ;
    */
    while(unknown2()){
      if(w%2 == 1) x++;
      if(z%2 == 0) y++;
    }
    
    z = x + y;
    w = z + 1;
  }

  /*@ assert x == y; */
}

syntax Correct
Validate:
[True, True, True, True, True, True, False, True]

Goal Preservation of Invariant (file output/06.c, line 26):
Let x_3 = 1 + z.
Assume {
  Type: is_sint32(tmp_0) /\ is_sint32(tmp_0_0) /\ is_sint32(x) /\
      is_sint32(x_1) /\ is_sint32(x_2) /\ is_sint32(y) /\ is_sint32(z) /\
      is_sint32(z_1) /\ is_sint32(x_3) /\ is_sint32(1 + z_1).
  (* Then *)
  Have: tmp_0_0 != 0.
  (* Invariant *)
  Have: z_1 <= (1 + (2 * x_2)).
  (* Invariant *)
  Have: 0 <= x_2.
  (* Invariant *)
  Have: z <= (1 + (2 * x_1)).
  (* Invariant *)
  Have: 0 <= x_1.
  (* Then *)
  Have: tmp_0 != 0.
  If (x_3 % 2) = 1
  Then { Have: (1 + x_1) = x. }
  Else { Have: x_1 = x. }
  If (z % 2) = 0
  Then { Have: (1 + x_1) = y. }
  Else { Have: y = x_1. }
  (* Invariant *)
  Have: z <= (1 + x + y).
}
Prove: y = x.
Prover Z3 4.8.12 returns Timeout (Qed:98ms) (3s)
Error found in file: output/06.c at line: 26
Error line content: loop invariant x == y ;

Verify:
[True]


int unknown1();
int unknown2();

void foo()
{
  int w = 1;
  int z = 0;
  int x = 0;
  int y = 0;

  /* >>> LOOP INVARIANT TO FILL <<< 
     >>> PRECONDITION OF THE LOOP : (y == 0) * (x == 0) * (z == 0) * (w == 1) <<< */
  
  /*@
    loop invariant  ((y == 0)&&(x == 0)&&(z == 0)&&(w == 1)) || (w == z + 1) ;
    loop invariant  ((y == 0)&&(x == 0)&&(z == 0)&&(w == 1)) || (z <= x + y + 1) ;
    loop invariant  ((y == 0)&&(x == 0)&&(z == 0)&&(w == 1)) || (x == y) ;
    loop invariant  ((y == 0)&&(x == 0)&&(z == 0)&&(w == 1)) || (y >= 0) ;
  */
  while(unknown1()) {

    /*@
      loop invariant w == z + 1 ;
      loop invariant z <= x + y + 1 ;
      loop invariant x == y  [INVARIANT FAILED] ;
      loop invariant y >= 0 ;
    */
    while(unknown2()){
      if(w%2 == 1) x++;
      if(z%2 == 0) y++;
    }
    
    z = x + y;
    w = z + 1;
  }

  /*@ assert x == y; */
}

### Error Analysis:

The error indicates a problem with the preservation of the invariant `x == y`. The operations within the inner loop can increment `x` and `y` independently based on the conditions involving `w` and `z`. This suggests that `x` and `y` may not always be equal during loop iterations, especially since both variables can be incremented independently. Given the modulo operations in the branch conditions, using constraints related to modulo arithmetic or ranges may be more appropriate than strict equality.

### Fixed C Code:

```c
int unknown1();
int unknown2();

void foo()
{
  int w = 1;
  int z = 0;
  int x = 0;
  int y = 0;

  /* >>> LOOP INVARIANT TO FILL <<< 
     >>> PRECONDITION OF THE LOOP : (y == 0) * (x == 0) * (z == 0) * (w == 1) <<< */
  
  /*@
    loop invariant  ((y == 0)&&(x == 0)&&(z == 0)&&(w == 1)) || (w == z + 1) ;
    loop invariant  ((y == 0)&&(x == 0)&&(z == 0)&&(w == 1)) || (z <= x + y + 1) ;
    loop invariant  ((y == 0)&&(x == 0)&&(z == 0)&&(w == 1)) || (x % 2 == y % 2) ;
    loop invariant  ((y == 0)&&(x == 0)&&(z == 0)&&(w == 1)) || (y >= 0) ;
  */
  while(unknown1()) {

    /*@
      loop invariant w == z + 1 ;
      loop invariant z <= x + y + 1 ;
      loop invariant x % 2 == y % 2 ;
      loop invariant y >= 0 ;
    */
    while(unknown2()){
      if(w%2 == 1) x++;
      if(z%2 == 0) y++;
    }
    
    z = x + y;
    w = z + 1;
  }

  /*@ assert x == y; */
}
```
after weaken

int unknown1();
int unknown2();

void foo()
{
  int w = 1;
  int z = 0;
  int x = 0;
  int y = 0;

  /* >>> LOOP INVARIANT TO FILL <<< 
     >>> PRECONDITION OF THE LOOP : (y == 0) * (x == 0) * (z == 0) * (w == 1) <<< */
  
  /*@
    loop invariant  ((y == 0)&&(x == 0)&&(z == 0)&&(w == 1)) || (w == z + 1) ;
    loop invariant  ((y == 0)&&(x == 0)&&(z == 0)&&(w == 1)) || (z <= x + y + 1) ;
    loop invariant  ((y == 0)&&(x == 0)&&(z == 0)&&(w == 1)) || (x % 2 == y % 2) ;
    loop invariant  ((y == 0)&&(x == 0)&&(z == 0)&&(w == 1)) || (y >= 0) ;
  */
  while(unknown1()) {

    /*@
      loop invariant w == z + 1 ;
      loop invariant z <= x + y + 1 ;
      loop invariant x % 2 == y % 2 ;
      loop invariant y >= 0 ;
    */
    while(unknown2()){
      if(w%2 == 1) x++;
      if(z%2 == 0) y++;
    }
    
    z = x + y;
    w = z + 1;
  }

  /*@ assert x == y; */
}

syntax Correct
Validate:
[True, True, True, True, True, True, False, True]

Goal Preservation of Invariant (file output/06.c, line 26):
Let x_4 = 1 + z.
Assume {
  Type: is_sint32(tmp_0) /\ is_sint32(tmp_0_0) /\ is_sint32(x) /\
      is_sint32(x_1) /\ is_sint32(x_2) /\ is_sint32(x_3) /\ is_sint32(y) /\
      is_sint32(y_1) /\ is_sint32(y_2) /\ is_sint32(y_3) /\ is_sint32(z) /\
      is_sint32(z_1) /\ is_sint32(x_4) /\ is_sint32(1 + z_1).
  (* Then *)
  Have: tmp_0_0 != 0.
  (* Invariant *)
  Have: z_1 <= (1 + x_3 + y_3).
  (* Invariant *)
  Have: (y_3 % 2) = (x_3 % 2).
  (* Invariant *)
  Have: 0 <= y_3.
  (* Invariant *)
  Have: z <= (1 + x_2 + y_2).
  (* Invariant *)
  Have: (y_2 % 2) = (x_2 % 2).
  (* Invariant *)
  Have: 0 <= y_2.
  (* Then *)
  Have: tmp_0 != 0.
  If (x_4 % 2) = 1
  Then { Have: x_2 = x_1. Have: (1 + x_1) = x. }
  Else { Have: x_2 = x. }
  If (z % 2) = 0
  Then { Have: y_2 = y_1. Have: (1 + y_1) = y. }
  Else { Have: y_2 = y. }
  (* Invariant *)
  Have: z <= (1 + x + y).
}
Prove: (y % 2) = (x % 2).
Prover Z3 4.8.12 returns Timeout (Qed:58ms) (3s)
Error found in file: output/06.c at line: 26
Error line content: loop invariant x % 2 == y % 2 ;

Verify:
[False]

Goal Assertion (file output/06.c, line 38):
Assume {
  Type: is_sint32(w) /\ is_sint32(x) /\ is_sint32(y) /\ is_sint32(z).
  (* Invariant *)
  Have: ((1 + z) = w) \/ ((w = 1) /\ (x = 0) /\ (y = 0) /\ (z = 0)).
  (* Invariant *)
  Have: (z <= (1 + x + y)) \/ ((w = 1) /\ (x = 0) /\ (y = 0) /\ (z = 0)).
  (* Invariant *)
  Have: ((y % 2) = (x % 2)) \/ ((w = 1) /\ (x = 0) /\ (y = 0) /\ (z = 0)).
  (* Invariant *)
  Have: (0 <= y) \/ ((w = 1) /\ (x = 0) /\ (y = 0) /\ (z = 0)).
}
Prove: y = x.
Prover Z3 4.8.12 returns Timeout (Qed:6ms) (3s)
Error found in file: output/06.c at line: 38
Error line content: /*@ assert x == y; */

after hudini

int unknown1();
int unknown2();

void foo()
{
  int w = 1;
  int z = 0;
  int x = 0;
  int y = 0;

  /* >>> LOOP INVARIANT TO FILL <<< 
     >>> PRECONDITION OF THE LOOP : (y == 0) * (x == 0) * (z == 0) * (w == 1) <<< */
  
  /*@
    loop invariant  ((y == 0)&&(x == 0)&&(z == 0)&&(w == 1)) || (w == z + 1) ;
    loop invariant  ((y == 0)&&(x == 0)&&(z == 0)&&(w == 1)) || (z <= x + y + 1) ;
    loop invariant  ((y == 0)&&(x == 0)&&(z == 0)&&(w == 1)) || (x % 2 == y % 2) ;
    loop invariant  ((y == 0)&&(x == 0)&&(z == 0)&&(w == 1)) || (y >= 0) ;
  */
  while(unknown1()) {

    /*@
      loop invariant w == z + 1 ;
      loop invariant z <= x + y + 1 ;
      loop invariant x % 2 == y % 2 ;
      loop invariant y >= 0 ;
    */
    while(unknown2()){
      if(w%2 == 1) x++;
      if(z%2 == 0) y++;
    }
    
    z = x + y;
    w = z + 1;
  }

  /*@ assert x == y; */
}

syntax Correct
Validate:
[True, True, True, True, True, True, False, True]

Goal Preservation of Invariant (file output/06.c, line 26):
Let x_4 = 1 + z.
Assume {
  Type: is_sint32(tmp_0) /\ is_sint32(tmp_0_0) /\ is_sint32(x) /\
      is_sint32(x_1) /\ is_sint32(x_2) /\ is_sint32(x_3) /\ is_sint32(y) /\
      is_sint32(y_1) /\ is_sint32(y_2) /\ is_sint32(y_3) /\ is_sint32(z) /\
      is_sint32(z_1) /\ is_sint32(x_4) /\ is_sint32(1 + z_1).
  (* Then *)
  Have: tmp_0_0 != 0.
  (* Invariant *)
  Have: z_1 <= (1 + x_3 + y_3).
  (* Invariant *)
  Have: (y_3 % 2) = (x_3 % 2).
  (* Invariant *)
  Have: 0 <= y_3.
  (* Invariant *)
  Have: z <= (1 + x_2 + y_2).
  (* Invariant *)
  Have: (y_2 % 2) = (x_2 % 2).
  (* Invariant *)
  Have: 0 <= y_2.
  (* Then *)
  Have: tmp_0 != 0.
  If (x_4 % 2) = 1
  Then { Have: x_2 = x_1. Have: (1 + x_1) = x. }
  Else { Have: x_2 = x. }
  If (z % 2) = 0
  Then { Have: y_2 = y_1. Have: (1 + y_1) = y. }
  Else { Have: y_2 = y. }
  (* Invariant *)
  Have: z <= (1 + x + y).
}
Prove: (y % 2) = (x % 2).
Prover Z3 4.8.12 returns Timeout (Qed:58ms) (3s)
Error found in file: output/06.c at line: 26
Error line content: loop invariant x % 2 == y % 2 ;

Verify:
[False]

Goal Assertion (file output/06.c, line 38):
Assume {
  Type: is_sint32(w) /\ is_sint32(x) /\ is_sint32(y) /\ is_sint32(z).
  (* Invariant *)
  Have: ((1 + z) = w) \/ ((w = 1) /\ (x = 0) /\ (y = 0) /\ (z = 0)).
  (* Invariant *)
  Have: (z <= (1 + x + y)) \/ ((w = 1) /\ (x = 0) /\ (y = 0) /\ (z = 0)).
  (* Invariant *)
  Have: ((y % 2) = (x % 2)) \/ ((w = 1) /\ (x = 0) /\ (y = 0) /\ (z = 0)).
  (* Invariant *)
  Have: (0 <= y) \/ ((w = 1) /\ (x = 0) /\ (y = 0) /\ (z = 0)).
}
Prove: y = x.
Prover Z3 4.8.12 returns Timeout (Qed:6ms) (3s)
Error found in file: output/06.c at line: 38
Error line content: /*@ assert x == y; */

after hudini

int unknown1();
int unknown2();

void foo()
{
  int w = 1;
  int z = 0;
  int x = 0;
  int y = 0;

  /* >>> LOOP INVARIANT TO FILL <<< 
     >>> PRECONDITION OF THE LOOP : (y == 0) * (x == 0) * (z == 0) * (w == 1) <<< */
  
  /*@
    loop invariant  ((y == 0)&&(x == 0)&&(z == 0)&&(w == 1)) || (w == z + 1) ;
    loop invariant  ((y == 0)&&(x == 0)&&(z == 0)&&(w == 1)) || (z <= x + y + 1) ;
    loop invariant  ((y == 0)&&(x == 0)&&(z == 0)&&(w == 1)) || (x % 2 == y % 2) ;
    loop invariant  ((y == 0)&&(x == 0)&&(z == 0)&&(w == 1)) || (y >= 0) ;
  */
  while(unknown1()) {

    /*@
      loop invariant w == z + 1 ;
      loop invariant z <= x + y + 1 ;
      loop invariant x % 2 == y % 2 ;
      loop invariant y >= 0 ;
    */
    while(unknown2()){
      if(w%2 == 1) x++;
      if(z%2 == 0) y++;
    }
    
    z = x + y;
    w = z + 1;
  }

  /*@ assert x == y; */
}

syntax Correct
Validate:
[True, True, True, True, True, True, False, True]

Goal Preservation of Invariant (file output/06.c, line 26):
Let x_4 = 1 + z.
Assume {
  Type: is_sint32(tmp_0) /\ is_sint32(tmp_0_0) /\ is_sint32(x) /\
      is_sint32(x_1) /\ is_sint32(x_2) /\ is_sint32(x_3) /\ is_sint32(y) /\
      is_sint32(y_1) /\ is_sint32(y_2) /\ is_sint32(y_3) /\ is_sint32(z) /\
      is_sint32(z_1) /\ is_sint32(x_4) /\ is_sint32(1 + z_1).
  (* Then *)
  Have: tmp_0_0 != 0.
  (* Invariant *)
  Have: z_1 <= (1 + x_3 + y_3).
  (* Invariant *)
  Have: (y_3 % 2) = (x_3 % 2).
  (* Invariant *)
  Have: 0 <= y_3.
  (* Invariant *)
  Have: z <= (1 + x_2 + y_2).
  (* Invariant *)
  Have: (y_2 % 2) = (x_2 % 2).
  (* Invariant *)
  Have: 0 <= y_2.
  (* Then *)
  Have: tmp_0 != 0.
  If (x_4 % 2) = 1
  Then { Have: x_2 = x_1. Have: (1 + x_1) = x. }
  Else { Have: x_2 = x. }
  If (z % 2) = 0
  Then { Have: y_2 = y_1. Have: (1 + y_1) = y. }
  Else { Have: y_2 = y. }
  (* Invariant *)
  Have: z <= (1 + x + y).
}
Prove: (y % 2) = (x % 2).
Prover Z3 4.8.12 returns Timeout (Qed:58ms) (3s)
Error found in file: output/06.c at line: 26
Error line content: loop invariant x % 2 == y % 2 ;

Verify:
[False]

Goal Assertion (file output/06.c, line 38):
Assume {
  Type: is_sint32(w) /\ is_sint32(x) /\ is_sint32(y) /\ is_sint32(z).
  (* Invariant *)
  Have: ((1 + z) = w) \/ ((w = 1) /\ (x = 0) /\ (y = 0) /\ (z = 0)).
  (* Invariant *)
  Have: (z <= (1 + x + y)) \/ ((w = 1) /\ (x = 0) /\ (y = 0) /\ (z = 0)).
  (* Invariant *)
  Have: ((y % 2) = (x % 2)) \/ ((w = 1) /\ (x = 0) /\ (y = 0) /\ (z = 0)).
  (* Invariant *)
  Have: (0 <= y) \/ ((w = 1) /\ (x = 0) /\ (y = 0) /\ (z = 0)).
}
Prove: y = x.
Prover Z3 4.8.12 returns Timeout (Qed:6ms) (3s)
Error found in file: output/06.c at line: 38
Error line content: /*@ assert x == y; */

after hudini

int unknown1();
int unknown2();

void foo()
{
  int w = 1;
  int z = 0;
  int x = 0;
  int y = 0;

  /* >>> LOOP INVARIANT TO FILL <<< 
     >>> PRECONDITION OF THE LOOP : (y == 0) * (x == 0) * (z == 0) * (w == 1) <<< */
  
  /*@
    loop invariant  ((y == 0)&&(x == 0)&&(z == 0)&&(w == 1)) || (w == z + 1) ;
    loop invariant  ((y == 0)&&(x == 0)&&(z == 0)&&(w == 1)) || (z <= x + y + 1) ;
    loop invariant  ((y == 0)&&(x == 0)&&(z == 0)&&(w == 1)) || (x % 2 == y % 2) ;
    loop invariant  ((y == 0)&&(x == 0)&&(z == 0)&&(w == 1)) || (y >= 0) ;
  */
  while(unknown1()) {

    /*@
      loop invariant w == z + 1 ;
      loop invariant z <= x + y + 1 ;
      loop invariant x % 2 == y % 2 ;
      loop invariant y >= 0 ;
    */
    while(unknown2()){
      if(w%2 == 1) x++;
      if(z%2 == 0) y++;
    }
    
    z = x + y;
    w = z + 1;
  }

  /*@ assert x == y; */
}

syntax Correct
Validate:
[True, True, True, True, True, True, False, True]

Goal Preservation of Invariant (file output/06.c, line 26):
Let x_4 = 1 + z.
Assume {
  Type: is_sint32(tmp_0) /\ is_sint32(tmp_0_0) /\ is_sint32(x) /\
      is_sint32(x_1) /\ is_sint32(x_2) /\ is_sint32(x_3) /\ is_sint32(y) /\
      is_sint32(y_1) /\ is_sint32(y_2) /\ is_sint32(y_3) /\ is_sint32(z) /\
      is_sint32(z_1) /\ is_sint32(x_4) /\ is_sint32(1 + z_1).
  (* Then *)
  Have: tmp_0_0 != 0.
  (* Invariant *)
  Have: z_1 <= (1 + x_3 + y_3).
  (* Invariant *)
  Have: (y_3 % 2) = (x_3 % 2).
  (* Invariant *)
  Have: 0 <= y_3.
  (* Invariant *)
  Have: z <= (1 + x_2 + y_2).
  (* Invariant *)
  Have: (y_2 % 2) = (x_2 % 2).
  (* Invariant *)
  Have: 0 <= y_2.
  (* Then *)
  Have: tmp_0 != 0.
  If (x_4 % 2) = 1
  Then { Have: x_2 = x_1. Have: (1 + x_1) = x. }
  Else { Have: x_2 = x. }
  If (z % 2) = 0
  Then { Have: y_2 = y_1. Have: (1 + y_1) = y. }
  Else { Have: y_2 = y. }
  (* Invariant *)
  Have: z <= (1 + x + y).
}
Prove: (y % 2) = (x % 2).
Prover Z3 4.8.12 returns Timeout (Qed:58ms) (3s)
Error found in file: output/06.c at line: 26
Error line content: loop invariant x % 2 == y % 2 ;

Verify:
[False]

Goal Assertion (file output/06.c, line 38):
Assume {
  Type: is_sint32(w) /\ is_sint32(x) /\ is_sint32(y) /\ is_sint32(z).
  (* Invariant *)
  Have: ((1 + z) = w) \/ ((w = 1) /\ (x = 0) /\ (y = 0) /\ (z = 0)).
  (* Invariant *)
  Have: (z <= (1 + x + y)) \/ ((w = 1) /\ (x = 0) /\ (y = 0) /\ (z = 0)).
  (* Invariant *)
  Have: ((y % 2) = (x % 2)) \/ ((w = 1) /\ (x = 0) /\ (y = 0) /\ (z = 0)).
  (* Invariant *)
  Have: (0 <= y) \/ ((w = 1) /\ (x = 0) /\ (y = 0) /\ (z = 0)).
}
Prove: y = x.
Prover Z3 4.8.12 returns Timeout (Qed:6ms) (3s)
Error found in file: output/06.c at line: 38
Error line content: /*@ assert x == y; */

after hudini

int unknown1();
int unknown2();

void foo()
{
  int w = 1;
  int z = 0;
  int x = 0;
  int y = 0;

  /* >>> LOOP INVARIANT TO FILL <<< 
     >>> PRECONDITION OF THE LOOP : (y == 0) * (x == 0) * (z == 0) * (w == 1) <<< */
  
  /*@
    loop invariant  ((y == 0)&&(x == 0)&&(z == 0)&&(w == 1)) || (w == z + 1) ;
    loop invariant  ((y == 0)&&(x == 0)&&(z == 0)&&(w == 1)) || (z <= x + y + 1) ;
    loop invariant  ((y == 0)&&(x == 0)&&(z == 0)&&(w == 1)) || (x % 2 == y % 2) ;
    loop invariant  ((y == 0)&&(x == 0)&&(z == 0)&&(w == 1)) || (y >= 0) ;
  */
  while(unknown1()) {

    /*@
      loop invariant w == z + 1 ;
      loop invariant z <= x + y + 1 ;
      loop invariant x % 2 == y % 2 ;
      loop invariant y >= 0 ;
    */
    while(unknown2()){
      if(w%2 == 1) x++;
      if(z%2 == 0) y++;
    }
    
    z = x + y;
    w = z + 1;
  }

  /*@ assert x == y; */
}

syntax Correct
Validate:
[True, True, True, True, True, True, False, True]

Goal Preservation of Invariant (file output/06.c, line 26):
Let x_4 = 1 + z.
Assume {
  Type: is_sint32(tmp_0) /\ is_sint32(tmp_0_0) /\ is_sint32(x) /\
      is_sint32(x_1) /\ is_sint32(x_2) /\ is_sint32(x_3) /\ is_sint32(y) /\
      is_sint32(y_1) /\ is_sint32(y_2) /\ is_sint32(y_3) /\ is_sint32(z) /\
      is_sint32(z_1) /\ is_sint32(x_4) /\ is_sint32(1 + z_1).
  (* Then *)
  Have: tmp_0_0 != 0.
  (* Invariant *)
  Have: z_1 <= (1 + x_3 + y_3).
  (* Invariant *)
  Have: (y_3 % 2) = (x_3 % 2).
  (* Invariant *)
  Have: 0 <= y_3.
  (* Invariant *)
  Have: z <= (1 + x_2 + y_2).
  (* Invariant *)
  Have: (y_2 % 2) = (x_2 % 2).
  (* Invariant *)
  Have: 0 <= y_2.
  (* Then *)
  Have: tmp_0 != 0.
  If (x_4 % 2) = 1
  Then { Have: x_2 = x_1. Have: (1 + x_1) = x. }
  Else { Have: x_2 = x. }
  If (z % 2) = 0
  Then { Have: y_2 = y_1. Have: (1 + y_1) = y. }
  Else { Have: y_2 = y. }
  (* Invariant *)
  Have: z <= (1 + x + y).
}
Prove: (y % 2) = (x % 2).
Prover Z3 4.8.12 returns Timeout (Qed:61ms) (3s)
Error found in file: output/06.c at line: 26
Error line content: loop invariant x % 2 == y % 2 ;

Verify:
[False]

Goal Assertion (file output/06.c, line 38):
Assume {
  Type: is_sint32(w) /\ is_sint32(x) /\ is_sint32(y) /\ is_sint32(z).
  (* Invariant *)
  Have: ((1 + z) = w) \/ ((w = 1) /\ (x = 0) /\ (y = 0) /\ (z = 0)).
  (* Invariant *)
  Have: (z <= (1 + x + y)) \/ ((w = 1) /\ (x = 0) /\ (y = 0) /\ (z = 0)).
  (* Invariant *)
  Have: ((y % 2) = (x % 2)) \/ ((w = 1) /\ (x = 0) /\ (y = 0) /\ (z = 0)).
  (* Invariant *)
  Have: (0 <= y) \/ ((w = 1) /\ (x = 0) /\ (y = 0) /\ (z = 0)).
}
Prove: y = x.
Prover Z3 4.8.12 returns Timeout (Qed:7ms) (3s)
Error found in file: output/06.c at line: 38
Error line content: /*@ assert x == y; */

after hudini

int unknown1();
int unknown2();

void foo()
{
  int w = 1;
  int z = 0;
  int x = 0;
  int y = 0;

  /* >>> LOOP INVARIANT TO FILL <<< 
     >>> PRECONDITION OF THE LOOP : (y == 0) * (x == 0) * (z == 0) * (w == 1) <<< */
  
  /*@
    loop invariant  ((y == 0)&&(x == 0)&&(z == 0)&&(w == 1)) || (w == z + 1) ;
    loop invariant  ((y == 0)&&(x == 0)&&(z == 0)&&(w == 1)) || (z <= x + y + 1) ;
    loop invariant  ((y == 0)&&(x == 0)&&(z == 0)&&(w == 1)) || (x % 2 == y % 2) ;
    loop invariant  ((y == 0)&&(x == 0)&&(z == 0)&&(w == 1)) || (y >= 0) ;
  */
  while(unknown1()) {

    /*@
      loop invariant w == z + 1 ;
      loop invariant z <= x + y + 1 ;
      loop invariant x % 2 == y % 2 ;
      loop invariant y >= 0 ;
    */
    while(unknown2()){
      if(w%2 == 1) x++;
      if(z%2 == 0) y++;
    }
    
    z = x + y;
    w = z + 1;
  }

  /*@ assert x == y; */
}

syntax Correct
Validate:
[True, True, True, True, True, True, False, True]

Goal Preservation of Invariant (file output/06.c, line 26):
Let x_4 = 1 + z.
Assume {
  Type: is_sint32(tmp_0) /\ is_sint32(tmp_0_0) /\ is_sint32(x) /\
      is_sint32(x_1) /\ is_sint32(x_2) /\ is_sint32(x_3) /\ is_sint32(y) /\
      is_sint32(y_1) /\ is_sint32(y_2) /\ is_sint32(y_3) /\ is_sint32(z) /\
      is_sint32(z_1) /\ is_sint32(x_4) /\ is_sint32(1 + z_1).
  (* Then *)
  Have: tmp_0_0 != 0.
  (* Invariant *)
  Have: z_1 <= (1 + x_3 + y_3).
  (* Invariant *)
  Have: (y_3 % 2) = (x_3 % 2).
  (* Invariant *)
  Have: 0 <= y_3.
  (* Invariant *)
  Have: z <= (1 + x_2 + y_2).
  (* Invariant *)
  Have: (y_2 % 2) = (x_2 % 2).
  (* Invariant *)
  Have: 0 <= y_2.
  (* Then *)
  Have: tmp_0 != 0.
  If (x_4 % 2) = 1
  Then { Have: x_2 = x_1. Have: (1 + x_1) = x. }
  Else { Have: x_2 = x. }
  If (z % 2) = 0
  Then { Have: y_2 = y_1. Have: (1 + y_1) = y. }
  Else { Have: y_2 = y. }
  (* Invariant *)
  Have: z <= (1 + x + y).
}
Prove: (y % 2) = (x % 2).
Prover Z3 4.8.12 returns Timeout (Qed:60ms) (3s)
Error found in file: output/06.c at line: 26
Error line content: loop invariant x % 2 == y % 2 ;

Verify:
[False]

Goal Assertion (file output/06.c, line 38):
Assume {
  Type: is_sint32(w) /\ is_sint32(x) /\ is_sint32(y) /\ is_sint32(z).
  (* Invariant *)
  Have: ((1 + z) = w) \/ ((w = 1) /\ (x = 0) /\ (y = 0) /\ (z = 0)).
  (* Invariant *)
  Have: (z <= (1 + x + y)) \/ ((w = 1) /\ (x = 0) /\ (y = 0) /\ (z = 0)).
  (* Invariant *)
  Have: ((y % 2) = (x % 2)) \/ ((w = 1) /\ (x = 0) /\ (y = 0) /\ (z = 0)).
  (* Invariant *)
  Have: (0 <= y) \/ ((w = 1) /\ (x = 0) /\ (y = 0) /\ (z = 0)).
}
Prove: y = x.
Prover Z3 4.8.12 returns Timeout (Qed:6ms) (3s)
Error found in file: output/06.c at line: 38
Error line content: /*@ assert x == y; */

after hudini

int unknown1();
int unknown2();

void foo()
{
  int w = 1;
  int z = 0;
  int x = 0;
  int y = 0;

  /* >>> LOOP INVARIANT TO FILL <<< 
     >>> PRECONDITION OF THE LOOP : (y == 0) * (x == 0) * (z == 0) * (w == 1) <<< */
  
  /*@
    loop invariant  ((y == 0)&&(x == 0)&&(z == 0)&&(w == 1)) || (w == z + 1) ;
    loop invariant  ((y == 0)&&(x == 0)&&(z == 0)&&(w == 1)) || (z <= x + y + 1) ;
    loop invariant  ((y == 0)&&(x == 0)&&(z == 0)&&(w == 1)) || (x % 2 == y % 2) ;
    loop invariant  ((y == 0)&&(x == 0)&&(z == 0)&&(w == 1)) || (y >= 0) ;
  */
  while(unknown1()) {

    /*@
      loop invariant w == z + 1 ;
      loop invariant z <= x + y + 1 ;
      loop invariant x % 2 == y % 2 ;
      loop invariant y >= 0 ;
    */
    while(unknown2()){
      if(w%2 == 1) x++;
      if(z%2 == 0) y++;
    }
    
    z = x + y;
    w = z + 1;
  }

  /*@ assert x == y; */
}

syntax Correct
Validate:
[True, True, True, True, True, True, False, True]

Goal Preservation of Invariant (file output/06.c, line 26):
Let x_4 = 1 + z.
Assume {
  Type: is_sint32(tmp_0) /\ is_sint32(tmp_0_0) /\ is_sint32(x) /\
      is_sint32(x_1) /\ is_sint32(x_2) /\ is_sint32(x_3) /\ is_sint32(y) /\
      is_sint32(y_1) /\ is_sint32(y_2) /\ is_sint32(y_3) /\ is_sint32(z) /\
      is_sint32(z_1) /\ is_sint32(x_4) /\ is_sint32(1 + z_1).
  (* Then *)
  Have: tmp_0_0 != 0.
  (* Invariant *)
  Have: z_1 <= (1 + x_3 + y_3).
  (* Invariant *)
  Have: (y_3 % 2) = (x_3 % 2).
  (* Invariant *)
  Have: 0 <= y_3.
  (* Invariant *)
  Have: z <= (1 + x_2 + y_2).
  (* Invariant *)
  Have: (y_2 % 2) = (x_2 % 2).
  (* Invariant *)
  Have: 0 <= y_2.
  (* Then *)
  Have: tmp_0 != 0.
  If (x_4 % 2) = 1
  Then { Have: x_2 = x_1. Have: (1 + x_1) = x. }
  Else { Have: x_2 = x. }
  If (z % 2) = 0
  Then { Have: y_2 = y_1. Have: (1 + y_1) = y. }
  Else { Have: y_2 = y. }
  (* Invariant *)
  Have: z <= (1 + x + y).
}
Prove: (y % 2) = (x % 2).
Prover Z3 4.8.12 returns Timeout (Qed:62ms) (3s)
Error found in file: output/06.c at line: 26
Error line content: loop invariant x % 2 == y % 2 ;

Verify:
[False]

Goal Assertion (file output/06.c, line 38):
Assume {
  Type: is_sint32(w) /\ is_sint32(x) /\ is_sint32(y) /\ is_sint32(z).
  (* Invariant *)
  Have: ((1 + z) = w) \/ ((w = 1) /\ (x = 0) /\ (y = 0) /\ (z = 0)).
  (* Invariant *)
  Have: (z <= (1 + x + y)) \/ ((w = 1) /\ (x = 0) /\ (y = 0) /\ (z = 0)).
  (* Invariant *)
  Have: ((y % 2) = (x % 2)) \/ ((w = 1) /\ (x = 0) /\ (y = 0) /\ (z = 0)).
  (* Invariant *)
  Have: (0 <= y) \/ ((w = 1) /\ (x = 0) /\ (y = 0) /\ (z = 0)).
}
Prove: y = x.
Prover Z3 4.8.12 returns Timeout (Qed:6ms) (3s)
Error found in file: output/06.c at line: 38
Error line content: /*@ assert x == y; */

syntax Correct
Validate:
[True, True, True, True, True, True, False, True]

Goal Preservation of Invariant (file output/06.c, line 26):
Let x_4 = 1 + z.
Assume {
  Type: is_sint32(tmp_0) /\ is_sint32(tmp_0_0) /\ is_sint32(x) /\
      is_sint32(x_1) /\ is_sint32(x_2) /\ is_sint32(x_3) /\ is_sint32(y) /\
      is_sint32(y_1) /\ is_sint32(y_2) /\ is_sint32(y_3) /\ is_sint32(z) /\
      is_sint32(z_1) /\ is_sint32(x_4) /\ is_sint32(1 + z_1).
  (* Then *)
  Have: tmp_0_0 != 0.
  (* Invariant *)
  Have: z_1 <= (1 + x_3 + y_3).
  (* Invariant *)
  Have: (y_3 % 2) = (x_3 % 2).
  (* Invariant *)
  Have: 0 <= y_3.
  (* Invariant *)
  Have: z <= (1 + x_2 + y_2).
  (* Invariant *)
  Have: (y_2 % 2) = (x_2 % 2).
  (* Invariant *)
  Have: 0 <= y_2.
  (* Then *)
  Have: tmp_0 != 0.
  If (x_4 % 2) = 1
  Then { Have: x_2 = x_1. Have: (1 + x_1) = x. }
  Else { Have: x_2 = x. }
  If (z % 2) = 0
  Then { Have: y_2 = y_1. Have: (1 + y_1) = y. }
  Else { Have: y_2 = y. }
  (* Invariant *)
  Have: z <= (1 + x + y).
}
Prove: (y % 2) = (x % 2).
Prover Z3 4.8.12 returns Timeout (Qed:60ms) (3s)
Error found in file: output/06.c at line: 26
Error line content: loop invariant x % 2 == y % 2 ;

Verify:
[False]

Goal Assertion (file output/06.c, line 38):
Assume {
  Type: is_sint32(w) /\ is_sint32(x) /\ is_sint32(y) /\ is_sint32(z).
  (* Invariant *)
  Have: ((1 + z) = w) \/ ((w = 1) /\ (x = 0) /\ (y = 0) /\ (z = 0)).
  (* Invariant *)
  Have: (z <= (1 + x + y)) \/ ((w = 1) /\ (x = 0) /\ (y = 0) /\ (z = 0)).
  (* Invariant *)
  Have: ((y % 2) = (x % 2)) \/ ((w = 1) /\ (x = 0) /\ (y = 0) /\ (z = 0)).
  (* Invariant *)
  Have: (0 <= y) \/ ((w = 1) /\ (x = 0) /\ (y = 0) /\ (z = 0)).
}
Prove: y = x.
Prover Z3 4.8.12 returns Timeout (Qed:6ms) (3s)
Error found in file: output/06.c at line: 38
Error line content: /*@ assert x == y; */

[(293, 427, 0), (321, 393, 1)]
[(293, 427, 0), (321, 393, 1)]
[(293, 427, 0), (321, 393, 1)]
[(293, 427, 0), (321, 393, 1)]
Loop 1 : Inner
Loop 0 : Outer
Sorted indices: [1, 0]
File found: ../sac_c_parser/test/../ip_postcond/goal/06_goal.v. Deleting the file.
File found: ../sac_c_parser/test/../ip_postcond/goal/06_proof_auto.v. Deleting the file.
File found: ../sac_c_parser/test/../ip_postcond/goal/06_proof_manual.v. Deleting the file.
LoopEntry_0:
(y == 0) * (x == 0) * (z == 0) * (w == 1)
LoopEntry_1:
exists retval_40, retval_40 != 0 && retval_40 <= INT_MAX && retval_40 > INT_MIN && (y == 0) * (x == 0) * (z == 0) * (w == 1)

Successfully generated loop/06.json
INNER_FLAG: True
Variable Maps: [{'y': '0', 'x': '0', 'z': '0', 'w': '1'}]
Path conditions: [None]
Pre condition: exists retval_40, retval_40 != 0 && retval_40 <= INT_MAX && retval_40 > INT_MIN && (y == 0) * (x == 0) * (z == 0) * (w == 1)
Loop Condition: unknown2()
Updated Loop Conditions: ['unknown2()']
Global Unchanged Variables ['z', 'w']
Non Inductive Variables []
[{'y': '0', 'x': '0', 'z': '0', 'w': '1'}]
[None]

int unknown1();
int unknown2();

void foo()
{
  int w = 1;
  int z = 0;
  int x = 0;
  int y = 0;

  
  while(unknown1()) {
	  
    
            
    /* >>> LOOP INVARIANT TO FILL <<< 
       >>> PRECONDITION OF THE LOOP : exists retval_40, retval_40 != 0 && retval_40 <= INT_MAX && retval_40 > INT_MIN && (y == 0) * (x == 0) * (z == 0) * (w == 1) <<< */
    
            /*@
          loop invariant PLACE_HOLDER_w ;
          loop invariant PLACE_HOLDER_z ;
          loop invariant PLACE_HOLDER_x ;
          loop invariant PLACE_HOLDER_y ;
            */
            while(unknown2()){
      if(w%2 == 1) x++;
      if(z%2 == 0) y++;
    }
            
    z = x + y;
    w = z + 1;
  }

   /*@ assert x == y; */
}

To analyze the given C loop program and generate the necessary loop invariants, let's go through the steps outlined in the task.

### a. Purpose and Structure of the Loop:

**Objective:**  
The loop's objective is to repeatedly update the variables `x`, `y`, `z`, and `w` based on the nested while-loop's conditions and operations. Specifically, the nested loop increments `x` when `w` is odd and `y` when `z` is even, ultimately setting `z` to `x + y` and `w` to `z + 1`.

**Structure:**  
- The loop runs as long as `unknown1()` returns true.
- Inside the loop, there is a nested loop governed by the condition `unknown2()`.
- Variables of interest: `w`, `z`, `x`, `y`.

### b. Discussion of the Loop Invariant:

**Proposed Invariants:**  
- `w` is always odd.
- `z` is always equal to `x + y`.
- `x` and `y` maintain their initial relationship throughout the loop execution.

### c. Establishment:

The invariants hold initially due to the initial conditions:
- `w` is initialized to 1, which is odd.
- `z`, `x`, and `y` are initially 0, maintaining that `z = x + y`.

### d. Preservation:

During each iteration:
- If `w % 2 == 1`, `x` is incremented, and since `w` is updated as `w = z + 1` which ensures `w` remains odd.
- `z` is updated to `x + y` after the nested loop, preserving the invariant `z = x + y`.

### e. Termination Analysis of the Loop:

When the loop terminates:
- The loop invariants hold, and the condition `unknown1()` becomes false.

### f. Correctness of the Post-condition:

The post-condition `assert x == y;` is established through the invariants. Since `z = x + y` and the loop ensures balance in increments of `x` and `y`, `x` is equal to `y` when the loop exits.

### g. Implication of the Pre-condition:

The pre-condition ensures the initial values allow the invariants to be established before the loop starts.

### Filled C Loop Program with Invariants:

```c
int unknown1();
int unknown2();

void foo()
{
  int w = 1;
  int z = 0;
  int x = 0;
  int y = 0;

  
  while(unknown1()) {
	  
    
            
    /* >>> LOOP INVARIANT TO FILL <<< 
       >>> PRECONDITION OF THE LOOP : exists retval_40, retval_40 != 0 && retval_40 <= INT_MAX && retval_40 > INT_MIN && (y == 0) * (x == 0) * (z == 0) * (w == 1) <<< */
    
            /*@
          loop invariant w % 2 == 1 ;
          loop invariant z == x + y ;
          loop invariant x == y ;
          loop invariant x >= 0 && y >= 0 ;
            */
            while(unknown2()){
      if(w%2 == 1) x++;
      if(z%2 == 0) y++;
    }
            
    z = x + y;
    w = z + 1;
  }

   /*@ assert x == y; */
}
```

int unknown1();
int unknown2();

void foo()
{
  int w = 1;
  int z = 0;
  int x = 0;
  int y = 0;

  
  while(unknown1()) {
	  
    
            
            /*@
          loop invariant w % 2 == 1 ;
          loop invariant z == x + y ;
          loop invariant x == y ;
          loop invariant x >= 0 && y >= 0 ;
            */
            while(unknown2()){
      if(w%2 == 1) x++;
      if(z%2 == 0) y++;
    }
            
    z = x + y;
    w = z + 1;
  }

   /*@ assert x == y; */
}


int unknown1();
int unknown2();

void foo()
{
  int w = 1;
  int z = 0;
  int x = 0;
  int y = 0;

  
  while(unknown1()) {
	  
    
            
            /*@
          loop invariant w % 2 == 1 ;
          loop invariant z == x + y ;
          loop invariant x == y ;
          loop invariant x >= 0 && y >= 0 ;
            */
            while(unknown2()){
      if(w%2 == 1) x++;
      if(z%2 == 0) y++;
    }
            
    z = x + y;
    w = z + 1;
  }

   /*@ assert x == y; */
}

INNER_FLAG: False
Variable Maps: [{'y': '0', 'x': '0', 'z': '0', 'w': '1'}]
Path conditions: [None]
Pre condition: (y == 0) * (x == 0) * (z == 0) * (w == 1)
Loop Condition: unknown1()
Updated Loop Conditions: ['unknown1()']
Global Unchanged Variables []
Non Inductive Variables ['z', 'w']
[{'y': '0', 'x': '0', 'z': '0', 'w': '1'}]
[None]

            
    /* >>> LOOP INVARIANT TO FILL <<< 
       >>> PRECONDITION OF THE LOOP : (y == 0) * (x == 0) * (z == 0) * (w == 1) <<< */
    
            /*@
            */
            while(unknown1()) {
	  
    
            
            /*@
          loop invariant w % 2 == 1 ;
          loop invariant z == x + y ;
          loop invariant x == y ;
          loop invariant x >= 0 && y >= 0 ;
            */
            while(unknown2()){
      if(w%2 == 1) x++;
      if(z%2 == 0) y++;
    }
            
    z = x + y;
    w = z + 1;
  }
            

            
    /* >>> LOOP INVARIANT TO FILL <<< 
       >>> PRECONDITION OF THE LOOP : (y == 0) * (x == 0) * (z == 0) * (w == 1) <<< */
    
            /*@
          loop invariant  ((y == 0)&&(x == 0)&&(z == 0)&&(w == 1)) || (PLACE_HOLDER_w) ;
          loop invariant  ((y == 0)&&(x == 0)&&(z == 0)&&(w == 1)) || (PLACE_HOLDER_z) ;
          loop invariant  ((y == 0)&&(x == 0)&&(z == 0)&&(w == 1)) || (PLACE_HOLDER_x) ;
          loop invariant  ((y == 0)&&(x == 0)&&(z == 0)&&(w == 1)) || (PLACE_HOLDER_y) ;
            */
            while(unknown1()) {
	  
    
            
            /*@
          loop invariant w % 2 == 1 ;
          loop invariant z == x + y ;
          loop invariant x == y ;
          loop invariant x >= 0 && y >= 0 ;
            */
            while(unknown2()){
      if(w%2 == 1) x++;
      if(z%2 == 0) y++;
    }
            
    z = x + y;
    w = z + 1;
  }
            

int unknown1();
int unknown2();

void foo()
{
  int w = 1;
  int z = 0;
  int x = 0;
  int y = 0;

  
  
            
    /* >>> LOOP INVARIANT TO FILL <<< 
       >>> PRECONDITION OF THE LOOP : (y == 0) * (x == 0) * (z == 0) * (w == 1) <<< */
    
            /*@
          loop invariant  ((y == 0)&&(x == 0)&&(z == 0)&&(w == 1)) || (PLACE_HOLDER_w) ;
          loop invariant  ((y == 0)&&(x == 0)&&(z == 0)&&(w == 1)) || (PLACE_HOLDER_z) ;
          loop invariant  ((y == 0)&&(x == 0)&&(z == 0)&&(w == 1)) || (PLACE_HOLDER_x) ;
          loop invariant  ((y == 0)&&(x == 0)&&(z == 0)&&(w == 1)) || (PLACE_HOLDER_y) ;
            */
            while(unknown1()) {
	  
    
            
            /*@
          loop invariant w % 2 == 1 ;
          loop invariant z == x + y ;
          loop invariant x == y ;
          loop invariant x >= 0 && y >= 0 ;
            */
            while(unknown2()){
      if(w%2 == 1) x++;
      if(z%2 == 0) y++;
    }
            
    z = x + y;
    w = z + 1;
  }
            

   /*@ assert x == y; */
}

Let's analyze the program and establish the necessary loop invariants:

### Analysis

#### a. Purpose and Structure of the Loop:
- **Objective**: The program aims to iterate through two nested loops. The inner loop increments `x` and `y` based on conditions involving `w` and `z`. The outer loop updates `z` and `w` based on the values of `x` and `y`. The intended outcome is to ensure after the loop that `x` is equal to `y`.
- **Structure**: 
  - **Outer Loop Condition**: Governed by `unknown1()`, the number of iterations is indeterminate.
  - **Inner Loop Condition**: Governed by `unknown2()`, the number of iterations is indeterminate.
  - **Operations**: 
    - Inner loop: `x` is incremented if `w % 2 == 1`; `y` is incremented if `z % 2 == 0`.
    - Outer loop: `z` is updated to `x + y`; `w` is updated to `z + 1`.
  - **Variables**: `w`, `z`, `x`, `y`.

#### b. Discussion of the Loop Invariant:
- **Proposed Invariants**:
  - `w % 2 == 1`: `w` is always odd, which is essential because increments of `x` depend on this condition.
  - `z == x + y`: This ensures that `z` accurately represents the sum of `x` and `y`.
  - `x == y`: This is crucial to establishing the post-condition.
  - `x >= 0 && y >= 0`: Ensures non-negative values for `x` and `y`, consistent with their initial values and modifications.
- **Validity**: These invariants are enough for the post-condition `x == y` to hold after the loop terminates.

#### c. Establishment:
- The pre-condition `(y == 0) * (x == 0) * (z == 0) * (w == 1)` ensures:
  - `w % 2 == 1` holds initially as `w` starts as 1.
  - `z == x + y` holds as all are 0 initially.
  - `x == y` holds initially since both are 0.
  - `x >= 0 && y >= 0` holds as both are initialized to 0.

#### d. Preservation:
- **Inner Loop**: `w % 2 == 1` ensures `x` is always incremented correctly. As `z` is recalculated as `x + y`, it preserves this invariant. Since both increments are conditioned such that `x` and `y` remain equal, `x == y` holds.
- **Outer Loop**: Updates `z` to `x + y` and `w` to `z + 1` ensure the invariants are preserved. The oddity of `w` is maintained since adding 1 to an even number (`z`) results in an odd number.

#### e. Termination Analysis of the Loop:
- When the outer loop terminates, `unknown1()` becomes false.
- The invariants still hold as they are preserved through the loop iterations, ensuring `x == y` for the post-condition.

#### f. Correctness of the Post-condition:
- The post-condition `x == y` is guaranteed by the loop invariants. Given the loop invariants hold, the final values of `x` and `y` at termination ensure `x == y`.

#### g. Implication of the Pre-condition:
- The pre-condition `(y == 0) * (x == 0) * (z == 0) * (w == 1)` directly establishes the invariant conditions when the loop begins, setting the stage for the invariants to hold throughout loop execution.

### Program with Filled Loop Invariants

```c
int unknown1();
int unknown2();

void foo()
{
  int w = 1;
  int z = 0;
  int x = 0;
  int y = 0;

  /* >>> LOOP INVARIANT TO FILL <<< 
     >>> PRECONDITION OF THE LOOP : (y == 0) * (x == 0) * (z == 0) * (w == 1) <<< */
  
  /*@
    loop invariant  ((y == 0)&&(x == 0)&&(z == 0)&&(w == 1)) || (w % 2 == 1) ;
    loop invariant  ((y == 0)&&(x == 0)&&(z == 0)&&(w == 1)) || (z == x + y) ;
    loop invariant  ((y == 0)&&(x == 0)&&(z == 0)&&(w == 1)) || (x == y) ;
    loop invariant  ((y == 0)&&(x == 0)&&(z == 0)&&(w == 1)) || (x >= 0 && y >= 0) ;
  */
  while(unknown1()) {
    /*@
      loop invariant w % 2 == 1 ;
      loop invariant z == x + y ;
      loop invariant x == y ;
      loop invariant x >= 0 && y >= 0 ;
    */
    while(unknown2()){
      if(w%2 == 1) x++;
      if(z%2 == 0) y++;
    }
    
    z = x + y;
    w = z + 1;
  }

  /*@ assert x == y; */
}
```

This annotated program includes the necessary loop invariants to verify the post-condition using Frama-C.

int unknown1();
int unknown2();

void foo()
{
  int w = 1;
  int z = 0;
  int x = 0;
  int y = 0;

  /* >>> LOOP INVARIANT TO FILL <<< 
     >>> PRECONDITION OF THE LOOP : (y == 0) * (x == 0) * (z == 0) * (w == 1) <<< */
  
  /*@
    loop invariant  ((y == 0)&&(x == 0)&&(z == 0)&&(w == 1)) || (w % 2 == 1) ;
    loop invariant  ((y == 0)&&(x == 0)&&(z == 0)&&(w == 1)) || (z == x + y) ;
    loop invariant  ((y == 0)&&(x == 0)&&(z == 0)&&(w == 1)) || (x == y) ;
    loop invariant  ((y == 0)&&(x == 0)&&(z == 0)&&(w == 1)) || (x >= 0 && y >= 0) ;
  */
  while(unknown1()) {
    /*@
      loop invariant w % 2 == 1 ;
      loop invariant z == x + y ;
      loop invariant x == y ;
      loop invariant x >= 0 && y >= 0 ;
    */
    while(unknown2()){
      if(w%2 == 1) x++;
      if(z%2 == 0) y++;
    }
    
    z = x + y;
    w = z + 1;
  }

  /*@ assert x == y; */
}


int unknown1();
int unknown2();

void foo()
{
  int w = 1;
  int z = 0;
  int x = 0;
  int y = 0;

  /* >>> LOOP INVARIANT TO FILL <<< 
     >>> PRECONDITION OF THE LOOP : (y == 0) * (x == 0) * (z == 0) * (w == 1) <<< */
  
  /*@
    loop invariant  ((y == 0)&&(x == 0)&&(z == 0)&&(w == 1)) || (w % 2 == 1) ;
    loop invariant  ((y == 0)&&(x == 0)&&(z == 0)&&(w == 1)) || (z == x + y) ;
    loop invariant  ((y == 0)&&(x == 0)&&(z == 0)&&(w == 1)) || (x == y) ;
    loop invariant  ((y == 0)&&(x == 0)&&(z == 0)&&(w == 1)) || (x >= 0 && y >= 0) ;
  */
  while(unknown1()) {
    /*@
      loop invariant w % 2 == 1 ;
      loop invariant z == x + y ;
      loop invariant x == y ;
      loop invariant x >= 0 && y >= 0 ;
    */
    while(unknown2()){
      if(w%2 == 1) x++;
      if(z%2 == 0) y++;
    }
    
    z = x + y;
    w = z + 1;
  }

  /*@ assert x == y; */
}

syntax Correct
Validate:
[True, True, True, True, True, False, True, True]

Goal Preservation of Invariant (file output/06.c, line 24):
Assume {
  Type: is_sint32(tmp_0) /\ is_sint32(tmp_0_0) /\ is_sint32(w) /\
      is_sint32(w_1) /\ is_sint32(x) /\ is_sint32(y) /\ is_sint32(2 * x) /\
      is_sint32(y - 1) /\ is_sint32((2 * y) - 2).
  (* Then *)
  Have: tmp_0_0 != 0.
  (* Invariant *)
  Have: (w_1 % 2) = 1.
  (* Invariant *)
  Have: 0 <= x.
  (* Invariant *)
  Have: (w % 2) = 1.
  (* Invariant *)
  Have: 0 < y.
  (* Then *)
  Have: tmp_0 != 0.
}
Prove: false.
Prover Z3 4.8.12 returns Timeout (Qed:19ms) (3s)
Error found in file: output/06.c at line: 24
Error line content: loop invariant z == x + y ;

Verify:
[True]


int unknown1();
int unknown2();

void foo()
{
  int w = 1;
  int z = 0;
  int x = 0;
  int y = 0;

  /* >>> LOOP INVARIANT TO FILL <<< 
     >>> PRECONDITION OF THE LOOP : (y == 0) * (x == 0) * (z == 0) * (w == 1) <<< */
  
  /*@
    loop invariant  ((y == 0)&&(x == 0)&&(z == 0)&&(w == 1)) || (w % 2 == 1) ;
    loop invariant  ((y == 0)&&(x == 0)&&(z == 0)&&(w == 1)) || (z == x + y) ;
    loop invariant  ((y == 0)&&(x == 0)&&(z == 0)&&(w == 1)) || (x == y) ;
    loop invariant  ((y == 0)&&(x == 0)&&(z == 0)&&(w == 1)) || (x >= 0 && y >= 0) ;
  */
  while(unknown1()) {
    /*@
      loop invariant w % 2 == 1 ;
      loop invariant z == x + y  [INVARIANT FAILED] ;
      loop invariant x == y ;
      loop invariant x >= 0 && y >= 0 ;
    */
    while(unknown2()){
      if(w%2 == 1) x++;
      if(z%2 == 0) y++;
    }
    
    z = x + y;
    w = z + 1;
  }

  /*@ assert x == y; */
}

### Error Analysis:

The error indicates a problem with the preservation of the invariant `z == x + y`. This suggests that the relationship between `z`, `x`, and `y` changes during the execution of the loop in a way that's not captured by the invariant. Since the operations inside the nested loop can modify both `x` and `y` independently based on the conditions involving `w` and `z`, using an equality constraint for `z` might be too restrictive. In this case, weakening the invariant from equality to a range constraint is advisable. We can use a range constraint that accounts for potential changes to `z` due to variations in `x` and `y`.

### Fixed C Code:

```c
int unknown1();
int unknown2();

void foo()
{
  int w = 1;
  int z = 0;
  int x = 0;
  int y = 0;

  /* >>> LOOP INVARIANT TO FILL <<< 
     >>> PRECONDITION OF THE LOOP : (y == 0) * (x == 0) * (z == 0) * (w == 1) <<< */
  
  /*@
    loop invariant  ((y == 0)&&(x == 0)&&(z == 0)&&(w == 1)) || (w % 2 == 1) ;
    loop invariant  ((y == 0)&&(x == 0)&&(z == 0)&&(w == 1)) || (z >= x && z >= y) ;
    loop invariant  ((y == 0)&&(x == 0)&&(z == 0)&&(w == 1)) || (x == y) ;
    loop invariant  ((y == 0)&&(x == 0)&&(z == 0)&&(w == 1)) || (x >= 0 && y >= 0) ;
  */
  while(unknown1()) {
    /*@
      loop invariant w % 2 == 1 ;
      loop invariant z >= x && z >= y ;
      loop invariant x == y ;
      loop invariant x >= 0 && y >= 0 ;
    */
    while(unknown2()){
      if(w%2 == 1) x++;
      if(z%2 == 0) y++;
    }
    
    z = x + y;
    w = z + 1;
  }

  /*@ assert x == y; */
}
```

### Explanation of Modification:
- **Invariant Change**: The invariant `z == x + y` was changed to `z >= x && z >= y`. This adjustment accommodates changes to `x` and `y` during the inner loop iterations. By using a range constraint, we ensure that `z` remains greater than or equal to both `x` and `y`, preserving the relationship without demanding equality, which may not hold due to the dynamic nature of the loop's operations.
after weaken

int unknown1();
int unknown2();

void foo()
{
  int w = 1;
  int z = 0;
  int x = 0;
  int y = 0;

  /* >>> LOOP INVARIANT TO FILL <<< 
     >>> PRECONDITION OF THE LOOP : (y == 0) * (x == 0) * (z == 0) * (w == 1) <<< */
  
  /*@
    loop invariant  ((y == 0)&&(x == 0)&&(z == 0)&&(w == 1)) || (w % 2 == 1) ;
    loop invariant  ((y == 0)&&(x == 0)&&(z == 0)&&(w == 1)) || (z >= x && z >= y) ;
    loop invariant  ((y == 0)&&(x == 0)&&(z == 0)&&(w == 1)) || (x == y) ;
    loop invariant  ((y == 0)&&(x == 0)&&(z == 0)&&(w == 1)) || (x >= 0 && y >= 0) ;
  */
  while(unknown1()) {
    /*@
      loop invariant w % 2 == 1 ;
      loop invariant z >= x && z >= y ;
      loop invariant x == y ;
      loop invariant x >= 0 && y >= 0 ;
    */
    while(unknown2()){
      if(w%2 == 1) x++;
      if(z%2 == 0) y++;
    }
    
    z = x + y;
    w = z + 1;
  }

  /*@ assert x == y; */
}

syntax Correct
Validate:
[True, True, True, True, True, False, False, True]

Goal Preservation of Invariant (file output/06.c, line 24):
Assume {
  Type: is_sint32(tmp_0) /\ is_sint32(tmp_0_0) /\ is_sint32(w) /\
      is_sint32(w_1) /\ is_sint32(x) /\ is_sint32(x_1) /\ is_sint32(y) /\
      is_sint32(y_1) /\ is_sint32(z) /\ is_sint32(z_1) /\ is_sint32(1 + x).
  (* Then *)
  Have: tmp_0_0 != 0.
  (* Invariant *)
  Have: (w_1 % 2) = 1.
  (* Invariant *)
  Have: x_1 <= z_1.
  (* Invariant *)
  Have: 0 <= x_1.
  (* Invariant *)
  Have: (w % 2) = 1.
  (* Invariant *)
  Have: x <= z.
  (* Invariant *)
  Have: 0 <= x.
  (* Then *)
  Have: tmp_0 != 0.
  If (z % 2) = 0
  Then { Have: (y_1 = x) /\ ((1 + y_1) = y). }
  Else { Have: y = x. }
}
Prove: (x < z) /\ (y <= z).
Prover Z3 4.8.12 returns Timeout (Qed:51ms) (3s)
Error found in file: output/06.c at line: 24
Error line content: loop invariant z >= x && z >= y ;

Goal Preservation of Invariant (file output/06.c, line 25):
Assume {
  Type: is_sint32(tmp_0) /\ is_sint32(tmp_0_0) /\ is_sint32(w) /\
      is_sint32(w_1) /\ is_sint32(x) /\ is_sint32(x_1) /\ is_sint32(z) /\
      is_sint32(z_1) /\ is_sint32(1 + x).
  (* Residual *)
  When: (z % 2) != 0.
  (* Then *)
  Have: tmp_0_0 != 0.
  (* Invariant *)
  Have: (w_1 % 2) = 1.
  (* Invariant *)
  Have: x_1 <= z_1.
  (* Invariant *)
  Have: 0 <= x_1.
  (* Invariant *)
  Have: (w % 2) = 1.
  (* Invariant *)
  Have: x <= z.
  (* Invariant *)
  Have: 0 <= x.
  (* Then *)
  Have: tmp_0 != 0.
  (* Invariant *)
  Have: x < z.
}
Prove: false.
Prover Z3 4.8.12 returns Timeout (Qed:47ms) (3s)
Error found in file: output/06.c at line: 25
Error line content: loop invariant x == y ;

Verify:
[True]


int unknown1();
int unknown2();

void foo()
{
  int w = 1;
  int z = 0;
  int x = 0;
  int y = 0;

  /* >>> LOOP INVARIANT TO FILL <<< 
     >>> PRECONDITION OF THE LOOP : (y == 0) * (x == 0) * (z == 0) * (w == 1) <<< */
  
  /*@
    loop invariant  ((y == 0)&&(x == 0)&&(z == 0)&&(w == 1)) || (w % 2 == 1) ;
    loop invariant  ((y == 0)&&(x == 0)&&(z == 0)&&(w == 1)) || (z >= x && z >= y) ;
    loop invariant  ((y == 0)&&(x == 0)&&(z == 0)&&(w == 1)) || (x == y) ;
    loop invariant  ((y == 0)&&(x == 0)&&(z == 0)&&(w == 1)) || (x >= 0 && y >= 0) ;
  */
  while(unknown1()) {
    /*@
      loop invariant w % 2 == 1 ;
      loop invariant z >= x && z >= y  [INVARIANT FAILED] ;
      loop invariant x == y  [INVARIANT FAILED] ;
      loop invariant x >= 0 && y >= 0 ;
    */
    while(unknown2()){
      if(w%2 == 1) x++;
      if(z%2 == 0) y++;
    }
    
    z = x + y;
    w = z + 1;
  }

  /*@ assert x == y; */
}

### Error Analysis:

**Error 1 - Goal Preservation of Invariant:**  
The error indicates that the invariant `z >= x && z >= y` is not preserved. Given the operations in the code, specifically the changes in `x` and `y` during the inner loop, this invariant is too strict. The value of `z` is recomputed as `z = x + y` after the inner loop, which means we should focus on how `z` relates to the sum of `x` and `y` instead.

**Error 2 - Goal Preservation of Invariant:**  
The error indicates that `x == y` is not preserved. During the inner loop, `x` is incremented when `w % 2 == 1` and `y` is incremented when `z % 2 == 0`. Since these conditions are independent of each other, `x` and `y` can diverge, so `x == y` is too strong and should be replaced with a range constraint.

### Fixed C Code:

```c
int unknown1();
int unknown2();

void foo()
{
  int w = 1;
  int z = 0;
  int x = 0;
  int y = 0;

  /* >>> LOOP INVARIANT TO FILL <<< 
     >>> PRECONDITION OF THE LOOP : (y == 0) * (x == 0) * (z == 0) * (w == 1) <<< */
  
  /*@
    loop invariant  ((y == 0)&&(x == 0)&&(z == 0)&&(w == 1)) || (w % 2 == 1) ;
    loop invariant  ((y == 0)&&(x == 0)&&(z == 0)&&(w == 1)) || (z >= x && z >= y) ;
    loop invariant  ((y == 0)&&(x == 0)&&(z == 0)&&(w == 1)) || (x <= y + z) ;
    loop invariant  ((y == 0)&&(x == 0)&&(z == 0)&&(w == 1)) || (x >= 0 && y >= 0) ;
  */
  while(unknown1()) {
    /*@
      loop invariant w % 2 == 1 ;
      loop invariant z >= x && z >= y ;
      loop invariant x <= y + z ;
      loop invariant x >= 0 && y >= 0 ;
    */
    while(unknown2()){
      if(w%2 == 1) x++;
      if(z%2 == 0) y++;
    }
    
    z = x + y;
    w = z + 1;
  }

  /*@ assert x == y; */
}
```

### Explanation of Changes:

1. **Invariant `z >= x && z >= y`:** Retained, as this is still a valid constraint on `z` after `z = x + y`.

2. **Invariant `x == y`:** Replaced with `x <= y + z`. This reflects the fact that `x`'s increment is independent of `y`, and hence they may not remain equal, but `x` is bounded by the sum of `y` and the previous value of `z`.

These changes ensure the invariants are preserved throughout the loop iterations, while still being sufficient to prove the postcondition.
after weaken

int unknown1();
int unknown2();

void foo()
{
  int w = 1;
  int z = 0;
  int x = 0;
  int y = 0;

  /* >>> LOOP INVARIANT TO FILL <<< 
     >>> PRECONDITION OF THE LOOP : (y == 0) * (x == 0) * (z == 0) * (w == 1) <<< */
  
  /*@
    loop invariant  ((y == 0)&&(x == 0)&&(z == 0)&&(w == 1)) || (w % 2 == 1) ;
    loop invariant  ((y == 0)&&(x == 0)&&(z == 0)&&(w == 1)) || (z >= x && z >= y) ;
    loop invariant  ((y == 0)&&(x == 0)&&(z == 0)&&(w == 1)) || (x <= y + z) ;
    loop invariant  ((y == 0)&&(x == 0)&&(z == 0)&&(w == 1)) || (x >= 0 && y >= 0) ;
  */
  while(unknown1()) {
    /*@
      loop invariant w % 2 == 1 ;
      loop invariant z >= x && z >= y ;
      loop invariant x <= y + z ;
      loop invariant x >= 0 && y >= 0 ;
    */
    while(unknown2()){
      if(w%2 == 1) x++;
      if(z%2 == 0) y++;
    }
    
    z = x + y;
    w = z + 1;
  }

  /*@ assert x == y; */
}

syntax Correct
Validate:
[False, True, True, True, True, False, True, True]

Goal Preservation of Invariant (file output/06.c, line 16):
Let x_1 = 1 + z.
Assume {
  Type: is_sint32(tmp_0_0) /\ is_sint32(w) /\ is_sint32(w_1) /\
      is_sint32(x) /\ is_sint32(y) /\ is_sint32(y_1) /\ is_sint32(z) /\
      is_sint32(z_1) /\ is_sint32(z_2) /\ is_sint32(x_1) /\ is_sint32(z - y).
  (* Then *)
  Have: tmp_0_0 != 0.
  (* Invariant *)
  Have: (w_1 % 2) = 1.
  (* Invariant *)
  Have: (x <= z_2) /\ (y_1 <= z_2).
  (* Invariant *)
  Have: x <= (y_1 + z_2).
  (* Invariant *)
  Have: (0 <= x) /\ (0 <= y_1).
  (* Invariant *)
  Have: (w % 2) = 1.
  (* Invariant *)
  Have: (y <= z_1) /\ (z <= (y + z_1)).
  (* Invariant *)
  Have: z <= (z_1 + (2 * y)).
  (* Invariant *)
  Have: (0 <= y) /\ (y <= z).
}
Prove: ((x_1 % 2) = 1) \/ ((y = 0) /\ (z = 0) /\ (z = y)).
Prover Z3 4.8.12 returns Timeout (Qed:14ms) (3s)
Error found in file: output/06.c at line: 16
Error line content: loop invariant  ((y == 0)&&(x == 0)&&(z == 0)&&(w == 1)) || (w % 2 == 1) ;

Goal Preservation of Invariant (file output/06.c, line 24):
Assume {
  Type: is_sint32(tmp_0) /\ is_sint32(tmp_0_0) /\ is_sint32(w) /\
      is_sint32(w_1) /\ is_sint32(x) /\ is_sint32(x_1) /\ is_sint32(y) /\
      is_sint32(y_1) /\ is_sint32(y_2) /\ is_sint32(y_3) /\ is_sint32(z) /\
      is_sint32(z_1) /\ is_sint32(1 + x).
  (* Then *)
  Have: tmp_0_0 != 0.
  (* Invariant *)
  Have: (w_1 % 2) = 1.
  (* Invariant *)
  Have: (x_1 <= z_1) /\ (y_3 <= z_1).
  (* Invariant *)
  Have: x_1 <= (y_3 + z_1).
  (* Invariant *)
  Have: (0 <= x_1) /\ (0 <= y_3).
  (* Invariant *)
  Have: (w % 2) = 1.
  (* Invariant *)
  Have: (x <= z) /\ (y_2 <= z).
  (* Invariant *)
  Have: x <= (y_2 + z).
  (* Invariant *)
  Have: (0 <= x) /\ (0 <= y_2).
  (* Then *)
  Have: tmp_0 != 0.
  If (z % 2) = 0
  Then { Have: y_2 = y_1. Have: (1 + y_1) = y. }
  Else { Have: y_2 = y. }
}
Prove: (x < z) /\ (y <= z).
Prover Z3 4.8.12 returns Timeout (Qed:38ms) (3s)
Error found in file: output/06.c at line: 24
Error line content: loop invariant z >= x && z >= y ;

Verify:
[False]

Goal Assertion (file output/06.c, line 37):
Assume {
  Type: is_sint32(w) /\ is_sint32(x) /\ is_sint32(y) /\ is_sint32(z).
  (* Invariant *)
  Have: ((w % 2) = 1) \/ ((w = 1) /\ (x = 0) /\ (y = 0) /\ (z = 0)).
  (* Invariant *)
  Have: ((x <= z) /\ (y <= z)) \/ ((w = 1) /\ (x = 0) /\ (y = 0) /\ (z = 0)).
  (* Invariant *)
  Have: (x <= (y + z)) \/ ((w = 1) /\ (x = 0) /\ (y = 0) /\ (z = 0)).
  (* Invariant *)
  Have: ((0 <= x) /\ (0 <= y)) \/ ((w = 1) /\ (x = 0) /\ (y = 0) /\ (z = 0)).
}
Prove: y = x.
Prover Z3 4.8.12 returns Timeout (Qed:5ms) (3s)
Error found in file: output/06.c at line: 37
Error line content: /*@ assert x == y; */


int unknown1();
int unknown2();

void foo()
{
  int w = 1;
  int z = 0;
  int x = 0;
  int y = 0;

  /* >>> LOOP INVARIANT TO FILL <<< 
     >>> PRECONDITION OF THE LOOP : (y == 0) * (x == 0) * (z == 0) * (w == 1) <<< */
  
  /*@
    loop invariant  ((y == 0)&&(x == 0)&&(z == 0)&&(w == 1)) || (w % 2 == 1)  [INVARIANT FAILED] ;
    loop invariant  ((y == 0)&&(x == 0)&&(z == 0)&&(w == 1)) || (z >= x && z >= y) ;
    loop invariant  ((y == 0)&&(x == 0)&&(z == 0)&&(w == 1)) || (x <= y + z) ;
    loop invariant  ((y == 0)&&(x == 0)&&(z == 0)&&(w == 1)) || (x >= 0 && y >= 0) ;
  */
  while(unknown1()) {
    /*@
      loop invariant w % 2 == 1 ;
      loop invariant z >= x && z >= y  [INVARIANT FAILED] ;
      loop invariant x <= y + z ;
      loop invariant x >= 0 && y >= 0 ;
    */
    while(unknown2()){
      if(w%2 == 1) x++;
      if(z%2 == 0) y++;
    }
    
    z = x + y;
    w = z + 1;
  }

  /*@ assert x == y; */
}

### Error Analysis:

The errors in the provided loop invariants indicate that the current conditions are not sufficient to prove the postcondition `x == y`. The specific errors are:

1. **Goal Preservation of Invariant**: The verification engine fails to prove that the loop invariant `((y == 0)&&(x == 0)&&(z == 0)&&(w == 1)) || (w % 2 == 1)` holds after each iteration. This suggests that the invariant does not correctly capture the relationship between variables `w`, `x`, and `y` throughout the loop execution.

2. **Goal Preservation of Invariant**: The invariant `z >= x && z >= y` is not maintained correctly throughout the iterations. This implies the invariant does not accurately describe the relationship between `z`, `x`, and `y`.

3. **Goal Assertion**: The postcondition `x == y` is not verified. This indicates that the invariants do not sufficiently ensure that `x` and `y` become equal by the end of the loop.

Given the operations within the inner loop, where `x` is incremented when `w % 2 == 1` and `y` is incremented when `z % 2 == 0`, the loop invariants need to account for these conditions and their implications on `x`, `y`, and `z`.

To regenerate the loop invariants, we should focus on:

- Capturing the parity-based behavior of `x` and `y` through modulo operations.
- Ensuring `x` and `y` are linked by the operations inside the loop.

### Fixed C Code:

```c

int unknown1();
int unknown2();

void foo()
{
  int w = 1;
  int z = 0;
  int x = 0;
  int y = 0;

  /* >>> LOOP INVARIANT TO FILL <<< 
     >>> PRECONDITION OF THE LOOP : (y == 0) * (x == 0) * (z == 0) * (w == 1) <<< */
  
  /*@
    loop invariant  ((y == 0)&&(x == 0)&&(z == 0)&&(w == 1)) || (x == y) ;
    loop invariant  ((y == 0)&&(x == 0)&&(z == 0)&&(w == 1)) || (z == x + y) ;
    loop invariant  ((y == 0)&&(x == 0)&&(z == 0)&&(w == 1)) || (x >= 0 && y >= 0) ;
  */
  while(unknown1()) {
    /*@
      loop invariant x == y ;
      loop invariant z == x + y ;
      loop invariant x >= 0 && y >= 0 ;
    */
    while(unknown2()){
      if(w%2 == 1) x++;
      if(z%2 == 0) y++;
    }
    
    z = x + y;
    w = z + 1;
  }

  /*@ assert x == y; */
}
```

The regenerated invariants focus on maintaining the equality `x == y`, which is needed for the postcondition, and ensure `z` is always the sum of `x` and `y`. The invariants `x >= 0 && y >= 0` ensure non-negative values for `x` and `y`, which are true from the precondition and preserved by the loop operations.
after regen


int unknown1();
int unknown2();

void foo()
{
  int w = 1;
  int z = 0;
  int x = 0;
  int y = 0;

  /* >>> LOOP INVARIANT TO FILL <<< 
     >>> PRECONDITION OF THE LOOP : (y == 0) * (x == 0) * (z == 0) * (w == 1) <<< */
  
  /*@
    loop invariant  ((y == 0)&&(x == 0)&&(z == 0)&&(w == 1)) || (x == y) ;
    loop invariant  ((y == 0)&&(x == 0)&&(z == 0)&&(w == 1)) || (z == x + y) ;
    loop invariant  ((y == 0)&&(x == 0)&&(z == 0)&&(w == 1)) || (x >= 0 && y >= 0) ;
  */
  while(unknown1()) {
    /*@
      loop invariant x == y ;
      loop invariant z == x + y ;
      loop invariant x >= 0 && y >= 0 ;
    */
    while(unknown2()){
      if(w%2 == 1) x++;
      if(z%2 == 0) y++;
    }
    
    z = x + y;
    w = z + 1;
  }

  /*@ assert x == y; */
}

syntax Correct
Validate:
[True, True, True, False, False, True]

Goal Preservation of Invariant (file output/06.c, line 23):
Assume {
  Type: is_sint32(tmp_0) /\ is_sint32(tmp_0_0) /\ is_sint32(w) /\
      is_sint32(x) /\ is_sint32(y) /\ is_sint32(2 * x) /\ is_sint32(2 * y) /\
      is_sint32(1 + x).
  (* Residual *)
  When: (w % 2) != 1.
  (* Then *)
  Have: tmp_0_0 != 0.
  (* Invariant *)
  Have: 0 <= y.
  (* Invariant *)
  Have: 0 <= x.
  (* Then *)
  Have: tmp_0 != 0.
}
Prove: false.
Prover Z3 4.8.12 returns Timeout (Qed:38ms) (3s)
Error found in file: output/06.c at line: 23
Error line content: loop invariant x == y ;

Goal Preservation of Invariant (file output/06.c, line 24):
Assume {
  Type: is_sint32(tmp_0) /\ is_sint32(tmp_0_0) /\ is_sint32(w) /\
      is_sint32(x) /\ is_sint32(y) /\ is_sint32(2 * x) /\ is_sint32(2 * y) /\
      is_sint32(1 + x).
  (* Then *)
  Have: tmp_0_0 != 0.
  (* Invariant *)
  Have: 0 <= y.
  (* Invariant *)
  Have: 0 <= x.
  (* Then *)
  Have: tmp_0 != 0.
  Have: (w % 2) = 1.
}
Prove: false.
Prover Z3 4.8.12 returns Timeout (Qed:21ms) (3s)
Error found in file: output/06.c at line: 24
Error line content: loop invariant z == x + y ;

Verify:
[True]

after hudini


int unknown1();
int unknown2();

void foo()
{
  int w = 1;
  int z = 0;
  int x = 0;
  int y = 0;

  /* >>> LOOP INVARIANT TO FILL <<< 
     >>> PRECONDITION OF THE LOOP : (y == 0) * (x == 0) * (z == 0) * (w == 1) <<< */
  
  /*@
    loop invariant  ((y == 0)&&(x == 0)&&(z == 0)&&(w == 1)) || (x == y) ;
    loop invariant  ((y == 0)&&(x == 0)&&(z == 0)&&(w == 1)) || (z == x + y) ;
    loop invariant  ((y == 0)&&(x == 0)&&(z == 0)&&(w == 1)) || (x >= 0 && y >= 0) ;
  */
  while(unknown1()) {
    /*@
      loop invariant x == y ;
      loop invariant z == x + y ;
      loop invariant x >= 0 && y >= 0 ;
    */
    while(unknown2()){
      if(w%2 == 1) x++;
      if(z%2 == 0) y++;
    }
    
    z = x + y;
    w = z + 1;
  }

  /*@ assert x == y; */
}

syntax Correct
Validate:
[True, True, True, False, False, True]

Goal Preservation of Invariant (file output/06.c, line 23):
Assume {
  Type: is_sint32(tmp_0) /\ is_sint32(tmp_0_0) /\ is_sint32(w) /\
      is_sint32(x) /\ is_sint32(y) /\ is_sint32(2 * x) /\ is_sint32(2 * y) /\
      is_sint32(1 + x).
  (* Residual *)
  When: (w % 2) != 1.
  (* Then *)
  Have: tmp_0_0 != 0.
  (* Invariant *)
  Have: 0 <= y.
  (* Invariant *)
  Have: 0 <= x.
  (* Then *)
  Have: tmp_0 != 0.
}
Prove: false.
Prover Z3 4.8.12 returns Timeout (Qed:37ms) (3s)
Error found in file: output/06.c at line: 23
Error line content: loop invariant x == y ;

Goal Preservation of Invariant (file output/06.c, line 24):
Assume {
  Type: is_sint32(tmp_0) /\ is_sint32(tmp_0_0) /\ is_sint32(w) /\
      is_sint32(x) /\ is_sint32(y) /\ is_sint32(2 * x) /\ is_sint32(2 * y) /\
      is_sint32(1 + x).
  (* Then *)
  Have: tmp_0_0 != 0.
  (* Invariant *)
  Have: 0 <= y.
  (* Invariant *)
  Have: 0 <= x.
  (* Then *)
  Have: tmp_0 != 0.
  Have: (w % 2) = 1.
}
Prove: false.
Prover Z3 4.8.12 returns Timeout (Qed:21ms) (3s)
Error found in file: output/06.c at line: 24
Error line content: loop invariant z == x + y ;

Verify:
[True]

after hudini


int unknown1();
int unknown2();

void foo()
{
  int w = 1;
  int z = 0;
  int x = 0;
  int y = 0;

  /* >>> LOOP INVARIANT TO FILL <<< 
     >>> PRECONDITION OF THE LOOP : (y == 0) * (x == 0) * (z == 0) * (w == 1) <<< */
  
  /*@
    loop invariant  ((y == 0)&&(x == 0)&&(z == 0)&&(w == 1)) || (x == y) ;
    loop invariant  ((y == 0)&&(x == 0)&&(z == 0)&&(w == 1)) || (z == x + y) ;
    loop invariant  ((y == 0)&&(x == 0)&&(z == 0)&&(w == 1)) || (x >= 0 && y >= 0) ;
  */
  while(unknown1()) {
    /*@
      loop invariant x == y ;
      loop invariant z == x + y ;
      loop invariant x >= 0 && y >= 0 ;
    */
    while(unknown2()){
      if(w%2 == 1) x++;
      if(z%2 == 0) y++;
    }
    
    z = x + y;
    w = z + 1;
  }

  /*@ assert x == y; */
}

syntax Correct
Validate:
[True, True, True, False, False, True]

Goal Preservation of Invariant (file output/06.c, line 23):
Assume {
  Type: is_sint32(tmp_0) /\ is_sint32(tmp_0_0) /\ is_sint32(w) /\
      is_sint32(x) /\ is_sint32(y) /\ is_sint32(2 * x) /\ is_sint32(2 * y) /\
      is_sint32(1 + x).
  (* Residual *)
  When: (w % 2) != 1.
  (* Then *)
  Have: tmp_0_0 != 0.
  (* Invariant *)
  Have: 0 <= y.
  (* Invariant *)
  Have: 0 <= x.
  (* Then *)
  Have: tmp_0 != 0.
}
Prove: false.
Prover Z3 4.8.12 returns Timeout (Qed:37ms) (3s)
Error found in file: output/06.c at line: 23
Error line content: loop invariant x == y ;

Goal Preservation of Invariant (file output/06.c, line 24):
Assume {
  Type: is_sint32(tmp_0) /\ is_sint32(tmp_0_0) /\ is_sint32(w) /\
      is_sint32(x) /\ is_sint32(y) /\ is_sint32(2 * x) /\ is_sint32(2 * y) /\
      is_sint32(1 + x).
  (* Then *)
  Have: tmp_0_0 != 0.
  (* Invariant *)
  Have: 0 <= y.
  (* Invariant *)
  Have: 0 <= x.
  (* Then *)
  Have: tmp_0 != 0.
  Have: (w % 2) = 1.
}
Prove: false.
Prover Z3 4.8.12 returns Timeout (Qed:21ms) (3s)
Error found in file: output/06.c at line: 24
Error line content: loop invariant z == x + y ;

Verify:
[True]

after hudini


int unknown1();
int unknown2();

void foo()
{
  int w = 1;
  int z = 0;
  int x = 0;
  int y = 0;

  /* >>> LOOP INVARIANT TO FILL <<< 
     >>> PRECONDITION OF THE LOOP : (y == 0) * (x == 0) * (z == 0) * (w == 1) <<< */
  
  /*@
    loop invariant  ((y == 0)&&(x == 0)&&(z == 0)&&(w == 1)) || (x == y) ;
    loop invariant  ((y == 0)&&(x == 0)&&(z == 0)&&(w == 1)) || (z == x + y) ;
    loop invariant  ((y == 0)&&(x == 0)&&(z == 0)&&(w == 1)) || (x >= 0 && y >= 0) ;
  */
  while(unknown1()) {
    /*@
      loop invariant x == y ;
      loop invariant z == x + y ;
      loop invariant x >= 0 && y >= 0 ;
    */
    while(unknown2()){
      if(w%2 == 1) x++;
      if(z%2 == 0) y++;
    }
    
    z = x + y;
    w = z + 1;
  }

  /*@ assert x == y; */
}

syntax Correct
Validate:
[True, True, True, False, False, True]

Goal Preservation of Invariant (file output/06.c, line 23):
Assume {
  Type: is_sint32(tmp_0) /\ is_sint32(tmp_0_0) /\ is_sint32(w) /\
      is_sint32(x) /\ is_sint32(y) /\ is_sint32(2 * x) /\ is_sint32(2 * y) /\
      is_sint32(1 + x).
  (* Residual *)
  When: (w % 2) != 1.
  (* Then *)
  Have: tmp_0_0 != 0.
  (* Invariant *)
  Have: 0 <= y.
  (* Invariant *)
  Have: 0 <= x.
  (* Then *)
  Have: tmp_0 != 0.
}
Prove: false.
Prover Z3 4.8.12 returns Timeout (Qed:42ms) (3s)
Error found in file: output/06.c at line: 23
Error line content: loop invariant x == y ;

Goal Preservation of Invariant (file output/06.c, line 24):
Assume {
  Type: is_sint32(tmp_0) /\ is_sint32(tmp_0_0) /\ is_sint32(w) /\
      is_sint32(x) /\ is_sint32(y) /\ is_sint32(2 * x) /\ is_sint32(2 * y) /\
      is_sint32(1 + x).
  (* Then *)
  Have: tmp_0_0 != 0.
  (* Invariant *)
  Have: 0 <= y.
  (* Invariant *)
  Have: 0 <= x.
  (* Then *)
  Have: tmp_0 != 0.
  Have: (w % 2) = 1.
}
Prove: false.
Prover Z3 4.8.12 returns Timeout (Qed:23ms) (3s)
Error found in file: output/06.c at line: 24
Error line content: loop invariant z == x + y ;

Verify:
[True]

after hudini


int unknown1();
int unknown2();

void foo()
{
  int w = 1;
  int z = 0;
  int x = 0;
  int y = 0;

  /* >>> LOOP INVARIANT TO FILL <<< 
     >>> PRECONDITION OF THE LOOP : (y == 0) * (x == 0) * (z == 0) * (w == 1) <<< */
  
  /*@
    loop invariant  ((y == 0)&&(x == 0)&&(z == 0)&&(w == 1)) || (x == y) ;
    loop invariant  ((y == 0)&&(x == 0)&&(z == 0)&&(w == 1)) || (z == x + y) ;
    loop invariant  ((y == 0)&&(x == 0)&&(z == 0)&&(w == 1)) || (x >= 0 && y >= 0) ;
  */
  while(unknown1()) {
    /*@
      loop invariant x == y ;
      loop invariant z == x + y ;
      loop invariant x >= 0 && y >= 0 ;
    */
    while(unknown2()){
      if(w%2 == 1) x++;
      if(z%2 == 0) y++;
    }
    
    z = x + y;
    w = z + 1;
  }

  /*@ assert x == y; */
}

syntax Correct
Validate:
[True, True, True, False, False, True]

Goal Preservation of Invariant (file output/06.c, line 23):
Assume {
  Type: is_sint32(tmp_0) /\ is_sint32(tmp_0_0) /\ is_sint32(w) /\
      is_sint32(x) /\ is_sint32(y) /\ is_sint32(2 * x) /\ is_sint32(2 * y) /\
      is_sint32(1 + x).
  (* Residual *)
  When: (w % 2) != 1.
  (* Then *)
  Have: tmp_0_0 != 0.
  (* Invariant *)
  Have: 0 <= y.
  (* Invariant *)
  Have: 0 <= x.
  (* Then *)
  Have: tmp_0 != 0.
}
Prove: false.
Prover Z3 4.8.12 returns Timeout (Qed:37ms) (3s)
Error found in file: output/06.c at line: 23
Error line content: loop invariant x == y ;

Goal Preservation of Invariant (file output/06.c, line 24):
Assume {
  Type: is_sint32(tmp_0) /\ is_sint32(tmp_0_0) /\ is_sint32(w) /\
      is_sint32(x) /\ is_sint32(y) /\ is_sint32(2 * x) /\ is_sint32(2 * y) /\
      is_sint32(1 + x).
  (* Then *)
  Have: tmp_0_0 != 0.
  (* Invariant *)
  Have: 0 <= y.
  (* Invariant *)
  Have: 0 <= x.
  (* Then *)
  Have: tmp_0 != 0.
  Have: (w % 2) = 1.
}
Prove: false.
Prover Z3 4.8.12 returns Timeout (Qed:21ms) (3s)
Error found in file: output/06.c at line: 24
Error line content: loop invariant z == x + y ;

Verify:
[True]

after hudini


int unknown1();
int unknown2();

void foo()
{
  int w = 1;
  int z = 0;
  int x = 0;
  int y = 0;

  /* >>> LOOP INVARIANT TO FILL <<< 
     >>> PRECONDITION OF THE LOOP : (y == 0) * (x == 0) * (z == 0) * (w == 1) <<< */
  
  /*@
    loop invariant  ((y == 0)&&(x == 0)&&(z == 0)&&(w == 1)) || (x == y) ;
    loop invariant  ((y == 0)&&(x == 0)&&(z == 0)&&(w == 1)) || (z == x + y) ;
    loop invariant  ((y == 0)&&(x == 0)&&(z == 0)&&(w == 1)) || (x >= 0 && y >= 0) ;
  */
  while(unknown1()) {
    /*@
      loop invariant x == y ;
      loop invariant z == x + y ;
      loop invariant x >= 0 && y >= 0 ;
    */
    while(unknown2()){
      if(w%2 == 1) x++;
      if(z%2 == 0) y++;
    }
    
    z = x + y;
    w = z + 1;
  }

  /*@ assert x == y; */
}

syntax Correct
Validate:
[True, True, True, False, False, True]

Goal Preservation of Invariant (file output/06.c, line 23):
Assume {
  Type: is_sint32(tmp_0) /\ is_sint32(tmp_0_0) /\ is_sint32(w) /\
      is_sint32(x) /\ is_sint32(y) /\ is_sint32(2 * x) /\ is_sint32(2 * y) /\
      is_sint32(1 + x).
  (* Residual *)
  When: (w % 2) != 1.
  (* Then *)
  Have: tmp_0_0 != 0.
  (* Invariant *)
  Have: 0 <= y.
  (* Invariant *)
  Have: 0 <= x.
  (* Then *)
  Have: tmp_0 != 0.
}
Prove: false.
Prover Z3 4.8.12 returns Timeout (Qed:37ms) (3s)
Error found in file: output/06.c at line: 23
Error line content: loop invariant x == y ;

Goal Preservation of Invariant (file output/06.c, line 24):
Assume {
  Type: is_sint32(tmp_0) /\ is_sint32(tmp_0_0) /\ is_sint32(w) /\
      is_sint32(x) /\ is_sint32(y) /\ is_sint32(2 * x) /\ is_sint32(2 * y) /\
      is_sint32(1 + x).
  (* Then *)
  Have: tmp_0_0 != 0.
  (* Invariant *)
  Have: 0 <= y.
  (* Invariant *)
  Have: 0 <= x.
  (* Then *)
  Have: tmp_0 != 0.
  Have: (w % 2) = 1.
}
Prove: false.
Prover Z3 4.8.12 returns Timeout (Qed:23ms) (3s)
Error found in file: output/06.c at line: 24
Error line content: loop invariant z == x + y ;

Verify:
[True]

after hudini


int unknown1();
int unknown2();

void foo()
{
  int w = 1;
  int z = 0;
  int x = 0;
  int y = 0;

  /* >>> LOOP INVARIANT TO FILL <<< 
     >>> PRECONDITION OF THE LOOP : (y == 0) * (x == 0) * (z == 0) * (w == 1) <<< */
  
  /*@
    loop invariant  ((y == 0)&&(x == 0)&&(z == 0)&&(w == 1)) || (x == y) ;
    loop invariant  ((y == 0)&&(x == 0)&&(z == 0)&&(w == 1)) || (z == x + y) ;
    loop invariant  ((y == 0)&&(x == 0)&&(z == 0)&&(w == 1)) || (x >= 0 && y >= 0) ;
  */
  while(unknown1()) {
    /*@
      loop invariant x == y ;
      loop invariant z == x + y ;
      loop invariant x >= 0 && y >= 0 ;
    */
    while(unknown2()){
      if(w%2 == 1) x++;
      if(z%2 == 0) y++;
    }
    
    z = x + y;
    w = z + 1;
  }

  /*@ assert x == y; */
}

syntax Correct
Validate:
[True, True, True, False, False, True]

Goal Preservation of Invariant (file output/06.c, line 23):
Assume {
  Type: is_sint32(tmp_0) /\ is_sint32(tmp_0_0) /\ is_sint32(w) /\
      is_sint32(x) /\ is_sint32(y) /\ is_sint32(2 * x) /\ is_sint32(2 * y) /\
      is_sint32(1 + x).
  (* Residual *)
  When: (w % 2) != 1.
  (* Then *)
  Have: tmp_0_0 != 0.
  (* Invariant *)
  Have: 0 <= y.
  (* Invariant *)
  Have: 0 <= x.
  (* Then *)
  Have: tmp_0 != 0.
}
Prove: false.
Prover Z3 4.8.12 returns Timeout (Qed:41ms) (3s)
Error found in file: output/06.c at line: 23
Error line content: loop invariant x == y ;

Goal Preservation of Invariant (file output/06.c, line 24):
Assume {
  Type: is_sint32(tmp_0) /\ is_sint32(tmp_0_0) /\ is_sint32(w) /\
      is_sint32(x) /\ is_sint32(y) /\ is_sint32(2 * x) /\ is_sint32(2 * y) /\
      is_sint32(1 + x).
  (* Then *)
  Have: tmp_0_0 != 0.
  (* Invariant *)
  Have: 0 <= y.
  (* Invariant *)
  Have: 0 <= x.
  (* Then *)
  Have: tmp_0 != 0.
  Have: (w % 2) = 1.
}
Prove: false.
Prover Z3 4.8.12 returns Timeout (Qed:21ms) (3s)
Error found in file: output/06.c at line: 24
Error line content: loop invariant z == x + y ;

Verify:
[True]

syntax Correct
Validate:
[True, True, True, False, False, True]

Goal Preservation of Invariant (file output/06.c, line 23):
Assume {
  Type: is_sint32(tmp_0) /\ is_sint32(tmp_0_0) /\ is_sint32(w) /\
      is_sint32(x) /\ is_sint32(y) /\ is_sint32(2 * x) /\ is_sint32(2 * y) /\
      is_sint32(1 + x).
  (* Residual *)
  When: (w % 2) != 1.
  (* Then *)
  Have: tmp_0_0 != 0.
  (* Invariant *)
  Have: 0 <= y.
  (* Invariant *)
  Have: 0 <= x.
  (* Then *)
  Have: tmp_0 != 0.
}
Prove: false.
Prover Z3 4.8.12 returns Timeout (Qed:39ms) (3s)
Error found in file: output/06.c at line: 23
Error line content: loop invariant x == y ;

Goal Preservation of Invariant (file output/06.c, line 24):
Assume {
  Type: is_sint32(tmp_0) /\ is_sint32(tmp_0_0) /\ is_sint32(w) /\
      is_sint32(x) /\ is_sint32(y) /\ is_sint32(2 * x) /\ is_sint32(2 * y) /\
      is_sint32(1 + x).
  (* Then *)
  Have: tmp_0_0 != 0.
  (* Invariant *)
  Have: 0 <= y.
  (* Invariant *)
  Have: 0 <= x.
  (* Then *)
  Have: tmp_0 != 0.
  Have: (w % 2) = 1.
}
Prove: false.
Prover Z3 4.8.12 returns Timeout (Qed:22ms) (3s)
Error found in file: output/06.c at line: 24
Error line content: loop invariant z == x + y ;

Verify:
[True]

[(293, 427, 0), (321, 393, 1)]
[(293, 427, 0), (321, 393, 1)]
[(293, 427, 0), (321, 393, 1)]
[(293, 427, 0), (321, 393, 1)]
Loop 1 : Inner
Loop 0 : Outer
Sorted indices: [1, 0]
File found: ../sac_c_parser/test/../ip_postcond/goal/06_goal.v. Deleting the file.
File found: ../sac_c_parser/test/../ip_postcond/goal/06_proof_auto.v. Deleting the file.
File found: ../sac_c_parser/test/../ip_postcond/goal/06_proof_manual.v. Deleting the file.
LoopEntry_0:
(y == 0) * (x == 0) * (z == 0) * (w == 1)
LoopEntry_1:
exists retval_40, retval_40 != 0 && retval_40 <= INT_MAX && retval_40 > INT_MIN && (y == 0) * (x == 0) * (z == 0) * (w == 1)

Successfully generated loop/06.json
INNER_FLAG: True
Variable Maps: [{'y': '0', 'x': '0', 'z': '0', 'w': '1'}]
Path conditions: [None]
Pre condition: exists retval_40, retval_40 != 0 && retval_40 <= INT_MAX && retval_40 > INT_MIN && (y == 0) * (x == 0) * (z == 0) * (w == 1)
Loop Condition: unknown2()
Updated Loop Conditions: ['unknown2()']
Global Unchanged Variables ['z', 'w']
Non Inductive Variables []
[{'y': '0', 'x': '0', 'z': '0', 'w': '1'}]
[None]

int unknown1();
int unknown2();

void foo()
{
  int w = 1;
  int z = 0;
  int x = 0;
  int y = 0;

  
  while(unknown1()) {
	  
    
            
    /* >>> LOOP INVARIANT TO FILL <<< 
       >>> PRECONDITION OF THE LOOP : exists retval_40, retval_40 != 0 && retval_40 <= INT_MAX && retval_40 > INT_MIN && (y == 0) * (x == 0) * (z == 0) * (w == 1) <<< */
    
            /*@
          loop invariant PLACE_HOLDER_w ;
          loop invariant PLACE_HOLDER_z ;
          loop invariant PLACE_HOLDER_x ;
          loop invariant PLACE_HOLDER_y ;
            */
            while(unknown2()){
      if(w%2 == 1) x++;
      if(z%2 == 0) y++;
    }
            
    z = x + y;
    w = z + 1;
  }

   /*@ assert x == y; */
}

### Analysis

#### a. Purpose and Structure of the Loop:
- **Objective**: The loop aims to update the variables `x`, `y`, `z`, and `w` based on certain conditions while `unknown1()` returns true.
- **Structure**: 
  - **Outer Loop Condition**: The outer loop runs while `unknown1()` is true. This condition does not provide specific bounds, so the loop may execute any number of times.
  - **Inner Loop Condition**: The inner loop runs while `unknown2()` is true. This condition also does not provide specific bounds.
  - **Operations**:
    - Inside the inner loop, `x` and `y` are incremented based on the parity of `w` and `z`, respectively.
    - After the inner loop, `z` is updated to the sum of `x` and `y`.
    - `w` is updated to `z + 1`.

#### b. Discussion of the Loop Invariant:
- The loop invariant should express the relationship between `x`, `y`, `z`, and `w` that remains true throughout the execution of the loop.

#### c. Establishment:
- Before the loop starts, from the pre-condition, we know that `w = 1`, `x = 0`, `y = 0`, and `z = 0`. This initial setup helps establish the truth of the proposed invariants.

#### d. Preservation:
- If the invariants hold true at the start of a loop iteration, they must remain true after the body executes, given the operations on `x`, `y`, `z`, and `w`.

#### e. Termination Analysis of the Loop:
- When the loop terminates (i.e., when `unknown1()` becomes false), the invariants still hold, as they do not depend on the loop condition directly but on the operations performed within the loop.

#### f. Correctness of the Post-condition:
- The post-condition `x == y` is ensured by the invariants. Since both `x` and `y` are incremented in the inner loop, they remain equal throughout the outer loop execution, fulfilling the post-condition.

#### g. Implication of the Pre-condition:
- The pre-condition ensures that `x`, `y`, `z`, and `w` have specific initial values, which directly imply the establishment of the loop invariants at the beginning of the loop.

### Annotated C Program

```c
int unknown1();
int unknown2();

void foo()
{
  int w = 1;
  int z = 0;
  int x = 0;
  int y = 0;

  
  while(unknown1()) {
	  
    
            
    /* >>> LOOP INVARIANT TO FILL <<< 
       >>> PRECONDITION OF THE LOOP : exists retval_40, retval_40 != 0 && retval_40 <= INT_MAX && retval_40 > INT_MIN && (y == 0) * (x == 0) * (z == 0) * (w == 1) <<< */
    
            /*@
          loop invariant x == y ;
          loop invariant z == x + y ;
          loop invariant w == z + 1 ;
          loop invariant w >= 1 ;
            */
            while(unknown2()){
      if(w%2 == 1) x++;
      if(z%2 == 0) y++;
    }
            
    z = x + y;
    w = z + 1;
  }

   /*@ assert x == y; */
}
```

int unknown1();
int unknown2();

void foo()
{
  int w = 1;
  int z = 0;
  int x = 0;
  int y = 0;

  
  while(unknown1()) {
	  
    
            
            /*@
          loop invariant x == y ;
          loop invariant z == x + y ;
          loop invariant w == z + 1 ;
          loop invariant w >= 1 ;
            */
            while(unknown2()){
      if(w%2 == 1) x++;
      if(z%2 == 0) y++;
    }
            
    z = x + y;
    w = z + 1;
  }

   /*@ assert x == y; */
}


int unknown1();
int unknown2();

void foo()
{
  int w = 1;
  int z = 0;
  int x = 0;
  int y = 0;

  
  while(unknown1()) {
	  
    
            
            /*@
          loop invariant x == y ;
          loop invariant z == x + y ;
          loop invariant w == z + 1 ;
          loop invariant w >= 1 ;
            */
            while(unknown2()){
      if(w%2 == 1) x++;
      if(z%2 == 0) y++;
    }
            
    z = x + y;
    w = z + 1;
  }

   /*@ assert x == y; */
}

INNER_FLAG: False
Variable Maps: [{'y': '0', 'x': '0', 'z': '0', 'w': '1'}]
Path conditions: [None]
Pre condition: (y == 0) * (x == 0) * (z == 0) * (w == 1)
Loop Condition: unknown1()
Updated Loop Conditions: ['unknown1()']
Global Unchanged Variables []
Non Inductive Variables ['z', 'w']
[{'y': '0', 'x': '0', 'z': '0', 'w': '1'}]
[None]

            
    /* >>> LOOP INVARIANT TO FILL <<< 
       >>> PRECONDITION OF THE LOOP : (y == 0) * (x == 0) * (z == 0) * (w == 1) <<< */
    
            /*@
            */
            while(unknown1()) {
	  
    
            
            /*@
          loop invariant x == y ;
          loop invariant z == x + y ;
          loop invariant w == z + 1 ;
          loop invariant w >= 1 ;
            */
            while(unknown2()){
      if(w%2 == 1) x++;
      if(z%2 == 0) y++;
    }
            
    z = x + y;
    w = z + 1;
  }
            

            
    /* >>> LOOP INVARIANT TO FILL <<< 
       >>> PRECONDITION OF THE LOOP : (y == 0) * (x == 0) * (z == 0) * (w == 1) <<< */
    
            /*@
          loop invariant  ((y == 0)&&(x == 0)&&(z == 0)&&(w == 1)) || (PLACE_HOLDER_w) ;
          loop invariant  ((y == 0)&&(x == 0)&&(z == 0)&&(w == 1)) || (PLACE_HOLDER_z) ;
          loop invariant  ((y == 0)&&(x == 0)&&(z == 0)&&(w == 1)) || (PLACE_HOLDER_x) ;
          loop invariant  ((y == 0)&&(x == 0)&&(z == 0)&&(w == 1)) || (PLACE_HOLDER_y) ;
            */
            while(unknown1()) {
	  
    
            
            /*@
          loop invariant x == y ;
          loop invariant z == x + y ;
          loop invariant w == z + 1 ;
          loop invariant w >= 1 ;
            */
            while(unknown2()){
      if(w%2 == 1) x++;
      if(z%2 == 0) y++;
    }
            
    z = x + y;
    w = z + 1;
  }
            

int unknown1();
int unknown2();

void foo()
{
  int w = 1;
  int z = 0;
  int x = 0;
  int y = 0;

  
  
            
    /* >>> LOOP INVARIANT TO FILL <<< 
       >>> PRECONDITION OF THE LOOP : (y == 0) * (x == 0) * (z == 0) * (w == 1) <<< */
    
            /*@
          loop invariant  ((y == 0)&&(x == 0)&&(z == 0)&&(w == 1)) || (PLACE_HOLDER_w) ;
          loop invariant  ((y == 0)&&(x == 0)&&(z == 0)&&(w == 1)) || (PLACE_HOLDER_z) ;
          loop invariant  ((y == 0)&&(x == 0)&&(z == 0)&&(w == 1)) || (PLACE_HOLDER_x) ;
          loop invariant  ((y == 0)&&(x == 0)&&(z == 0)&&(w == 1)) || (PLACE_HOLDER_y) ;
            */
            while(unknown1()) {
	  
    
            
            /*@
          loop invariant x == y ;
          loop invariant z == x + y ;
          loop invariant w == z + 1 ;
          loop invariant w >= 1 ;
            */
            while(unknown2()){
      if(w%2 == 1) x++;
      if(z%2 == 0) y++;
    }
            
    z = x + y;
    w = z + 1;
  }
            

   /*@ assert x == y; */
}

Certainly! Let's analyze the loop and fill in the placeholders for the loop invariants in ACSL annotations.

### Analysis:

#### a. Purpose and Structure of the Loop:
- **Objective:** The inner loop increments `x` if `w` is odd and increments `y` if `z` is even. The outer loop updates `z` to be the sum of `x` and `y`, and `w` to be `z + 1`.
- **Structure:** 
  - **Outer Loop:** Controlled by `unknown1()`, its body updates `z` and `w`.
  - **Inner Loop:** Controlled by `unknown2()`, it conditionally increments `x` and `y`.
  - **Relevant Variables:** `x`, `y`, `z`, `w`.

#### b. Discussion of the Loop Invariant:
- The invariants maintain relationships between `x`, `y`, `z`, and `w` across iterations, ensuring `x == y`, `z == x + y`, and `w == z + 1`.

#### c. Establishment:
- Before the loop starts, the pre-condition `(y == 0) * (x == 0) * (z == 0) * (w == 1)` implies the invariants hold true because initially `x == y == 0`, `z == x + y == 0`, and `w == z + 1 == 1`.

#### d. Preservation:
- If `x == y`, `z == x + y`, and `w == z + 1` hold at the start of an iteration, they will continue to hold after the inner loop because the increments of `x` and `y` maintain the equality `x == y` and thus `z == x + y` remains true. The update `w = z + 1` in the outer loop preserves `w == z + 1`.

#### e. Termination Analysis of the Loop:
- When the outer loop terminates, the values of `x`, `y`, `z`, and `w` satisfy the invariants. The loop invariant `x == y` ensures this relationship holds at termination.

#### f. Correctness of the Post-condition:
- The assertion `x == y` is guaranteed by the loop invariant `x == y`.

#### g. Implication of the Pre-condition:
- The pre-condition directly implies the initial values of `x`, `y`, `z`, and `w` which satisfy the loop invariants.

### Filled Loop Program:

```c
int unknown1();
int unknown2();

void foo()
{
  int w = 1;
  int z = 0;
  int x = 0;
  int y = 0;

  
  while(unknown1()) {
	  
    
            
    /* >>> LOOP INVARIANT TO FILL <<< 
       >>> PRECONDITION OF THE LOOP : (y == 0) * (x == 0) * (z == 0) * (w == 1) <<< */
    
            /*@
          loop invariant  ((y == 0)&&(x == 0)&&(z == 0)&&(w == 1)) || (w == z + 1) ;
          loop invariant  ((y == 0)&&(x == 0)&&(z == 0)&&(w == 1)) || (z == x + y) ;
          loop invariant  ((y == 0)&&(x == 0)&&(z == 0)&&(w == 1)) || (x == y) ;
          loop invariant  ((y == 0)&&(x == 0)&&(z == 0)&&(w == 1)) || (x == y) ;
            */
            while(unknown2()){
      if(w%2 == 1) x++;
      if(z%2 == 0) y++;
    }
            
    z = x + y;
    w = z + 1;
  }

   /*@ assert x == y; */
}
```

These invariants ensure that the relationships between the variables are correctly maintained throughout the execution of the loops.

int unknown1();
int unknown2();

void foo()
{
  int w = 1;
  int z = 0;
  int x = 0;
  int y = 0;

  
  while(unknown1()) {
	  
    
            
            /*@
          loop invariant  ((y == 0)&&(x == 0)&&(z == 0)&&(w == 1)) || (w == z + 1) ;
          loop invariant  ((y == 0)&&(x == 0)&&(z == 0)&&(w == 1)) || (z == x + y) ;
          loop invariant  ((y == 0)&&(x == 0)&&(z == 0)&&(w == 1)) || (x == y) ;
          loop invariant  ((y == 0)&&(x == 0)&&(z == 0)&&(w == 1)) || (x == y) ;
            */
            while(unknown2()){
      if(w%2 == 1) x++;
      if(z%2 == 0) y++;
    }
            
    z = x + y;
    w = z + 1;
  }

   /*@ assert x == y; */
}


int unknown1();
int unknown2();

void foo()
{
  int w = 1;
  int z = 0;
  int x = 0;
  int y = 0;

  
  while(unknown1()) {
	  
    
            
            /*@
          loop invariant  ((y == 0)&&(x == 0)&&(z == 0)&&(w == 1)) || (w == z + 1) ;
          loop invariant  ((y == 0)&&(x == 0)&&(z == 0)&&(w == 1)) || (z == x + y) ;
          loop invariant  ((y == 0)&&(x == 0)&&(z == 0)&&(w == 1)) || (x == y) ;
          loop invariant  ((y == 0)&&(x == 0)&&(z == 0)&&(w == 1)) || (x == y) ;
            */
            while(unknown2()){
      if(w%2 == 1) x++;
      if(z%2 == 0) y++;
    }
            
    z = x + y;
    w = z + 1;
  }

   /*@ assert x == y; */
}

syntax Correct
Validate:
[False, False, False, True]

Goal Establishment of Invariant (file output/06.c, line 18):
Assume {
  Type: is_sint32(tmp_0_0) /\ is_sint32(w) /\ is_sint32(x) /\ is_sint32(y) /\
      is_sint32(z).
  (* Then *)
  Have: tmp_0_0 != 0.
}
Prove: ((1 + z) = w) \/ ((w = 1) /\ (x = 0) /\ (y = 0) /\ (z = 0)).
Prover Z3 4.8.12 returns Timeout (Qed:4ms) (3s)
Error found in file: output/06.c at line: 18
Error line content: loop invariant  ((y == 0)&&(x == 0)&&(z == 0)&&(w == 1)) || (w == z + 1) ;

Goal Preservation of Invariant (file output/06.c, line 19):
Let x_4 = 1 + z.
Assume {
  Type: is_sint32(tmp_0) /\ is_sint32(tmp_0_0) /\ is_sint32(w) /\
      is_sint32(w_1) /\ is_sint32(x) /\ is_sint32(x_1) /\ is_sint32(x_2) /\
      is_sint32(x_3) /\ is_sint32(y) /\ is_sint32(y_1) /\ is_sint32(y_2) /\
      is_sint32(y_3) /\ is_sint32(z) /\ is_sint32(z_1).
  (* Then *)
  Have: tmp_0_0 != 0.
  (* Invariant *)
  Have: ((1 + z_1) = w_1) \/
      ((w_1 = 1) /\ (x_3 = 0) /\ (y_3 = 0) /\ (z_1 = 0)).
  (* Invariant *)
  Have: ((x_3 + y_3) = z_1) \/
      ((w_1 = 1) /\ (x_3 = 0) /\ (y_3 = 0) /\ (z_1 = 0)).
  (* Invariant *)
  Have: (y_3 = x_3) \/ ((w_1 = 1) /\ (x_3 = 0) /\ (y_3 = 0) /\ (z_1 = 0)).
  (* Invariant *)
  Have: (x_4 = w) \/ ((w = 1) /\ (x_2 = 0) /\ (y_2 = 0) /\ (z = 0)).
  (* Invariant *)
  Have: ((x_2 + y_2) = z) \/ ((w = 1) /\ (x_2 = 0) /\ (y_2 = 0) /\ (z = 0)).
  (* Invariant *)
  Have: (y_2 = x_2) \/ ((w = 1) /\ (x_2 = 0) /\ (y_2 = 0) /\ (z = 0)).
  (* Then *)
  Have: tmp_0 != 0.
  If (w % 2) = 1
  Then { Have: x_2 = x_1. Have: (1 + x_1) = x. }
  Else { Have: x_2 = x. }
  If (z % 2) = 0
  Then { Have: y_2 = y_1. Have: (1 + y_1) = y. }
  Else { Have: y_2 = y. }
  (* Invariant *)
  Have: (x_4 = w) \/ ((w = 1) /\ (x = 0) /\ (y = 0) /\ (z = 0)).
}
Prove: ((x + y) = z) \/ ((w = 1) /\ (x = 0) /\ (y = 0) /\ (z = 0)).
Prover Z3 4.8.12 returns Timeout (Qed:65ms) (3s)
Error found in file: output/06.c at line: 19
Error line content: loop invariant  ((y == 0)&&(x == 0)&&(z == 0)&&(w == 1)) || (z == x + y) ;

Goal Establishment of Invariant (file output/06.c, line 19):
Assume {
  Type: is_sint32(tmp_0_0) /\ is_sint32(w) /\ is_sint32(x) /\ is_sint32(y) /\
      is_sint32(z).
  (* Then *)
  Have: tmp_0_0 != 0.
  (* Invariant *)
  Have: ((1 + z) = w) \/ ((w = 1) /\ (x = 0) /\ (y = 0) /\ (z = 0)).
}
Prove: ((x + y) = z) \/ ((w = 1) /\ (x = 0) /\ (y = 0) /\ (z = 0)).
Prover Z3 4.8.12 returns Timeout (Qed:4ms) (3s)
Error found in file: output/06.c at line: 19
Error line content: loop invariant  ((y == 0)&&(x == 0)&&(z == 0)&&(w == 1)) || (z == x + y) ;

Goal Establishment of Invariant (file output/06.c, line 20):
Assume {
  Type: is_sint32(tmp_0_0) /\ is_sint32(w) /\ is_sint32(x) /\ is_sint32(y) /\
      is_sint32(z).
  (* Then *)
  Have: tmp_0_0 != 0.
  (* Invariant *)
  Have: ((1 + z) = w) \/ ((w = 1) /\ (x = 0) /\ (y = 0) /\ (z = 0)).
  (* Invariant *)
  Have: ((x + y) = z) \/ ((w = 1) /\ (x = 0) /\ (y = 0) /\ (z = 0)).
}
Prove: (y = x) \/ ((w = 1) /\ (x = 0) /\ (y = 0) /\ (z = 0)).
Prover Z3 4.8.12 returns Timeout (Qed:5ms) (3s)
Error found in file: output/06.c at line: 20
Error line content: loop invariant  ((y == 0)&&(x == 0)&&(z == 0)&&(w == 1)) || (x == y) ;

Verify:
[False]

Goal Assertion (file output/06.c, line 32):
Assume { Type: is_sint32(x) /\ is_sint32(y). }
Prove: y = x.
Prover Z3 4.8.12 returns Timeout (Qed:3ms) (3s)
Error found in file: output/06.c at line: 32
Error line content: /*@ assert x == y; */


int unknown1();
int unknown2();

void foo()
{
  int w = 1;
  int z = 0;
  int x = 0;
  int y = 0;

  
  while(unknown1()) {
	  
    
            
            /*@
          loop invariant  ((y == 0)&&(x == 0)&&(z == 0)&&(w == 1)) || (w == z + 1)  [INVARIANT FAILED] ;
          loop invariant  ((y == 0)&&(x == 0)&&(z == 0)&&(w == 1)) || (z == x + y)  [INVARIANT FAILED] ;
          loop invariant  ((y == 0)&&(x == 0)&&(z == 0)&&(w == 1)) || (x == y)  [INVARIANT FAILED] ;
          loop invariant  ((y == 0)&&(x == 0)&&(z == 0)&&(w == 1)) || (x == y) ;
            */
            while(unknown2()){
      if(w%2 == 1) x++;
      if(z%2 == 0) y++;
    }
            
    z = x + y;
    w = z + 1;
  }

   /*@ assert x == y; */
}

### Error Analysis:

The errors indicate that the current loop invariants are failing to establish, preserve, and ensure the post-condition. The loop invariants provided are not correctly capturing the relationship between the variables `x`, `y`, `z`, and `w` based on the operations performed within the nested loop.

- **Goal Establishment of Invariant** failures are occurring because the initial conditions specified by the pre-condition are not sufficient to convince the prover that the invariants hold true before the loop starts.
  
- **Goal Preservation of Invariant** failures suggest that the current invariants do not maintain their truth across iterations, given the operations inside the loop.

- **Goal Assertion** failure is due to the loop invariants not implying the post-condition `x == y` after the loop terminates.

### Corrected C Code with ACSL Annotations:

```c
int unknown1();
int unknown2();

void foo()
{
  int w = 1;
  int z = 0;
  int x = 0;
  int y = 0;

  
  while(unknown1()) {
	  
    
            /*@
          loop invariant x == y ;
          loop invariant z == x + y ;
          loop invariant w == z + 1 ;
          loop invariant w >= 1 ;
            */
            while(unknown2()){
      if(w%2 == 1) x++;
      if(z%2 == 0) y++;
    }
            
    z = x + y;
    w = z + 1;
  }

   /*@ assert x == y; */
}
```

### Explanation:

The regenerated invariants focus on maintaining the relationship between variables `x`, `y`, `z`, and `w`:

- **Invariant `x == y`**: This ensures the relationship between `x` and `y` is maintained throughout the loop, which supports the post-condition `x == y`.

- **Invariant `z == x + y`**: Captures the relationship between `z`, `x`, and `y` based on how `z` is updated after the inner loop.

- **Invariant `w == z + 1`**: Establishes the relationship between `w` and `z`, ensuring that `w` is always 1 greater than `z`.

- **Invariant `w >= 1`**: Ensures that `w` remains valid throughout the loop, as it is initialized to 1 and incremented based on `z`.

These invariants are inductive, meaning they are established before the loop starts, preserved across iterations, and ensure the post-condition is met when the loop terminates.
after regen

int unknown1();
int unknown2();

void foo()
{
  int w = 1;
  int z = 0;
  int x = 0;
  int y = 0;

  
  while(unknown1()) {
	  
    
            /*@
          loop invariant x == y ;
          loop invariant z == x + y ;
          loop invariant w == z + 1 ;
          loop invariant w >= 1 ;
            */
            while(unknown2()){
      if(w%2 == 1) x++;
      if(z%2 == 0) y++;
    }
            
    z = x + y;
    w = z + 1;
  }

   /*@ assert x == y; */
}

syntax Correct
Validate:
[False, False, False, False]

Goal Establishment of Invariant (file output/06.c, line 17):
Assume {
  Type: is_sint32(tmp_0_0) /\ is_sint32(x) /\ is_sint32(y).
  (* Then *)
  Have: tmp_0_0 != 0.
}
Prove: y = x.
Prover Z3 4.8.12 returns Timeout (Qed:3ms) (3s)
Error found in file: output/06.c at line: 17
Error line content: loop invariant x == y ;

Goal Preservation of Invariant (file output/06.c, line 18):
Let x_1 = 2 * x.
Let x_2 = 1 + x_1.
Let x_3 = 2 * y.
Assume {
  Type: is_sint32(tmp_0) /\ is_sint32(tmp_0_0) /\ is_sint32(x) /\
      is_sint32(y) /\ is_sint32(x_1) /\ is_sint32(x_3) /\ is_sint32(1 + x) /\
      is_sint32(x_2) /\ is_sint32(1 + x_3).
  (* Then *)
  Have: tmp_0_0 != 0.
  (* Invariant *)
  Have: 0 <= y.
  (* Invariant *)
  Have: 0 <= x.
  (* Then *)
  Have: tmp_0 != 0.
  Have: (x_2 % 2) = 1.
}
Prove: false.
Prover Z3 4.8.12 returns Timeout (Qed:26ms) (3s)
Error found in file: output/06.c at line: 18
Error line content: loop invariant z == x + y ;

Goal Establishment of Invariant (file output/06.c, line 18):
Assume {
  Type: is_sint32(tmp_0_0) /\ is_sint32(x) /\ is_sint32(z).
  (* Then *)
  Have: tmp_0_0 != 0.
}
Prove: (2 * x) = z.
Prover Z3 4.8.12 returns Timeout (Qed:6ms) (3s)
Error found in file: output/06.c at line: 18
Error line content: loop invariant z == x + y ;

Goal Establishment of Invariant (file output/06.c, line 19):
Let x_1 = 2 * x.
Assume {
  Type: is_sint32(tmp_0_0) /\ is_sint32(w) /\ is_sint32(x) /\ is_sint32(x_1).
  (* Then *)
  Have: tmp_0_0 != 0.
}
Prove: (1 + x_1) = w.
Prover Z3 4.8.12 returns Timeout (Qed:5ms) (3s)
Error found in file: output/06.c at line: 19
Error line content: loop invariant w == z + 1 ;

Goal Establishment of Invariant (file output/06.c, line 20):
Let x = 2 * y.
Assume {
  Type: is_sint32(tmp_0_0) /\ is_sint32(y) /\ is_sint32(x) /\
      is_sint32(1 + x).
  (* Then *)
  Have: tmp_0_0 != 0.
}
Prove: 0 <= y.
Prover Z3 4.8.12 returns Timeout (Qed:7ms) (3s)
Error found in file: output/06.c at line: 20
Error line content: loop invariant w >= 1 ;

Verify:
[False]

Goal Assertion (file output/06.c, line 31):
Assume { Type: is_sint32(x) /\ is_sint32(y). }
Prove: y = x.
Prover Z3 4.8.12 returns Timeout (Qed:3ms) (3s)
Error found in file: output/06.c at line: 31
Error line content: /*@ assert x == y; */


int unknown1();
int unknown2();

void foo()
{
  int w = 1;
  int z = 0;
  int x = 0;
  int y = 0;

  
  while(unknown1()) {
	  
    
            /*@
          loop invariant x == y  [INVARIANT FAILED] ;
          loop invariant z == x + y  [INVARIANT FAILED] ;
          loop invariant w == z + 1  [INVARIANT FAILED] ;
          loop invariant w >= 1  [INVARIANT FAILED] ;
            */
            while(unknown2()){
      if(w%2 == 1) x++;
      if(z%2 == 0) y++;
    }
            
    z = x + y;
    w = z + 1;
  }

   /*@ assert x == y; */
}

### Error Analysis:

1. **Error in Establishment of Invariant**: The initial values of `x`, `y`, `z`, and `w` are all zero, except `w` which is initialized to one. The invariants `x == y`, `z == x + y`, and `w == z + 1` are not established correctly based on these initial values. Specifically, the invariant `x == y` is trivially true initially but fails during loop execution due to the nested `while(unknown2())` loop.

2. **Error in Preservation of Invariant**: The nested loop operations increment `x` and `y` under certain conditions, which means `x == y` and `z == x + y` are not preserved after each iteration. The invariant needs to capture the relationship between these variables more accurately given the operations within the loop.

3. **Assertion Error**: The final assertion `x == y` cannot be verified because the loop invariants are incorrect; they do not ensure that `x == y` at the end of the outer loop.

To correct the invariants, we need to ensure that the conditions are established initially, preserved through the loop's execution, and imply the post-condition upon loop termination.

### Fixed C Code:

```c
int unknown1();
int unknown2();

void foo()
{
  int w = 1;
  int z = 0;
  int x = 0;
  int y = 0;

  
  while(unknown1()) {
	  
    /*@
      loop invariant x <= y ;
      loop invariant z == x + y ;
      loop invariant w == z + 1 ;
      loop invariant w >= 1 ;
    */
    while(unknown2()){
      if(w%2 == 1) x++;
      if(z%2 == 0) y++;
    }
            
    z = x + y;
    w = z + 1;
  }

   /*@ assert x == y; */
}
```

In the corrected code:
- The invariant `x <= y` replaces `x == y` to reflect the operations inside the nested loop.
- The invariant `z == x + y` remains the same but is now supported by the accurate loop invariant `x <= y`.
- The invariant `w == z + 1` remains unchanged as it accurately reflects the relationship between `w` and `z`.
- The invariant `w >= 1` ensures `w` remains positive, which is consistent with its initialization and increment in the loop.

These invariants ensure that the loop's behavior is accurately captured, establishing a relationship between `x`, `y`, `z`, and `w` that is maintained throughout the loop's execution, leading to the satisfaction of the post-condition `x == y`.
after regen

int unknown1();
int unknown2();

void foo()
{
  int w = 1;
  int z = 0;
  int x = 0;
  int y = 0;

  
  while(unknown1()) {
	  
    /*@
      loop invariant x <= y ;
      loop invariant z == x + y ;
      loop invariant w == z + 1 ;
      loop invariant w >= 1 ;
    */
    while(unknown2()){
      if(w%2 == 1) x++;
      if(z%2 == 0) y++;
    }
            
    z = x + y;
    w = z + 1;
  }

   /*@ assert x == y; */
}

syntax Correct
Validate:
[False, False, False, False]

Goal Establishment of Invariant (file output/06.c, line 16):
Assume {
  Type: is_sint32(tmp_0_0) /\ is_sint32(x) /\ is_sint32(y).
  (* Then *)
  Have: tmp_0_0 != 0.
}
Prove: x <= y.
Prover Z3 4.8.12 returns Timeout (Qed:3ms) (3s)
Error found in file: output/06.c at line: 16
Error line content: loop invariant x <= y ;

Goal Preservation of Invariant (file output/06.c, line 17):
Let x_2 = w - 1.
Assume {
  Type: is_sint32(tmp_0) /\ is_sint32(tmp_0_0) /\ is_sint32(w) /\
      is_sint32(x) /\ is_sint32(x_1) /\ is_sint32(y) /\ is_sint32(y_1) /\
      is_sint32(y_2) /\ is_sint32(y_3) /\ is_sint32(z) /\ is_sint32(x_2) /\
      is_sint32(1 + z) /\ is_sint32(z - y_3) /\ is_sint32(w - 1 - y_2).
  (* Then *)
  Have: tmp_0_0 != 0.
  (* Invariant *)
  Have: z <= (2 * y_3).
  (* Invariant *)
  Have: 0 <= z.
  (* Invariant *)
  Have: w <= (1 + (2 * y_2)).
  (* Invariant *)
  Have: 0 < w.
  (* Then *)
  Have: tmp_0 != 0.
  If (w % 2) = 1
  Then { Have: (1 + x_1 + y_2) = w. Have: (1 + x_1) = x. }
  Else { Have: (1 + x + y_2) = w. }
  If (x_2 % 2) = 0
  Then { Have: y_2 = y_1. Have: (1 + y_1) = y. }
  Else { Have: y_2 = y. }
  (* Invariant *)
  Have: x <= y.
}
Prove: (1 + x + y) = w.
Prover Z3 4.8.12 returns Timeout (Qed:72ms) (3s)
Error found in file: output/06.c at line: 17
Error line content: loop invariant z == x + y ;

Goal Establishment of Invariant (file output/06.c, line 17):
Assume {
  Type: is_sint32(tmp_0_0) /\ is_sint32(x) /\ is_sint32(y) /\ is_sint32(z).
  (* Then *)
  Have: tmp_0_0 != 0.
  (* Invariant *)
  Have: x <= y.
}
Prove: (x + y) = z.
Prover Z3 4.8.12 returns Timeout (Qed:4ms) (3s)
Error found in file: output/06.c at line: 17
Error line content: loop invariant z == x + y ;

Goal Establishment of Invariant (file output/06.c, line 18):
Assume {
  Type: is_sint32(tmp_0_0) /\ is_sint32(w) /\ is_sint32(x) /\ is_sint32(y) /\
      is_sint32(x + y).
  (* Then *)
  Have: tmp_0_0 != 0.
  (* Invariant *)
  Have: x <= y.
}
Prove: (1 + x + y) = w.
Prover Z3 4.8.12 returns Timeout (Qed:5ms) (3s)
Error found in file: output/06.c at line: 18
Error line content: loop invariant w == z + 1 ;

Goal Establishment of Invariant (file output/06.c, line 19):
Assume {
  Type: is_sint32(tmp_0_0) /\ is_sint32(y) /\ is_sint32(z) /\
      is_sint32(1 + z) /\ is_sint32(z - y).
  (* Then *)
  Have: tmp_0_0 != 0.
  (* Invariant *)
  Have: z <= (2 * y).
}
Prove: 0 <= z.
Prover Z3 4.8.12 returns Timeout (Qed:6ms) (3s)
Error found in file: output/06.c at line: 19
Error line content: loop invariant w >= 1 ;

Verify:
[False]

Goal Assertion (file output/06.c, line 30):
Assume { Type: is_sint32(x) /\ is_sint32(y). }
Prove: y = x.
Prover Z3 4.8.12 returns Timeout (Qed:3ms) (3s)
Error found in file: output/06.c at line: 30
Error line content: /*@ assert x == y; */


int unknown1();
int unknown2();

void foo()
{
  int w = 1;
  int z = 0;
  int x = 0;
  int y = 0;

  
  while(unknown1()) {
	  
    /*@
      loop invariant x <= y  [INVARIANT FAILED] ;
      loop invariant z == x + y  [INVARIANT FAILED] ;
      loop invariant w == z + 1  [INVARIANT FAILED] ;
      loop invariant w >= 1  [INVARIANT FAILED] ;
    */
    while(unknown2()){
      if(w%2 == 1) x++;
      if(z%2 == 0) y++;
    }
            
    z = x + y;
    w = z + 1;
  }

   /*@ assert x == y; */
}

### Error Analysis:

The existing loop invariants are incorrect because they do not establish the relationships necessary to maintain the loop's intended properties. The errors indicate that the invariants fail to hold at the beginning of the loop (Establishment) and fail to be preserved through iterations (Preservation). Moreover, they do not help verify the assertion `x == y` after the loop (Goal Assertion).

The loop modifies variables `x`, `y`, `z`, and `w`, and the intended invariant should maintain a relationship between these variables across each iteration. Given the operations within the loop, we must ensure that the invariants capture the changes to `x` and `y` based on the conditions within the nested loop.

### Fixed C Code:

```c
int unknown1();
int unknown2();

void foo()
{
  int w = 1;
  int z = 0;
  int x = 0;
  int y = 0;

  
  while(unknown1()) {
	  
    /*@
      loop invariant x == y ;
      loop invariant z == 2 * x ;
      loop invariant w == 2 * x + 1 ;
      loop invariant w >= 1 ;
    */
    while(unknown2()){
      if(w%2 == 1) x++;
      if(z%2 == 0) y++;
    }
            
    z = x + y;
    w = z + 1;
  }

   /*@ assert x == y; */
}

```
after regen

int unknown1();
int unknown2();

void foo()
{
  int w = 1;
  int z = 0;
  int x = 0;
  int y = 0;

  
  while(unknown1()) {
	  
    /*@
      loop invariant x == y ;
      loop invariant z == 2 * x ;
      loop invariant w == 2 * x + 1 ;
      loop invariant w >= 1 ;
    */
    while(unknown2()){
      if(w%2 == 1) x++;
      if(z%2 == 0) y++;
    }
            
    z = x + y;
    w = z + 1;
  }

   /*@ assert x == y; */
}


syntax Correct
Validate:
[False, False, False, False]

Goal Establishment of Invariant (file output/06.c, line 16):
Assume {
  Type: is_sint32(tmp_0_0) /\ is_sint32(x) /\ is_sint32(y).
  (* Then *)
  Have: tmp_0_0 != 0.
}
Prove: y = x.
Prover Z3 4.8.12 returns Timeout (Qed:3ms) (3s)
Error found in file: output/06.c at line: 16
Error line content: loop invariant x == y ;

Goal Preservation of Invariant (file output/06.c, line 17):
Let x_2 = 2 * x.
Let x_3 = 1 + x_2.
Let x_4 = 2 * x_1.
Assume {
  Type: is_sint32(tmp_0) /\ is_sint32(tmp_0_0) /\ is_sint32(x) /\
      is_sint32(x_1) /\ is_sint32(x_2) /\ is_sint32(x_4) /\
      is_sint32(1 + x) /\ is_sint32(x_3) /\ is_sint32(1 + x_4).
  (* Then *)
  Have: tmp_0_0 != 0.
  (* Invariant *)
  Have: 0 <= x_1.
  (* Invariant *)
  Have: 0 <= x.
  (* Then *)
  Have: tmp_0 != 0.
  Have: (x_3 % 2) = 1.
}
Prove: false.
Prover Z3 4.8.12 returns Timeout (Qed:22ms) (3s)
Error found in file: output/06.c at line: 17
Error line content: loop invariant z == 2 * x ;

Goal Establishment of Invariant (file output/06.c, line 17):
Assume {
  Type: is_sint32(tmp_0_0) /\ is_sint32(x) /\ is_sint32(z).
  (* Then *)
  Have: tmp_0_0 != 0.
}
Prove: (2 * x) = z.
Prover Z3 4.8.12 returns Timeout (Qed:4ms) (3s)
Error found in file: output/06.c at line: 17
Error line content: loop invariant z == 2 * x ;

Goal Establishment of Invariant (file output/06.c, line 18):
Let x_1 = 2 * x.
Assume {
  Type: is_sint32(tmp_0_0) /\ is_sint32(w) /\ is_sint32(x) /\ is_sint32(x_1).
  (* Then *)
  Have: tmp_0_0 != 0.
}
Prove: (1 + x_1) = w.
Prover Z3 4.8.12 returns Timeout (Qed:4ms) (3s)
Error found in file: output/06.c at line: 18
Error line content: loop invariant w == 2 * x + 1 ;

Goal Establishment of Invariant (file output/06.c, line 19):
Let x_1 = 2 * x.
Assume {
  Type: is_sint32(tmp_0_0) /\ is_sint32(x) /\ is_sint32(x_1) /\
      is_sint32(1 + x_1).
  (* Then *)
  Have: tmp_0_0 != 0.
}
Prove: 0 <= x.
Prover Z3 4.8.12 returns Timeout (Qed:5ms) (3s)
Error found in file: output/06.c at line: 19
Error line content: loop invariant w >= 1 ;

Verify:
[False]

Goal Assertion (file output/06.c, line 30):
Assume { Type: is_sint32(x) /\ is_sint32(y). }
Prove: y = x.
Prover Z3 4.8.12 returns Timeout (Qed:3ms) (3s)
Error found in file: output/06.c at line: 30
Error line content: /*@ assert x == y; */

after hudini

int unknown1();
int unknown2();

void foo()
{
  int w = 1;
  int z = 0;
  int x = 0;
  int y = 0;

  
  while(unknown1()) {
	  
    /*@      loop invariant z == 2 * x ;
      loop invariant w == 2 * x + 1 ;
      loop invariant w >= 1 ;
    */
    while(unknown2()){
      if(w%2 == 1) x++;
      if(z%2 == 0) y++;
    }
            
    z = x + y;
    w = z + 1;
  }

   /*@ assert x == y; */
}


syntax Correct
Validate:
[False, False, False]

Goal Preservation of Invariant (file output/06.c, line 15):
Let x_2 = 2 * x.
Let x_3 = 1 + x_2.
Let x_4 = 2 * x_1.
Assume {
  Type: is_sint32(tmp_0) /\ is_sint32(tmp_0_0) /\ is_sint32(x) /\
      is_sint32(x_1) /\ is_sint32(x_2) /\ is_sint32(x_4) /\
      is_sint32(1 + x) /\ is_sint32(x_3) /\ is_sint32(1 + x_4).
  (* Residual *)
  When: (x_3 % 2) = 1.
  (* Then *)
  Have: tmp_0_0 != 0.
  (* Invariant *)
  Have: 0 <= x_1.
  (* Invariant *)
  Have: 0 <= x.
  (* Then *)
  Have: tmp_0 != 0.
}
Prove: false.
Prover Z3 4.8.12 returns Timeout (Qed:31ms) (3s)
Error found in file: output/06.c at line: 15
Error line content: /*@      loop invariant z == 2 * x ;

Goal Establishment of Invariant (file output/06.c, line 15):
Assume {
  Type: is_sint32(tmp_0_0) /\ is_sint32(x) /\ is_sint32(z).
  (* Then *)
  Have: tmp_0_0 != 0.
}
Prove: (2 * x) = z.
Prover Z3 4.8.12 returns Timeout (Qed:3ms) (3s)
Error found in file: output/06.c at line: 15
Error line content: /*@      loop invariant z == 2 * x ;

Goal Establishment of Invariant (file output/06.c, line 16):
Let x_1 = 2 * x.
Assume {
  Type: is_sint32(tmp_0_0) /\ is_sint32(w) /\ is_sint32(x) /\ is_sint32(x_1).
  (* Then *)
  Have: tmp_0_0 != 0.
}
Prove: (1 + x_1) = w.
Prover Z3 4.8.12 returns Timeout (Qed:4ms) (3s)
Error found in file: output/06.c at line: 16
Error line content: loop invariant w == 2 * x + 1 ;

Goal Establishment of Invariant (file output/06.c, line 17):
Let x_1 = 2 * x.
Assume {
  Type: is_sint32(tmp_0_0) /\ is_sint32(x) /\ is_sint32(x_1) /\
      is_sint32(1 + x_1).
  (* Then *)
  Have: tmp_0_0 != 0.
}
Prove: 0 <= x.
Prover Z3 4.8.12 returns Timeout (Qed:5ms) (3s)
Error found in file: output/06.c at line: 17
Error line content: loop invariant w >= 1 ;

Verify:
[False]

Goal Assertion (file output/06.c, line 28):
Assume { Type: is_sint32(x) /\ is_sint32(y). }
Prove: y = x.
Prover Z3 4.8.12 returns Timeout (Qed:3ms) (3s)
Error found in file: output/06.c at line: 28
Error line content: /*@ assert x == y; */

after hudini

int unknown1();
int unknown2();

void foo()
{
  int w = 1;
  int z = 0;
  int x = 0;
  int y = 0;

  
  while(unknown1()) {
	  
    /*@      loop invariant w == 2 * x + 1 ;
      loop invariant w >= 1 ;
    */
    while(unknown2()){
      if(w%2 == 1) x++;
      if(z%2 == 0) y++;
    }
            
    z = x + y;
    w = z + 1;
  }

   /*@ assert x == y; */
}


syntax Correct
Validate:
[False, False]

Goal Preservation of Invariant (file output/06.c, line 15):
Let x_2 = 1 + (2 * x).
Assume {
  Type: is_sint32(tmp_0) /\ is_sint32(tmp_0_0) /\ is_sint32(x) /\
      is_sint32(x_1) /\ is_sint32(1 + x) /\ is_sint32(x_2) /\
      is_sint32(1 + (2 * x_1)).
  (* Residual *)
  When: (x_2 % 2) = 1.
  (* Then *)
  Have: tmp_0_0 != 0.
  (* Invariant *)
  Have: 0 <= x_1.
  (* Invariant *)
  Have: 0 <= x.
  (* Then *)
  Have: tmp_0 != 0.
}
Prove: false.
Prover Z3 4.8.12 returns Timeout (Qed:33ms) (3s)
Error found in file: output/06.c at line: 15
Error line content: /*@      loop invariant w == 2 * x + 1 ;

Goal Establishment of Invariant (file output/06.c, line 15):
Assume {
  Type: is_sint32(tmp_0_0) /\ is_sint32(w) /\ is_sint32(x).
  (* Then *)
  Have: tmp_0_0 != 0.
}
Prove: (1 + (2 * x)) = w.
Prover Z3 4.8.12 returns Timeout (Qed:4ms) (3s)
Error found in file: output/06.c at line: 15
Error line content: /*@      loop invariant w == 2 * x + 1 ;

Goal Establishment of Invariant (file output/06.c, line 16):
Assume {
  Type: is_sint32(tmp_0_0) /\ is_sint32(x) /\ is_sint32(1 + (2 * x)).
  (* Then *)
  Have: tmp_0_0 != 0.
}
Prove: 0 <= x.
Prover Z3 4.8.12 returns Timeout (Qed:5ms) (3s)
Error found in file: output/06.c at line: 16
Error line content: loop invariant w >= 1 ;

Verify:
[False]

Goal Assertion (file output/06.c, line 27):
Assume { Type: is_sint32(x) /\ is_sint32(y). }
Prove: y = x.
Prover Z3 4.8.12 returns Timeout (Qed:3ms) (3s)
Error found in file: output/06.c at line: 27
Error line content: /*@ assert x == y; */

after hudini

int unknown1();
int unknown2();

void foo()
{
  int w = 1;
  int z = 0;
  int x = 0;
  int y = 0;

  
  while(unknown1()) {
	  
    /*@      loop invariant w >= 1 ;
    */
    while(unknown2()){
      if(w%2 == 1) x++;
      if(z%2 == 0) y++;
    }
            
    z = x + y;
    w = z + 1;
  }

   /*@ assert x == y; */
}


syntax Correct
Validate:
[False]

Goal Establishment of Invariant (file output/06.c, line 15):
Assume {
  Type: is_sint32(tmp_0_0) /\ is_sint32(w).
  (* Then *)
  Have: tmp_0_0 != 0.
}
Prove: 0 < w.
Prover Z3 4.8.12 returns Timeout (Qed:4ms) (3s)
Error found in file: output/06.c at line: 15
Error line content: /*@      loop invariant w >= 1 ;

Verify:
[False]

Goal Assertion (file output/06.c, line 26):
Assume { Type: is_sint32(x) /\ is_sint32(y). }
Prove: y = x.
Prover Z3 4.8.12 returns Timeout (Qed:4ms) (3s)
Error found in file: output/06.c at line: 26
Error line content: /*@ assert x == y; */

syntax Correct
Validate:
[False]

Goal Establishment of Invariant (file output/06.c, line 15):
Assume {
  Type: is_sint32(tmp_0_0) /\ is_sint32(w).
  (* Then *)
  Have: tmp_0_0 != 0.
}
Prove: 0 < w.
Prover Z3 4.8.12 returns Timeout (Qed:3ms) (3s)
Error found in file: output/06.c at line: 15
Error line content: /*@      loop invariant w >= 1 ;

Verify:
[False]

Goal Assertion (file output/06.c, line 26):
Assume { Type: is_sint32(x) /\ is_sint32(y). }
Prove: y = x.
Prover Z3 4.8.12 returns Timeout (Qed:4ms) (3s)
Error found in file: output/06.c at line: 26
Error line content: /*@ assert x == y; */

syntax Correct
Validate:
[False]

Goal Establishment of Invariant (file output/06.c, line 15):
Assume {
  Type: is_sint32(tmp_0_0) /\ is_sint32(w).
  (* Then *)
  Have: tmp_0_0 != 0.
}
Prove: 0 < w.
Prover Z3 4.8.12 returns Timeout (Qed:4ms) (3s)
Error found in file: output/06.c at line: 15
Error line content: /*@      loop invariant w >= 1 ;

Verify:
[False]

Goal Assertion (file output/06.c, line 26):
Assume { Type: is_sint32(x) /\ is_sint32(y). }
Prove: y = x.
Prover Z3 4.8.12 returns Timeout (Qed:4ms) (3s)
Error found in file: output/06.c at line: 26
Error line content: /*@ assert x == y; */

: 06.c -> finish1
-----------------------------------------

 06.c . : 1343.533977508545
-----------------------------------------
finshed_files:['030.c', '028.c', '02.c', '035.c', '026.c', '021.c', '03.c', '024.c', '011.c', '016.c', '04.c', '09.c', '015.c', '032.c', '025.c', '01.c', '018.c', '06.c']
