file:70.c
Successfully generated loop/70.json
INNER_FLAG: False
Variable Maps: [{'x': '1', 'v3': 'v3@pre', 'v2': 'v2@pre', 'v1': 'v1@pre', 'y': 'y@pre', 'n': 'n@pre'}]
Path conditions: [None]
Pre condition: (x == 1) * (v3 == v3@pre) * (v2 == v2@pre) * (v1 == v1@pre) * (y == y@pre) * (n == n@pre)
Loop Condition: x <= n
Updated Loop Conditions: ['1 <= n@pre']
Global Unchanged Variables ['v3', 'v2', 'v1', 'n']
Non Inductive Variables ['y']
[{'x': '1', 'v3': 'v3@pre', 'v2': 'v2@pre', 'v1': 'v1@pre', 'y': 'y@pre', 'n': 'n@pre'}]
[None]

            
    /* >>> LOOP INVARIANT TO FILL <<< 
       >>> PRECONDITION OF THE LOOP : (x == 1) * (v3 == \at(v3, Pre)) * (v2 == \at(v2, Pre)) * (v1 == \at(v1, Pre)) * (y == \at(y, Pre)) * (n == \at(n, Pre)) <<< */
    
            /*@
          loop invariant v3 == \at(v3, Pre);
          loop invariant v2 == \at(v2, Pre);
          loop invariant v1 == \at(v1, Pre);
          loop invariant n == \at(n, Pre);
            */
            while (x <= n) {
        y = n - x;
        x = x + 1;
    }
            

            
    /* >>> LOOP INVARIANT TO FILL <<< 
       >>> PRECONDITION OF THE LOOP : (x == 1) * (v3 == \at(v3, Pre)) * (v2 == \at(v2, Pre)) * (v1 == \at(v1, Pre)) * (y == \at(y, Pre)) * (n == \at(n, Pre)) <<< */
    
            /*@
          loop invariant (1 <= \at(n, Pre)) ==> (((x == 1)&&(v3 == \at(v3, Pre))&&(v2 == \at(v2, Pre))&&(v1 == \at(v1, Pre))&&(y == \at(y, Pre))&&(n == \at(n, Pre))) || (PLACE_HOLDER_y));
          loop invariant (1 <= \at(n, Pre)) ==> (((x == 1)&&(v3 == \at(v3, Pre))&&(v2 == \at(v2, Pre))&&(v1 == \at(v1, Pre))&&(y == \at(y, Pre))&&(n == \at(n, Pre))) || (PLACE_HOLDER_x));
          loop invariant (!(1 <= \at(n, Pre))) ==> ((x == 1)&&(v3 == \at(v3, Pre))&&(v2 == \at(v2, Pre))&&(v1 == \at(v1, Pre))&&(y == \at(y, Pre))&&(n == \at(n, Pre)));
          loop invariant v3 == \at(v3, Pre);
          loop invariant v2 == \at(v2, Pre);
          loop invariant v1 == \at(v1, Pre);
          loop invariant n == \at(n, Pre);
            */
            while (x <= n) {
        y = n - x;
        x = x + 1;
    }
            
void foo(int n,int y,int v1,int v2,int v3) {
    
    int x = 1;

    
    
            
    /* >>> LOOP INVARIANT TO FILL <<< 
       >>> PRECONDITION OF THE LOOP : (x == 1) * (v3 == \at(v3, Pre)) * (v2 == \at(v2, Pre)) * (v1 == \at(v1, Pre)) * (y == \at(y, Pre)) * (n == \at(n, Pre)) <<< */
    
            /*@
          loop invariant (1 <= \at(n, Pre)) ==> (((x == 1)&&(v3 == \at(v3, Pre))&&(v2 == \at(v2, Pre))&&(v1 == \at(v1, Pre))&&(y == \at(y, Pre))&&(n == \at(n, Pre))) || (PLACE_HOLDER_y));
          loop invariant (1 <= \at(n, Pre)) ==> (((x == 1)&&(v3 == \at(v3, Pre))&&(v2 == \at(v2, Pre))&&(v1 == \at(v1, Pre))&&(y == \at(y, Pre))&&(n == \at(n, Pre))) || (PLACE_HOLDER_x));
          loop invariant (!(1 <= \at(n, Pre))) ==> ((x == 1)&&(v3 == \at(v3, Pre))&&(v2 == \at(v2, Pre))&&(v1 == \at(v1, Pre))&&(y == \at(y, Pre))&&(n == \at(n, Pre)));
          loop invariant v3 == \at(v3, Pre);
          loop invariant v2 == \at(v2, Pre);
          loop invariant v1 == \at(v1, Pre);
          loop invariant n == \at(n, Pre);
            */
            while (x <= n) {
        y = n - x;
        x = x + 1;
    }
            

    /*@ assert (n > 0) ==> (y <= n); */


}
### Analysis of the Loop

**a. Purpose and Structure of the Loop:**
The objective of the loop is to compute the value of `y` as `n - x` for each iteration while incrementing `x` from its initial value of 1 until `x` exceeds `n`. The loop continues as long as `x` is less than or equal to `n`. The relevant variables are `x`, which is initialized to 1 and incremented in each iteration; `n`, the upper bound for `x`; and `y`, which is updated in each iteration based on the current value of `x`.

**b. Discussion of the Loop Invariant:**
The proposed loop invariant should express the relationship between the variables at the start and end of each iteration. A valid invariant for this loop could assert that `x` is always between 1 and `n` (inclusive), and that `y` reflects the correct value of `n - x`. 

**c. Establishment:**
Before the loop begins, `x` is initialized to 1. Thus, the invariant holds true because `1 <= n` (as per the precondition) implies `x` is within the bounds, and `y` can be correctly computed as `n - x` when `x` is 1.

**d. Preservation:**
At the start of each iteration, if the invariant holds (that is, `x <= n` and `y = n - x`), then during the iteration, `x` is incremented by 1, thus moving to `x + 1` which is still within `n` as long as `x <= n`. Consequently, at the end of the iteration, `y` is updated to `n - (x + 1)`, preserving the relationship defined by the invariant.

**e. Termination Analysis of the Loop:**
When the loop terminates, the condition `x <= n` is no longer true, which implies that `x` has reached `n + 1`. The invariant holds true under this condition because `y` would have been last calculated as `n - n`, which equals 0. The invariant conditions are satisfied since `x` is within the established limits before termination.

**f. Correctness of the Post-condition:**
The post-condition asserts that if `n > 0`, then `y <= n`. Given that `y` was last set to `n - x` and `x` is `n + 1` at termination, `y` equals `n - (n + 1)`, which is -1. Thus, this satisfies `y <= n` since `-1 <= n` when `n > 0`.

**g. Implication of the Pre-condition:**
The pre-condition indicates that `n` is at least 1 (`n == \at(n, Pre)`) before execution. Since the invariant involves `n` being a valid upper bound for `x`, it guarantees that the invariant is established before the loop begins execution.

### Complete C Loop Program with Annotations

```c
void foo(int n,int y,int v1,int v2,int v3) {
    
    int x = 1;

    
    
            
    /* >>> LOOP INVARIANT TO FILL <<< 
       >>> PRECONDITION OF THE LOOP : (x == 1) * (v3 == \at(v3, Pre)) * (v2 == \at(v2, Pre)) * (v1 == \at(v1, Pre)) * (y == \at(y, Pre)) * (n == \at(n, Pre)) <<< */
    
            /*@
          loop invariant (1 <= \at(n, Pre)) ==> (((x == 1)&&(v3 == \at(v3, Pre))&&(v2 == \at(v2, Pre))&&(v1 == \at(v1, Pre))&&(y == \at(y, Pre))&&(n == \at(n, Pre))) || (1 <= x <= n));
          loop invariant (1 <= \at(n, Pre)) ==> (((x == 1)&&(v3 == \at(v3, Pre))&&(v2 == \at(v2, Pre))&&(v1 == \at(v1, Pre))&&(y == \at(y, Pre))&&(n == \at(n, Pre))) || (y == n - x));
          loop invariant !(1 <= \at(n, Pre) ) ==> ((x == 1)&&(v3 == \at(v3, Pre))&&(v2 == \at(v2, Pre))&&(v1 == \at(v1, Pre))&&(y == \at(y, Pre))&&(n == \at(n, Pre)));
          loop invariant v3 == \at(v3, Pre);
          loop invariant v2 == \at(v2, Pre);
          loop invariant v1 == \at(v1, Pre);
          loop invariant n == \at(n, Pre);
            */
            while (x <= n) {
        y = n - x;
        x = x + 1;
    }
            

    /*@ assert (n > 0) ==> (y <= n); */


}
```

void foo(int n,int y,int v1,int v2,int v3) {
    
    int x = 1;

    
    
            
            /*@
          loop invariant (1 <= \at(n, Pre)) ==> (((x == 1)&&(v3 == \at(v3, Pre))&&(v2 == \at(v2, Pre))&&(v1 == \at(v1, Pre))&&(y == \at(y, Pre))&&(n == \at(n, Pre))) || (1 <= x <= n));
          loop invariant (1 <= \at(n, Pre)) ==> (((x == 1)&&(v3 == \at(v3, Pre))&&(v2 == \at(v2, Pre))&&(v1 == \at(v1, Pre))&&(y == \at(y, Pre))&&(n == \at(n, Pre))) || (y == n - x));
          loop invariant !(1 <= \at(n, Pre) ) ==> ((x == 1)&&(v3 == \at(v3, Pre))&&(v2 == \at(v2, Pre))&&(v1 == \at(v1, Pre))&&(y == \at(y, Pre))&&(n == \at(n, Pre)));
          loop invariant v3 == \at(v3, Pre);
          loop invariant v2 == \at(v2, Pre);
          loop invariant v1 == \at(v1, Pre);
          loop invariant n == \at(n, Pre);
            */
            while (x <= n) {
        y = n - x;
        x = x + 1;
    }
            

    /*@ assert (n > 0) ==> (y <= n); */


}


void foo(int n,int y,int v1,int v2,int v3) {
    
    int x = 1;

    
    
            
            /*@
          loop invariant (1 <= \at(n, Pre)) ==> (((x == 1)&&(v3 == \at(v3, Pre))&&(v2 == \at(v2, Pre))&&(v1 == \at(v1, Pre))&&(y == \at(y, Pre))&&(n == \at(n, Pre))) || (1 <= x <= n));
          loop invariant (1 <= \at(n, Pre)) ==> (((x == 1)&&(v3 == \at(v3, Pre))&&(v2 == \at(v2, Pre))&&(v1 == \at(v1, Pre))&&(y == \at(y, Pre))&&(n == \at(n, Pre))) || (y == n - x));
          loop invariant !(1 <= \at(n, Pre) ) ==> ((x == 1)&&(v3 == \at(v3, Pre))&&(v2 == \at(v2, Pre))&&(v1 == \at(v1, Pre))&&(y == \at(y, Pre))&&(n == \at(n, Pre)));
          loop invariant v3 == \at(v3, Pre);
          loop invariant v2 == \at(v2, Pre);
          loop invariant v1 == \at(v1, Pre);
          loop invariant n == \at(n, Pre);
            */
            while (x <= n) {
        y = n - x;
        x = x + 1;
    }
            

    /*@ assert (n > 0) ==> (y <= n); */


}

syntax Correct
Validate:
[False, False, True, True, True, True, True]

Goal Preservation of Invariant (file output/70.c, line 10):
Let x_1 = x + y.
Assume {
  Type: is_sint32(x) /\ is_sint32(y_1) /\ is_sint32(y) /\ is_sint32(y_2) /\
      is_sint32(1 + x) /\ is_sint32(x_1).
  (* Goal *)
  When: 0 < x_1.
  (* Invariant *)
  Have: (0 < x) \/ ((x = 1) /\ (y_2 = y_1)).
  (* Invariant *)
  Have: (y_2 = y) \/ ((x = 1) /\ (y_2 = y_1)).
  (* Then *)
  Have: 0 <= y.
}
Prove: ((x = 0) /\ (y = y_1)) \/ ((0 < y) /\ (0 <= x)).
Prover Z3 4.8.12 returns Timeout (Qed:8ms) (3s)
Error found in file: output/70.c at line: 10
Error line content: loop invariant (1 <= \at(n, Pre)) ==> (((x == 1)&&(v3 == \at(v3, Pre))&&(v2 == \at(v2, Pre))&&(v1 == \at(v1, Pre))&&(y == \at(y, Pre))&&(n == \at(n, Pre))) || (1 <= x <= n));

Goal Preservation of Invariant (file output/70.c, line 11):
Let x_1 = x + y.
Assume {
  Type: is_sint32(x) /\ is_sint32(y_1) /\ is_sint32(y) /\ is_sint32(y_2) /\
      is_sint32(1 + x) /\ is_sint32(x_1).
  (* Goal *)
  When: 0 < x_1.
  (* Invariant *)
  Have: (0 < x) \/ ((x = 1) /\ (y_2 = y_1)).
  (* Invariant *)
  Have: (y_2 = y) \/ ((x = 1) /\ (y_2 = y_1)).
  (* Then *)
  Have: 0 <= y.
  (* Invariant *)
  Have: ((x = 0) /\ (y = y_1)) \/ ((0 < y) /\ (0 <= x)).
}
Prove: (x = 0) /\ (y = y_1).
Prover Z3 4.8.12 returns Timeout (Qed:8ms) (3s)
Error found in file: output/70.c at line: 11
Error line content: loop invariant (1 <= \at(n, Pre)) ==> (((x == 1)&&(v3 == \at(v3, Pre))&&(v2 == \at(v2, Pre))&&(v1 == \at(v1, Pre))&&(y == \at(y, Pre))&&(n == \at(n, Pre))) || (y == n - x));

Verify:
[True]


void foo(int n,int y,int v1,int v2,int v3) {
    
    int x = 1;

    
    
            
            /*@
          loop invariant (1 <= \at(n, Pre)) ==> (((x == 1)&&(v3 == \at(v3, Pre))&&(v2 == \at(v2, Pre))&&(v1 == \at(v1, Pre))&&(y == \at(y, Pre))&&(n == \at(n, Pre))) || (1 <= x <= n)) [INVARIANT FAILED] ;
          loop invariant (1 <= \at(n, Pre)) ==> (((x == 1)&&(v3 == \at(v3, Pre))&&(v2 == \at(v2, Pre))&&(v1 == \at(v1, Pre))&&(y == \at(y, Pre))&&(n == \at(n, Pre))) || (y == n - x)) [INVARIANT FAILED] ;
          loop invariant !(1 <= \at(n, Pre) ) ==> ((x == 1)&&(v3 == \at(v3, Pre))&&(v2 == \at(v2, Pre))&&(v1 == \at(v1, Pre))&&(y == \at(y, Pre))&&(n == \at(n, Pre)));
          loop invariant v3 == \at(v3, Pre);
          loop invariant v2 == \at(v2, Pre);
          loop invariant v1 == \at(v1, Pre);
          loop invariant n == \at(n, Pre);
            */
            while (x <= n) {
        y = n - x;
        x = x + 1;
    }
            

    /*@ assert (n > 0) ==> (y <= n); */


}

1. **Error Analysis:**

   The errors reported by Frama-C indicate that the loop invariants are not sufficiently strong to ensure both establishment and preservation conditions. 

   - **Goal Establishment of Invariant**: The invariant `(1 <= \at(n, Pre)) ==> (((x == 1)&&(v3 == \at(v3, Pre))&&(v2 == \at(v2, Pre))&&(v1 == \at(v1, Pre))&&(y == \at(y, Pre))&&(n == \at(n, Pre))) || (1 <= x <= n))` fails because the condition `(1 <= x <= n)` is too strong in the context of the initial state when the loop starts. Since `x` is initialized to `1`, this part of the invariant should instead allow for the established value of `x` during the first iteration.

   - **Goal Preservation of Invariant**: The second invariant `(1 <= \at(n, Pre)) ==> (((x == 1)&&(v3 == \at(v3, Pre))&&(v2 == \at(v2, Pre))&&(v1 == \at(v1, Pre))&&(y == \at(y, Pre))&&(n == \at(n, Pre))) || (y == n - x))` fails as it assumes a specific relationship between `y` and `n` that does not hold after modifications to `y` during the loop iterations. Instead of assuming `y` must equal `n - x`, it would be more appropriate to state a range for `y` based on its expected value after the loop executes.

   Based on the analysis, we will modify the invariants to use range constraints instead of equality constraints that are too strict.

2. **Fixed C Code:**

```c
void foo(int n,int y,int v1,int v2,int v3) {
    
    int x = 1;

    
    
            
            /*@
          loop invariant (1 <= \at(n, Pre)) ==> (((x == 1)&&(v3 == \at(v3, Pre))&&(v2 == \at(v2, Pre))&&(v1 == \at(v1, Pre))&&(y == \at(y, Pre))&&(n == \at(n, Pre))) || (x >= 1 && x <= n)) ;
          loop invariant (1 <= \at(n, Pre)) ==> (((x == 1)&&(v3 == \at(v3, Pre))&&(v2 == \at(v2, Pre))&&(v1 == \at(v1, Pre))&&(y == \at(y, Pre))&&(n == \at(n, Pre))) || (y >= 0 && y <= n)) ;
          loop invariant !(1 <= \at(n, Pre) ) ==> ((x == 1)&&(v3 == \at(v3, Pre))&&(v2 == \at(v2, Pre))&&(v1 == \at(v1, Pre))&&(y == \at(y, Pre))&&(n == \at(n, Pre)));
          loop invariant v3 == \at(v3, Pre);
          loop invariant v2 == \at(v2, Pre);
          loop invariant v1 == \at(v1, Pre);
          loop invariant n == \at(n, Pre);
            */
            while (x <= n) {
        y = n - x;
        x = x + 1;
    }
            

    /*@ assert (n > 0) ==> (y <= n); */


}
```
after weaken

void foo(int n,int y,int v1,int v2,int v3) {
    
    int x = 1;

    
    
            
            /*@
          loop invariant (1 <= \at(n, Pre)) ==> (((x == 1)&&(v3 == \at(v3, Pre))&&(v2 == \at(v2, Pre))&&(v1 == \at(v1, Pre))&&(y == \at(y, Pre))&&(n == \at(n, Pre))) || (x >= 1 && x <= n)) ;
          loop invariant (1 <= \at(n, Pre)) ==> (((x == 1)&&(v3 == \at(v3, Pre))&&(v2 == \at(v2, Pre))&&(v1 == \at(v1, Pre))&&(y == \at(y, Pre))&&(n == \at(n, Pre))) || (y >= 0 && y <= n)) ;
          loop invariant !(1 <= \at(n, Pre) ) ==> ((x == 1)&&(v3 == \at(v3, Pre))&&(v2 == \at(v2, Pre))&&(v1 == \at(v1, Pre))&&(y == \at(y, Pre))&&(n == \at(n, Pre)));
          loop invariant v3 == \at(v3, Pre);
          loop invariant v2 == \at(v2, Pre);
          loop invariant v1 == \at(v1, Pre);
          loop invariant n == \at(n, Pre);
            */
            while (x <= n) {
        y = n - x;
        x = x + 1;
    }
            

    /*@ assert (n > 0) ==> (y <= n); */


}

syntax Correct
Validate:
[False, True, True, True, True, True, True]

Goal Preservation of Invariant (file output/70.c, line 10):
Let x_1 = x + y.
Assume {
  Type: is_sint32(x) /\ is_sint32(y_1) /\ is_sint32(y) /\ is_sint32(y_2) /\
      is_sint32(1 + x) /\ is_sint32(x_1).
  (* Goal *)
  When: 0 < x_1.
  (* Invariant *)
  Have: (0 < x) \/ ((x = 1) /\ (y_2 = y_1)).
  (* Invariant *)
  Have: ((x = 1) /\ (y_2 = y_1)) \/ ((0 <= y_2) /\ (y_2 <= x_1)).
  (* Then *)
  Have: 0 <= y.
}
Prove: ((x = 0) /\ (y = y_1)) \/ ((0 < y) /\ (0 <= x)).
Prover Z3 4.8.12 returns Timeout (Qed:7ms) (3s)
Error found in file: output/70.c at line: 10
Error line content: loop invariant (1 <= \at(n, Pre)) ==> (((x == 1)&&(v3 == \at(v3, Pre))&&(v2 == \at(v2, Pre))&&(v1 == \at(v1, Pre))&&(y == \at(y, Pre))&&(n == \at(n, Pre))) || (x >= 1 && x <= n)) ;

Verify:
[True]


void foo(int n,int y,int v1,int v2,int v3) {
    
    int x = 1;

    
    
            
            /*@
          loop invariant (1 <= \at(n, Pre)) ==> (((x == 1)&&(v3 == \at(v3, Pre))&&(v2 == \at(v2, Pre))&&(v1 == \at(v1, Pre))&&(y == \at(y, Pre))&&(n == \at(n, Pre))) || (x >= 1 && x <= n))  [INVARIANT FAILED] ;
          loop invariant (1 <= \at(n, Pre)) ==> (((x == 1)&&(v3 == \at(v3, Pre))&&(v2 == \at(v2, Pre))&&(v1 == \at(v1, Pre))&&(y == \at(y, Pre))&&(n == \at(n, Pre))) || (y >= 0 && y <= n)) ;
          loop invariant !(1 <= \at(n, Pre) ) ==> ((x == 1)&&(v3 == \at(v3, Pre))&&(v2 == \at(v2, Pre))&&(v1 == \at(v1, Pre))&&(y == \at(y, Pre))&&(n == \at(n, Pre)));
          loop invariant v3 == \at(v3, Pre);
          loop invariant v2 == \at(v2, Pre);
          loop invariant v1 == \at(v1, Pre);
          loop invariant n == \at(n, Pre);
            */
            while (x <= n) {
        y = n - x;
        x = x + 1;
    }
            

    /*@ assert (n > 0) ==> (y <= n); */


}

1. **Error Analysis:**

   The error messages indicate a failure in the preservation of the loop invariants. Specifically, the first invariant, `loop invariant (1 <= \at(n, Pre)) ==> (((x == 1)&&(v3 == \at(v3, Pre))&&(v2 == \at(v2, Pre))&&(v1 == \at(v1, Pre))&&(y == \at(y, Pre))&&(n == \at(n, Pre))) || (x >= 1 && x <= n))`, is problematic because it tries to establish a strict equality with `x`, which may not hold true after the first iteration when `x` is incremented. 

   The second invariant, `loop invariant (1 <= \at(n, Pre)) ==> (((x == 1)&&(v3 == \at(v3, Pre))&&(v2 == \at(v2, Pre))&&(v1 == \at(v1, Pre))&&(y == \at(y, Pre))&&(n == \at(n, Pre))) || (y >= 0 && y <= n))`, also fails for similar reasons as the condition on `y` can change during the loop execution. 

   To fix these issues, we can replace the strict equality constraints with range constraints that are still valid given the context of the loop. This will ensure the invariants hold true both at the entrance of the loop and after each iteration.

2. **Fixed C Code:**

    ```c
    
void foo(int n,int y,int v1,int v2,int v3) {
    
    int x = 1;

    
    
            
            /*@
          loop invariant (1 <= \at(n, Pre)) ==> (((x >= 1)&&(v3 == \at(v3, Pre))&&(v2 == \at(v2, Pre))&&(v1 == \at(v1, Pre))&&(y == \at(y, Pre))&&(n == \at(n, Pre))) || (x >= 1 && x <= n)) ;
          loop invariant (1 <= \at(n, Pre)) ==> (((x >= 1)&&(v3 == \at(v3, Pre))&&(v2 == \at(v2, Pre))&&(v1 == \at(v1, Pre))&&(y == \at(y, Pre))&&(n == \at(n, Pre))) || (y >= 0 && y <= n)) ;
          loop invariant !(1 <= \at(n, Pre) ) ==> ((x == 1)&&(v3 == \at(v3, Pre))&&(v2 == \at(v2, Pre))&&(v1 == \at(v1, Pre))&&(y == \at(y, Pre))&&(n == \at(n, Pre)));
          loop invariant v3 == \at(v3, Pre);
          loop invariant v2 == \at(v2, Pre);
          loop invariant v1 == \at(v1, Pre);
          loop invariant n == \at(n, Pre);
            */
            while (x <= n) {
        y = n - x;
        x = x + 1;
    }
            

    /*@ assert (n > 0) ==> (y <= n); */


}
    ```
after weaken

    
void foo(int n,int y,int v1,int v2,int v3) {
    
    int x = 1;

    
    
            
            /*@
          loop invariant (1 <= \at(n, Pre)) ==> (((x >= 1)&&(v3 == \at(v3, Pre))&&(v2 == \at(v2, Pre))&&(v1 == \at(v1, Pre))&&(y == \at(y, Pre))&&(n == \at(n, Pre))) || (x >= 1 && x <= n)) ;
          loop invariant (1 <= \at(n, Pre)) ==> (((x >= 1)&&(v3 == \at(v3, Pre))&&(v2 == \at(v2, Pre))&&(v1 == \at(v1, Pre))&&(y == \at(y, Pre))&&(n == \at(n, Pre))) || (y >= 0 && y <= n)) ;
          loop invariant !(1 <= \at(n, Pre) ) ==> ((x == 1)&&(v3 == \at(v3, Pre))&&(v2 == \at(v2, Pre))&&(v1 == \at(v1, Pre))&&(y == \at(y, Pre))&&(n == \at(n, Pre)));
          loop invariant v3 == \at(v3, Pre);
          loop invariant v2 == \at(v2, Pre);
          loop invariant v1 == \at(v1, Pre);
          loop invariant n == \at(n, Pre);
            */
            while (x <= n) {
        y = n - x;
        x = x + 1;
    }
            

    /*@ assert (n > 0) ==> (y <= n); */


}
    
syntax Correct
Validate:
[False, True, True, True, True, True, True]

Goal Preservation of Invariant (file output/70.c, line 11):
Let x_1 = x + y.
Assume {
  Type: is_sint32(x) /\ is_sint32(y_1) /\ is_sint32(y) /\ is_sint32(y_2) /\
      is_sint32(1 + x) /\ is_sint32(x_1).
  (* Goal *)
  When: 0 < x_1.
  (* Invariant *)
  Have: (0 < x) \/ ((y_2 = y_1) /\ (0 < x)).
  (* Invariant *)
  Have: ((y_2 = y_1) /\ (0 < x)) \/ ((0 <= y_2) /\ (y_2 <= x_1)).
  (* Then *)
  Have: 0 <= y.
}
Prove: ((y = y_1) /\ (0 <= x)) \/ ((0 < y) /\ (0 <= x)).
Prover Z3 4.8.12 returns Timeout (Qed:10ms) (3s)
Error found in file: output/70.c at line: 11
Error line content: loop invariant (1 <= \at(n, Pre)) ==> (((x >= 1)&&(v3 == \at(v3, Pre))&&(v2 == \at(v2, Pre))&&(v1 == \at(v1, Pre))&&(y == \at(y, Pre))&&(n == \at(n, Pre))) || (x >= 1 && x <= n)) ;

Verify:
[False]

Goal Assertion (file output/70.c, line 25):
Assume {
  Type: is_sint32(n) /\ is_sint32(x) /\ is_sint32(y).
  (* Goal *)
  When: 0 < n.
  (* Invariant *)
  Have: 0 < x.
  (* Else *)
  Have: n < x.
}
Prove: y <= n.
Prover Z3 4.8.12 returns Timeout (Qed:6ms) (3s)
Error found in file: output/70.c at line: 25
Error line content: /*@ assert (n > 0) ==> (y <= n); */


    
void foo(int n,int y,int v1,int v2,int v3) {
    
    int x = 1;

    
    
            
            /*@
          loop invariant (1 <= \at(n, Pre)) ==> (((x >= 1)&&(v3 == \at(v3, Pre))&&(v2 == \at(v2, Pre))&&(v1 == \at(v1, Pre))&&(y == \at(y, Pre))&&(n == \at(n, Pre))) || (x >= 1 && x <= n))  [INVARIANT FAILED] ;
          loop invariant (1 <= \at(n, Pre)) ==> (((x >= 1)&&(v3 == \at(v3, Pre))&&(v2 == \at(v2, Pre))&&(v1 == \at(v1, Pre))&&(y == \at(y, Pre))&&(n == \at(n, Pre))) || (y >= 0 && y <= n)) ;
          loop invariant !(1 <= \at(n, Pre) ) ==> ((x == 1)&&(v3 == \at(v3, Pre))&&(v2 == \at(v2, Pre))&&(v1 == \at(v1, Pre))&&(y == \at(y, Pre))&&(n == \at(n, Pre)));
          loop invariant v3 == \at(v3, Pre);
          loop invariant v2 == \at(v2, Pre);
          loop invariant v1 == \at(v1, Pre);
          loop invariant n == \at(n, Pre);
            */
            while (x <= n) {
        y = n - x;
        x = x + 1;
    }
            

    /*@ assert (n > 0) ==> (y <= n); */


}
    
1. **Error Analysis:**

The errors indicate that both the establishment and preservation of the loop invariant are flawed. The first error suggests that the precondition is insufficient to ensure the invariant holds at the beginning of the loop. Specifically, the invariant needs to account for the correct handling of the variables involved in the loop, particularly `x`, `y`, and `n`, given their roles in determining loop conditions and outputs.

The second error indicates that the assertion after the loop cannot be verified due to the failure to maintain the necessary relationships between `y` and `n`. The current invariants do not adequately express the relationships that must hold throughout the loop iterations, especially concerning how `y` is calculated and its relationship to `n`. 

To regenerate the loop invariant, we need to ensure that:
- The invariant establishes the state of all relevant variables at the start of the loop.
- The invariant preserves the necessary conditions through each iteration, specifically maintaining the relationship between `y` and `n`.
- The invariant must allow us to prove the post-condition that `y <= n`.

2. **Fixed C Code:**

```c
void foo(int n,int y,int v1,int v2,int v3) {
    
    int x = 1;

    
    /*@
      loop invariant (1 <= \at(n, Pre)) ==> (((x >= 1) && (v3 == \at(v3, Pre)) && (v2 == \at(v2, Pre)) && (v1 == \at(v1, Pre)) && (y == \at(y, Pre)) && (n == \at(n, Pre))) || (1 <= x <= n));
      loop invariant (1 <= \at(n, Pre)) ==> (((x >= 1) && (v3 == \at(v3, Pre)) && (v2 == \at(v2, Pre)) && (v1 == \at(v1, Pre)) && (y == \at(y, Pre)) && (n == \at(n, Pre))) || (y == n - x));
      loop invariant !(1 <= \at(n, Pre)) ==> ((x == 1) && (v3 == \at(v3, Pre)) && (v2 == \at(v2, Pre)) && (v1 == \at(v1, Pre)) && (y == \at(y, Pre)) && (n == \at(n, Pre)));
      loop invariant v3 == \at(v3, Pre);
      loop invariant v2 == \at(v2, Pre);
      loop invariant v1 == \at(v1, Pre);
      loop invariant n == \at(n, Pre);
    */
    while (x <= n) {
        y = n - x;
        x = x + 1;
    }
    
    /*@ assert (n > 0) ==> (y <= n); */
}
```
after regen

void foo(int n,int y,int v1,int v2,int v3) {
    
    int x = 1;

    
    /*@
      loop invariant (1 <= \at(n, Pre)) ==> (((x >= 1) && (v3 == \at(v3, Pre)) && (v2 == \at(v2, Pre)) && (v1 == \at(v1, Pre)) && (y == \at(y, Pre)) && (n == \at(n, Pre))) || (1 <= x <= n));
      loop invariant (1 <= \at(n, Pre)) ==> (((x >= 1) && (v3 == \at(v3, Pre)) && (v2 == \at(v2, Pre)) && (v1 == \at(v1, Pre)) && (y == \at(y, Pre)) && (n == \at(n, Pre))) || (y == n - x));
      loop invariant !(1 <= \at(n, Pre)) ==> ((x == 1) && (v3 == \at(v3, Pre)) && (v2 == \at(v2, Pre)) && (v1 == \at(v1, Pre)) && (y == \at(y, Pre)) && (n == \at(n, Pre)));
      loop invariant v3 == \at(v3, Pre);
      loop invariant v2 == \at(v2, Pre);
      loop invariant v1 == \at(v1, Pre);
      loop invariant n == \at(n, Pre);
    */
    while (x <= n) {
        y = n - x;
        x = x + 1;
    }
    
    /*@ assert (n > 0) ==> (y <= n); */
}

syntax Correct
Validate:
[False, False, True, True, True, True, True]

Goal Preservation of Invariant (file output/70.c, line 8):
Let x_1 = x + y.
Assume {
  Type: is_sint32(x) /\ is_sint32(y_1) /\ is_sint32(y) /\ is_sint32(y_2) /\
      is_sint32(1 + x) /\ is_sint32(x_1).
  (* Goal *)
  When: 0 < x_1.
  (* Invariant *)
  Have: (0 < x) \/ ((y_2 = y_1) /\ (0 < x)).
  (* Invariant *)
  Have: (y_2 = y) \/ ((y_2 = y_1) /\ (0 < x)).
  (* Then *)
  Have: 0 <= y.
}
Prove: ((y = y_1) /\ (0 <= x)) \/ ((0 < y) /\ (0 <= x)).
Prover Z3 4.8.12 returns Timeout (Qed:7ms) (3s)
Error found in file: output/70.c at line: 8
Error line content: loop invariant (1 <= \at(n, Pre)) ==> (((x >= 1) && (v3 == \at(v3, Pre)) && (v2 == \at(v2, Pre)) && (v1 == \at(v1, Pre)) && (y == \at(y, Pre)) && (n == \at(n, Pre))) || (1 <= x <= n));

Goal Preservation of Invariant (file output/70.c, line 9):
Let x_1 = x + y.
Assume {
  Type: is_sint32(x) /\ is_sint32(y_1) /\ is_sint32(y) /\ is_sint32(y_2) /\
      is_sint32(1 + x) /\ is_sint32(x_1).
  (* Goal *)
  When: 0 < x_1.
  (* Invariant *)
  Have: (0 < x) \/ ((y_2 = y_1) /\ (0 < x)).
  (* Invariant *)
  Have: (y_2 = y) \/ ((y_2 = y_1) /\ (0 < x)).
  (* Then *)
  Have: 0 <= y.
  (* Invariant *)
  Have: ((y = y_1) /\ (0 <= x)) \/ ((0 < y) /\ (0 <= x)).
}
Prove: (y = y_1) /\ (0 <= x).
Prover Z3 4.8.12 returns Timeout (Qed:7ms) (3s)
Error found in file: output/70.c at line: 9
Error line content: loop invariant (1 <= \at(n, Pre)) ==> (((x >= 1) && (v3 == \at(v3, Pre)) && (v2 == \at(v2, Pre)) && (v1 == \at(v1, Pre)) && (y == \at(y, Pre)) && (n == \at(n, Pre))) || (y == n - x));

Verify:
[False]

Goal Assertion (file output/70.c, line 21):
Assume {
  Type: is_sint32(n) /\ is_sint32(x) /\ is_sint32(y).
  (* Goal *)
  When: 0 < n.
  (* Invariant *)
  Have: 0 < x.
  (* Else *)
  Have: n < x.
}
Prove: y <= n.
Prover Z3 4.8.12 returns Timeout (Qed:7ms) (3s)
Error found in file: output/70.c at line: 21
Error line content: /*@ assert (n > 0) ==> (y <= n); */

after hudini

void foo(int n,int y,int v1,int v2,int v3) {
    
    int x = 1;

    
    /*@      loop invariant (1 <= \at(n, Pre)) ==> (((x >= 1) && (v3 == \at(v3, Pre)) && (v2 == \at(v2, Pre)) && (v1 == \at(v1, Pre)) && (y == \at(y, Pre)) && (n == \at(n, Pre))) || (y == n - x));
      loop invariant !(1 <= \at(n, Pre)) ==> ((x == 1) && (v3 == \at(v3, Pre)) && (v2 == \at(v2, Pre)) && (v1 == \at(v1, Pre)) && (y == \at(y, Pre)) && (n == \at(n, Pre)));
      loop invariant v3 == \at(v3, Pre);
      loop invariant v2 == \at(v2, Pre);
      loop invariant v1 == \at(v1, Pre);
      loop invariant n == \at(n, Pre);
    */
    while (x <= n) {
        y = n - x;
        x = x + 1;
    }
    
    /*@ assert (n > 0) ==> (y <= n); */
}

syntax Correct
Validate:
[False, True, True, True, True, True]

Goal Preservation of Invariant (file output/70.c, line 7):
Let x_1 = x + y.
Assume {
  Type: is_sint32(x) /\ is_sint32(y_1) /\ is_sint32(y) /\ is_sint32(y_2) /\
      is_sint32(1 + x) /\ is_sint32(x_1).
  (* Goal *)
  When: 0 < x_1.
  (* Invariant *)
  Have: (y_2 = y) \/ ((y_2 = y_1) /\ (0 < x)).
  (* Then *)
  Have: 0 <= y.
}
Prove: (y = y_1) /\ (0 <= x).
Prover Z3 4.8.12 returns Timeout (Qed:7ms) (3s)
Error found in file: output/70.c at line: 7
Error line content: /*@      loop invariant (1 <= \at(n, Pre)) ==> (((x >= 1) && (v3 == \at(v3, Pre)) && (v2 == \at(v2, Pre)) && (v1 == \at(v1, Pre)) && (y == \at(y, Pre)) && (n == \at(n, Pre))) || (y == n - x));

Verify:
[False]

Goal Assertion (file output/70.c, line 19):
Assume {
  Type: is_sint32(n) /\ is_sint32(x) /\ is_sint32(y_1) /\ is_sint32(y).
  (* Goal *)
  When: 0 < n.
  (* Invariant *)
  Have: ((x + y) = n) \/ ((y = y_1) /\ (0 < x)).
  (* Else *)
  Have: n < x.
}
Prove: y <= n.
Prover Z3 4.8.12 returns Timeout (Qed:4ms) (3s)
Error found in file: output/70.c at line: 19
Error line content: /*@ assert (n > 0) ==> (y <= n); */

after hudini

void foo(int n,int y,int v1,int v2,int v3) {
    
    int x = 1;

    
    /*@      loop invariant !(1 <= \at(n, Pre)) ==> ((x == 1) && (v3 == \at(v3, Pre)) && (v2 == \at(v2, Pre)) && (v1 == \at(v1, Pre)) && (y == \at(y, Pre)) && (n == \at(n, Pre)));
      loop invariant v3 == \at(v3, Pre);
      loop invariant v2 == \at(v2, Pre);
      loop invariant v1 == \at(v1, Pre);
      loop invariant n == \at(n, Pre);
    */
    while (x <= n) {
        y = n - x;
        x = x + 1;
    }
    
    /*@ assert (n > 0) ==> (y <= n); */
}

syntax Correct
Validate:
[True, True, True, True, True]

Verify:
[False]

Goal Assertion (file output/70.c, line 18):
Assume {
  Type: is_sint32(n) /\ is_sint32(x) /\ is_sint32(y).
  (* Goal *)
  When: 0 < n.
  (* Else *)
  Have: n < x.
}
Prove: y <= n.
Prover Z3 4.8.12 returns Timeout (Qed:5ms) (3s)
Error found in file: output/70.c at line: 18
Error line content: /*@ assert (n > 0) ==> (y <= n); */

after hudini

void foo(int n,int y,int v1,int v2,int v3) {
    
    int x = 1;

    
    /*@      loop invariant !(1 <= \at(n, Pre)) ==> ((x == 1) && (v3 == \at(v3, Pre)) && (v2 == \at(v2, Pre)) && (v1 == \at(v1, Pre)) && (y == \at(y, Pre)) && (n == \at(n, Pre)));
      loop invariant v3 == \at(v3, Pre);
      loop invariant v2 == \at(v2, Pre);
      loop invariant v1 == \at(v1, Pre);
      loop invariant n == \at(n, Pre);
    */
    while (x <= n) {
        y = n - x;
        x = x + 1;
    }
    
    /*@ assert (n > 0) ==> (y <= n); */
}

syntax Correct
Validate:
[True, True, True, True, True]

Verify:
[False]

Goal Assertion (file output/70.c, line 18):
Assume {
  Type: is_sint32(n) /\ is_sint32(x) /\ is_sint32(y).
  (* Goal *)
  When: 0 < n.
  (* Else *)
  Have: n < x.
}
Prove: y <= n.
Prover Z3 4.8.12 returns Timeout (Qed:4ms) (3s)
Error found in file: output/70.c at line: 18
Error line content: /*@ assert (n > 0) ==> (y <= n); */

syntax Correct
Validate:
[True, True, True, True, True]

Verify:
[False]

Goal Assertion (file output/70.c, line 18):
Assume {
  Type: is_sint32(n) /\ is_sint32(x) /\ is_sint32(y).
  (* Goal *)
  When: 0 < n.
  (* Else *)
  Have: n < x.
}
Prove: y <= n.
Prover Z3 4.8.12 returns Timeout (Qed:4ms) (3s)
Error found in file: output/70.c at line: 18
Error line content: /*@ assert (n > 0) ==> (y <= n); */

[(116, 176, 0)]
[(116, 176, 0)]
[(116, 176, 0)]
[(116, 176, 0)]
Loop 0 : Outer
Sorted indices: [0]
File found: ../sac_c_parser/test/../ip_postcond/goal/70_goal.v. Deleting the file.
File found: ../sac_c_parser/test/../ip_postcond/goal/70_proof_auto.v. Deleting the file.
File found: ../sac_c_parser/test/../ip_postcond/goal/70_proof_manual.v. Deleting the file.
LoopEntry_0:
(x == 1) * (v3 == v3@pre) * (v2 == v2@pre) * (v1 == v1@pre) * (y == y@pre) * (n == n@pre)

Successfully generated loop/70.json
INNER_FLAG: False
Variable Maps: [{'x': '1', 'v3': 'v3@pre', 'v2': 'v2@pre', 'v1': 'v1@pre', 'y': 'y@pre', 'n': 'n@pre'}]
Path conditions: [None]
Pre condition: (x == 1) * (v3 == v3@pre) * (v2 == v2@pre) * (v1 == v1@pre) * (y == y@pre) * (n == n@pre)
Loop Condition: x <= n
Updated Loop Conditions: ['1 <= n@pre']
Global Unchanged Variables ['v3', 'v2', 'v1', 'n']
Non Inductive Variables ['y']
[{'x': '1', 'v3': 'v3@pre', 'v2': 'v2@pre', 'v1': 'v1@pre', 'y': 'y@pre', 'n': 'n@pre'}]
[None]

            
    /* >>> LOOP INVARIANT TO FILL <<< 
       >>> PRECONDITION OF THE LOOP : (x == 1) * (v3 == \at(v3, Pre)) * (v2 == \at(v2, Pre)) * (v1 == \at(v1, Pre)) * (y == \at(y, Pre)) * (n == \at(n, Pre)) <<< */
    
            /*@
          loop invariant v3 == \at(v3, Pre);
          loop invariant v2 == \at(v2, Pre);
          loop invariant v1 == \at(v1, Pre);
          loop invariant n == \at(n, Pre);
            */
            while (x <= n) {
        y = n - x;
        x = x + 1;
    }
            

            
    /* >>> LOOP INVARIANT TO FILL <<< 
       >>> PRECONDITION OF THE LOOP : (x == 1) * (v3 == \at(v3, Pre)) * (v2 == \at(v2, Pre)) * (v1 == \at(v1, Pre)) * (y == \at(y, Pre)) * (n == \at(n, Pre)) <<< */
    
            /*@
          loop invariant (1 <= \at(n, Pre)) ==> (((x == 1)&&(v3 == \at(v3, Pre))&&(v2 == \at(v2, Pre))&&(v1 == \at(v1, Pre))&&(y == \at(y, Pre))&&(n == \at(n, Pre))) || (PLACE_HOLDER_y));
          loop invariant (1 <= \at(n, Pre)) ==> (((x == 1)&&(v3 == \at(v3, Pre))&&(v2 == \at(v2, Pre))&&(v1 == \at(v1, Pre))&&(y == \at(y, Pre))&&(n == \at(n, Pre))) || (PLACE_HOLDER_x));
          loop invariant (!(1 <= \at(n, Pre))) ==> ((x == 1)&&(v3 == \at(v3, Pre))&&(v2 == \at(v2, Pre))&&(v1 == \at(v1, Pre))&&(y == \at(y, Pre))&&(n == \at(n, Pre)));
          loop invariant v3 == \at(v3, Pre);
          loop invariant v2 == \at(v2, Pre);
          loop invariant v1 == \at(v1, Pre);
          loop invariant n == \at(n, Pre);
            */
            while (x <= n) {
        y = n - x;
        x = x + 1;
    }
            
void foo(int n,int y,int v1,int v2,int v3) {
    
    int x = 1;

    
    
            
    /* >>> LOOP INVARIANT TO FILL <<< 
       >>> PRECONDITION OF THE LOOP : (x == 1) * (v3 == \at(v3, Pre)) * (v2 == \at(v2, Pre)) * (v1 == \at(v1, Pre)) * (y == \at(y, Pre)) * (n == \at(n, Pre)) <<< */
    
            /*@
          loop invariant (1 <= \at(n, Pre)) ==> (((x == 1)&&(v3 == \at(v3, Pre))&&(v2 == \at(v2, Pre))&&(v1 == \at(v1, Pre))&&(y == \at(y, Pre))&&(n == \at(n, Pre))) || (PLACE_HOLDER_y));
          loop invariant (1 <= \at(n, Pre)) ==> (((x == 1)&&(v3 == \at(v3, Pre))&&(v2 == \at(v2, Pre))&&(v1 == \at(v1, Pre))&&(y == \at(y, Pre))&&(n == \at(n, Pre))) || (PLACE_HOLDER_x));
          loop invariant (!(1 <= \at(n, Pre))) ==> ((x == 1)&&(v3 == \at(v3, Pre))&&(v2 == \at(v2, Pre))&&(v1 == \at(v1, Pre))&&(y == \at(y, Pre))&&(n == \at(n, Pre)));
          loop invariant v3 == \at(v3, Pre);
          loop invariant v2 == \at(v2, Pre);
          loop invariant v1 == \at(v1, Pre);
          loop invariant n == \at(n, Pre);
            */
            while (x <= n) {
        y = n - x;
        x = x + 1;
    }
            

    /*@ assert (n > 0) ==> (y <= n); */


}
### Analysis of the Loop

**a. Purpose and Structure of the Loop:**
The purpose of the loop is to iteratively compute the value of `y` such that `y` is assigned the value of `n - x` for each iteration, starting from `x = 1` and continuing until `x` exceeds `n`. The intended outcome is that after the loop terminates, `y` will hold the value of `n - n`, which is `0`, when `x` equals `n + 1`.

The loop structure consists of:
- **Loop Condition:** `while (x <= n)`; the loop continues as long as `x` is less than or equal to `n`.
- **Body Operations:**
  - `y = n - x;` which computes the difference between `n` and the current value of `x`.
  - `x = x + 1;` which increments `x` by 1.

**b. Discussion of the Loop Invariant:**
The proposed loop invariant captures the state of the loop variables at each iteration. It ensures that:
1. `x` remains within its intended bounds (1 to n).
2. The values of `v1`, `v2`, `v3`, `y`, and `n` are consistent with their initial values due to the pre-condition.

The invariant is considered valid because it maintains the relationship between `n`, `x`, and `y`, ensuring that the calculations remain valid throughout the loop's execution.

**c. Establishment:**
Before the loop starts, `x` is initialized to 1. The pre-condition guarantees that `x == 1`, which satisfies the invariant that `1 <= n`. Therefore, the invariant holds true before the loop begins execution.

**d. Preservation:**
At the start of an iteration, if `x <= n`, then:
- After executing `y = n - x;`, `y` will hold a value that is based on the initial values of `n` and `x`.
- After the increment `x = x + 1;`, `x` will still satisfy `x <= n + 1`. 

Thus, the invariant remains true at the end of each iteration.

**e. Termination Analysis of the Loop:**
The loop terminates when `x` becomes `n + 1` (the first time `x <= n` is false). At this point:
- The values of relevant variables will be: `x = n + 1`, `y` will be `0` (since `y = n - x` gives `y = n - (n + 1)`), and the other variables retain their initial values.
- The invariant holds true because the conditions specified will still be valid; thus, the invariant is preserved even when the loop terminates.

**f. Correctness of the Post-condition:**
The post-condition asserts that `(n > 0) ==> (y <= n)`. Since upon loop termination `y` equals `0`, and given that `n > 0` from the pre-condition, it follows that `0 <= n`, thus satisfying the post-condition. The loop invariant ensures that we maintain the integrity of the variables throughout the loop.

**g. Implication of the Pre-condition:**
The pre-condition states that `x == 1`, among others, which guarantees that the loop invariant holds true before the loop starts. Since `x` starts at `1`, it satisfies the lower bound for the loop invariant.

### Completed C Loop Program with Invariant Annotations

```c
void foo(int n,int y,int v1,int v2,int v3) {
    
    int x = 1;

    
    
            
    /* >>> LOOP INVARIANT TO FILL <<< 
       >>> PRECONDITION OF THE LOOP : (x == 1) * (v3 == \at(v3, Pre)) * (v2 == \at(v2, Pre)) * (v1 == \at(v1, Pre)) * (y == \at(y, Pre)) * (n == \at(n, Pre)) <<< */
    
            /*@
          loop invariant (1 <= \at(n, Pre)) ==> (((x == 1)&&(v3 == \at(v3, Pre))&&(v2 == \at(v2, Pre))&&(v1 == \at(v1, Pre))&&(y == \at(y, Pre))&&(n == \at(n, Pre))) || (x <= n));
          loop invariant (1 <= \at(n, Pre)) ==> (((x == 1)&&(v3 == \at(v3, Pre))&&(v2 == \at(v2, Pre))&&(v1 == \at(v1, Pre))&&(y == \at(y, Pre))&&(n == \at(n, Pre))) || (y == n - x));
          loop invariant (!(1 <= \at(n, Pre))) ==> ((x == 1)&&(v3 == \at(v3, Pre))&&(v2 == \at(v2, Pre))&&(v1 == \at(v1, Pre))&&(y == \at(y, Pre))&&(n == \at(n, Pre)));
          loop invariant v3 == \at(v3, Pre);
          loop invariant v2 == \at(v2, Pre);
          loop invariant v1 == \at(v1, Pre);
          loop invariant n == \at(n, Pre);
            */
            while (x <= n) {
        y = n - x;
        x = x + 1;
    }
            

    /*@ assert (n > 0) ==> (y <= n); */
}
```

void foo(int n,int y,int v1,int v2,int v3) {
    
    int x = 1;

    
    
            
            /*@
          loop invariant (1 <= \at(n, Pre)) ==> (((x == 1)&&(v3 == \at(v3, Pre))&&(v2 == \at(v2, Pre))&&(v1 == \at(v1, Pre))&&(y == \at(y, Pre))&&(n == \at(n, Pre))) || (x <= n));
          loop invariant (1 <= \at(n, Pre)) ==> (((x == 1)&&(v3 == \at(v3, Pre))&&(v2 == \at(v2, Pre))&&(v1 == \at(v1, Pre))&&(y == \at(y, Pre))&&(n == \at(n, Pre))) || (y == n - x));
          loop invariant (!(1 <= \at(n, Pre))) ==> ((x == 1)&&(v3 == \at(v3, Pre))&&(v2 == \at(v2, Pre))&&(v1 == \at(v1, Pre))&&(y == \at(y, Pre))&&(n == \at(n, Pre)));
          loop invariant v3 == \at(v3, Pre);
          loop invariant v2 == \at(v2, Pre);
          loop invariant v1 == \at(v1, Pre);
          loop invariant n == \at(n, Pre);
            */
            while (x <= n) {
        y = n - x;
        x = x + 1;
    }
            

    /*@ assert (n > 0) ==> (y <= n); */
}


void foo(int n,int y,int v1,int v2,int v3) {
    
    int x = 1;

    
    
            
            /*@
          loop invariant (1 <= \at(n, Pre)) ==> (((x == 1)&&(v3 == \at(v3, Pre))&&(v2 == \at(v2, Pre))&&(v1 == \at(v1, Pre))&&(y == \at(y, Pre))&&(n == \at(n, Pre))) || (x <= n));
          loop invariant (1 <= \at(n, Pre)) ==> (((x == 1)&&(v3 == \at(v3, Pre))&&(v2 == \at(v2, Pre))&&(v1 == \at(v1, Pre))&&(y == \at(y, Pre))&&(n == \at(n, Pre))) || (y == n - x));
          loop invariant (!(1 <= \at(n, Pre))) ==> ((x == 1)&&(v3 == \at(v3, Pre))&&(v2 == \at(v2, Pre))&&(v1 == \at(v1, Pre))&&(y == \at(y, Pre))&&(n == \at(n, Pre)));
          loop invariant v3 == \at(v3, Pre);
          loop invariant v2 == \at(v2, Pre);
          loop invariant v1 == \at(v1, Pre);
          loop invariant n == \at(n, Pre);
            */
            while (x <= n) {
        y = n - x;
        x = x + 1;
    }
            

    /*@ assert (n > 0) ==> (y <= n); */
}

syntax Correct
Validate:
[False, False, True, True, True, True, True]

Goal Preservation of Invariant (file output/70.c, line 10):
Let x_1 = x + y.
Assume {
  Type: is_sint32(x) /\ is_sint32(y_1) /\ is_sint32(y) /\ is_sint32(y_2) /\
      is_sint32(1 + x) /\ is_sint32(x_1).
  (* Goal *)
  When: 0 < x_1.
  (* Invariant *)
  Have: (y_2 = y) \/ ((x = 1) /\ (y_2 = y_1)).
  (* Then *)
  Have: 0 <= y.
}
Prove: (0 < y) \/ ((x = 0) /\ (y = y_1)).
Prover Z3 4.8.12 returns Timeout (Qed:7ms) (3s)
Error found in file: output/70.c at line: 10
Error line content: loop invariant (1 <= \at(n, Pre)) ==> (((x == 1)&&(v3 == \at(v3, Pre))&&(v2 == \at(v2, Pre))&&(v1 == \at(v1, Pre))&&(y == \at(y, Pre))&&(n == \at(n, Pre))) || (x <= n));

Goal Preservation of Invariant (file output/70.c, line 11):
Let x_1 = x + y.
Assume {
  Type: is_sint32(x) /\ is_sint32(y_1) /\ is_sint32(y) /\ is_sint32(y_2) /\
      is_sint32(1 + x) /\ is_sint32(x_1).
  (* Goal *)
  When: 0 < x_1.
  (* Invariant *)
  Have: (y_2 = y) \/ ((x = 1) /\ (y_2 = y_1)).
  (* Then *)
  Have: 0 <= y.
  (* Invariant *)
  Have: (0 < y) \/ ((x = 0) /\ (y = y_1)).
}
Prove: (x = 0) /\ (y = y_1).
Prover Z3 4.8.12 returns Timeout (Qed:7ms) (3s)
Error found in file: output/70.c at line: 11
Error line content: loop invariant (1 <= \at(n, Pre)) ==> (((x == 1)&&(v3 == \at(v3, Pre))&&(v2 == \at(v2, Pre))&&(v1 == \at(v1, Pre))&&(y == \at(y, Pre))&&(n == \at(n, Pre))) || (y == n - x));

Verify:
[True]


void foo(int n,int y,int v1,int v2,int v3) {
    
    int x = 1;

    
    
            
            /*@
          loop invariant (1 <= \at(n, Pre)) ==> (((x == 1)&&(v3 == \at(v3, Pre))&&(v2 == \at(v2, Pre))&&(v1 == \at(v1, Pre))&&(y == \at(y, Pre))&&(n == \at(n, Pre))) || (x <= n)) [INVARIANT FAILED] ;
          loop invariant (1 <= \at(n, Pre)) ==> (((x == 1)&&(v3 == \at(v3, Pre))&&(v2 == \at(v2, Pre))&&(v1 == \at(v1, Pre))&&(y == \at(y, Pre))&&(n == \at(n, Pre))) || (y == n - x)) [INVARIANT FAILED] ;
          loop invariant (!(1 <= \at(n, Pre))) ==> ((x == 1)&&(v3 == \at(v3, Pre))&&(v2 == \at(v2, Pre))&&(v1 == \at(v1, Pre))&&(y == \at(y, Pre))&&(n == \at(n, Pre)));
          loop invariant v3 == \at(v3, Pre);
          loop invariant v2 == \at(v2, Pre);
          loop invariant v1 == \at(v1, Pre);
          loop invariant n == \at(n, Pre);
            */
            while (x <= n) {
        y = n - x;
        x = x + 1;
    }
            

    /*@ assert (n > 0) ==> (y <= n); */
}

### Error Analysis:

1. **Goal Establishment of Invariant**: The first invariant fails to be established because the condition `(x == 1)` does not hold true for all necessary states when entering the loop. Specifically, the invariant checks if `x` equals `1`, which is true on the first iteration. However, since `x` is modified in the loop, this condition may not hold in subsequent iterations, leading to failure in proving establishment.

2. **Goal Preservation of Invariant**: The second invariant fails preservation because it relies on the expression `y == n - x`, which may not hold after the loop body has executed. The calculation `y = n - x` is performed at the end of the iteration, but due to the sequential nature of the loop, the condition cannot be guaranteed for all iterations. The flow of the loop modifies `y`, and thus the equality constraint fails when trying to prove preservation.

### Rationale for Modification:

To address the establishment error, I will replace the equality constraints with range constraints. This allows the invariant checks to be less strict and instead focus on the values that variables can take on during execution. Given the behavior of the loop where `x` iterates from `1` to `n`, I will adjust the invariants to reflect this behavior more accurately.

### Fixed C Code:

```c
void foo(int n,int y,int v1,int v2,int v3) {
    
    int x = 1;

    
    
            
            /*@
          loop invariant (1 <= \at(n, Pre)) ==> (((x == 1)&&(v3 == \at(v3, Pre))&&(v2 == \at(v2, Pre))&&(v1 == \at(v1, Pre))&&(y == \at(y, Pre))&&(n == \at(n, Pre))) || (1 <= x <= n)) ;
          loop invariant (1 <= \at(n, Pre)) ==> (((x == 1)&&(v3 == \at(v3, Pre))&&(v2 == \at(v2, Pre))&&(v1 == \at(v1, Pre))&&(y == \at(y, Pre))&&(n == \at(n, Pre))) || (0 <= y <= n)) ;
          loop invariant (!(1 <= \at(n, Pre))) ==> ((x == 1)&&(v3 == \at(v3, Pre))&&(v2 == \at(v2, Pre))&&(v1 == \at(v1, Pre))&&(y == \at(y, Pre))&&(n == \at(n, Pre)));
          loop invariant v3 == \at(v3, Pre);
          loop invariant v2 == \at(v2, Pre);
          loop invariant v1 == \at(v1, Pre);
          loop invariant n == \at(n, Pre);
            */
            while (x <= n) {
        y = n - x;
        x = x + 1;
    }
            

    /*@ assert (n > 0) ==> (y <= n); */
}
```
after weaken

void foo(int n,int y,int v1,int v2,int v3) {
    
    int x = 1;

    
    
            
            /*@
          loop invariant (1 <= \at(n, Pre)) ==> (((x == 1)&&(v3 == \at(v3, Pre))&&(v2 == \at(v2, Pre))&&(v1 == \at(v1, Pre))&&(y == \at(y, Pre))&&(n == \at(n, Pre))) || (1 <= x <= n)) ;
          loop invariant (1 <= \at(n, Pre)) ==> (((x == 1)&&(v3 == \at(v3, Pre))&&(v2 == \at(v2, Pre))&&(v1 == \at(v1, Pre))&&(y == \at(y, Pre))&&(n == \at(n, Pre))) || (0 <= y <= n)) ;
          loop invariant (!(1 <= \at(n, Pre))) ==> ((x == 1)&&(v3 == \at(v3, Pre))&&(v2 == \at(v2, Pre))&&(v1 == \at(v1, Pre))&&(y == \at(y, Pre))&&(n == \at(n, Pre)));
          loop invariant v3 == \at(v3, Pre);
          loop invariant v2 == \at(v2, Pre);
          loop invariant v1 == \at(v1, Pre);
          loop invariant n == \at(n, Pre);
            */
            while (x <= n) {
        y = n - x;
        x = x + 1;
    }
            

    /*@ assert (n > 0) ==> (y <= n); */
}

syntax Correct
Validate:
[False, True, True, True, True, True, True]

Goal Preservation of Invariant (file output/70.c, line 10):
Let x_1 = x + y.
Assume {
  Type: is_sint32(x) /\ is_sint32(y_1) /\ is_sint32(y) /\ is_sint32(y_2) /\
      is_sint32(1 + x) /\ is_sint32(x_1).
  (* Goal *)
  When: 0 < x_1.
  (* Invariant *)
  Have: (0 < x) \/ ((x = 1) /\ (y_2 = y_1)).
  (* Invariant *)
  Have: ((x = 1) /\ (y_2 = y_1)) \/ ((0 <= y_2) /\ (y_2 <= x_1)).
  (* Then *)
  Have: 0 <= y.
}
Prove: ((x = 0) /\ (y = y_1)) \/ ((0 < y) /\ (0 <= x)).
Prover Z3 4.8.12 returns Timeout (Qed:8ms) (3s)
Error found in file: output/70.c at line: 10
Error line content: loop invariant (1 <= \at(n, Pre)) ==> (((x == 1)&&(v3 == \at(v3, Pre))&&(v2 == \at(v2, Pre))&&(v1 == \at(v1, Pre))&&(y == \at(y, Pre))&&(n == \at(n, Pre))) || (1 <= x <= n)) ;

Verify:
[True]


void foo(int n,int y,int v1,int v2,int v3) {
    
    int x = 1;

    
    
            
            /*@
          loop invariant (1 <= \at(n, Pre)) ==> (((x == 1)&&(v3 == \at(v3, Pre))&&(v2 == \at(v2, Pre))&&(v1 == \at(v1, Pre))&&(y == \at(y, Pre))&&(n == \at(n, Pre))) || (1 <= x <= n))  [INVARIANT FAILED] ;
          loop invariant (1 <= \at(n, Pre)) ==> (((x == 1)&&(v3 == \at(v3, Pre))&&(v2 == \at(v2, Pre))&&(v1 == \at(v1, Pre))&&(y == \at(y, Pre))&&(n == \at(n, Pre))) || (0 <= y <= n)) ;
          loop invariant (!(1 <= \at(n, Pre))) ==> ((x == 1)&&(v3 == \at(v3, Pre))&&(v2 == \at(v2, Pre))&&(v1 == \at(v1, Pre))&&(y == \at(y, Pre))&&(n == \at(n, Pre)));
          loop invariant v3 == \at(v3, Pre);
          loop invariant v2 == \at(v2, Pre);
          loop invariant v1 == \at(v1, Pre);
          loop invariant n == \at(n, Pre);
            */
            while (x <= n) {
        y = n - x;
        x = x + 1;
    }
            

    /*@ assert (n > 0) ==> (y <= n); */
}

1.  Error Analysis:

The error messages indicate that the loop invariant provided for the loop does not meet the preservation condition, meaning it does not remain valid after each iteration of the loop. The first invariant states that either \(x = 1\) and other variable conditions hold or \(1 \leq x \leq n\). This invariant fails to account for how \(x\) is incremented during each iteration of the loop. As \(x\) starts at 1 and increments up to \(n\), the condition \(1 \leq x \leq n\) should be replaced with a broader range constraint that covers the potential values of \(y\), which is computed as \(y = n - x\). 

The second invariant similarly fails because it does not consider the potential maximum values for \(y\) as the loop progresses. To address this, we will modify the invariant from \(1 \leq x \leq n\) to ensure it reflects the relationship between \(y\) and \(n\) without strict equality, allowing for a range constraint on \(y\) since \(y\) can take values from 0 up to \(n - 1\) as \(x\) increases.

2.  Fixed C Code:

```c
void foo(int n,int y,int v1,int v2,int v3) {
    
    int x = 1;

    
    
            
            /*@
          loop invariant (1 <= \at(n, Pre)) ==> (((x == 1)&&(v3 == \at(v3, Pre))&&(v2 == \at(v2, Pre))&&(v1 == \at(v1, Pre))&&(y == \at(y, Pre))&&(n == \at(n, Pre))) || (1 <= x <= n)) ;
          loop invariant (1 <= \at(n, Pre)) ==> (((x == 1)&&(v3 == \at(v3, Pre))&&(v2 == \at(v2, Pre))&&(v1 == \at(v1, Pre))&&(y == \at(y, Pre))&&(n == \at(n, Pre))) || (0 <= y <= n - 1)) ;
          loop invariant (!(1 <= \at(n, Pre))) ==> ((x == 1)&&(v3 == \at(v3, Pre))&&(v2 == \at(v2, Pre))&&(v1 == \at(v1, Pre))&&(y == \at(y, Pre))&&(n == \at(n, Pre)));
          loop invariant v3 == \at(v3, Pre);
          loop invariant v2 == \at(v2, Pre);
          loop invariant v1 == \at(v1, Pre);
          loop invariant n == \at(n, Pre);
            */
            while (x <= n) {
        y = n - x;
        x = x + 1;
    }
            

    /*@ assert (n > 0) ==> (y <= n); */
}
```
after weaken

void foo(int n,int y,int v1,int v2,int v3) {
    
    int x = 1;

    
    
            
            /*@
          loop invariant (1 <= \at(n, Pre)) ==> (((x == 1)&&(v3 == \at(v3, Pre))&&(v2 == \at(v2, Pre))&&(v1 == \at(v1, Pre))&&(y == \at(y, Pre))&&(n == \at(n, Pre))) || (1 <= x <= n)) ;
          loop invariant (1 <= \at(n, Pre)) ==> (((x == 1)&&(v3 == \at(v3, Pre))&&(v2 == \at(v2, Pre))&&(v1 == \at(v1, Pre))&&(y == \at(y, Pre))&&(n == \at(n, Pre))) || (0 <= y <= n - 1)) ;
          loop invariant (!(1 <= \at(n, Pre))) ==> ((x == 1)&&(v3 == \at(v3, Pre))&&(v2 == \at(v2, Pre))&&(v1 == \at(v1, Pre))&&(y == \at(y, Pre))&&(n == \at(n, Pre)));
          loop invariant v3 == \at(v3, Pre);
          loop invariant v2 == \at(v2, Pre);
          loop invariant v1 == \at(v1, Pre);
          loop invariant n == \at(n, Pre);
            */
            while (x <= n) {
        y = n - x;
        x = x + 1;
    }
            

    /*@ assert (n > 0) ==> (y <= n); */
}

syntax Correct
Validate:
[False, True, True, True, True, True, True]

Goal Preservation of Invariant (file output/70.c, line 10):
Let x_1 = x + y.
Assume {
  Type: is_sint32(x) /\ is_sint32(y_1) /\ is_sint32(y) /\ is_sint32(y_2) /\
      is_sint32(1 + x) /\ is_sint32(x_1).
  (* Goal *)
  When: 0 < x_1.
  (* Invariant *)
  Have: (0 < x) \/ ((x = 1) /\ (y_2 = y_1)).
  (* Invariant *)
  Have: ((x = 1) /\ (y_2 = y_1)) \/ ((0 <= y_2) /\ (y_2 < x_1)).
  (* Then *)
  Have: 0 <= y.
}
Prove: ((x = 0) /\ (y = y_1)) \/ ((0 < y) /\ (0 <= x)).
Prover Z3 4.8.12 returns Timeout (Qed:8ms) (3s)
Error found in file: output/70.c at line: 10
Error line content: loop invariant (1 <= \at(n, Pre)) ==> (((x == 1)&&(v3 == \at(v3, Pre))&&(v2 == \at(v2, Pre))&&(v1 == \at(v1, Pre))&&(y == \at(y, Pre))&&(n == \at(n, Pre))) || (1 <= x <= n)) ;

Verify:
[True]


void foo(int n,int y,int v1,int v2,int v3) {
    
    int x = 1;

    
    
            
            /*@
          loop invariant (1 <= \at(n, Pre)) ==> (((x == 1)&&(v3 == \at(v3, Pre))&&(v2 == \at(v2, Pre))&&(v1 == \at(v1, Pre))&&(y == \at(y, Pre))&&(n == \at(n, Pre))) || (1 <= x <= n))  [INVARIANT FAILED] ;
          loop invariant (1 <= \at(n, Pre)) ==> (((x == 1)&&(v3 == \at(v3, Pre))&&(v2 == \at(v2, Pre))&&(v1 == \at(v1, Pre))&&(y == \at(y, Pre))&&(n == \at(n, Pre))) || (0 <= y <= n - 1)) ;
          loop invariant (!(1 <= \at(n, Pre))) ==> ((x == 1)&&(v3 == \at(v3, Pre))&&(v2 == \at(v2, Pre))&&(v1 == \at(v1, Pre))&&(y == \at(y, Pre))&&(n == \at(n, Pre)));
          loop invariant v3 == \at(v3, Pre);
          loop invariant v2 == \at(v2, Pre);
          loop invariant v1 == \at(v1, Pre);
          loop invariant n == \at(n, Pre);
            */
            while (x <= n) {
        y = n - x;
        x = x + 1;
    }
            

    /*@ assert (n > 0) ==> (y <= n); */
}

1. **Error Analysis:**

The errors reported by Frama-C indicate that the loop invariant does not hold during the execution of the loop. Specifically, the first loop invariant `(1 <= x <= n)` is failing the preservation condition. This means that while `x` starts at 1 and is less than or equal to `n`, the invariant does not properly account for the changes in `y`, which is calculated as `y = n - x` within the loop. 

The second invariant `(0 <= y <= n - 1)` attempts to relate `y` to `n` but may fail to capture the correct range of `y` after the loop has executed. Given that `y` is recalculated every iteration, it is essential to reflect this calculation accurately in the invariant. 

To fix this, we should replace the equality constraints with range constraints that better reflect the changing values of `y` and `x`. Instead of stating that `1 <= x <= n`, we can state that `x` is within an appropriate range that ensures `y` is also bounded correctly considering its calculation.

2. **Fixed C Code:**

```c
void foo(int n,int y,int v1,int v2,int v3) {
    
    int x = 1;

    
    
            
            /*@
          loop invariant (1 <= \at(n, Pre)) ==> (((x == 1)&&(v3 == \at(v3, Pre))&&(v2 == \at(v2, Pre))&&(v1 == \at(v1, Pre))&&(y == \at(y, Pre))&&(n == \at(n, Pre))) || (1 <= x <= n));
          loop invariant (1 <= \at(n, Pre)) ==> (((x == 1)&&(v3 == \at(v3, Pre))&&(v2 == \at(v2, Pre))&&(v1 == \at(v1, Pre))&&(y == \at(y, Pre))&&(n == \at(n, Pre))) || (0 <= y <= n));
          loop invariant (!(1 <= \at(n, Pre))) ==> ((x == 1)&&(v3 == \at(v3, Pre))&&(v2 == \at(v2, Pre))&&(v1 == \at(v1, Pre))&&(y == \at(y, Pre))&&(n == \at(n, Pre)));
          loop invariant v3 == \at(v3, Pre);
          loop invariant v2 == \at(v2, Pre);
          loop invariant v1 == \at(v1, Pre);
          loop invariant n == \at(n, Pre);
            */
            while (x <= n) {
        y = n - x;
        x = x + 1;
    }
            

    /*@ assert (n > 0) ==> (y <= n); */
}
``` 

In this fixed code, I have changed the second invariant to `loop invariant (1 <= \at(n, Pre)) ==> (((x == 1)&&(v3 == \at(v3, Pre))&&(v2 == \at(v2, Pre))&&(v1 == \at(v1, Pre))&&(y == \at(y, Pre))&&(n == \at(n, Pre))) || (0 <= y <= n));` to ensure that `y` is bounded correctly during the execution of the loop.
after weaken

void foo(int n,int y,int v1,int v2,int v3) {
    
    int x = 1;

    
    
            
            /*@
          loop invariant (1 <= \at(n, Pre)) ==> (((x == 1)&&(v3 == \at(v3, Pre))&&(v2 == \at(v2, Pre))&&(v1 == \at(v1, Pre))&&(y == \at(y, Pre))&&(n == \at(n, Pre))) || (1 <= x <= n));
          loop invariant (1 <= \at(n, Pre)) ==> (((x == 1)&&(v3 == \at(v3, Pre))&&(v2 == \at(v2, Pre))&&(v1 == \at(v1, Pre))&&(y == \at(y, Pre))&&(n == \at(n, Pre))) || (0 <= y <= n));
          loop invariant (!(1 <= \at(n, Pre))) ==> ((x == 1)&&(v3 == \at(v3, Pre))&&(v2 == \at(v2, Pre))&&(v1 == \at(v1, Pre))&&(y == \at(y, Pre))&&(n == \at(n, Pre)));
          loop invariant v3 == \at(v3, Pre);
          loop invariant v2 == \at(v2, Pre);
          loop invariant v1 == \at(v1, Pre);
          loop invariant n == \at(n, Pre);
            */
            while (x <= n) {
        y = n - x;
        x = x + 1;
    }
            

    /*@ assert (n > 0) ==> (y <= n); */
}

syntax Correct
Validate:
[False, True, True, True, True, True, True]

Goal Preservation of Invariant (file output/70.c, line 10):
Let x_1 = x + y.
Assume {
  Type: is_sint32(x) /\ is_sint32(y_1) /\ is_sint32(y) /\ is_sint32(y_2) /\
      is_sint32(1 + x) /\ is_sint32(x_1).
  (* Goal *)
  When: 0 < x_1.
  (* Invariant *)
  Have: (0 < x) \/ ((x = 1) /\ (y_2 = y_1)).
  (* Invariant *)
  Have: ((x = 1) /\ (y_2 = y_1)) \/ ((0 <= y_2) /\ (y_2 <= x_1)).
  (* Then *)
  Have: 0 <= y.
}
Prove: ((x = 0) /\ (y = y_1)) \/ ((0 < y) /\ (0 <= x)).
Prover Z3 4.8.12 returns Timeout (Qed:8ms) (3s)
Error found in file: output/70.c at line: 10
Error line content: loop invariant (1 <= \at(n, Pre)) ==> (((x == 1)&&(v3 == \at(v3, Pre))&&(v2 == \at(v2, Pre))&&(v1 == \at(v1, Pre))&&(y == \at(y, Pre))&&(n == \at(n, Pre))) || (1 <= x <= n));

Verify:
[True]

after hudini

void foo(int n,int y,int v1,int v2,int v3) {
    
    int x = 1;

    
    
            
            /*@          loop invariant (1 <= \at(n, Pre)) ==> (((x == 1)&&(v3 == \at(v3, Pre))&&(v2 == \at(v2, Pre))&&(v1 == \at(v1, Pre))&&(y == \at(y, Pre))&&(n == \at(n, Pre))) || (0 <= y <= n));
          loop invariant (!(1 <= \at(n, Pre))) ==> ((x == 1)&&(v3 == \at(v3, Pre))&&(v2 == \at(v2, Pre))&&(v1 == \at(v1, Pre))&&(y == \at(y, Pre))&&(n == \at(n, Pre)));
          loop invariant v3 == \at(v3, Pre);
          loop invariant v2 == \at(v2, Pre);
          loop invariant v1 == \at(v1, Pre);
          loop invariant n == \at(n, Pre);
            */
            while (x <= n) {
        y = n - x;
        x = x + 1;
    }
            

    /*@ assert (n > 0) ==> (y <= n); */
}

syntax Correct
Validate:
[False, True, True, True, True, True]

Goal Preservation of Invariant (file output/70.c, line 9):
Let x_1 = x + y.
Assume {
  Type: is_sint32(x) /\ is_sint32(y_1) /\ is_sint32(y) /\ is_sint32(y_2) /\
      is_sint32(1 + x) /\ is_sint32(x_1).
  (* Goal *)
  When: 0 < x_1.
  (* Invariant *)
  Have: ((x = 1) /\ (y_2 = y_1)) \/ ((0 <= y_2) /\ (y_2 <= x_1)).
  (* Then *)
  Have: 0 <= y.
}
Prove: (0 <= x) \/ ((x = 0) /\ (y = y_1)).
Prover Z3 4.8.12 returns Timeout (Qed:7ms) (3s)
Error found in file: output/70.c at line: 9
Error line content: /*@          loop invariant (1 <= \at(n, Pre)) ==> (((x == 1)&&(v3 == \at(v3, Pre))&&(v2 == \at(v2, Pre))&&(v1 == \at(v1, Pre))&&(y == \at(y, Pre))&&(n == \at(n, Pre))) || (0 <= y <= n));

Verify:
[True]

after hudini

void foo(int n,int y,int v1,int v2,int v3) {
    
    int x = 1;

    
    
            
            /*@          loop invariant (!(1 <= \at(n, Pre))) ==> ((x == 1)&&(v3 == \at(v3, Pre))&&(v2 == \at(v2, Pre))&&(v1 == \at(v1, Pre))&&(y == \at(y, Pre))&&(n == \at(n, Pre)));
          loop invariant v3 == \at(v3, Pre);
          loop invariant v2 == \at(v2, Pre);
          loop invariant v1 == \at(v1, Pre);
          loop invariant n == \at(n, Pre);
            */
            while (x <= n) {
        y = n - x;
        x = x + 1;
    }
            

    /*@ assert (n > 0) ==> (y <= n); */
}

syntax Correct
Validate:
[True, True, True, True, True]

Verify:
[False]

Goal Assertion (file output/70.c, line 21):
Assume {
  Type: is_sint32(n) /\ is_sint32(x) /\ is_sint32(y).
  (* Goal *)
  When: 0 < n.
  (* Else *)
  Have: n < x.
}
Prove: y <= n.
Prover Z3 4.8.12 returns Timeout (Qed:4ms) (3s)
Error found in file: output/70.c at line: 21
Error line content: /*@ assert (n > 0) ==> (y <= n); */

after hudini

void foo(int n,int y,int v1,int v2,int v3) {
    
    int x = 1;

    
    
            
            /*@          loop invariant (!(1 <= \at(n, Pre))) ==> ((x == 1)&&(v3 == \at(v3, Pre))&&(v2 == \at(v2, Pre))&&(v1 == \at(v1, Pre))&&(y == \at(y, Pre))&&(n == \at(n, Pre)));
          loop invariant v3 == \at(v3, Pre);
          loop invariant v2 == \at(v2, Pre);
          loop invariant v1 == \at(v1, Pre);
          loop invariant n == \at(n, Pre);
            */
            while (x <= n) {
        y = n - x;
        x = x + 1;
    }
            

    /*@ assert (n > 0) ==> (y <= n); */
}

syntax Correct
Validate:
[True, True, True, True, True]

Verify:
[False]

Goal Assertion (file output/70.c, line 21):
Assume {
  Type: is_sint32(n) /\ is_sint32(x) /\ is_sint32(y).
  (* Goal *)
  When: 0 < n.
  (* Else *)
  Have: n < x.
}
Prove: y <= n.
Prover Z3 4.8.12 returns Timeout (Qed:4ms) (3s)
Error found in file: output/70.c at line: 21
Error line content: /*@ assert (n > 0) ==> (y <= n); */

syntax Correct
Validate:
[True, True, True, True, True]

Verify:
[False]

Goal Assertion (file output/70.c, line 21):
Assume {
  Type: is_sint32(n) /\ is_sint32(x) /\ is_sint32(y).
  (* Goal *)
  When: 0 < n.
  (* Else *)
  Have: n < x.
}
Prove: y <= n.
Prover Z3 4.8.12 returns Timeout (Qed:4ms) (3s)
Error found in file: output/70.c at line: 21
Error line content: /*@ assert (n > 0) ==> (y <= n); */

[(116, 176, 0)]
[(116, 176, 0)]
[(116, 176, 0)]
[(116, 176, 0)]
Loop 0 : Outer
Sorted indices: [0]
File found: ../sac_c_parser/test/../ip_postcond/goal/70_goal.v. Deleting the file.
File found: ../sac_c_parser/test/../ip_postcond/goal/70_proof_auto.v. Deleting the file.
File found: ../sac_c_parser/test/../ip_postcond/goal/70_proof_manual.v. Deleting the file.
LoopEntry_0:
(x == 1) * (v3 == v3@pre) * (v2 == v2@pre) * (v1 == v1@pre) * (y == y@pre) * (n == n@pre)

Successfully generated loop/70.json
INNER_FLAG: False
Variable Maps: [{'x': '1', 'v3': 'v3@pre', 'v2': 'v2@pre', 'v1': 'v1@pre', 'y': 'y@pre', 'n': 'n@pre'}]
Path conditions: [None]
Pre condition: (x == 1) * (v3 == v3@pre) * (v2 == v2@pre) * (v1 == v1@pre) * (y == y@pre) * (n == n@pre)
Loop Condition: x <= n
Updated Loop Conditions: ['1 <= n@pre']
Global Unchanged Variables ['v3', 'v2', 'v1', 'n']
Non Inductive Variables ['y']
[{'x': '1', 'v3': 'v3@pre', 'v2': 'v2@pre', 'v1': 'v1@pre', 'y': 'y@pre', 'n': 'n@pre'}]
[None]

            
    /* >>> LOOP INVARIANT TO FILL <<< 
       >>> PRECONDITION OF THE LOOP : (x == 1) * (v3 == \at(v3, Pre)) * (v2 == \at(v2, Pre)) * (v1 == \at(v1, Pre)) * (y == \at(y, Pre)) * (n == \at(n, Pre)) <<< */
    
            /*@
          loop invariant v3 == \at(v3, Pre);
          loop invariant v2 == \at(v2, Pre);
          loop invariant v1 == \at(v1, Pre);
          loop invariant n == \at(n, Pre);
            */
            while (x <= n) {
        y = n - x;
        x = x + 1;
    }
            

            
    /* >>> LOOP INVARIANT TO FILL <<< 
       >>> PRECONDITION OF THE LOOP : (x == 1) * (v3 == \at(v3, Pre)) * (v2 == \at(v2, Pre)) * (v1 == \at(v1, Pre)) * (y == \at(y, Pre)) * (n == \at(n, Pre)) <<< */
    
            /*@
          loop invariant (1 <= \at(n, Pre)) ==> (((x == 1)&&(v3 == \at(v3, Pre))&&(v2 == \at(v2, Pre))&&(v1 == \at(v1, Pre))&&(y == \at(y, Pre))&&(n == \at(n, Pre))) || (PLACE_HOLDER_y));
          loop invariant (1 <= \at(n, Pre)) ==> (((x == 1)&&(v3 == \at(v3, Pre))&&(v2 == \at(v2, Pre))&&(v1 == \at(v1, Pre))&&(y == \at(y, Pre))&&(n == \at(n, Pre))) || (PLACE_HOLDER_x));
          loop invariant (!(1 <= \at(n, Pre))) ==> ((x == 1)&&(v3 == \at(v3, Pre))&&(v2 == \at(v2, Pre))&&(v1 == \at(v1, Pre))&&(y == \at(y, Pre))&&(n == \at(n, Pre)));
          loop invariant v3 == \at(v3, Pre);
          loop invariant v2 == \at(v2, Pre);
          loop invariant v1 == \at(v1, Pre);
          loop invariant n == \at(n, Pre);
            */
            while (x <= n) {
        y = n - x;
        x = x + 1;
    }
            
void foo(int n,int y,int v1,int v2,int v3) {
    
    int x = 1;

    
    
            
    /* >>> LOOP INVARIANT TO FILL <<< 
       >>> PRECONDITION OF THE LOOP : (x == 1) * (v3 == \at(v3, Pre)) * (v2 == \at(v2, Pre)) * (v1 == \at(v1, Pre)) * (y == \at(y, Pre)) * (n == \at(n, Pre)) <<< */
    
            /*@
          loop invariant (1 <= \at(n, Pre)) ==> (((x == 1)&&(v3 == \at(v3, Pre))&&(v2 == \at(v2, Pre))&&(v1 == \at(v1, Pre))&&(y == \at(y, Pre))&&(n == \at(n, Pre))) || (PLACE_HOLDER_y));
          loop invariant (1 <= \at(n, Pre)) ==> (((x == 1)&&(v3 == \at(v3, Pre))&&(v2 == \at(v2, Pre))&&(v1 == \at(v1, Pre))&&(y == \at(y, Pre))&&(n == \at(n, Pre))) || (PLACE_HOLDER_x));
          loop invariant (!(1 <= \at(n, Pre))) ==> ((x == 1)&&(v3 == \at(v3, Pre))&&(v2 == \at(v2, Pre))&&(v1 == \at(v1, Pre))&&(y == \at(y, Pre))&&(n == \at(n, Pre)));
          loop invariant v3 == \at(v3, Pre);
          loop invariant v2 == \at(v2, Pre);
          loop invariant v1 == \at(v1, Pre);
          loop invariant n == \at(n, Pre);
            */
            while (x <= n) {
        y = n - x;
        x = x + 1;
    }
            

    /*@ assert (n > 0) ==> (y <= n); */


}
### Analysis of the Loop

#### a. Purpose and Structure of the Loop
The purpose of the loop is to decrement the value of `y` from `n` to `0` while iterating through values of `x` starting from `1` up to `n`. The loop continues as long as `x` is less than or equal to `n`. In each iteration, `y` is updated to `n - x`, effectively reflecting the remaining value after accounting for the current value of `x`.

The structure of the loop consists of:
- A loop condition: `x <= n`
- Operations inside the loop body: 
  - `y = n - x;` updates `y` based on the current value of `x`.
  - `x = x + 1;` increments `x` for the next iteration.
- Relevant variables: `x`, `y`, `n`.

#### b. Discussion of the Loop Invariant
The proposed loop invariant should capture the state of the variables and their relationships throughout the iterations. A valid invariant for this loop must reflect the initialization of `x`, the relationship between `y`, and the bounds set by `n`.

A suitable loop invariant could be:
- `x` is always incremented from `1` to `n` (inclusive).
- `y` is calculated as `n - x` and must remain non-negative.

#### c. Establishment
Before the loop starts, we have:
- `x` is initialized to `1`, hence the invariant `x == 1` holds true.
- `y` is calculated using `y = n - x` which equals `n - 1` at the start.
- Since the pre-condition guarantees that `n` is at least `1`, we have `y >= 0` at the start, satisfying the invariant.

#### d. Preservation
At the start of each iteration, the invariant is assumed to hold. If `x` is currently `k` (where `1 <= k <= n`), the loop body updates `y` to `n - k` and increments `x` to `k + 1`. 

Both of these updates respect the invariant:
- The calculation of `y` as `n - (k + 1)` ensures `y` is updated correctly.
- Since `k + 1` is still less than or equal to `n` for the next iteration, the invariant holds true for the next iteration.

#### e. Termination Analysis of the Loop
When the loop terminates, it means `x` has become `n + 1`. At this point:
- The last value of `y` was `n - n = 0`.
- The invariant still holds because we have managed to maintain the relationship between `y` and `n`.

#### f. Correctness of the Post-condition
The post-condition states that if `n > 0`, then `y <= n`. Upon termination, since `y` is `0` when `x` equals `n + 1`, the post-condition is satisfied because `0 <= n` is true for any positive `n`. Thus, the loop invariant ensures this post-condition is met.

#### g. Implication of the Pre-condition
The pre-condition ensures that `n` is at least `1`, which directly supports the establishment of the loop invariant. Since `x` starts at `1`, the loop invariant holds from the outset due to the initialization and the guarantees provided by the pre-condition regarding the values of `v1`, `v2`, `v3`, and `y`.

### Final C Loop Program with ACSL Annotations

```c
void foo(int n,int y,int v1,int v2,int v3) {
    
    int x = 1;

    
    /* >>> LOOP INVARIANT TO FILL <<< 
       >>> PRECONDITION OF THE LOOP : (x == 1) * (v3 == \at(v3, Pre)) * (v2 == \at(v2, Pre)) * (v1 == \at(v1, Pre)) * (y == \at(y, Pre)) * (n == \at(n, Pre)) <<< */
    
            /*@
          loop invariant (1 <= \at(n, Pre)) ==> (((x == 1)&&(v3 == \at(v3, Pre))&&(v2 == \at(v2, Pre))&&(v1 == \at(v1, Pre))&&(y == \at(y, Pre))&&(n == \at(n, Pre))) || (y == n - x));
          loop invariant (1 <= \at(n, Pre)) ==> (((x == 1)&&(v3 == \at(v3, Pre))&&(v2 == \at(v2, Pre))&&(v1 == \at(v1, Pre))&&(y == \at(y, Pre))&&(n == \at(n, Pre))) || (x <= n));
          loop invariant !(1 <= \at(n, Pre)) ==> ((x == 1)&&(v3 == \at(v3, Pre))&&(v2 == \at(v2, Pre))&&(v1 == \at(v1, Pre))&&(y == \at(y, Pre))&&(n == \at(n, Pre)));
          loop invariant v3 == \at(v3, Pre);
          loop invariant v2 == \at(v2, Pre);
          loop invariant v1 == \at(v1, Pre);
          loop invariant n == \at(n, Pre);
            */
            while (x <= n) {
        y = n - x;
        x = x + 1;
    }
            

    /*@ assert (n > 0) ==> (y <= n); */
}
```

void foo(int n,int y,int v1,int v2,int v3) {
    
    int x = 1;

    
            /*@
          loop invariant (1 <= \at(n, Pre)) ==> (((x == 1)&&(v3 == \at(v3, Pre))&&(v2 == \at(v2, Pre))&&(v1 == \at(v1, Pre))&&(y == \at(y, Pre))&&(n == \at(n, Pre))) || (y == n - x));
          loop invariant (1 <= \at(n, Pre)) ==> (((x == 1)&&(v3 == \at(v3, Pre))&&(v2 == \at(v2, Pre))&&(v1 == \at(v1, Pre))&&(y == \at(y, Pre))&&(n == \at(n, Pre))) || (x <= n));
          loop invariant !(1 <= \at(n, Pre)) ==> ((x == 1)&&(v3 == \at(v3, Pre))&&(v2 == \at(v2, Pre))&&(v1 == \at(v1, Pre))&&(y == \at(y, Pre))&&(n == \at(n, Pre)));
          loop invariant v3 == \at(v3, Pre);
          loop invariant v2 == \at(v2, Pre);
          loop invariant v1 == \at(v1, Pre);
          loop invariant n == \at(n, Pre);
            */
            while (x <= n) {
        y = n - x;
        x = x + 1;
    }
            

    /*@ assert (n > 0) ==> (y <= n); */
}


void foo(int n,int y,int v1,int v2,int v3) {
    
    int x = 1;

    
            /*@
          loop invariant (1 <= \at(n, Pre)) ==> (((x == 1)&&(v3 == \at(v3, Pre))&&(v2 == \at(v2, Pre))&&(v1 == \at(v1, Pre))&&(y == \at(y, Pre))&&(n == \at(n, Pre))) || (y == n - x));
          loop invariant (1 <= \at(n, Pre)) ==> (((x == 1)&&(v3 == \at(v3, Pre))&&(v2 == \at(v2, Pre))&&(v1 == \at(v1, Pre))&&(y == \at(y, Pre))&&(n == \at(n, Pre))) || (x <= n));
          loop invariant !(1 <= \at(n, Pre)) ==> ((x == 1)&&(v3 == \at(v3, Pre))&&(v2 == \at(v2, Pre))&&(v1 == \at(v1, Pre))&&(y == \at(y, Pre))&&(n == \at(n, Pre)));
          loop invariant v3 == \at(v3, Pre);
          loop invariant v2 == \at(v2, Pre);
          loop invariant v1 == \at(v1, Pre);
          loop invariant n == \at(n, Pre);
            */
            while (x <= n) {
        y = n - x;
        x = x + 1;
    }
            

    /*@ assert (n > 0) ==> (y <= n); */
}

syntax Correct
Validate:
[False, True, True, True, True, True, True]

Goal Preservation of Invariant (file output/70.c, line 8):
Let x_1 = x + y.
Assume {
  Type: is_sint32(x) /\ is_sint32(y_1) /\ is_sint32(y) /\ is_sint32(y_2) /\
      is_sint32(1 + x) /\ is_sint32(x_1).
  (* Goal *)
  When: 0 < x_1.
  (* Invariant *)
  Have: (y_2 = y) \/ ((x = 1) /\ (y_2 = y_1)).
  (* Then *)
  Have: 0 <= y.
}
Prove: (x = 0) /\ (y = y_1).
Prover Z3 4.8.12 returns Timeout (Qed:7ms) (3s)
Error found in file: output/70.c at line: 8
Error line content: loop invariant (1 <= \at(n, Pre)) ==> (((x == 1)&&(v3 == \at(v3, Pre))&&(v2 == \at(v2, Pre))&&(v1 == \at(v1, Pre))&&(y == \at(y, Pre))&&(n == \at(n, Pre))) || (y == n - x));

Verify:
[True]


void foo(int n,int y,int v1,int v2,int v3) {
    
    int x = 1;

    
            /*@
          loop invariant (1 <= \at(n, Pre)) ==> (((x == 1)&&(v3 == \at(v3, Pre))&&(v2 == \at(v2, Pre))&&(v1 == \at(v1, Pre))&&(y == \at(y, Pre))&&(n == \at(n, Pre))) || (y == n - x)) [INVARIANT FAILED] ;
          loop invariant (1 <= \at(n, Pre)) ==> (((x == 1)&&(v3 == \at(v3, Pre))&&(v2 == \at(v2, Pre))&&(v1 == \at(v1, Pre))&&(y == \at(y, Pre))&&(n == \at(n, Pre))) || (x <= n));
          loop invariant !(1 <= \at(n, Pre)) ==> ((x == 1)&&(v3 == \at(v3, Pre))&&(v2 == \at(v2, Pre))&&(v1 == \at(v1, Pre))&&(y == \at(y, Pre))&&(n == \at(n, Pre)));
          loop invariant v3 == \at(v3, Pre);
          loop invariant v2 == \at(v2, Pre);
          loop invariant v1 == \at(v1, Pre);
          loop invariant n == \at(n, Pre);
            */
            while (x <= n) {
        y = n - x;
        x = x + 1;
    }
            

    /*@ assert (n > 0) ==> (y <= n); */
}

### Error Analysis:

The error message indicates a "Goal Preservation of Invariant" failure, specifically at the line with the loop invariant. The invariant currently asserts that `(y == n - x)` holds in the context of the loop. However, this assertion may not be preserved after each iteration of the loop. 

The loop modifies `y` to be `n - x` during each iteration of the loop. When `x` is incremented, `y` is immediately updated to reflect that change. However, asserting that `y` equals `n - x` during the loop's execution can be problematic, especially if the loop condition allows `x` to exceed `n`. 

To address this issue, we can replace the equality constraint with a range constraint that reflects the values `y` can take during the loop's execution. This will allow the invariant to hold true under the loop's conditions without being overly strict.

### Fixed C Code:

```c
void foo(int n,int y,int v1,int v2,int v3) {
    
    int x = 1;

    
            /*@
          loop invariant (1 <= \at(n, Pre)) ==> (((x == 1)&&(v3 == \at(v3, Pre))&&(v2 == \at(v2, Pre))&&(v1 == \at(v1, Pre))&&(y == \at(y, Pre))&&(n == \at(n, Pre))) || (y <= n && y >= 0));
          loop invariant (1 <= \at(n, Pre)) ==> (((x == 1)&&(v3 == \at(v3, Pre))&&(v2 == \at(v2, Pre))&&(v1 == \at(v1, Pre))&&(y == \at(y, Pre))&&(n == \at(n, Pre))) || (x <= n));
          loop invariant !(1 <= \at(n, Pre)) ==> ((x == 1)&&(v3 == \at(v3, Pre))&&(v2 == \at(v2, Pre))&&(v1 == \at(v1, Pre))&&(y == \at(y, Pre))&&(n == \at(n, Pre)));
          loop invariant v3 == \at(v3, Pre);
          loop invariant v2 == \at(v2, Pre);
          loop invariant v1 == \at(v1, Pre);
          loop invariant n == \at(n, Pre);
            */
            while (x <= n) {
        y = n - x;
        x = x + 1;
    }
            

    /*@ assert (n > 0) ==> (y <= n); */
}
```
after weaken

void foo(int n,int y,int v1,int v2,int v3) {
    
    int x = 1;

    
            /*@
          loop invariant (1 <= \at(n, Pre)) ==> (((x == 1)&&(v3 == \at(v3, Pre))&&(v2 == \at(v2, Pre))&&(v1 == \at(v1, Pre))&&(y == \at(y, Pre))&&(n == \at(n, Pre))) || (y <= n && y >= 0));
          loop invariant (1 <= \at(n, Pre)) ==> (((x == 1)&&(v3 == \at(v3, Pre))&&(v2 == \at(v2, Pre))&&(v1 == \at(v1, Pre))&&(y == \at(y, Pre))&&(n == \at(n, Pre))) || (x <= n));
          loop invariant !(1 <= \at(n, Pre)) ==> ((x == 1)&&(v3 == \at(v3, Pre))&&(v2 == \at(v2, Pre))&&(v1 == \at(v1, Pre))&&(y == \at(y, Pre))&&(n == \at(n, Pre)));
          loop invariant v3 == \at(v3, Pre);
          loop invariant v2 == \at(v2, Pre);
          loop invariant v1 == \at(v1, Pre);
          loop invariant n == \at(n, Pre);
            */
            while (x <= n) {
        y = n - x;
        x = x + 1;
    }
            

    /*@ assert (n > 0) ==> (y <= n); */
}

syntax Correct
Validate:
[False, False, True, True, True, True, True]

Goal Preservation of Invariant (file output/70.c, line 8):
Let x_1 = x + y.
Assume {
  Type: is_sint32(x) /\ is_sint32(y_1) /\ is_sint32(y) /\ is_sint32(y_2) /\
      is_sint32(1 + x) /\ is_sint32(x_1).
  (* Goal *)
  When: 0 < x_1.
  (* Invariant *)
  Have: ((x = 1) /\ (y_2 = y_1)) \/ ((0 <= y_2) /\ (y_2 <= x_1)).
  (* Then *)
  Have: 0 <= y.
}
Prove: (0 <= x) \/ ((x = 0) /\ (y = y_1)).
Prover Z3 4.8.12 returns Timeout (Qed:7ms) (3s)
Error found in file: output/70.c at line: 8
Error line content: loop invariant (1 <= \at(n, Pre)) ==> (((x == 1)&&(v3 == \at(v3, Pre))&&(v2 == \at(v2, Pre))&&(v1 == \at(v1, Pre))&&(y == \at(y, Pre))&&(n == \at(n, Pre))) || (y <= n && y >= 0));

Goal Preservation of Invariant (file output/70.c, line 9):
Let x_1 = x + y.
Assume {
  Type: is_sint32(x) /\ is_sint32(y_1) /\ is_sint32(y) /\ is_sint32(y_2) /\
      is_sint32(1 + x) /\ is_sint32(x_1).
  (* Goal *)
  When: 0 < x_1.
  (* Invariant *)
  Have: ((x = 1) /\ (y_2 = y_1)) \/ ((0 <= y_2) /\ (y_2 <= x_1)).
  (* Then *)
  Have: 0 <= y.
  (* Invariant *)
  Have: (0 <= x) \/ ((x = 0) /\ (y = y_1)).
}
Prove: (0 < y) \/ ((x = 0) /\ (y = y_1)).
Prover Z3 4.8.12 returns Timeout (Qed:7ms) (3s)
Error found in file: output/70.c at line: 9
Error line content: loop invariant (1 <= \at(n, Pre)) ==> (((x == 1)&&(v3 == \at(v3, Pre))&&(v2 == \at(v2, Pre))&&(v1 == \at(v1, Pre))&&(y == \at(y, Pre))&&(n == \at(n, Pre))) || (x <= n));

Verify:
[True]


void foo(int n,int y,int v1,int v2,int v3) {
    
    int x = 1;

    
            /*@
          loop invariant (1 <= \at(n, Pre)) ==> (((x == 1)&&(v3 == \at(v3, Pre))&&(v2 == \at(v2, Pre))&&(v1 == \at(v1, Pre))&&(y == \at(y, Pre))&&(n == \at(n, Pre))) || (y <= n && y >= 0)) [INVARIANT FAILED] ;
          loop invariant (1 <= \at(n, Pre)) ==> (((x == 1)&&(v3 == \at(v3, Pre))&&(v2 == \at(v2, Pre))&&(v1 == \at(v1, Pre))&&(y == \at(y, Pre))&&(n == \at(n, Pre))) || (x <= n)) [INVARIANT FAILED] ;
          loop invariant !(1 <= \at(n, Pre)) ==> ((x == 1)&&(v3 == \at(v3, Pre))&&(v2 == \at(v2, Pre))&&(v1 == \at(v1, Pre))&&(y == \at(y, Pre))&&(n == \at(n, Pre)));
          loop invariant v3 == \at(v3, Pre);
          loop invariant v2 == \at(v2, Pre);
          loop invariant v1 == \at(v1, Pre);
          loop invariant n == \at(n, Pre);
            */
            while (x <= n) {
        y = n - x;
        x = x + 1;
    }
            

    /*@ assert (n > 0) ==> (y <= n); */
}

1.  **Error Analysis:**

The provided loop invariant has been identified as failing both establishment and preservation goals. The first invariant fails to establish that `y` is non-negative and does not exceed `n` based on the initial conditions. The second invariant similarly fails to maintain the relationship given by the loop body after each iteration.

In the first invariant:
```c
loop invariant (1 <= \at(n, Pre)) ==> (((x == 1)&&(v3 == \at(v3, Pre))&&(v2 == \at(v2, Pre))&&(v1 == \at(v1, Pre))&&(y == \at(y, Pre))&&(n == \at(n, Pre))) || (y <= n && y >= 0))
```
The equality constraint `y == \at(y, Pre)` is problematic since `y` is updated in the loop. Therefore, it should be replaced with a range constraint that reflects its relationship with `n`.

In the second invariant:
```c
loop invariant (1 <= \at(n, Pre)) ==> (((x == 1)&&(v3 == \at(v3, Pre))&&(v2 == \at(v2, Pre))&&(v1 == \at(v1, Pre))&&(y == \at(y, Pre))&&(n == \at(n, Pre))) || (x <= n))
```
Replacing the equality constraint with a range constraint should help to ensure that the invariant remains valid after the loop iterations. The proper range for `x` based on the loop condition should be `x <= n`.

2.  **Fixed C Code:**

```c
void foo(int n,int y,int v1,int v2,int v3) {
    
    int x = 1;

    
            /*@
          loop invariant (1 <= \at(n, Pre)) ==> (((x == 1)&&(v3 == \at(v3, Pre))&&(v2 == \at(v2, Pre))&&(v1 == \at(v1, Pre))&&(y <= n)&&(y >= 0)&&(n == \at(n, Pre))) || (y <= n && y >= 0)) ;
          loop invariant (1 <= \at(n, Pre)) ==> (((x == 1)&&(v3 == \at(v3, Pre))&&(v2 == \at(v2, Pre))&&(v1 == \at(v1, Pre))&&(y <= n)&&(y >= 0)&&(n == \at(n, Pre))) || (x <= n));
          loop invariant !(1 <= \at(n, Pre)) ==> ((x == 1)&&(v3 == \at(v3, Pre))&&(v2 == \at(v2, Pre))&&(v1 == \at(v1, Pre))&&(y == \at(y, Pre))&&(n == \at(n, Pre)));
          loop invariant v3 == \at(v3, Pre);
          loop invariant v2 == \at(v2, Pre);
          loop invariant v1 == \at(v1, Pre);
          loop invariant n == \at(n, Pre);
            */
            while (x <= n) {
        y = n - x;
        x = x + 1;
    }
            

    /*@ assert (n > 0) ==> (y <= n); */
}
```
after weaken

void foo(int n,int y,int v1,int v2,int v3) {
    
    int x = 1;

    
            /*@
          loop invariant (1 <= \at(n, Pre)) ==> (((x == 1)&&(v3 == \at(v3, Pre))&&(v2 == \at(v2, Pre))&&(v1 == \at(v1, Pre))&&(y <= n)&&(y >= 0)&&(n == \at(n, Pre))) || (y <= n && y >= 0)) ;
          loop invariant (1 <= \at(n, Pre)) ==> (((x == 1)&&(v3 == \at(v3, Pre))&&(v2 == \at(v2, Pre))&&(v1 == \at(v1, Pre))&&(y <= n)&&(y >= 0)&&(n == \at(n, Pre))) || (x <= n));
          loop invariant !(1 <= \at(n, Pre)) ==> ((x == 1)&&(v3 == \at(v3, Pre))&&(v2 == \at(v2, Pre))&&(v1 == \at(v1, Pre))&&(y == \at(y, Pre))&&(n == \at(n, Pre)));
          loop invariant v3 == \at(v3, Pre);
          loop invariant v2 == \at(v2, Pre);
          loop invariant v1 == \at(v1, Pre);
          loop invariant n == \at(n, Pre);
            */
            while (x <= n) {
        y = n - x;
        x = x + 1;
    }
            

    /*@ assert (n > 0) ==> (y <= n); */
}

syntax Correct
Validate:
[False, False, True, True, True, True, True]

Goal Preservation of Invariant (file output/70.c, line 8):
Let x_1 = x + y_1.
Assume {
  Type: is_sint32(x) /\ is_sint32(y) /\ is_sint32(y_1) /\ is_sint32(y_2) /\
      is_sint32(1 + x) /\ is_sint32(x_1).
  (* Goal *)
  When: 0 < x_1.
  (* Invariant *)
  Have: (0 <= y) /\ (y <= x_1).
  (* Invariant *)
  Have: ((0 <= y_2) /\ (y_2 <= x_1)) \/
      ((x = 1) /\ (0 <= y_2) /\ (y_2 <= x_1)).
  (* Then *)
  Have: 0 <= y_1.
}
Prove: (0 <= x) \/ ((x = 0) /\ (0 <= x)).
Prover Z3 4.8.12 returns Timeout (Qed:8ms) (3s)
Error found in file: output/70.c at line: 8
Error line content: loop invariant (1 <= \at(n, Pre)) ==> (((x == 1)&&(v3 == \at(v3, Pre))&&(v2 == \at(v2, Pre))&&(v1 == \at(v1, Pre))&&(y <= n)&&(y >= 0)&&(n == \at(n, Pre))) || (y <= n && y >= 0)) ;

Goal Establishment of Invariant (file output/70.c, line 8):
Assume { Type: is_sint32(n) /\ is_sint32(y). (* Goal *) When: 0 < n. }
Prove: (y <= n) /\ (0 <= y).
Prover Z3 4.8.12 returns Timeout (Qed:2ms) (3s)
Error found in file: output/70.c at line: 8
Error line content: loop invariant (1 <= \at(n, Pre)) ==> (((x == 1)&&(v3 == \at(v3, Pre))&&(v2 == \at(v2, Pre))&&(v1 == \at(v1, Pre))&&(y <= n)&&(y >= 0)&&(n == \at(n, Pre))) || (y <= n && y >= 0)) ;

Goal Preservation of Invariant (file output/70.c, line 9):
Let x_1 = x + y.
Assume {
  Type: is_sint32(x) /\ is_sint32(y_1) /\ is_sint32(y) /\ is_sint32(y_2) /\
      is_sint32(1 + x) /\ is_sint32(x_1).
  (* Goal *)
  When: 0 < x_1.
  (* Invariant *)
  Have: (0 <= y_1) /\ (y_1 <= x_1).
  (* Invariant *)
  Have: ((0 <= y_2) /\ (y_2 <= x_1)) \/
      ((x = 1) /\ (0 <= y_2) /\ (y_2 <= x_1)).
  (* Then *)
  Have: 0 <= y.
  (* Invariant *)
  Have: (0 <= x) \/ ((x = 0) /\ (0 <= x)).
}
Prove: (0 < y) \/ ((x = 0) /\ (0 <= x)).
Prover Z3 4.8.12 returns Timeout (Qed:7ms) (3s)
Error found in file: output/70.c at line: 9
Error line content: loop invariant (1 <= \at(n, Pre)) ==> (((x == 1)&&(v3 == \at(v3, Pre))&&(v2 == \at(v2, Pre))&&(v1 == \at(v1, Pre))&&(y <= n)&&(y >= 0)&&(n == \at(n, Pre))) || (x <= n));

Verify:
[True]


void foo(int n,int y,int v1,int v2,int v3) {
    
    int x = 1;

    
            /*@
          loop invariant (1 <= \at(n, Pre)) ==> (((x == 1)&&(v3 == \at(v3, Pre))&&(v2 == \at(v2, Pre))&&(v1 == \at(v1, Pre))&&(y <= n)&&(y >= 0)&&(n == \at(n, Pre))) || (y <= n && y >= 0))  [INVARIANT FAILED] ;
          loop invariant (1 <= \at(n, Pre)) ==> (((x == 1)&&(v3 == \at(v3, Pre))&&(v2 == \at(v2, Pre))&&(v1 == \at(v1, Pre))&&(y <= n)&&(y >= 0)&&(n == \at(n, Pre))) || (x <= n)) [INVARIANT FAILED] ;
          loop invariant !(1 <= \at(n, Pre)) ==> ((x == 1)&&(v3 == \at(v3, Pre))&&(v2 == \at(v2, Pre))&&(v1 == \at(v1, Pre))&&(y == \at(y, Pre))&&(n == \at(n, Pre)));
          loop invariant v3 == \at(v3, Pre);
          loop invariant v2 == \at(v2, Pre);
          loop invariant v1 == \at(v1, Pre);
          loop invariant n == \at(n, Pre);
            */
            while (x <= n) {
        y = n - x;
        x = x + 1;
    }
            

    /*@ assert (n > 0) ==> (y <= n); */
}

1.  Error Analysis:

The errors reported by Frama-C indicate two main issues: "Goal Preservation of Invariant" and "Goal Establishment of Invariant." 

- For "Goal Establishment of Invariant," the existing loop invariant cannot be established because the precondition does not ensure that the variable `y` is constrained within the bounds defined by the invariant. Specifically, the invariant states that `y` should be less than or equal to `n` and greater than or equal to zero, but this does not hold true before the loop starts, as `y` may not be initialized or could take on values outside these bounds.

- For "Goal Preservation of Invariant," the invariant fails to maintain that `y` stays within the specified bounds after each iteration of the loop. After the assignment `y = n - x`, the value of `y` can potentially drop below zero, especially when `x` becomes greater than `n`. Therefore, the invariant needs to be weakened to accommodate these realities.

To resolve these issues, we can replace strict equality constraints with range constraints, which will be less likely to fail in light of calculations that do not precisely match the expected values.

2.  Fixed C Code:

```c
void foo(int n,int y,int v1,int v2,int v3) {
    
    int x = 1;

    
            /*@
          loop invariant (1 <= \at(n, Pre)) ==> (((x == 1)&&(v3 == \at(v3, Pre))&&(v2 == \at(v2, Pre))&&(v1 == \at(v1, Pre))&&(y <= n)&&(y >= 0)&&(n == \at(n, Pre))) || (y <= n && y >= 0)) ;
          loop invariant (1 <= \at(n, Pre)) ==> (((x == 1)&&(v3 == \at(v3, Pre))&&(v2 == \at(v2, Pre))&&(v1 == \at(v1, Pre))&&(y <= n)&&(y >= 0)&&(n == \at(n, Pre))) || (x <= n && x >= 1)) ;
          loop invariant !(1 <= \at(n, Pre)) ==> ((x == 1)&&(v3 == \at(v3, Pre))&&(v2 == \at(v2, Pre))&&(v1 == \at(v1, Pre))&&(y == \at(y, Pre))&&(n == \at(n, Pre)));
          loop invariant v3 == \at(v3, Pre);
          loop invariant v2 == \at(v2, Pre);
          loop invariant v1 == \at(v1, Pre);
          loop invariant n == \at(n, Pre);
            */
            while (x <= n) {
        y = n - x;
        x = x + 1;
    }
            

    /*@ assert (n > 0) ==> (y <= n); */
}
```
after weaken

void foo(int n,int y,int v1,int v2,int v3) {
    
    int x = 1;

    
            /*@
          loop invariant (1 <= \at(n, Pre)) ==> (((x == 1)&&(v3 == \at(v3, Pre))&&(v2 == \at(v2, Pre))&&(v1 == \at(v1, Pre))&&(y <= n)&&(y >= 0)&&(n == \at(n, Pre))) || (y <= n && y >= 0)) ;
          loop invariant (1 <= \at(n, Pre)) ==> (((x == 1)&&(v3 == \at(v3, Pre))&&(v2 == \at(v2, Pre))&&(v1 == \at(v1, Pre))&&(y <= n)&&(y >= 0)&&(n == \at(n, Pre))) || (x <= n && x >= 1)) ;
          loop invariant !(1 <= \at(n, Pre)) ==> ((x == 1)&&(v3 == \at(v3, Pre))&&(v2 == \at(v2, Pre))&&(v1 == \at(v1, Pre))&&(y == \at(y, Pre))&&(n == \at(n, Pre)));
          loop invariant v3 == \at(v3, Pre);
          loop invariant v2 == \at(v2, Pre);
          loop invariant v1 == \at(v1, Pre);
          loop invariant n == \at(n, Pre);
            */
            while (x <= n) {
        y = n - x;
        x = x + 1;
    }
            

    /*@ assert (n > 0) ==> (y <= n); */
}

syntax Correct
Validate:
[False, False, True, True, True, True, True]

Goal Establishment of Invariant (file output/70.c, line 8):
Assume { Type: is_sint32(n) /\ is_sint32(y). (* Goal *) When: 0 < n. }
Prove: (y <= n) /\ (0 <= y).
Prover Z3 4.8.12 returns Timeout (Qed:2ms) (3s)
Error found in file: output/70.c at line: 8
Error line content: loop invariant (1 <= \at(n, Pre)) ==> (((x == 1)&&(v3 == \at(v3, Pre))&&(v2 == \at(v2, Pre))&&(v1 == \at(v1, Pre))&&(y <= n)&&(y >= 0)&&(n == \at(n, Pre))) || (y <= n && y >= 0)) ;

Goal Preservation of Invariant (file output/70.c, line 9):
Let x_1 = x + y.
Assume {
  Type: is_sint32(x) /\ is_sint32(y_1) /\ is_sint32(y) /\ is_sint32(y_2) /\
      is_sint32(1 + x) /\ is_sint32(x_1).
  (* Goal *)
  When: 0 < x_1.
  (* Invariant *)
  Have: (0 <= y_1) /\ (y_1 <= x_1).
  (* Invariant *)
  Have: ((0 <= y_2) /\ (y_2 <= x_1)) \/
      ((x = 1) /\ (0 <= y_2) /\ (y_2 <= x_1)).
  (* Invariant *)
  Have: (0 < x) \/ ((x = 1) /\ (0 <= y_2) /\ (y_2 <= x_1)).
  (* Then *)
  Have: 0 <= y.
  (* Invariant *)
  Have: (0 <= x) \/ ((x = 0) /\ (0 <= x)).
}
Prove: ((x = 0) /\ (0 <= x)) \/ ((0 < y) /\ (0 <= x)).
Prover Z3 4.8.12 returns Timeout (Qed:8ms) (3s)
Error found in file: output/70.c at line: 9
Error line content: loop invariant (1 <= \at(n, Pre)) ==> (((x == 1)&&(v3 == \at(v3, Pre))&&(v2 == \at(v2, Pre))&&(v1 == \at(v1, Pre))&&(y <= n)&&(y >= 0)&&(n == \at(n, Pre))) || (x <= n && x >= 1)) ;

Verify:
[True]

after hudini

void foo(int n,int y,int v1,int v2,int v3) {
    
    int x = 1;

    
            /*@          loop invariant (1 <= \at(n, Pre)) ==> (((x == 1)&&(v3 == \at(v3, Pre))&&(v2 == \at(v2, Pre))&&(v1 == \at(v1, Pre))&&(y <= n)&&(y >= 0)&&(n == \at(n, Pre))) || (x <= n && x >= 1)) ;
          loop invariant !(1 <= \at(n, Pre)) ==> ((x == 1)&&(v3 == \at(v3, Pre))&&(v2 == \at(v2, Pre))&&(v1 == \at(v1, Pre))&&(y == \at(y, Pre))&&(n == \at(n, Pre)));
          loop invariant v3 == \at(v3, Pre);
          loop invariant v2 == \at(v2, Pre);
          loop invariant v1 == \at(v1, Pre);
          loop invariant n == \at(n, Pre);
            */
            while (x <= n) {
        y = n - x;
        x = x + 1;
    }
            

    /*@ assert (n > 0) ==> (y <= n); */
}

syntax Correct
Validate:
[False, True, True, True, True, True]

Goal Preservation of Invariant (file output/70.c, line 7):
Let x_1 = x + y.
Assume {
  Type: is_sint32(x) /\ is_sint32(y) /\ is_sint32(y_1) /\ is_sint32(1 + x) /\
      is_sint32(x_1).
  (* Goal *)
  When: 0 < x_1.
  (* Invariant *)
  Have: (0 < x) \/ ((x = 1) /\ (0 <= y_1) /\ (y_1 <= x_1)).
  (* Then *)
  Have: 0 <= y.
}
Prove: ((x = 0) /\ (0 <= x)) \/ ((0 < y) /\ (0 <= x)).
Prover Z3 4.8.12 returns Timeout (Qed:8ms) (3s)
Error found in file: output/70.c at line: 7
Error line content: /*@          loop invariant (1 <= \at(n, Pre)) ==> (((x == 1)&&(v3 == \at(v3, Pre))&&(v2 == \at(v2, Pre))&&(v1 == \at(v1, Pre))&&(y <= n)&&(y >= 0)&&(n == \at(n, Pre))) || (x <= n && x >= 1)) ;

Verify:
[True]

after hudini

void foo(int n,int y,int v1,int v2,int v3) {
    
    int x = 1;

    
            /*@          loop invariant !(1 <= \at(n, Pre)) ==> ((x == 1)&&(v3 == \at(v3, Pre))&&(v2 == \at(v2, Pre))&&(v1 == \at(v1, Pre))&&(y == \at(y, Pre))&&(n == \at(n, Pre)));
          loop invariant v3 == \at(v3, Pre);
          loop invariant v2 == \at(v2, Pre);
          loop invariant v1 == \at(v1, Pre);
          loop invariant n == \at(n, Pre);
            */
            while (x <= n) {
        y = n - x;
        x = x + 1;
    }
            

    /*@ assert (n > 0) ==> (y <= n); */
}

syntax Correct
Validate:
[True, True, True, True, True]

Verify:
[False]

Goal Assertion (file output/70.c, line 19):
Assume {
  Type: is_sint32(n) /\ is_sint32(x) /\ is_sint32(y).
  (* Goal *)
  When: 0 < n.
  (* Else *)
  Have: n < x.
}
Prove: y <= n.
Prover Z3 4.8.12 returns Timeout (Qed:4ms) (3s)
Error found in file: output/70.c at line: 19
Error line content: /*@ assert (n > 0) ==> (y <= n); */

after hudini

void foo(int n,int y,int v1,int v2,int v3) {
    
    int x = 1;

    
            /*@          loop invariant !(1 <= \at(n, Pre)) ==> ((x == 1)&&(v3 == \at(v3, Pre))&&(v2 == \at(v2, Pre))&&(v1 == \at(v1, Pre))&&(y == \at(y, Pre))&&(n == \at(n, Pre)));
          loop invariant v3 == \at(v3, Pre);
          loop invariant v2 == \at(v2, Pre);
          loop invariant v1 == \at(v1, Pre);
          loop invariant n == \at(n, Pre);
            */
            while (x <= n) {
        y = n - x;
        x = x + 1;
    }
            

    /*@ assert (n > 0) ==> (y <= n); */
}

syntax Correct
Validate:
[True, True, True, True, True]

Verify:
[False]

Goal Assertion (file output/70.c, line 19):
Assume {
  Type: is_sint32(n) /\ is_sint32(x) /\ is_sint32(y).
  (* Goal *)
  When: 0 < n.
  (* Else *)
  Have: n < x.
}
Prove: y <= n.
Prover Z3 4.8.12 returns Timeout (Qed:4ms) (3s)
Error found in file: output/70.c at line: 19
Error line content: /*@ assert (n > 0) ==> (y <= n); */

syntax Correct
Validate:
[True, True, True, True, True]

Verify:
[False]

Goal Assertion (file output/70.c, line 19):
Assume {
  Type: is_sint32(n) /\ is_sint32(x) /\ is_sint32(y).
  (* Goal *)
  When: 0 < n.
  (* Else *)
  Have: n < x.
}
Prove: y <= n.
Prover Z3 4.8.12 returns Timeout (Qed:4ms) (3s)
Error found in file: output/70.c at line: 19
Error line content: /*@ assert (n > 0) ==> (y <= n); */

[(116, 176, 0)]
[(116, 176, 0)]
[(116, 176, 0)]
[(116, 176, 0)]
Loop 0 : Outer
Sorted indices: [0]
File found: ../sac_c_parser/test/../ip_postcond/goal/70_goal.v. Deleting the file.
File found: ../sac_c_parser/test/../ip_postcond/goal/70_proof_auto.v. Deleting the file.
File found: ../sac_c_parser/test/../ip_postcond/goal/70_proof_manual.v. Deleting the file.
LoopEntry_0:
(x == 1) * (v3 == v3@pre) * (v2 == v2@pre) * (v1 == v1@pre) * (y == y@pre) * (n == n@pre)

Successfully generated loop/70.json
INNER_FLAG: False
Variable Maps: [{'x': '1', 'v3': 'v3@pre', 'v2': 'v2@pre', 'v1': 'v1@pre', 'y': 'y@pre', 'n': 'n@pre'}]
Path conditions: [None]
Pre condition: (x == 1) * (v3 == v3@pre) * (v2 == v2@pre) * (v1 == v1@pre) * (y == y@pre) * (n == n@pre)
Loop Condition: x <= n
Updated Loop Conditions: ['1 <= n@pre']
Global Unchanged Variables ['v3', 'v2', 'v1', 'n']
Non Inductive Variables ['y']
[{'x': '1', 'v3': 'v3@pre', 'v2': 'v2@pre', 'v1': 'v1@pre', 'y': 'y@pre', 'n': 'n@pre'}]
[None]

            
    /* >>> LOOP INVARIANT TO FILL <<< 
       >>> PRECONDITION OF THE LOOP : (x == 1) * (v3 == \at(v3, Pre)) * (v2 == \at(v2, Pre)) * (v1 == \at(v1, Pre)) * (y == \at(y, Pre)) * (n == \at(n, Pre)) <<< */
    
            /*@
          loop invariant v3 == \at(v3, Pre);
          loop invariant v2 == \at(v2, Pre);
          loop invariant v1 == \at(v1, Pre);
          loop invariant n == \at(n, Pre);
            */
            while (x <= n) {
        y = n - x;
        x = x + 1;
    }
            

            
    /* >>> LOOP INVARIANT TO FILL <<< 
       >>> PRECONDITION OF THE LOOP : (x == 1) * (v3 == \at(v3, Pre)) * (v2 == \at(v2, Pre)) * (v1 == \at(v1, Pre)) * (y == \at(y, Pre)) * (n == \at(n, Pre)) <<< */
    
            /*@
          loop invariant (1 <= \at(n, Pre)) ==> (((x == 1)&&(v3 == \at(v3, Pre))&&(v2 == \at(v2, Pre))&&(v1 == \at(v1, Pre))&&(y == \at(y, Pre))&&(n == \at(n, Pre))) || (PLACE_HOLDER_y));
          loop invariant (1 <= \at(n, Pre)) ==> (((x == 1)&&(v3 == \at(v3, Pre))&&(v2 == \at(v2, Pre))&&(v1 == \at(v1, Pre))&&(y == \at(y, Pre))&&(n == \at(n, Pre))) || (PLACE_HOLDER_x));
          loop invariant (!(1 <= \at(n, Pre))) ==> ((x == 1)&&(v3 == \at(v3, Pre))&&(v2 == \at(v2, Pre))&&(v1 == \at(v1, Pre))&&(y == \at(y, Pre))&&(n == \at(n, Pre)));
          loop invariant v3 == \at(v3, Pre);
          loop invariant v2 == \at(v2, Pre);
          loop invariant v1 == \at(v1, Pre);
          loop invariant n == \at(n, Pre);
            */
            while (x <= n) {
        y = n - x;
        x = x + 1;
    }
            
void foo(int n,int y,int v1,int v2,int v3) {
    
    int x = 1;

    
    
            
    /* >>> LOOP INVARIANT TO FILL <<< 
       >>> PRECONDITION OF THE LOOP : (x == 1) * (v3 == \at(v3, Pre)) * (v2 == \at(v2, Pre)) * (v1 == \at(v1, Pre)) * (y == \at(y, Pre)) * (n == \at(n, Pre)) <<< */
    
            /*@
          loop invariant (1 <= \at(n, Pre)) ==> (((x == 1)&&(v3 == \at(v3, Pre))&&(v2 == \at(v2, Pre))&&(v1 == \at(v1, Pre))&&(y == \at(y, Pre))&&(n == \at(n, Pre))) || (PLACE_HOLDER_y));
          loop invariant (1 <= \at(n, Pre)) ==> (((x == 1)&&(v3 == \at(v3, Pre))&&(v2 == \at(v2, Pre))&&(v1 == \at(v1, Pre))&&(y == \at(y, Pre))&&(n == \at(n, Pre))) || (PLACE_HOLDER_x));
          loop invariant (!(1 <= \at(n, Pre))) ==> ((x == 1)&&(v3 == \at(v3, Pre))&&(v2 == \at(v2, Pre))&&(v1 == \at(v1, Pre))&&(y == \at(y, Pre))&&(n == \at(n, Pre)));
          loop invariant v3 == \at(v3, Pre);
          loop invariant v2 == \at(v2, Pre);
          loop invariant v1 == \at(v1, Pre);
          loop invariant n == \at(n, Pre);
            */
            while (x <= n) {
        y = n - x;
        x = x + 1;
    }
            

    /*@ assert (n > 0) ==> (y <= n); */


}
### Analysis of the C Loop

#### a. Purpose and Structure of the Loop:
The purpose of the loop is to decrement the value of `y` based on the current value of `x` while `x` is less than or equal to `n`. The loop starts with `x` initialized to 1 and continues until `x` exceeds `n`. Inside the loop, the value of `y` is updated to be `n - x`, and `x` is incremented by 1.

**Loop Structure:**
- **Loop Condition:** The loop continues while `x <= n`.
- **Operations in Loop Body:** 
  - Update `y` to `n - x`.
  - Increment `x` by 1.

**Relevant Variables:**
- `x`: Initialized to 1 and incremented each iteration.
- `y`: Updated based on the current value of `x`.
- `n`: Upper bound that governs the loop's execution.

#### b. Discussion of the Loop Invariant:
A suitable loop invariant for this loop could be expressed in terms of the relationship between `x`, `y`, and `n`. The invariant should capture the fact that `x` will always be between 1 and `n` (inclusive), and that `y` will always be equal to `n - x` at the beginning of each iteration.

**Proposed Loop Invariant:**
- `1 <= x <= n`
- `y == n - x`

These conditions ensure that `y` is updated correctly in relation to `n` and `x` during each iteration of the loop.

#### c. Establishment:
Before the loop begins, we have `x = 1` (from its initialization). Given the pre-condition, `n` must be greater than or equal to 1, so `1 <= x <= n` is true. Additionally, `y` has not yet been modified, and we can calculate its initial value as `n - x`, which is valid. Therefore, the invariant holds true before the loop starts.

#### d. Preservation:
Assuming the loop invariant holds at the start of an iteration (i.e., `1 <= x <= n` and `y == n - x`), upon entering the loop body:
- `y` is updated to `n - x` (which stays the same as it is already `y == n - x`).
- `x` is incremented by 1, thus after the update, `x` will be in the range of `[2, n + 1]`.

At the end of the iteration, `y` is still equal to `n - x`, and `x` will still satisfy `1 <= x <= n` for the next iteration (as long as `x <= n`).

#### e. Termination Analysis of the Loop:
The loop terminates when `x` becomes greater than `n`. At this point, the last valid values before termination will be `x = n + 1` and `y = n - n = 0`. The invariant still holds because `1 <= n + 1 <= n` is false, and thus the loop invariant conditions do not contradict the termination condition.

#### f. Correctness of the Post-condition:
Once the loop has finished executing, we have `x > n`, and from the loop body, we can assert that `y` is indeed `0` because it is calculated as `n - (n + 1)`. The post-condition `assert (n > 0) ==> (y <= n)` holds because if `n > 0`, then `0 <= n` is true.

#### g. Implication of the Pre-condition:
The pre-condition `(x == 1) * (v3 == \at(v3, Pre)) * (v2 == \at(v2, Pre)) * (v1 == \at(v1, Pre)) * (y == \at(y, Pre)) * (n == \at(n, Pre))` guarantees that before the loop starts, `x` is initialized to 1 and `n` is at least 1. Therefore, the loop invariant `1 <= x <= n` and `y == n - x` are established before entering the loop, fulfilling the requirement for a valid invariant.

### C Loop Program with Invariant Annotations

```c
void foo(int n, int y, int v1, int v2, int v3) {
    
    int x = 1;

    /* >>> LOOP INVARIANT TO FILL <<< 
       >>> PRECONDITION OF THE LOOP : (x == 1) * (v3 == \at(v3, Pre)) * (v2 == \at(v2, Pre)) * (v1 == \at(v1, Pre)) * (y == \at(y, Pre)) * (n == \at(n, Pre)) <<< */
    
            /*@
          loop invariant (1 <= \at(n, Pre)) ==> ((1 <= x <= \at(n, Pre)) && (y == \at(n, Pre) - x));
          loop invariant (1 <= \at(n, Pre)) ==> ((1 <= x <= \at(n, Pre)) && (y == \at(n, Pre) - x));
          loop invariant !(1 <= \at(n, Pre) ==> (1 <= x && x <= \at(n, Pre))) && (y == \at(n, Pre) - x);
          loop invariant v3 == \at(v3, Pre);
          loop invariant v2 == \at(v2, Pre);
          loop invariant v1 == \at(v1, Pre);
          loop invariant n == \at(n, Pre);
            */
            while (x <= n) {
        y = n - x;
        x = x + 1;
    }
            

    /*@ assert (n > 0) ==> (y <= n); */
}
```

void foo(int n, int y, int v1, int v2, int v3) {
    
    int x = 1;

            /*@
          loop invariant (1 <= \at(n, Pre)) ==> ((1 <= x <= \at(n, Pre)) && (y == \at(n, Pre) - x));
          loop invariant (1 <= \at(n, Pre)) ==> ((1 <= x <= \at(n, Pre)) && (y == \at(n, Pre) - x));
          loop invariant !(1 <= \at(n, Pre) ==> (1 <= x && x <= \at(n, Pre))) && (y == \at(n, Pre) - x);
          loop invariant v3 == \at(v3, Pre);
          loop invariant v2 == \at(v2, Pre);
          loop invariant v1 == \at(v1, Pre);
          loop invariant n == \at(n, Pre);
            */
            while (x <= n) {
        y = n - x;
        x = x + 1;
    }
            

    /*@ assert (n > 0) ==> (y <= n); */
}


void foo(int n, int y, int v1, int v2, int v3) {
    
    int x = 1;

            /*@
          loop invariant (1 <= \at(n, Pre)) ==> ((1 <= x <= \at(n, Pre)) && (y == \at(n, Pre) - x));
          loop invariant (1 <= \at(n, Pre)) ==> ((1 <= x <= \at(n, Pre)) && (y == \at(n, Pre) - x));
          loop invariant !(1 <= \at(n, Pre) ==> (1 <= x && x <= \at(n, Pre))) && (y == \at(n, Pre) - x);
          loop invariant v3 == \at(v3, Pre);
          loop invariant v2 == \at(v2, Pre);
          loop invariant v1 == \at(v1, Pre);
          loop invariant n == \at(n, Pre);
            */
            while (x <= n) {
        y = n - x;
        x = x + 1;
    }
            

    /*@ assert (n > 0) ==> (y <= n); */
}

syntax Correct
Validate:
[False, True, False, True, True, True, True]

Goal Establishment of Invariant (file output/70.c, line 7):
Assume { Type: is_sint32(n) /\ is_sint32(y). (* Goal *) When: 0 < n. }
Prove: (1 + y) = n.
Prover Z3 4.8.12 returns Timeout (Qed:2ms) (3s)
Error found in file: output/70.c at line: 7
Error line content: loop invariant (1 <= \at(n, Pre)) ==> ((1 <= x <= \at(n, Pre)) && (y == \at(n, Pre) - x));

Goal Establishment of Invariant (file output/70.c, line 9):
Assume {
  Type: is_sint32(n) /\ is_sint32(y).
  (* Invariant *)
  Have: ((0 < n) -> ((1 + y) = n)).
}
Prove: false.
Prover Z3 4.8.12 returns Timeout (Qed:3ms) (3s)
Error found in file: output/70.c at line: 9
Error line content: loop invariant !(1 <= \at(n, Pre) ==> (1 <= x && x <= \at(n, Pre))) && (y == \at(n, Pre) - x);

Verify:
[True]


void foo(int n, int y, int v1, int v2, int v3) {
    
    int x = 1;

            /*@
          loop invariant (1 <= \at(n, Pre)) ==> ((1 <= x <= \at(n, Pre)) && (y == \at(n, Pre) - x)) [INVARIANT FAILED] ;
          loop invariant (1 <= \at(n, Pre)) ==> ((1 <= x <= \at(n, Pre)) && (y == \at(n, Pre) - x));
          loop invariant !(1 <= \at(n, Pre) ==> (1 <= x && x <= \at(n, Pre))) && (y == \at(n, Pre) - x) [INVARIANT FAILED] ;
          loop invariant v3 == \at(v3, Pre);
          loop invariant v2 == \at(v2, Pre);
          loop invariant v1 == \at(v1, Pre);
          loop invariant n == \at(n, Pre);
            */
            while (x <= n) {
        y = n - x;
        x = x + 1;
    }
            

    /*@ assert (n > 0) ==> (y <= n); */
}

### Error Analysis:

The provided loop invariants have issues with both establishment and preservation. The goal of the loop invariant is to maintain a relationship between the variables `x`, `y`, and `n` as the loop iterates. The errors indicate that the current invariants are too strict, particularly concerning the equality constraints involving `x` and `y`.

1. **Goal Establishment of Invariant**: The invariant `(1 <= x <= \at(n, Pre)) && (y == \at(n, Pre) - x)` is problematic because when the loop starts, `x` is initialized to `1`, and `y` is expected to equal `\at(n, Pre) - 1`. If `n` is less than or equal to `0`, it cannot establish the invariant because `y` must remain a valid number based on the precondition of `n`.

2. **Goal Preservation of Invariant**: The invariant `!(1 <= \at(n, Pre) ==> (1 <= x && x <= \at(n, Pre))) && (y == \at(n, Pre) - x)` fails because it incorrectly assumes that the initial conditions can be negated in such a way that it still preserves the value of `y` based on the calculations within the loop.

Given these considerations, we need to weaken the constraints related to equality to accommodate a range that is valid throughout the loop iterations.

### Fixed C Code:

```c
void foo(int n, int y, int v1, int v2, int v3) {
    
    int x = 1;

            /*@
          loop invariant (1 <= \at(n, Pre)) ==> ((1 <= x) && (x <= \at(n, Pre)) && (y == \at(n, Pre) - x)); 
          loop invariant (1 <= \at(n, Pre)) ==> ((1 <= x) && (x <= \at(n, Pre)) && (y == \at(n, Pre) - x));
          loop invariant !(1 <= \at(n, Pre)) ==> (y == \at(n, Pre) - x);
          loop invariant v3 == \at(v3, Pre);
          loop invariant v2 == \at(v2, Pre);
          loop invariant v1 == \at(v1, Pre);
          loop invariant n == \at(n, Pre);
            */
            while (x <= n) {
        y = n - x;
        x = x + 1;
    }
            

    /*@ assert (n > 0) ==> (y <= n); */
}
```

In this fixed code, the loop invariant has been adjusted to ensure that it focuses on maintaining the bounds of `x` without strict equality constraints, thus allowing it to hold true across all iterations while still adhering to the requirements of the precondition.
after weaken

void foo(int n, int y, int v1, int v2, int v3) {
    
    int x = 1;

            /*@
          loop invariant (1 <= \at(n, Pre)) ==> ((1 <= x) && (x <= \at(n, Pre)) && (y == \at(n, Pre) - x)); 
          loop invariant (1 <= \at(n, Pre)) ==> ((1 <= x) && (x <= \at(n, Pre)) && (y == \at(n, Pre) - x));
          loop invariant !(1 <= \at(n, Pre)) ==> (y == \at(n, Pre) - x);
          loop invariant v3 == \at(v3, Pre);
          loop invariant v2 == \at(v2, Pre);
          loop invariant v1 == \at(v1, Pre);
          loop invariant n == \at(n, Pre);
            */
            while (x <= n) {
        y = n - x;
        x = x + 1;
    }
            

    /*@ assert (n > 0) ==> (y <= n); */
}

syntax Correct
Validate:
[False, True, False, True, True, True, True]

Goal Preservation of Invariant (file output/70.c, line 7):
Let x = -y.
Assume {
  Type: is_sint32(n) /\ is_sint32(y) /\ is_sint32(n - 1) /\
      is_sint32(n - y) /\ is_sint32(1 + n - y).
  (* Invariant *)
  Have: 0 < n.
  (* Invariant *)
  Have: (0 <= y) /\ (y < n).
}
Prove: false.
Prover Z3 4.8.12 returns Timeout (Qed:7ms) (3s)
Error found in file: output/70.c at line: 7
Error line content: loop invariant (1 <= \at(n, Pre)) ==> ((1 <= x) && (x <= \at(n, Pre)) && (y == \at(n, Pre) - x));

Goal Establishment of Invariant (file output/70.c, line 7):
Assume { Type: is_sint32(n) /\ is_sint32(y). (* Goal *) When: 0 < n. }
Prove: (1 + y) = n.
Prover Z3 4.8.12 returns Timeout (Qed:1ms) (3s)
Error found in file: output/70.c at line: 7
Error line content: loop invariant (1 <= \at(n, Pre)) ==> ((1 <= x) && (x <= \at(n, Pre)) && (y == \at(n, Pre) - x));

Goal Preservation of Invariant (file output/70.c, line 9):
Let x = -y.
Assume {
  Type: is_sint32(n) /\ is_sint32(y) /\ is_sint32(n - 1) /\
      is_sint32(n - y) /\ is_sint32(1 + n - y).
  (* Goal *)
  When: n <= 0.
  (* Then *)
  Have: 0 <= y.
}
Prove: false.
Prover Z3 4.8.12 returns Timeout (Qed:8ms) (3s)
Error found in file: output/70.c at line: 9
Error line content: loop invariant !(1 <= \at(n, Pre)) ==> (y == \at(n, Pre) - x);

Goal Establishment of Invariant (file output/70.c, line 9):
Assume { Type: is_sint32(n) /\ is_sint32(y). (* Goal *) When: n <= 0. }
Prove: (1 + y) = n.
Prover Z3 4.8.12 returns Timeout (Qed:2ms) (3s)
Error found in file: output/70.c at line: 9
Error line content: loop invariant !(1 <= \at(n, Pre)) ==> (y == \at(n, Pre) - x);

Verify:
[True]


void foo(int n, int y, int v1, int v2, int v3) {
    
    int x = 1;

            /*@
          loop invariant (1 <= \at(n, Pre)) ==> ((1 <= x) && (x <= \at(n, Pre)) && (y == \at(n, Pre) - x)); 
          loop invariant (1 <= \at(n, Pre)) ==> ((1 <= x) && (x <= \at(n, Pre)) && (y == \at(n, Pre) - x)) [INVARIANT FAILED] ;
          loop invariant !(1 <= \at(n, Pre)) ==> (y == \at(n, Pre) - x);
          loop invariant v3 == \at(v3, Pre) [INVARIANT FAILED] ;
          loop invariant v2 == \at(v2, Pre);
          loop invariant v1 == \at(v1, Pre);
          loop invariant n == \at(n, Pre);
            */
            while (x <= n) {
        y = n - x;
        x = x + 1;
    }
            

    /*@ assert (n > 0) ==> (y <= n); */
}

1. **Error Analysis:**

   The error messages indicate issues with the establishment and preservation of the loop invariants. 

   - For the loop invariant `loop invariant (1 <= \at(n, Pre)) ==> ((1 <= x) && (x <= \at(n, Pre)) && (y == \at(n, Pre) - x));`, the establishment condition fails because it assumes that `y` is equal to `\at(n, Pre) - x` when `x` is initialized to 1, which may not hold if `n` is not sufficiently large compared to `y`. 

   - The preservation condition fails for `loop invariant !(1 <= \at(n, Pre)) ==> (y == \at(n, Pre) - x);` because when `n <= 0`, the value of `y` does not necessarily maintain this equality as the loop executes, especially after the first iteration when `y` is updated to `n - x`. 

   - Additionally, `loop invariant v3 == \at(v3, Pre);` fails as it seems the invariant is not adequately capturing the necessary constraints on `v3` during the loop execution.

   To address these issues, we will replace the equality constraints with range constraints, which are more flexible and can accommodate the changing values of `y` and `x` during the loop's execution. 

2. **Fixed C Code:**

   ```c
   void foo(int n, int y, int v1, int v2, int v3) {
       
       int x = 1;

           /*@
             loop invariant (1 <= \at(n, Pre)) ==> ((1 <= x) && (x <= \at(n, Pre)) && (0 <= y) && (y <= \at(n, Pre)));
             loop invariant (1 <= \at(n, Pre)) ==> ((1 <= x) && (x <= \at(n, Pre)) && (0 <= y) && (y <= \at(n, Pre)));
             loop invariant !(1 <= \at(n, Pre)) ==> (0 <= y && y <= \at(n, Pre));
             loop invariant v3 == \at(v3, Pre);
             loop invariant v2 == \at(v2, Pre);
             loop invariant v1 == \at(v1, Pre);
             loop invariant n == \at(n, Pre);
           */
           while (x <= n) {
           y = n - x;
           x = x + 1;
       }
               
       /*@ assert (n > 0) ==> (y <= n); */
   }
   ```
after weaken

   void foo(int n, int y, int v1, int v2, int v3) {
       
       int x = 1;

           /*@
             loop invariant (1 <= \at(n, Pre)) ==> ((1 <= x) && (x <= \at(n, Pre)) && (0 <= y) && (y <= \at(n, Pre)));
             loop invariant (1 <= \at(n, Pre)) ==> ((1 <= x) && (x <= \at(n, Pre)) && (0 <= y) && (y <= \at(n, Pre)));
             loop invariant !(1 <= \at(n, Pre)) ==> (0 <= y && y <= \at(n, Pre));
             loop invariant v3 == \at(v3, Pre);
             loop invariant v2 == \at(v2, Pre);
             loop invariant v1 == \at(v1, Pre);
             loop invariant n == \at(n, Pre);
           */
           while (x <= n) {
           y = n - x;
           x = x + 1;
       }
               
       /*@ assert (n > 0) ==> (y <= n); */
   }
   
syntax Correct
Validate:
[False, True, False, True, True, True, True]

Goal Preservation of Invariant (file output/70.c, line 7):
Assume {
  Type: is_sint32(n) /\ is_sint32(x) /\ is_sint32(y) /\ is_sint32(y_1) /\
      is_sint32(1 + x) /\ is_sint32(n - x).
  (* Invariant *)
  Have: (y_1 <= n) /\ (0 <= y_1).
  (* Invariant *)
  Have: 0 < n.
  (* Invariant *)
  Have: (0 < x) /\ (x <= n) /\ (y <= n) /\ (0 <= y).
}
Prove: x < n.
Prover Z3 4.8.12 returns Timeout (Qed:8ms) (3s)
Error found in file: output/70.c at line: 7
Error line content: loop invariant (1 <= \at(n, Pre)) ==> ((1 <= x) && (x <= \at(n, Pre)) && (0 <= y) && (y <= \at(n, Pre)));

Goal Establishment of Invariant (file output/70.c, line 7):
Assume { Type: is_sint32(n) /\ is_sint32(y). (* Goal *) When: 0 < n. }
Prove: (y <= n) /\ (0 <= y).
Prover Z3 4.8.12 returns Timeout (Qed:2ms) (3s)
Error found in file: output/70.c at line: 7
Error line content: loop invariant (1 <= \at(n, Pre)) ==> ((1 <= x) && (x <= \at(n, Pre)) && (0 <= y) && (y <= \at(n, Pre)));

Goal Preservation of Invariant (file output/70.c, line 9):
Assume {
  Type: is_sint32(n) /\ is_sint32(x) /\ is_sint32(y) /\ is_sint32(y_1) /\
      is_sint32(1 + x) /\ is_sint32(n - x).
  (* Goal *)
  When: n <= 0.
  (* Invariant *)
  Have: (y_1 <= n) /\ (0 <= y_1).
  (* Invariant *)
  Have: (y <= n) /\ (0 <= y).
  (* Then *)
  Have: x <= n.
}
Prove: 0 <= x.
Prover Z3 4.8.12 returns Timeout (Qed:9ms) (3s)
Error found in file: output/70.c at line: 9
Error line content: loop invariant !(1 <= \at(n, Pre)) ==> (0 <= y && y <= \at(n, Pre));

Goal Establishment of Invariant (file output/70.c, line 9):
Assume { Type: is_sint32(n) /\ is_sint32(y). (* Goal *) When: n <= 0. }
Prove: (y <= n) /\ (0 <= y).
Prover Z3 4.8.12 returns Timeout (Qed:1ms) (3s)
Error found in file: output/70.c at line: 9
Error line content: loop invariant !(1 <= \at(n, Pre)) ==> (0 <= y && y <= \at(n, Pre));

Verify:
[True]


   void foo(int n, int y, int v1, int v2, int v3) {
       
       int x = 1;

           /*@
             loop invariant (1 <= \at(n, Pre)) ==> ((1 <= x) && (x <= \at(n, Pre)) && (0 <= y) && (y <= \at(n, Pre))) [INVARIANT FAILED] ;
             loop invariant (1 <= \at(n, Pre)) ==> ((1 <= x) && (x <= \at(n, Pre)) && (0 <= y) && (y <= \at(n, Pre)));
             loop invariant !(1 <= \at(n, Pre)) ==> (0 <= y && y <= \at(n, Pre)) [INVARIANT FAILED] ;
             loop invariant v3 == \at(v3, Pre);
             loop invariant v2 == \at(v2, Pre);
             loop invariant v1 == \at(v1, Pre);
             loop invariant n == \at(n, Pre);
           */
           while (x <= n) {
           y = n - x;
           x = x + 1;
       }
               
       /*@ assert (n > 0) ==> (y <= n); */
   }
   
1.  Error Analysis:

The errors reported by Frama-C suggest that the loop invariants are too strong and fail to hold under the conditions of the loop. Specifically:

- The first invariant fails to establish that `y` remains within valid bounds throughout the loop execution, particularly with respect to the initial state, where `y` must not only be non-negative but also less than or equal to `n`.
- The second invariant is too strong in its conditions involving `x`, especially since `x` starts at 1 and increments, potentially exceeding the bounds defined by `n`. This invariant must be relaxed to allow for the possibility that `x` could equal `n`.
- The establishment condition that checks if `y` is less than or equal to `n` and non-negative is too strict in cases where `n` could be less than or equal to 0, thus leading to invalid assumptions.

To address these issues, we can replace the equality constraints with range constraints that allow for more flexibility. Specifically, we can modify the invariants to ensure they reflect the possible range of values more accurately.

2.  Fixed C Code:

```c
void foo(int n, int y, int v1, int v2, int v3) {
    
    int x = 1;

    /*@
      loop invariant (1 <= \at(n, Pre)) ==> ((1 <= x) && (x <= \at(n, Pre)) && (0 <= y) && (y <= \at(n, Pre)));
      loop invariant (1 <= \at(n, Pre)) ==> ((1 <= x) && (x <= \at(n, Pre)) && (0 <= y) && (y < \at(n, Pre) + 1));
      loop invariant !(1 <= \at(n, Pre)) ==> (0 <= y && y < \at(n, Pre) + 1);
      loop invariant v3 == \at(v3, Pre);
      loop invariant v2 == \at(v2, Pre);
      loop invariant v1 == \at(v1, Pre);
      loop invariant n == \at(n, Pre);
    */
    while (x <= n) {
        y = n - x;
        x = x + 1;
    }
        
    /*@ assert (n > 0) ==> (y <= n); */
}
```
after weaken

void foo(int n, int y, int v1, int v2, int v3) {
    
    int x = 1;

    /*@
      loop invariant (1 <= \at(n, Pre)) ==> ((1 <= x) && (x <= \at(n, Pre)) && (0 <= y) && (y <= \at(n, Pre)));
      loop invariant (1 <= \at(n, Pre)) ==> ((1 <= x) && (x <= \at(n, Pre)) && (0 <= y) && (y < \at(n, Pre) + 1));
      loop invariant !(1 <= \at(n, Pre)) ==> (0 <= y && y < \at(n, Pre) + 1);
      loop invariant v3 == \at(v3, Pre);
      loop invariant v2 == \at(v2, Pre);
      loop invariant v1 == \at(v1, Pre);
      loop invariant n == \at(n, Pre);
    */
    while (x <= n) {
        y = n - x;
        x = x + 1;
    }
        
    /*@ assert (n > 0) ==> (y <= n); */
}

syntax Correct
Validate:
[False, True, False, True, True, True, True]

Goal Preservation of Invariant (file output/70.c, line 7):
Assume {
  Type: is_sint32(n) /\ is_sint32(x) /\ is_sint32(y) /\ is_sint32(y_1) /\
      is_sint32(1 + x) /\ is_sint32(n - x).
  (* Invariant *)
  Have: (y_1 <= n) /\ (0 <= y_1).
  (* Invariant *)
  Have: 0 < n.
  (* Invariant *)
  Have: (0 < x) /\ (x <= n) /\ (y <= n) /\ (0 <= y).
}
Prove: x < n.
Prover Z3 4.8.12 returns Timeout (Qed:8ms) (3s)
Error found in file: output/70.c at line: 7
Error line content: loop invariant (1 <= \at(n, Pre)) ==> ((1 <= x) && (x <= \at(n, Pre)) && (0 <= y) && (y <= \at(n, Pre)));

Goal Establishment of Invariant (file output/70.c, line 7):
Assume { Type: is_sint32(n) /\ is_sint32(y). (* Goal *) When: 0 < n. }
Prove: (y <= n) /\ (0 <= y).
Prover Z3 4.8.12 returns Timeout (Qed:2ms) (3s)
Error found in file: output/70.c at line: 7
Error line content: loop invariant (1 <= \at(n, Pre)) ==> ((1 <= x) && (x <= \at(n, Pre)) && (0 <= y) && (y <= \at(n, Pre)));

Goal Preservation of Invariant (file output/70.c, line 9):
Assume {
  Type: is_sint32(n) /\ is_sint32(x) /\ is_sint32(y) /\ is_sint32(y_1) /\
      is_sint32(1 + x) /\ is_sint32(n - x).
  (* Goal *)
  When: n <= 0.
  (* Invariant *)
  Have: (y_1 <= n) /\ (0 <= y_1).
  (* Invariant *)
  Have: (y <= n) /\ (0 <= y).
  (* Then *)
  Have: x <= n.
}
Prove: 0 <= x.
Prover Z3 4.8.12 returns Timeout (Qed:7ms) (3s)
Error found in file: output/70.c at line: 9
Error line content: loop invariant !(1 <= \at(n, Pre)) ==> (0 <= y && y < \at(n, Pre) + 1);

Goal Establishment of Invariant (file output/70.c, line 9):
Assume { Type: is_sint32(n) /\ is_sint32(y). (* Goal *) When: n <= 0. }
Prove: (y <= n) /\ (0 <= y).
Prover Z3 4.8.12 returns Timeout (Qed:2ms) (3s)
Error found in file: output/70.c at line: 9
Error line content: loop invariant !(1 <= \at(n, Pre)) ==> (0 <= y && y < \at(n, Pre) + 1);

Verify:
[True]

after hudini

void foo(int n, int y, int v1, int v2, int v3) {
    
    int x = 1;

    /*@      loop invariant (1 <= \at(n, Pre)) ==> ((1 <= x) && (x <= \at(n, Pre)) && (0 <= y) && (y < \at(n, Pre) + 1));
      loop invariant !(1 <= \at(n, Pre)) ==> (0 <= y && y < \at(n, Pre) + 1);
      loop invariant v3 == \at(v3, Pre);
      loop invariant v2 == \at(v2, Pre);
      loop invariant v1 == \at(v1, Pre);
      loop invariant n == \at(n, Pre);
    */
    while (x <= n) {
        y = n - x;
        x = x + 1;
    }
        
    /*@ assert (n > 0) ==> (y <= n); */
}

syntax Correct
Validate:
[False, False, True, True, True, True]

Goal Preservation of Invariant (file output/70.c, line 6):
Assume {
  Type: is_sint32(n) /\ is_sint32(x) /\ is_sint32(y) /\ is_sint32(y_1) /\
      is_sint32(1 + x) /\ is_sint32(n - x).
  (* Invariant *)
  Have: (0 < n) /\ (y_1 <= n) /\ (0 <= y_1).
  (* Invariant *)
  Have: (0 < x) /\ (x <= n) /\ (y <= n) /\ (0 <= y).
}
Prove: x < n.
Prover Z3 4.8.12 returns Timeout (Qed:7ms) (3s)
Error found in file: output/70.c at line: 6
Error line content: /*@      loop invariant (1 <= \at(n, Pre)) ==> ((1 <= x) && (x <= \at(n, Pre)) && (0 <= y) && (y < \at(n, Pre) + 1));

Goal Establishment of Invariant (file output/70.c, line 6):
Assume { Type: is_sint32(n) /\ is_sint32(y). (* Goal *) When: 0 < n. }
Prove: (y <= n) /\ (0 <= y).
Prover Z3 4.8.12 returns Timeout (Qed:1ms) (3s)
Error found in file: output/70.c at line: 6
Error line content: /*@      loop invariant (1 <= \at(n, Pre)) ==> ((1 <= x) && (x <= \at(n, Pre)) && (0 <= y) && (y < \at(n, Pre) + 1));

Goal Preservation of Invariant (file output/70.c, line 7):
Assume {
  Type: is_sint32(n) /\ is_sint32(x) /\ is_sint32(y) /\ is_sint32(y_1) /\
      is_sint32(1 + x) /\ is_sint32(n - x).
  (* Goal *)
  When: n <= 0.
  (* Invariant *)
  Have: (y_1 <= n) /\ (0 <= y_1).
  (* Invariant *)
  Have: (y <= n) /\ (0 <= y).
  (* Then *)
  Have: x <= n.
}
Prove: 0 <= x.
Prover Z3 4.8.12 returns Timeout (Qed:6ms) (3s)
Error found in file: output/70.c at line: 7
Error line content: loop invariant !(1 <= \at(n, Pre)) ==> (0 <= y && y < \at(n, Pre) + 1);

Goal Establishment of Invariant (file output/70.c, line 7):
Assume { Type: is_sint32(n) /\ is_sint32(y). (* Goal *) When: n <= 0. }
Prove: (y <= n) /\ (0 <= y).
Prover Z3 4.8.12 returns Timeout (Qed:2ms) (3s)
Error found in file: output/70.c at line: 7
Error line content: loop invariant !(1 <= \at(n, Pre)) ==> (0 <= y && y < \at(n, Pre) + 1);

Verify:
[True]

after hudini

void foo(int n, int y, int v1, int v2, int v3) {
    
    int x = 1;

    /*@      loop invariant !(1 <= \at(n, Pre)) ==> (0 <= y && y < \at(n, Pre) + 1);
      loop invariant v3 == \at(v3, Pre);
      loop invariant v2 == \at(v2, Pre);
      loop invariant v1 == \at(v1, Pre);
      loop invariant n == \at(n, Pre);
    */
    while (x <= n) {
        y = n - x;
        x = x + 1;
    }
        
    /*@ assert (n > 0) ==> (y <= n); */
}

syntax Correct
Validate:
[False, True, True, True, True]

Goal Preservation of Invariant (file output/70.c, line 6):
Assume {
  Type: is_sint32(n) /\ is_sint32(x) /\ is_sint32(y) /\ is_sint32(y_1) /\
      is_sint32(n - x).
  (* Goal *)
  When: n <= 0.
  (* Invariant *)
  Have: (y_1 <= n) /\ (0 <= y_1).
  (* Invariant *)
  Have: (y <= n) /\ (0 <= y).
  (* Then *)
  Have: x <= n.
}
Prove: 0 <= x.
Prover Z3 4.8.12 returns Timeout (Qed:7ms) (3s)
Error found in file: output/70.c at line: 6
Error line content: /*@      loop invariant !(1 <= \at(n, Pre)) ==> (0 <= y && y < \at(n, Pre) + 1);

Goal Establishment of Invariant (file output/70.c, line 6):
Assume { Type: is_sint32(n) /\ is_sint32(y). (* Goal *) When: n <= 0. }
Prove: (y <= n) /\ (0 <= y).
Prover Z3 4.8.12 returns Timeout (Qed:2ms) (3s)
Error found in file: output/70.c at line: 6
Error line content: /*@      loop invariant !(1 <= \at(n, Pre)) ==> (0 <= y && y < \at(n, Pre) + 1);

Verify:
[False]

Goal Assertion (file output/70.c, line 17):
Assume {
  Type: is_sint32(n) /\ is_sint32(x) /\ is_sint32(y).
  (* Goal *)
  When: 0 < n.
  (* Else *)
  Have: n < x.
}
Prove: y <= n.
Prover Z3 4.8.12 returns Timeout (Qed:4ms) (3s)
Error found in file: output/70.c at line: 17
Error line content: /*@ assert (n > 0) ==> (y <= n); */

after hudini

void foo(int n, int y, int v1, int v2, int v3) {
    
    int x = 1;

    /*@      loop invariant v3 == \at(v3, Pre);
      loop invariant v2 == \at(v2, Pre);
      loop invariant v1 == \at(v1, Pre);
      loop invariant n == \at(n, Pre);
    */
    while (x <= n) {
        y = n - x;
        x = x + 1;
    }
        
    /*@ assert (n > 0) ==> (y <= n); */
}

syntax Correct
Validate:
[True, True, True, True]

Verify:
[False]

Goal Assertion (file output/70.c, line 16):
Assume {
  Type: is_sint32(n) /\ is_sint32(x) /\ is_sint32(y).
  (* Goal *)
  When: 0 < n.
  (* Else *)
  Have: n < x.
}
Prove: y <= n.
Prover Z3 4.8.12 returns Timeout (Qed:3ms) (3s)
Error found in file: output/70.c at line: 16
Error line content: /*@ assert (n > 0) ==> (y <= n); */

after hudini

void foo(int n, int y, int v1, int v2, int v3) {
    
    int x = 1;

    /*@      loop invariant v3 == \at(v3, Pre);
      loop invariant v2 == \at(v2, Pre);
      loop invariant v1 == \at(v1, Pre);
      loop invariant n == \at(n, Pre);
    */
    while (x <= n) {
        y = n - x;
        x = x + 1;
    }
        
    /*@ assert (n > 0) ==> (y <= n); */
}

syntax Correct
Validate:
[True, True, True, True]

Verify:
[False]

Goal Assertion (file output/70.c, line 16):
Assume {
  Type: is_sint32(n) /\ is_sint32(x) /\ is_sint32(y).
  (* Goal *)
  When: 0 < n.
  (* Else *)
  Have: n < x.
}
Prove: y <= n.
Prover Z3 4.8.12 returns Timeout (Qed:4ms) (3s)
Error found in file: output/70.c at line: 16
Error line content: /*@ assert (n > 0) ==> (y <= n); */

syntax Correct
Validate:
[True, True, True, True]

Verify:
[False]

Goal Assertion (file output/70.c, line 16):
Assume {
  Type: is_sint32(n) /\ is_sint32(x) /\ is_sint32(y).
  (* Goal *)
  When: 0 < n.
  (* Else *)
  Have: n < x.
}
Prove: y <= n.
Prover Z3 4.8.12 returns Timeout (Qed:4ms) (3s)
Error found in file: output/70.c at line: 16
Error line content: /*@ assert (n > 0) ==> (y <= n); */

[(116, 176, 0)]
[(116, 176, 0)]
[(116, 176, 0)]
[(116, 176, 0)]
Loop 0 : Outer
Sorted indices: [0]
File found: ../sac_c_parser/test/../ip_postcond/goal/70_goal.v. Deleting the file.
File found: ../sac_c_parser/test/../ip_postcond/goal/70_proof_auto.v. Deleting the file.
File found: ../sac_c_parser/test/../ip_postcond/goal/70_proof_manual.v. Deleting the file.
LoopEntry_0:
(x == 1) * (v3 == v3@pre) * (v2 == v2@pre) * (v1 == v1@pre) * (y == y@pre) * (n == n@pre)

Successfully generated loop/70.json
INNER_FLAG: False
Variable Maps: [{'x': '1', 'v3': 'v3@pre', 'v2': 'v2@pre', 'v1': 'v1@pre', 'y': 'y@pre', 'n': 'n@pre'}]
Path conditions: [None]
Pre condition: (x == 1) * (v3 == v3@pre) * (v2 == v2@pre) * (v1 == v1@pre) * (y == y@pre) * (n == n@pre)
Loop Condition: x <= n
Updated Loop Conditions: ['1 <= n@pre']
Global Unchanged Variables ['v3', 'v2', 'v1', 'n']
Non Inductive Variables ['y']
[{'x': '1', 'v3': 'v3@pre', 'v2': 'v2@pre', 'v1': 'v1@pre', 'y': 'y@pre', 'n': 'n@pre'}]
[None]

            
    /* >>> LOOP INVARIANT TO FILL <<< 
       >>> PRECONDITION OF THE LOOP : (x == 1) * (v3 == \at(v3, Pre)) * (v2 == \at(v2, Pre)) * (v1 == \at(v1, Pre)) * (y == \at(y, Pre)) * (n == \at(n, Pre)) <<< */
    
            /*@
          loop invariant v3 == \at(v3, Pre);
          loop invariant v2 == \at(v2, Pre);
          loop invariant v1 == \at(v1, Pre);
          loop invariant n == \at(n, Pre);
            */
            while (x <= n) {
        y = n - x;
        x = x + 1;
    }
            

            
    /* >>> LOOP INVARIANT TO FILL <<< 
       >>> PRECONDITION OF THE LOOP : (x == 1) * (v3 == \at(v3, Pre)) * (v2 == \at(v2, Pre)) * (v1 == \at(v1, Pre)) * (y == \at(y, Pre)) * (n == \at(n, Pre)) <<< */
    
            /*@
          loop invariant (1 <= \at(n, Pre)) ==> (((x == 1)&&(v3 == \at(v3, Pre))&&(v2 == \at(v2, Pre))&&(v1 == \at(v1, Pre))&&(y == \at(y, Pre))&&(n == \at(n, Pre))) || (PLACE_HOLDER_y));
          loop invariant (1 <= \at(n, Pre)) ==> (((x == 1)&&(v3 == \at(v3, Pre))&&(v2 == \at(v2, Pre))&&(v1 == \at(v1, Pre))&&(y == \at(y, Pre))&&(n == \at(n, Pre))) || (PLACE_HOLDER_x));
          loop invariant (!(1 <= \at(n, Pre))) ==> ((x == 1)&&(v3 == \at(v3, Pre))&&(v2 == \at(v2, Pre))&&(v1 == \at(v1, Pre))&&(y == \at(y, Pre))&&(n == \at(n, Pre)));
          loop invariant v3 == \at(v3, Pre);
          loop invariant v2 == \at(v2, Pre);
          loop invariant v1 == \at(v1, Pre);
          loop invariant n == \at(n, Pre);
            */
            while (x <= n) {
        y = n - x;
        x = x + 1;
    }
            
void foo(int n,int y,int v1,int v2,int v3) {
    
    int x = 1;

    
    
            
    /* >>> LOOP INVARIANT TO FILL <<< 
       >>> PRECONDITION OF THE LOOP : (x == 1) * (v3 == \at(v3, Pre)) * (v2 == \at(v2, Pre)) * (v1 == \at(v1, Pre)) * (y == \at(y, Pre)) * (n == \at(n, Pre)) <<< */
    
            /*@
          loop invariant (1 <= \at(n, Pre)) ==> (((x == 1)&&(v3 == \at(v3, Pre))&&(v2 == \at(v2, Pre))&&(v1 == \at(v1, Pre))&&(y == \at(y, Pre))&&(n == \at(n, Pre))) || (PLACE_HOLDER_y));
          loop invariant (1 <= \at(n, Pre)) ==> (((x == 1)&&(v3 == \at(v3, Pre))&&(v2 == \at(v2, Pre))&&(v1 == \at(v1, Pre))&&(y == \at(y, Pre))&&(n == \at(n, Pre))) || (PLACE_HOLDER_x));
          loop invariant (!(1 <= \at(n, Pre))) ==> ((x == 1)&&(v3 == \at(v3, Pre))&&(v2 == \at(v2, Pre))&&(v1 == \at(v1, Pre))&&(y == \at(y, Pre))&&(n == \at(n, Pre)));
          loop invariant v3 == \at(v3, Pre);
          loop invariant v2 == \at(v2, Pre);
          loop invariant v1 == \at(v1, Pre);
          loop invariant n == \at(n, Pre);
            */
            while (x <= n) {
        y = n - x;
        x = x + 1;
    }
            

    /*@ assert (n > 0) ==> (y <= n); */


}
### 1. Analysis of the C Loop

#### a. Purpose and Structure of the Loop
The loop's objective is to decrement the variable `y` starting from `n - 1` down to `0`, based on the current value of `x`. The loop continues to execute as long as `x` is less than or equal to `n`. 

The structure of the loop includes:
- A loop condition: `x <= n`. This condition determines whether the loop continues executing.
- Operations performed within its body: 
  - `y = n - x;` This updates `y` to the difference between `n` and `x`.
  - `x = x + 1;` This increments `x` by 1 in each iteration.

Relevant variables:
- `x`: Starts at `1` and is incremented in each iteration, controlling the loop.
- `y`: Gets updated in each iteration based on the current value of `x`.
- `n`: The upper bound for `x`, which is passed as a parameter.

#### b. Discussion of the Loop Invariant
A proposed loop invariant could be that `y` is always equal to `n - x` at the beginning of each iteration. This is valid because, at the start of the loop, `y` is initialized to `n - x`, and it is updated in each iteration based on the current value of `x`. 

The invariant can also include the fact that `x` is bounded by `1` and `n` because the loop only runs while `x <= n`.

#### c. Establishment
Before the loop starts, we have `x` initialized to `1`, hence at the start:
- `y` is assigned the value of `n - x`, which is correct since `x` is `1`, leading to `y = n - 1`. Therefore, at the loop entry, `y` satisfies the invariant `y == n - x`.

#### d. Preservation
Assuming the invariant holds at the start of an iteration (i.e., `y == n - x`), and since `x` is incremented by `1`, the next iteration will have:
- `y = n - (x + 1)`, which simplifies to `y = n - x - 1` as `x` increments. Thus, at the end of the iteration, the invariant still holds true because the loop continues to establish the relationship `y = n - x`.

#### e. Termination Analysis of the Loop
When the loop terminates, the condition `x <= n` becomes false. The last value of `x` will be `n + 1`, and `y` will have been set to `n - n`, which equals `0`. Thus, the invariant `y == n - x` still holds because `y` will equal `0` at that point.

#### f. Correctness of the Post-condition
The post-condition states that if `n > 0`, then `y <= n`. At termination, `y` is `0`, satisfying the condition `0 <= n` for any positive `n`. Thus, the loop invariant confirms that the post-condition is met.

#### g. Implication of the Pre-condition
The pre-condition ensures that `x` starts at `1` and `n` is positive. This guarantees that the loop invariant is established before the loop begins since `y` is initially set to `n - 1`, and all other variables (`v1`, `v2`, `v3`) are retained from their initial pre-state.

### 2. C Program with Invariant Annotations

```c
void foo(int n,int y,int v1,int v2,int v3) {
    
    int x = 1;

    /* >>> LOOP INVARIANT TO FILL <<< 
       >>> PRECONDITION OF THE LOOP : (x == 1) * (v3 == \at(v3, Pre)) * (v2 == \at(v2, Pre)) * (v1 == \at(v1, Pre)) * (y == \at(y, Pre)) * (n == \at(n, Pre)) <<< */
    
            /*@
          loop invariant (1 <= \at(n, Pre)) ==> (((x == 1)&&(v3 == \at(v3, Pre))&&(v2 == \at(v2, Pre))&&(v1 == \at(v1, Pre))&&(y == n - x)&&(n == \at(n, Pre))) || (y == n - x));
          loop invariant (1 <= \at(n, Pre)) ==> (((x == 1)&&(v3 == \at(v3, Pre))&&(v2 == \at(v2, Pre))&&(v1 == \at(v1, Pre))&&(y == n - x)&&(n == \at(n, Pre))) || (x <= n));
          loop invariant !(1 <= \at(n, Pre)) ==> ((x == 1)&&(v3 == \at(v3, Pre))&&(v2 == \at(v2, Pre))&&(v1 == \at(v1, Pre))&&(y == n - x)&&(n == \at(n, Pre)));
          loop invariant v3 == \at(v3, Pre);
          loop invariant v2 == \at(v2, Pre);
          loop invariant v1 == \at(v1, Pre);
          loop invariant n == \at(n, Pre);
            */
            while (x <= n) {
        y = n - x;
        x = x + 1;
    }
            

    /*@ assert (n > 0) ==> (y <= n); */
}
```

void foo(int n,int y,int v1,int v2,int v3) {
    
    int x = 1;

            /*@
          loop invariant (1 <= \at(n, Pre)) ==> (((x == 1)&&(v3 == \at(v3, Pre))&&(v2 == \at(v2, Pre))&&(v1 == \at(v1, Pre))&&(y == n - x)&&(n == \at(n, Pre))) || (y == n - x));
          loop invariant (1 <= \at(n, Pre)) ==> (((x == 1)&&(v3 == \at(v3, Pre))&&(v2 == \at(v2, Pre))&&(v1 == \at(v1, Pre))&&(y == n - x)&&(n == \at(n, Pre))) || (x <= n));
          loop invariant !(1 <= \at(n, Pre)) ==> ((x == 1)&&(v3 == \at(v3, Pre))&&(v2 == \at(v2, Pre))&&(v1 == \at(v1, Pre))&&(y == n - x)&&(n == \at(n, Pre)));
          loop invariant v3 == \at(v3, Pre);
          loop invariant v2 == \at(v2, Pre);
          loop invariant v1 == \at(v1, Pre);
          loop invariant n == \at(n, Pre);
            */
            while (x <= n) {
        y = n - x;
        x = x + 1;
    }
            

    /*@ assert (n > 0) ==> (y <= n); */
}


void foo(int n,int y,int v1,int v2,int v3) {
    
    int x = 1;

            /*@
          loop invariant (1 <= \at(n, Pre)) ==> (((x == 1)&&(v3 == \at(v3, Pre))&&(v2 == \at(v2, Pre))&&(v1 == \at(v1, Pre))&&(y == n - x)&&(n == \at(n, Pre))) || (y == n - x));
          loop invariant (1 <= \at(n, Pre)) ==> (((x == 1)&&(v3 == \at(v3, Pre))&&(v2 == \at(v2, Pre))&&(v1 == \at(v1, Pre))&&(y == n - x)&&(n == \at(n, Pre))) || (x <= n));
          loop invariant !(1 <= \at(n, Pre)) ==> ((x == 1)&&(v3 == \at(v3, Pre))&&(v2 == \at(v2, Pre))&&(v1 == \at(v1, Pre))&&(y == n - x)&&(n == \at(n, Pre)));
          loop invariant v3 == \at(v3, Pre);
          loop invariant v2 == \at(v2, Pre);
          loop invariant v1 == \at(v1, Pre);
          loop invariant n == \at(n, Pre);
            */
            while (x <= n) {
        y = n - x;
        x = x + 1;
    }
            

    /*@ assert (n > 0) ==> (y <= n); */
}

syntax Correct
Validate:
[False, True, False, True, True, True, True]

Goal Preservation of Invariant (file output/70.c, line 7):
Let x = -y.
Assume {
  Type: is_sint32(y) /\ is_sint32(y_1) /\ is_sint32(y_2) /\
      is_sint32(1 + y_2) /\ is_sint32(1 + y_2 - y) /\ is_sint32(2 + y_2 - y).
  (* Goal *)
  When: 0 <= y_2.
  (* Invariant *)
  Have: (y_1 = y) \/ ((y_1 = y) /\ (y_2 = y)).
  (* Then *)
  Have: 0 <= y.
}
Prove: false.
Prover Z3 4.8.12 returns Timeout (Qed:9ms) (3s)
Error found in file: output/70.c at line: 7
Error line content: loop invariant (1 <= \at(n, Pre)) ==> (((x == 1)&&(v3 == \at(v3, Pre))&&(v2 == \at(v2, Pre))&&(v1 == \at(v1, Pre))&&(y == n - x)&&(n == \at(n, Pre))) || (y == n - x));

Goal Establishment of Invariant (file output/70.c, line 7):
Assume { Type: is_sint32(n) /\ is_sint32(y). (* Goal *) When: 0 < n. }
Prove: (1 + y) = n.
Prover Z3 4.8.12 returns Timeout (Qed:2ms) (3s)
Error found in file: output/70.c at line: 7
Error line content: loop invariant (1 <= \at(n, Pre)) ==> (((x == 1)&&(v3 == \at(v3, Pre))&&(v2 == \at(v2, Pre))&&(v1 == \at(v1, Pre))&&(y == n - x)&&(n == \at(n, Pre))) || (y == n - x));

Goal Establishment of Invariant (file output/70.c, line 9):
Assume { Type: is_sint32(n) /\ is_sint32(y). (* Goal *) When: n <= 0. }
Prove: (1 + y) = n.
Prover Z3 4.8.12 returns Timeout (Qed:3ms) (3s)
Error found in file: output/70.c at line: 9
Error line content: loop invariant !(1 <= \at(n, Pre)) ==> ((x == 1)&&(v3 == \at(v3, Pre))&&(v2 == \at(v2, Pre))&&(v1 == \at(v1, Pre))&&(y == n - x)&&(n == \at(n, Pre)));

Verify:
[True]


void foo(int n,int y,int v1,int v2,int v3) {
    
    int x = 1;

            /*@
          loop invariant (1 <= \at(n, Pre)) ==> (((x == 1)&&(v3 == \at(v3, Pre))&&(v2 == \at(v2, Pre))&&(v1 == \at(v1, Pre))&&(y == n - x)&&(n == \at(n, Pre))) || (y == n - x)) [INVARIANT FAILED] ;
          loop invariant (1 <= \at(n, Pre)) ==> (((x == 1)&&(v3 == \at(v3, Pre))&&(v2 == \at(v2, Pre))&&(v1 == \at(v1, Pre))&&(y == n - x)&&(n == \at(n, Pre))) || (x <= n));
          loop invariant !(1 <= \at(n, Pre)) ==> ((x == 1)&&(v3 == \at(v3, Pre))&&(v2 == \at(v2, Pre))&&(v1 == \at(v1, Pre))&&(y == n - x)&&(n == \at(n, Pre))) [INVARIANT FAILED] ;
          loop invariant v3 == \at(v3, Pre);
          loop invariant v2 == \at(v2, Pre);
          loop invariant v1 == \at(v1, Pre);
          loop invariant n == \at(n, Pre);
            */
            while (x <= n) {
        y = n - x;
        x = x + 1;
    }
            

    /*@ assert (n > 0) ==> (y <= n); */
}

### Error Analysis:

1. **Goal Establishment of Invariant**:
   - The original loop invariant `(1 <= \at(n, Pre)) ==> (((x == 1)&&(v3 == \at(v3, Pre))&&(v2 == \at(v2, Pre))&&(v1 == \at(v1, Pre))&&(y == n - x)&&(n == \at(n, Pre))) || (y == n - x))` fails to hold in the initial state when `n` is positive. The condition `y == n - x` cannot be guaranteed by the precondition since `y` can take on a variety of values.
   - The establishment of the condition requires a direct relationship between `y`, `n`, and `x`, which is not satisfied for all possible values based on the precondition.

2. **Goal Preservation of Invariant**:
   - The same invariant fails to remain valid after each iteration. When `x` is incremented, the relationship assumed in `y == n - x` does not hold true for all iterations, leading to an invalid preservation of the invariant.

3. **Weakening Strategy**:
   - Given the failure of the equality constraints due to the relationship between `y`, `n`, and `x`, we can weaken the invariant by replacing the equality constraint `y == n - x` with a range constraint, which would be more appropriate considering the nature of the variables.

### Fixed C Code:

```c
void foo(int n,int y,int v1,int v2,int v3) {
    
    int x = 1;

            /*@
          loop invariant (1 <= \at(n, Pre)) ==> (((x == 1)&&(v3 == \at(v3, Pre))&&(v2 == \at(v2, Pre))&&(v1 == \at(v1, Pre))&&(y <= n)&&(n == \at(n, Pre))) || (y <= n));
          loop invariant (1 <= \at(n, Pre)) ==> (((x == 1)&&(v3 == \at(v3, Pre))&&(v2 == \at(v2, Pre))&&(v1 == \at(v1, Pre))&&(y <= n)&&(n == \at(n, Pre))) || (x <= n));
          loop invariant !(1 <= \at(n, Pre)) ==> ((x == 1)&&(v3 == \at(v3, Pre))&&(v2 == \at(v2, Pre))&&(v1 == \at(v1, Pre))&&(y <= n)&&(n == \at(n, Pre)));
          loop invariant v3 == \at(v3, Pre);
          loop invariant v2 == \at(v2, Pre);
          loop invariant v1 == \at(v1, Pre);
          loop invariant n == \at(n, Pre);
            */
            while (x <= n) {
        y = n - x;
        x = x + 1;
    }
            

    /*@ assert (n > 0) ==> (y <= n); */
}
```
after weaken

void foo(int n,int y,int v1,int v2,int v3) {
    
    int x = 1;

            /*@
          loop invariant (1 <= \at(n, Pre)) ==> (((x == 1)&&(v3 == \at(v3, Pre))&&(v2 == \at(v2, Pre))&&(v1 == \at(v1, Pre))&&(y <= n)&&(n == \at(n, Pre))) || (y <= n));
          loop invariant (1 <= \at(n, Pre)) ==> (((x == 1)&&(v3 == \at(v3, Pre))&&(v2 == \at(v2, Pre))&&(v1 == \at(v1, Pre))&&(y <= n)&&(n == \at(n, Pre))) || (x <= n));
          loop invariant !(1 <= \at(n, Pre)) ==> ((x == 1)&&(v3 == \at(v3, Pre))&&(v2 == \at(v2, Pre))&&(v1 == \at(v1, Pre))&&(y <= n)&&(n == \at(n, Pre)));
          loop invariant v3 == \at(v3, Pre);
          loop invariant v2 == \at(v2, Pre);
          loop invariant v1 == \at(v1, Pre);
          loop invariant n == \at(n, Pre);
            */
            while (x <= n) {
        y = n - x;
        x = x + 1;
    }
            

    /*@ assert (n > 0) ==> (y <= n); */
}

syntax Correct
Validate:
[False, False, False, True, True, True, True]

Goal Preservation of Invariant (file output/70.c, line 7):
Let x_1 = x + y.
Assume {
  Type: is_sint32(x) /\ is_sint32(y) /\ is_sint32(y_1) /\ is_sint32(y_2) /\
      is_sint32(1 + x) /\ is_sint32(x_1).
  (* Goal *)
  When: 0 < x_1.
  (* Invariant *)
  Have: y_2 <= x_1.
  (* Invariant *)
  Have: (y_1 <= x_1) \/ ((x = 1) /\ (y_1 <= x_1)).
  (* Then *)
  Have: 0 <= y.
}
Prove: (0 <= x) \/ ((x = 0) /\ (0 <= x)).
Prover Z3 4.8.12 returns Timeout (Qed:8ms) (3s)
Error found in file: output/70.c at line: 7
Error line content: loop invariant (1 <= \at(n, Pre)) ==> (((x == 1)&&(v3 == \at(v3, Pre))&&(v2 == \at(v2, Pre))&&(v1 == \at(v1, Pre))&&(y <= n)&&(n == \at(n, Pre))) || (y <= n));

Goal Establishment of Invariant (file output/70.c, line 7):
Assume { Type: is_sint32(n) /\ is_sint32(y). (* Goal *) When: 0 < n. }
Prove: y <= n.
Prover Z3 4.8.12 returns Timeout (Qed:2ms) (3s)
Error found in file: output/70.c at line: 7
Error line content: loop invariant (1 <= \at(n, Pre)) ==> (((x == 1)&&(v3 == \at(v3, Pre))&&(v2 == \at(v2, Pre))&&(v1 == \at(v1, Pre))&&(y <= n)&&(n == \at(n, Pre))) || (y <= n));

Goal Preservation of Invariant (file output/70.c, line 8):
Let x_1 = x + y.
Assume {
  Type: is_sint32(x) /\ is_sint32(y) /\ is_sint32(y_1) /\ is_sint32(y_2) /\
      is_sint32(1 + x) /\ is_sint32(x_1).
  (* Goal *)
  When: 0 < x_1.
  (* Invariant *)
  Have: y_2 <= x_1.
  (* Invariant *)
  Have: (y_1 <= x_1) \/ ((x = 1) /\ (y_1 <= x_1)).
  (* Then *)
  Have: 0 <= y.
  (* Invariant *)
  Have: (0 <= x) \/ ((x = 0) /\ (0 <= x)).
}
Prove: (0 < y) \/ ((x = 0) /\ (0 <= x)).
Prover Z3 4.8.12 returns Timeout (Qed:7ms) (3s)
Error found in file: output/70.c at line: 8
Error line content: loop invariant (1 <= \at(n, Pre)) ==> (((x == 1)&&(v3 == \at(v3, Pre))&&(v2 == \at(v2, Pre))&&(v1 == \at(v1, Pre))&&(y <= n)&&(n == \at(n, Pre))) || (x <= n));

Goal Establishment of Invariant (file output/70.c, line 9):
Assume { Type: is_sint32(n) /\ is_sint32(y). (* Goal *) When: n <= 0. }
Prove: y <= n.
Prover Z3 4.8.12 returns Timeout (Qed:3ms) (3s)
Error found in file: output/70.c at line: 9
Error line content: loop invariant !(1 <= \at(n, Pre)) ==> ((x == 1)&&(v3 == \at(v3, Pre))&&(v2 == \at(v2, Pre))&&(v1 == \at(v1, Pre))&&(y <= n)&&(n == \at(n, Pre)));

Verify:
[True]


void foo(int n,int y,int v1,int v2,int v3) {
    
    int x = 1;

            /*@
          loop invariant (1 <= \at(n, Pre)) ==> (((x == 1)&&(v3 == \at(v3, Pre))&&(v2 == \at(v2, Pre))&&(v1 == \at(v1, Pre))&&(y <= n)&&(n == \at(n, Pre))) || (y <= n)) [INVARIANT FAILED] ;
          loop invariant (1 <= \at(n, Pre)) ==> (((x == 1)&&(v3 == \at(v3, Pre))&&(v2 == \at(v2, Pre))&&(v1 == \at(v1, Pre))&&(y <= n)&&(n == \at(n, Pre))) || (x <= n)) [INVARIANT FAILED] ;
          loop invariant !(1 <= \at(n, Pre)) ==> ((x == 1)&&(v3 == \at(v3, Pre))&&(v2 == \at(v2, Pre))&&(v1 == \at(v1, Pre))&&(y <= n)&&(n == \at(n, Pre))) [INVARIANT FAILED] ;
          loop invariant v3 == \at(v3, Pre);
          loop invariant v2 == \at(v2, Pre);
          loop invariant v1 == \at(v1, Pre);
          loop invariant n == \at(n, Pre);
            */
            while (x <= n) {
        y = n - x;
        x = x + 1;
    }
            

    /*@ assert (n > 0) ==> (y <= n); */
}

1. **Error Analysis:**

   The errors provided indicate that the loop invariants fail to establish that `y <= n` holds both at the beginning of the loop and during its iterations. The invariant `(y <= n)` is supposed to hold true before entering the loop (establishment) and after each iteration (preservation).

   The first loop invariant fails because it requires `y` to be less than or equal to `n`, but due to the way `y` is computed (as `n - x`), it cannot be established as true initially when `x` is equal to `1`. The establishment fails because if `n` is positive, `y` starts as `y = n - x` which is `n - 1`. At least, `y` must be less than or equal to `n`, but the invariant does not account for the initial value of `y`.

   Furthermore, the preservation condition fails because as `x` increases, `y` changes to `n - x`, and thus `y` can become negative if `x` exceeds `n`, which invalidates the invariant.

   To correct these issues, I will modify the invariants to replace the equality constraints with more general range constraints that accurately reflect the behavior of `y` throughout the loop's execution.

2. **Fixed C Code:**

    ```c
void foo(int n,int y,int v1,int v2,int v3) {
    
    int x = 1;

            /*@
          loop invariant (1 <= \at(n, Pre)) ==> (((x == 1)&&(v3 == \at(v3, Pre))&&(v2 == \at(v2, Pre))&&(v1 == \at(v1, Pre))&&(y <= n)&&(n == \at(n, Pre))) || (y <= n - 1));
          loop invariant (1 <= \at(n, Pre)) ==> (((x == 1)&&(v3 == \at(v3, Pre))&&(v2 == \at(v2, Pre))&&(v1 == \at(v1, Pre))&&(y <= n)&&(n == \at(n, Pre))) || (x <= n));
          loop invariant !(1 <= \at(n, Pre)) ==> ((x == 1)&&(v3 == \at(v3, Pre))&&(v2 == \at(v2, Pre))&&(v1 == \at(v1, Pre))&&(y <= n)&&(n == \at(n, Pre)));
          loop invariant v3 == \at(v3, Pre);
          loop invariant v2 == \at(v2, Pre);
          loop invariant v1 == \at(v1, Pre);
          loop invariant n == \at(n, Pre);
            */
            while (x <= n) {
        y = n - x;
        x = x + 1;
    }
            

    /*@ assert (n > 0) ==> (y <= n); */
}
```
after weaken

void foo(int n,int y,int v1,int v2,int v3) {
    
    int x = 1;

            /*@
          loop invariant (1 <= \at(n, Pre)) ==> (((x == 1)&&(v3 == \at(v3, Pre))&&(v2 == \at(v2, Pre))&&(v1 == \at(v1, Pre))&&(y <= n)&&(n == \at(n, Pre))) || (y <= n - 1));
          loop invariant (1 <= \at(n, Pre)) ==> (((x == 1)&&(v3 == \at(v3, Pre))&&(v2 == \at(v2, Pre))&&(v1 == \at(v1, Pre))&&(y <= n)&&(n == \at(n, Pre))) || (x <= n));
          loop invariant !(1 <= \at(n, Pre)) ==> ((x == 1)&&(v3 == \at(v3, Pre))&&(v2 == \at(v2, Pre))&&(v1 == \at(v1, Pre))&&(y <= n)&&(n == \at(n, Pre)));
          loop invariant v3 == \at(v3, Pre);
          loop invariant v2 == \at(v2, Pre);
          loop invariant v1 == \at(v1, Pre);
          loop invariant n == \at(n, Pre);
            */
            while (x <= n) {
        y = n - x;
        x = x + 1;
    }
            

    /*@ assert (n > 0) ==> (y <= n); */
}

syntax Correct
Validate:
[False, False, False, True, True, True, True]

Goal Preservation of Invariant (file output/70.c, line 7):
Let x_1 = x + y.
Assume {
  Type: is_sint32(x) /\ is_sint32(y) /\ is_sint32(y_1) /\ is_sint32(y_2) /\
      is_sint32(1 + x) /\ is_sint32(x_1).
  (* Goal *)
  When: 0 < x_1.
  (* Invariant *)
  Have: (y_2 < x_1) \/ (y_2 <= x_1).
  (* Invariant *)
  Have: (y_1 < x_1) \/ ((x = 1) /\ (y_1 <= x_1)).
  (* Then *)
  Have: 0 <= y.
}
Prove: (0 < x) \/ ((x = 0) /\ (0 <= x)).
Prover Z3 4.8.12 returns Timeout (Qed:8ms) (3s)
Error found in file: output/70.c at line: 7
Error line content: loop invariant (1 <= \at(n, Pre)) ==> (((x == 1)&&(v3 == \at(v3, Pre))&&(v2 == \at(v2, Pre))&&(v1 == \at(v1, Pre))&&(y <= n)&&(n == \at(n, Pre))) || (y <= n - 1));

Goal Establishment of Invariant (file output/70.c, line 7):
Assume { Type: is_sint32(n) /\ is_sint32(y). (* Goal *) When: 0 < n. }
Prove: (y <= n) \/ (y < n).
Prover Z3 4.8.12 returns Timeout (Qed:2ms) (3s)
Error found in file: output/70.c at line: 7
Error line content: loop invariant (1 <= \at(n, Pre)) ==> (((x == 1)&&(v3 == \at(v3, Pre))&&(v2 == \at(v2, Pre))&&(v1 == \at(v1, Pre))&&(y <= n)&&(n == \at(n, Pre))) || (y <= n - 1));

Goal Preservation of Invariant (file output/70.c, line 8):
Let x_1 = x + y.
Assume {
  Type: is_sint32(x) /\ is_sint32(y) /\ is_sint32(y_1) /\ is_sint32(y_2) /\
      is_sint32(1 + x) /\ is_sint32(x_1).
  (* Goal *)
  When: 0 < x_1.
  (* Invariant *)
  Have: (y_2 < x_1) \/ (y_2 <= x_1).
  (* Invariant *)
  Have: (y_1 < x_1) \/ ((x = 1) /\ (y_1 <= x_1)).
  (* Then *)
  Have: 0 <= y.
  (* Invariant *)
  Have: (0 < x) \/ ((x = 0) /\ (0 <= x)).
}
Prove: (0 < y) \/ ((x = 0) /\ (0 <= x)).
Prover Z3 4.8.12 returns Timeout (Qed:7ms) (3s)
Error found in file: output/70.c at line: 8
Error line content: loop invariant (1 <= \at(n, Pre)) ==> (((x == 1)&&(v3 == \at(v3, Pre))&&(v2 == \at(v2, Pre))&&(v1 == \at(v1, Pre))&&(y <= n)&&(n == \at(n, Pre))) || (x <= n));

Goal Establishment of Invariant (file output/70.c, line 9):
Assume { Type: is_sint32(n) /\ is_sint32(y). (* Goal *) When: n <= 0. }
Prove: y <= n.
Prover Z3 4.8.12 returns Timeout (Qed:2ms) (3s)
Error found in file: output/70.c at line: 9
Error line content: loop invariant !(1 <= \at(n, Pre)) ==> ((x == 1)&&(v3 == \at(v3, Pre))&&(v2 == \at(v2, Pre))&&(v1 == \at(v1, Pre))&&(y <= n)&&(n == \at(n, Pre)));

Verify:
[True]


void foo(int n,int y,int v1,int v2,int v3) {
    
    int x = 1;

            /*@
          loop invariant (1 <= \at(n, Pre)) ==> (((x == 1)&&(v3 == \at(v3, Pre))&&(v2 == \at(v2, Pre))&&(v1 == \at(v1, Pre))&&(y <= n)&&(n == \at(n, Pre))) || (y <= n - 1)) [INVARIANT FAILED] ;
          loop invariant (1 <= \at(n, Pre)) ==> (((x == 1)&&(v3 == \at(v3, Pre))&&(v2 == \at(v2, Pre))&&(v1 == \at(v1, Pre))&&(y <= n)&&(n == \at(n, Pre))) || (x <= n)) [INVARIANT FAILED] ;
          loop invariant !(1 <= \at(n, Pre)) ==> ((x == 1)&&(v3 == \at(v3, Pre))&&(v2 == \at(v2, Pre))&&(v1 == \at(v1, Pre))&&(y <= n)&&(n == \at(n, Pre))) [INVARIANT FAILED] ;
          loop invariant v3 == \at(v3, Pre);
          loop invariant v2 == \at(v2, Pre);
          loop invariant v1 == \at(v1, Pre);
          loop invariant n == \at(n, Pre);
            */
            while (x <= n) {
        y = n - x;
        x = x + 1;
    }
            

    /*@ assert (n > 0) ==> (y <= n); */
}

1.  **Error Analysis:**

The errors reported by Frama-C indicate issues with both the establishment and preservation of the loop invariants. Specifically:

- **Goal Establishment of Invariant**: The invariant requires that `y <= n` to hold true at the start of the loop. However, given that `y` is set to `n - x` within the loop, it is possible that `y` does not initially satisfy this condition, particularly since `x` starts at `1` and increases. Therefore, `y` will be less than `n` after the first iteration, which violates the invariant.

- **Goal Preservation of Invariant**: The invariant also fails to maintain its validity after each iteration. The condition `(y <= n - 1)` does not sufficiently account for the fact that `y` is updated to `n - x` inside the loop. As `x` increases, `y` will continually decrease and may not satisfy this condition.

To fix these issues, we need to modify the invariants to reflect the relationship between `y`, `n`, and `x` more accurately. 

The invariants will be adjusted to ensure they define valid ranges for `y` in relation to `n` and `x`, particularly addressing the established relationship that `y = n - x` after each iteration. The invariant should reflect that `y` is always less than or equal to `n` but does not need to maintain equality at every step.

2.  **Fixed C Code:**

```c
void foo(int n,int y,int v1,int v2,int v3) {
    
    int x = 1;

            /*@
          loop invariant (1 <= \at(n, Pre)) ==> (((x == 1)&&(v3 == \at(v3, Pre))&&(v2 == \at(v2, Pre))&&(v1 == \at(v1, Pre))&&(y <= n)&&(n == \at(n, Pre))) || (y < n)) ;
          loop invariant (1 <= \at(n, Pre)) ==> (((x == 1)&&(v3 == \at(v3, Pre))&&(v2 == \at(v2, Pre))&&(v1 == \at(v1, Pre))&&(y <= n)&&(n == \at(n, Pre))) || (x < n + 1));
          loop invariant !(1 <= \at(n, Pre)) ==> ((x == 1)&&(v3 == \at(v3, Pre))&&(v2 == \at(v2, Pre))&&(v1 == \at(v1, Pre))&&(y <= n)&&(n == \at(n, Pre)));
          loop invariant v3 == \at(v3, Pre);
          loop invariant v2 == \at(v2, Pre);
          loop invariant v1 == \at(v1, Pre);
          loop invariant n == \at(n, Pre);
            */
            while (x <= n) {
        y = n - x;
        x = x + 1;
    }
            

    /*@ assert (n > 0) ==> (y <= n); */
}
```
after weaken

void foo(int n,int y,int v1,int v2,int v3) {
    
    int x = 1;

            /*@
          loop invariant (1 <= \at(n, Pre)) ==> (((x == 1)&&(v3 == \at(v3, Pre))&&(v2 == \at(v2, Pre))&&(v1 == \at(v1, Pre))&&(y <= n)&&(n == \at(n, Pre))) || (y < n)) ;
          loop invariant (1 <= \at(n, Pre)) ==> (((x == 1)&&(v3 == \at(v3, Pre))&&(v2 == \at(v2, Pre))&&(v1 == \at(v1, Pre))&&(y <= n)&&(n == \at(n, Pre))) || (x < n + 1));
          loop invariant !(1 <= \at(n, Pre)) ==> ((x == 1)&&(v3 == \at(v3, Pre))&&(v2 == \at(v2, Pre))&&(v1 == \at(v1, Pre))&&(y <= n)&&(n == \at(n, Pre)));
          loop invariant v3 == \at(v3, Pre);
          loop invariant v2 == \at(v2, Pre);
          loop invariant v1 == \at(v1, Pre);
          loop invariant n == \at(n, Pre);
            */
            while (x <= n) {
        y = n - x;
        x = x + 1;
    }
            

    /*@ assert (n > 0) ==> (y <= n); */
}

syntax Correct
Validate:
[False, False, False, True, True, True, True]

Goal Preservation of Invariant (file output/70.c, line 7):
Let x_1 = x + y.
Assume {
  Type: is_sint32(x) /\ is_sint32(y) /\ is_sint32(y_1) /\ is_sint32(y_2) /\
      is_sint32(1 + x) /\ is_sint32(x_1).
  (* Goal *)
  When: 0 < x_1.
  (* Invariant *)
  Have: (y_2 < x_1) \/ (y_2 <= x_1).
  (* Invariant *)
  Have: (y_1 < x_1) \/ ((x = 1) /\ (y_1 <= x_1)).
  (* Then *)
  Have: 0 <= y.
}
Prove: (0 < x) \/ ((x = 0) /\ (0 <= x)).
Prover Z3 4.8.12 returns Timeout (Qed:8ms) (3s)
Error found in file: output/70.c at line: 7
Error line content: loop invariant (1 <= \at(n, Pre)) ==> (((x == 1)&&(v3 == \at(v3, Pre))&&(v2 == \at(v2, Pre))&&(v1 == \at(v1, Pre))&&(y <= n)&&(n == \at(n, Pre))) || (y < n)) ;

Goal Establishment of Invariant (file output/70.c, line 7):
Assume { Type: is_sint32(n) /\ is_sint32(y). (* Goal *) When: 0 < n. }
Prove: (y <= n) \/ (y < n).
Prover Z3 4.8.12 returns Timeout (Qed:2ms) (3s)
Error found in file: output/70.c at line: 7
Error line content: loop invariant (1 <= \at(n, Pre)) ==> (((x == 1)&&(v3 == \at(v3, Pre))&&(v2 == \at(v2, Pre))&&(v1 == \at(v1, Pre))&&(y <= n)&&(n == \at(n, Pre))) || (y < n)) ;

Goal Preservation of Invariant (file output/70.c, line 8):
Let x_1 = x + y.
Assume {
  Type: is_sint32(x) /\ is_sint32(y) /\ is_sint32(y_1) /\ is_sint32(y_2) /\
      is_sint32(1 + x) /\ is_sint32(x_1).
  (* Goal *)
  When: 0 < x_1.
  (* Invariant *)
  Have: (y_2 < x_1) \/ (y_2 <= x_1).
  (* Invariant *)
  Have: (y_1 < x_1) \/ ((x = 1) /\ (y_1 <= x_1)).
  (* Then *)
  Have: 0 <= y.
  (* Invariant *)
  Have: (0 < x) \/ ((x = 0) /\ (0 <= x)).
}
Prove: (0 < y) \/ ((x = 0) /\ (0 <= x)).
Prover Z3 4.8.12 returns Timeout (Qed:7ms) (3s)
Error found in file: output/70.c at line: 8
Error line content: loop invariant (1 <= \at(n, Pre)) ==> (((x == 1)&&(v3 == \at(v3, Pre))&&(v2 == \at(v2, Pre))&&(v1 == \at(v1, Pre))&&(y <= n)&&(n == \at(n, Pre))) || (x < n + 1));

Goal Establishment of Invariant (file output/70.c, line 9):
Assume { Type: is_sint32(n) /\ is_sint32(y). (* Goal *) When: n <= 0. }
Prove: y <= n.
Prover Z3 4.8.12 returns Timeout (Qed:2ms) (3s)
Error found in file: output/70.c at line: 9
Error line content: loop invariant !(1 <= \at(n, Pre)) ==> ((x == 1)&&(v3 == \at(v3, Pre))&&(v2 == \at(v2, Pre))&&(v1 == \at(v1, Pre))&&(y <= n)&&(n == \at(n, Pre)));

Verify:
[True]

after hudini

void foo(int n,int y,int v1,int v2,int v3) {
    
    int x = 1;

            /*@          loop invariant (1 <= \at(n, Pre)) ==> (((x == 1)&&(v3 == \at(v3, Pre))&&(v2 == \at(v2, Pre))&&(v1 == \at(v1, Pre))&&(y <= n)&&(n == \at(n, Pre))) || (x < n + 1));
          loop invariant !(1 <= \at(n, Pre)) ==> ((x == 1)&&(v3 == \at(v3, Pre))&&(v2 == \at(v2, Pre))&&(v1 == \at(v1, Pre))&&(y <= n)&&(n == \at(n, Pre)));
          loop invariant v3 == \at(v3, Pre);
          loop invariant v2 == \at(v2, Pre);
          loop invariant v1 == \at(v1, Pre);
          loop invariant n == \at(n, Pre);
            */
            while (x <= n) {
        y = n - x;
        x = x + 1;
    }
            

    /*@ assert (n > 0) ==> (y <= n); */
}

syntax Correct
Validate:
[False, False, True, True, True, True]

Goal Preservation of Invariant (file output/70.c, line 6):
Let x_1 = x + y.
Assume {
  Type: is_sint32(x) /\ is_sint32(y) /\ is_sint32(1 + x) /\ is_sint32(x_1).
  (* Goal *)
  When: 0 < x_1.
  (* Then *)
  Have: 0 <= y.
}
Prove: (0 < y) \/ ((x = 0) /\ (0 <= x)).
Prover Z3 4.8.12 returns Timeout (Qed:7ms) (3s)
Error found in file: output/70.c at line: 6
Error line content: /*@          loop invariant (1 <= \at(n, Pre)) ==> (((x == 1)&&(v3 == \at(v3, Pre))&&(v2 == \at(v2, Pre))&&(v1 == \at(v1, Pre))&&(y <= n)&&(n == \at(n, Pre))) || (x < n + 1));

Goal Establishment of Invariant (file output/70.c, line 7):
Assume { Type: is_sint32(n) /\ is_sint32(y). (* Goal *) When: n <= 0. }
Prove: y <= n.
Prover Z3 4.8.12 returns Timeout (Qed:2ms) (3s)
Error found in file: output/70.c at line: 7
Error line content: loop invariant !(1 <= \at(n, Pre)) ==> ((x == 1)&&(v3 == \at(v3, Pre))&&(v2 == \at(v2, Pre))&&(v1 == \at(v1, Pre))&&(y <= n)&&(n == \at(n, Pre)));

Verify:
[True]

after hudini

void foo(int n,int y,int v1,int v2,int v3) {
    
    int x = 1;

            /*@          loop invariant !(1 <= \at(n, Pre)) ==> ((x == 1)&&(v3 == \at(v3, Pre))&&(v2 == \at(v2, Pre))&&(v1 == \at(v1, Pre))&&(y <= n)&&(n == \at(n, Pre)));
          loop invariant v3 == \at(v3, Pre);
          loop invariant v2 == \at(v2, Pre);
          loop invariant v1 == \at(v1, Pre);
          loop invariant n == \at(n, Pre);
            */
            while (x <= n) {
        y = n - x;
        x = x + 1;
    }
            

    /*@ assert (n > 0) ==> (y <= n); */
}

syntax Correct
Validate:
[False, True, True, True, True]

Goal Establishment of Invariant (file output/70.c, line 6):
Assume { Type: is_sint32(n) /\ is_sint32(y). (* Goal *) When: n <= 0. }
Prove: y <= n.
Prover Z3 4.8.12 returns Timeout (Qed:2ms) (3s)
Error found in file: output/70.c at line: 6
Error line content: /*@          loop invariant !(1 <= \at(n, Pre)) ==> ((x == 1)&&(v3 == \at(v3, Pre))&&(v2 == \at(v2, Pre))&&(v1 == \at(v1, Pre))&&(y <= n)&&(n == \at(n, Pre)));

Verify:
[False]

Goal Assertion (file output/70.c, line 18):
Assume {
  Type: is_sint32(n) /\ is_sint32(x) /\ is_sint32(y).
  (* Goal *)
  When: 0 < n.
  (* Else *)
  Have: n < x.
}
Prove: y <= n.
Prover Z3 4.8.12 returns Timeout (Qed:4ms) (3s)
Error found in file: output/70.c at line: 18
Error line content: /*@ assert (n > 0) ==> (y <= n); */

after hudini

void foo(int n,int y,int v1,int v2,int v3) {
    
    int x = 1;

            /*@          loop invariant v3 == \at(v3, Pre);
          loop invariant v2 == \at(v2, Pre);
          loop invariant v1 == \at(v1, Pre);
          loop invariant n == \at(n, Pre);
            */
            while (x <= n) {
        y = n - x;
        x = x + 1;
    }
            

    /*@ assert (n > 0) ==> (y <= n); */
}

syntax Correct
Validate:
[True, True, True, True]

Verify:
[False]

Goal Assertion (file output/70.c, line 17):
Assume {
  Type: is_sint32(n) /\ is_sint32(x) /\ is_sint32(y).
  (* Goal *)
  When: 0 < n.
  (* Else *)
  Have: n < x.
}
Prove: y <= n.
Prover Z3 4.8.12 returns Timeout (Qed:4ms) (3s)
Error found in file: output/70.c at line: 17
Error line content: /*@ assert (n > 0) ==> (y <= n); */

after hudini

void foo(int n,int y,int v1,int v2,int v3) {
    
    int x = 1;

            /*@          loop invariant v3 == \at(v3, Pre);
          loop invariant v2 == \at(v2, Pre);
          loop invariant v1 == \at(v1, Pre);
          loop invariant n == \at(n, Pre);
            */
            while (x <= n) {
        y = n - x;
        x = x + 1;
    }
            

    /*@ assert (n > 0) ==> (y <= n); */
}

syntax Correct
Validate:
[True, True, True, True]

Verify:
[False]

Goal Assertion (file output/70.c, line 17):
Assume {
  Type: is_sint32(n) /\ is_sint32(x) /\ is_sint32(y).
  (* Goal *)
  When: 0 < n.
  (* Else *)
  Have: n < x.
}
Prove: y <= n.
Prover Z3 4.8.12 returns Timeout (Qed:3ms) (3s)
Error found in file: output/70.c at line: 17
Error line content: /*@ assert (n > 0) ==> (y <= n); */

syntax Correct
Validate:
[True, True, True, True]

Verify:
[False]

Goal Assertion (file output/70.c, line 17):
Assume {
  Type: is_sint32(n) /\ is_sint32(x) /\ is_sint32(y).
  (* Goal *)
  When: 0 < n.
  (* Else *)
  Have: n < x.
}
Prove: y <= n.
Prover Z3 4.8.12 returns Timeout (Qed:3ms) (3s)
Error found in file: output/70.c at line: 17
Error line content: /*@ assert (n > 0) ==> (y <= n); */

: 70.c -> finish
-----------------------------------------

 70.c . : 921.2813143730164
-----------------------------------------
finshed_files:['29.c', '87.c', '9.c', '107.c', '65.c', '59.c', '46.c', '60.c', '78.c', '11.c', '132.c', '70.c']
