file:9.c
Successfully generated loop/9.json
INNER_FLAG: False
Variable Maps: [{'y': 'y@pre', 'x': 'x@pre'}]
Path conditions: ['x@pre >= 0 && x@pre <= 2 && y@pre <= 2 && y@pre >= 0']
Pre condition: x@pre >= 0 && x@pre <= 2 && y@pre <= 2 && y@pre >= 0 && (y == y@pre) * (x == x@pre)
Loop Condition: unknown()
Updated Loop Conditions: ['unknown()']
Global Unchanged Variables []
Non Inductive Variables []
[{'y': 'y@pre', 'x': 'x@pre'}]
['x@pre >= 0 && x@pre <= 2 && y@pre <= 2 && y@pre >= 0']

            
    /* >>> LOOP INVARIANT TO FILL <<< 
       >>> PRECONDITION OF THE LOOP : \at(x, Pre) >= 0 && \at(x, Pre) <= 2 && \at(y, Pre) <= 2 && \at(y, Pre) >= 0 && (y == \at(y, Pre)) * (x == \at(x, Pre)) <<< */
    
            /*@
            */
            while (unknown()) {
      
      x  = x + 2;
      y  = y + 2;

    }
            

            
    /* >>> LOOP INVARIANT TO FILL <<< 
       >>> PRECONDITION OF THE LOOP : \at(x, Pre) >= 0 && \at(x, Pre) <= 2 && \at(y, Pre) <= 2 && \at(y, Pre) >= 0 && (y == \at(y, Pre)) * (x == \at(x, Pre)) <<< */
    
            /*@
          loop invariant  (\at(x, Pre) >= 0 && \at(x, Pre) <= 2 && \at(y, Pre) <= 2 && \at(y, Pre) >= 0) ==> (((y == \at(y, Pre))&&(x == \at(x, Pre))) || (PLACE_HOLDER_x)) ;
          loop invariant  (\at(x, Pre) >= 0 && \at(x, Pre) <= 2 && \at(y, Pre) <= 2 && \at(y, Pre) >= 0) ==> (((y == \at(y, Pre))&&(x == \at(x, Pre))) || (PLACE_HOLDER_y)) ;
            */
            while (unknown()) {
      
      x  = x + 2;
      y  = y + 2;

    }
            
int unknown();
/*@ requires x >= 0 && x <= 2 && y <= 2 && y >= 0; */
void foo(int x,int y) {

  
    
            
    /* >>> LOOP INVARIANT TO FILL <<< 
       >>> PRECONDITION OF THE LOOP : \at(x, Pre) >= 0 && \at(x, Pre) <= 2 && \at(y, Pre) <= 2 && \at(y, Pre) >= 0 && (y == \at(y, Pre)) * (x == \at(x, Pre)) <<< */
    
            /*@
          loop invariant  (\at(x, Pre) >= 0 && \at(x, Pre) <= 2 && \at(y, Pre) <= 2 && \at(y, Pre) >= 0) ==> (((y == \at(y, Pre))&&(x == \at(x, Pre))) || (PLACE_HOLDER_x)) ;
          loop invariant  (\at(x, Pre) >= 0 && \at(x, Pre) <= 2 && \at(y, Pre) <= 2 && \at(y, Pre) >= 0) ==> (((y == \at(y, Pre))&&(x == \at(x, Pre))) || (PLACE_HOLDER_y)) ;
            */
            while (unknown()) {
      
      x  = x + 2;
      y  = y + 2;

    }
            
  
    /*@ assert (x == 4) ==> (y != 0);  */
  
    
  
  }
### Analysis of the C Loop Program

#### a. Purpose and Structure of the Loop
The objective of the loop is to increment both `x` and `y` by 2 as long as the condition `unknown()` holds true. The loop will continue executing until `unknown()` returns false. The loop modifies the values of `x` and `y`, which are initially constrained by the pre-condition. The loop maintains the relationship between `x` and `y` as it increments them, and we aim to establish loop invariants that reflect this relationship.

#### b. Discussion of the Loop Invariant
The proposed loop invariant should reflect the constraints on `x` and `y` established by the pre-condition and the modifications made in the loop. A valid invariant could be that both `x` and `y` are non-negative and bounded, and specifically, the values of `x` and `y` must satisfy certain relationships based on their initial values.

#### c. Establishment
Before the loop starts, we have the pre-condition that `x` is between 0 and 2, and `y` is also between 0 and 2. This guarantees that both `x` and `y` satisfy the constraints of the loop invariant at the start of the loop.

#### d. Preservation
During each iteration, both `x` and `y` are incremented by 2. If the invariant holds at the start of an iteration (for example, `x` is between 0 and 2, and `y` is between 0 and 2), after the increment, `x` will be between 2 and 4, and `y` will be between 2 and 4. Thus, as long as the loop condition holds (i.e., `unknown()` is true), the invariant will remain true after the increment operation.

#### e. Termination Analysis of the Loop
The loop terminates when `unknown()` becomes false. At termination, `x` and `y` will have been incremented based on the number of iterations executed, and we know that `x` and `y` will still be non-negative. Specifically, since they were initially constrained to be less than or equal to 2, they will now be at least 2 or greater (up to 4 or more, depending on how many times the loop executed).

#### f. Correctness of the Post-condition
The post-condition asserts that if `x` equals 4, then `y` must not equal 0. This can be satisfied if we ensure that both `x` and `y` are incremented together in the loop and start from valid initial values. Given the loop invariant, when `x` reaches 4, `y` must also have been incremented at least twice, thus ensuring that `y` cannot be 0 when `x` is 4.

#### g. Implication of the Pre-condition
The pre-condition ensures that `x` is at least 0 and at most 2, and `y` is at least 0 and at most 2. These conditions guarantee that the invariant is established before the loop begins. 

### C Loop Program with Filled Invariant Annotations
```c
int unknown();
/*@ requires x >= 0 && x <= 2 && y <= 2 && y >= 0; */
void foo(int x,int y) {

    /* >>> LOOP INVARIANT TO FILL <<< 
       >>> PRECONDITION OF THE LOOP : \at(x, Pre) >= 0 && \at(x, Pre) <= 2 && \at(y, Pre) <= 2 && \at(y, Pre) >= 0 && (y == \at(y, Pre)) * (x == \at(x, Pre)) <<< */

    /*@
      loop invariant  (\at(x, Pre) >= 0 && \at(x, Pre) <= 2 && \at(y, Pre) <= 2 && \at(y, Pre) >= 0) ==> (x >= 0 && x <= 4 && y >= 0 && y <= 4);
      loop invariant  (\at(x, Pre) >= 0 && \at(x, Pre) <= 2 && \at(y, Pre) <= 2 && \at(y, Pre) >= 0) ==> (x >= 0 && y >= 0);
    */
    while (unknown()) {
        x  = x + 2;
        y  = y + 2;
    }

    /*@ assert (x == 4) ==> (y != 0); */
}
```

int unknown();
/*@ requires x >= 0 && x <= 2 && y <= 2 && y >= 0; */
void foo(int x,int y) {

    /* >>> LOOP INVARIANT TO FILL <<< 
       >>> PRECONDITION OF THE LOOP : \at(x, Pre) >= 0 && \at(x, Pre) <= 2 && \at(y, Pre) <= 2 && \at(y, Pre) >= 0 && (y == \at(y, Pre)) * (x == \at(x, Pre)) <<< */

    /*@
      loop invariant  (\at(x, Pre) >= 0 && \at(x, Pre) <= 2 && \at(y, Pre) <= 2 && \at(y, Pre) >= 0) ==> (x >= 0 && x <= 4 && y >= 0 && y <= 4);
      loop invariant  (\at(x, Pre) >= 0 && \at(x, Pre) <= 2 && \at(y, Pre) <= 2 && \at(y, Pre) >= 0) ==> (x >= 0 && y >= 0);
    */
    while (unknown()) {
        x  = x + 2;
        y  = y + 2;
    }

    /*@ assert (x == 4) ==> (y != 0); */
}


int unknown();
/*@ requires x >= 0 && x <= 2 && y <= 2 && y >= 0; */
void foo(int x,int y) {

    /* >>> LOOP INVARIANT TO FILL <<< 
       >>> PRECONDITION OF THE LOOP : \at(x, Pre) >= 0 && \at(x, Pre) <= 2 && \at(y, Pre) <= 2 && \at(y, Pre) >= 0 && (y == \at(y, Pre)) * (x == \at(x, Pre)) <<< */

    /*@
      loop invariant  (\at(x, Pre) >= 0 && \at(x, Pre) <= 2 && \at(y, Pre) <= 2 && \at(y, Pre) >= 0) ==> (x >= 0 && x <= 4 && y >= 0 && y <= 4);
      loop invariant  (\at(x, Pre) >= 0 && \at(x, Pre) <= 2 && \at(y, Pre) <= 2 && \at(y, Pre) >= 0) ==> (x >= 0 && y >= 0);
    */
    while (unknown()) {
        x  = x + 2;
        y  = y + 2;
    }

    /*@ assert (x == 4) ==> (y != 0); */
}

syntax Correct
Validate:
[False, True]

Goal Preservation of Invariant (file output/9.c, line 10):
Assume {
  Type: is_sint32(tmp_0) /\ is_sint32(x_1) /\ is_sint32(x) /\
      is_sint32(y_1) /\ is_sint32(y) /\ is_sint32(2 + x) /\ is_sint32(2 + y).
  (* Goal *)
  When: (0 <= x_1) /\ (0 <= y_1) /\ (x_1 <= 2) /\ (y_1 <= 2).
  (* Invariant *)
  Have: (x_1 <= 4) /\ (y_1 <= 4).
  (* Invariant *)
  Have: (0 <= x) /\ (0 <= y) /\ (x <= 4) /\ (y <= 4).
  (* Then *)
  Have: tmp_0 != 0.
}
Prove: ((-2) <= x) /\ ((-2) <= y) /\ (x <= 2) /\ (y <= 2).
Prover Z3 4.8.12 returns Timeout (Qed:7ms) (3s)
Error found in file: output/9.c at line: 10
Error line content: loop invariant  (\at(x, Pre) >= 0 && \at(x, Pre) <= 2 && \at(y, Pre) <= 2 && \at(y, Pre) >= 0) ==> (x >= 0 && x <= 4 && y >= 0 && y <= 4);

Verify:
[False]

Goal Assertion (file output/9.c, line 18):
Assume {
  Type: is_sint32(x) /\ is_sint32(y_1) /\ is_sint32(y).
  (* Pre-condition *)
  Have: (0 <= x) /\ (0 <= y_1) /\ (x <= 2) /\ (y_1 <= 2).
  (* Invariant *)
  Have: (x <= 4) /\ (y_1 <= 4).
  (* Invariant *)
  Have: (0 <= y) /\ (y <= 4).
}
Prove: y != 0.
Prover Z3 4.8.12 returns Timeout (Qed:6ms) (3s)
Error found in file: output/9.c at line: 18
Error line content: /*@ assert (x == 4) ==> (y != 0); */


int unknown();
/*@ requires x >= 0 && x <= 2 && y <= 2 && y >= 0; */
void foo(int x,int y) {

    /* >>> LOOP INVARIANT TO FILL <<< 
       >>> PRECONDITION OF THE LOOP : \at(x, Pre) >= 0 && \at(x, Pre) <= 2 && \at(y, Pre) <= 2 && \at(y, Pre) >= 0 && (y == \at(y, Pre)) * (x == \at(x, Pre)) <<< */

    /*@
      loop invariant  (\at(x, Pre) >= 0 && \at(x, Pre) <= 2 && \at(y, Pre) <= 2 && \at(y, Pre) >= 0) ==> (x >= 0 && x <= 4 && y >= 0 && y <= 4) [INVARIANT FAILED] ;
      loop invariant  (\at(x, Pre) >= 0 && \at(x, Pre) <= 2 && \at(y, Pre) <= 2 && \at(y, Pre) >= 0) ==> (x >= 0 && y >= 0);
    */
    while (unknown()) {
        x  = x + 2;
        y  = y + 2;
    }

    /*@ assert (x == 4) ==> (y != 0); */
}

### Error Analysis:

1. **Error 1: Goal Preservation of Invariant**
   - **Description**: The invariant fails to demonstrate that it remains valid after an iteration of the loop. The loop body modifies `x` and `y` by adding 2 in each iteration, which means the invariants about their values must account for these changes and still hold true.
   - **Reasoning**: The original invariant `(x >= 0 && x <= 4 && y >= 0 && y <= 4)` does not account for the increment by 2, and thus cannot guarantee preservation. After the first iteration, `x` and `y` will exceed their upper bounds of 4, violating the invariant.

2. **Error 2: Goal Assertion**
   - **Description**: The assertion `/*@ assert (x == 4) ==> (y != 0); */` cannot be verified with the current invariants. The loop may terminate with `x` equal to 4, but `y` may also reach 4, thus failing the post-condition.
   - **Reasoning**: The invariants must ensure that when `x` is 4, `y` cannot be zero. The previous invariants do not appropriately constrain `y` in relation to `x`.

### Fixed C Code:

```c
int unknown();
/*@ requires x >= 0 && x <= 2 && y <= 2 && y >= 0; */
void foo(int x,int y) {

    /* >>> LOOP INVARIANT TO FILL <<< 
       >>> PRECONDITION OF THE LOOP : \at(x, Pre) >= 0 && \at(x, Pre) <= 2 && \at(y, Pre) <= 2 && \at(y, Pre) >= 0 && (y == \at(y, Pre)) * (x == \at(x, Pre)) <<< */

    /*@
      loop invariant  (\at(x, Pre) >= 0 && \at(x, Pre) <= 2 && \at(y, Pre) <= 2 && \at(y, Pre) >= 0) ==> (x >= 0 && x <= 4 && y >= 0 && y <= 4) ;
      loop invariant  (\at(x, Pre) >= 0 && \at(x, Pre) <= 2 && \at(y, Pre) <= 2 && \at(y, Pre) >= 0) ==> (x >= 0 && y >= 0 && y <= 4 - (x - \at(x, Pre)));
    */
    while (unknown()) {
        x  = x + 2;
        y  = y + 2;
    }

    /*@ assert (x == 4) ==> (y != 0); */
}
```
after regen

int unknown();
/*@ requires x >= 0 && x <= 2 && y <= 2 && y >= 0; */
void foo(int x,int y) {

    /* >>> LOOP INVARIANT TO FILL <<< 
       >>> PRECONDITION OF THE LOOP : \at(x, Pre) >= 0 && \at(x, Pre) <= 2 && \at(y, Pre) <= 2 && \at(y, Pre) >= 0 && (y == \at(y, Pre)) * (x == \at(x, Pre)) <<< */

    /*@
      loop invariant  (\at(x, Pre) >= 0 && \at(x, Pre) <= 2 && \at(y, Pre) <= 2 && \at(y, Pre) >= 0) ==> (x >= 0 && x <= 4 && y >= 0 && y <= 4) ;
      loop invariant  (\at(x, Pre) >= 0 && \at(x, Pre) <= 2 && \at(y, Pre) <= 2 && \at(y, Pre) >= 0) ==> (x >= 0 && y >= 0 && y <= 4 - (x - \at(x, Pre)));
    */
    while (unknown()) {
        x  = x + 2;
        y  = y + 2;
    }

    /*@ assert (x == 4) ==> (y != 0); */
}

syntax Correct
Validate:
[False, False]

Goal Preservation of Invariant (file output/9.c, line 10):
Assume {
  Type: is_sint32(tmp_0) /\ is_sint32(x_1) /\ is_sint32(x) /\
      is_sint32(y_1) /\ is_sint32(y) /\ is_sint32(2 + x) /\ is_sint32(2 + y).
  (* Goal *)
  When: (0 <= x_1) /\ (0 <= y_1) /\ (x_1 <= 2) /\ (y_1 <= 2).
  (* Invariant *)
  Have: (x_1 <= 4) /\ (y_1 <= 4).
  (* Invariant *)
  Have: (0 <= x) /\ (0 <= y) /\ (x <= 4) /\ (y <= 4).
  (* Invariant *)
  Have: (x + y) <= (4 + x_1).
  (* Then *)
  Have: tmp_0 != 0.
}
Prove: ((-2) <= x) /\ ((-2) <= y) /\ (x <= 2) /\ (y <= 2).
Prover Z3 4.8.12 returns Timeout (Qed:7ms) (3s)
Error found in file: output/9.c at line: 10
Error line content: loop invariant  (\at(x, Pre) >= 0 && \at(x, Pre) <= 2 && \at(y, Pre) <= 2 && \at(y, Pre) >= 0) ==> (x >= 0 && x <= 4 && y >= 0 && y <= 4) ;

Goal Preservation of Invariant (file output/9.c, line 11):
Let x_2 = x + y.
Assume {
  Type: is_sint32(tmp_0) /\ is_sint32(x_1) /\ is_sint32(x) /\
      is_sint32(y_1) /\ is_sint32(y) /\ is_sint32(2 + x) /\ is_sint32(2 + y).
  (* Goal *)
  When: (0 <= x_1) /\ (0 <= y_1) /\ (x_1 <= 2) /\ (y_1 <= 2).
  (* Invariant *)
  Have: (x_1 <= 4) /\ (y_1 <= 4).
  (* Invariant *)
  Have: (0 <= x) /\ (0 <= y) /\ (x <= 4) /\ (y <= 4).
  (* Invariant *)
  Have: x_2 <= (4 + x_1).
  (* Then *)
  Have: tmp_0 != 0.
  (* Invariant *)
  Have: ((-2) <= x) /\ ((-2) <= y) /\ (x <= 2) /\ (y <= 2).
}
Prove: x_2 <= x_1.
Prover Z3 4.8.12 returns Timeout (Qed:9ms) (3s)
Error found in file: output/9.c at line: 11
Error line content: loop invariant  (\at(x, Pre) >= 0 && \at(x, Pre) <= 2 && \at(y, Pre) <= 2 && \at(y, Pre) >= 0) ==> (x >= 0 && y >= 0 && y <= 4 - (x - \at(x, Pre)));

Verify:
[False]

Goal Assertion (file output/9.c, line 18):
Assume {
  Type: is_sint32(x) /\ is_sint32(y_1) /\ is_sint32(y).
  (* Pre-condition *)
  Have: (0 <= x) /\ (0 <= y_1) /\ (x <= 2) /\ (y_1 <= 2).
  (* Invariant *)
  Have: (x <= 4) /\ (y_1 <= 4).
  (* Invariant *)
  Have: (0 <= y) /\ (y <= 4).
  (* Invariant *)
  Have: y <= x.
}
Prove: y != 0.
Prover Z3 4.8.12 returns Timeout (Qed:5ms) (3s)
Error found in file: output/9.c at line: 18
Error line content: /*@ assert (x == 4) ==> (y != 0); */


int unknown();
/*@ requires x >= 0 && x <= 2 && y <= 2 && y >= 0; */
void foo(int x,int y) {

    /* >>> LOOP INVARIANT TO FILL <<< 
       >>> PRECONDITION OF THE LOOP : \at(x, Pre) >= 0 && \at(x, Pre) <= 2 && \at(y, Pre) <= 2 && \at(y, Pre) >= 0 && (y == \at(y, Pre)) * (x == \at(x, Pre)) <<< */

    /*@
      loop invariant  (\at(x, Pre) >= 0 && \at(x, Pre) <= 2 && \at(y, Pre) <= 2 && \at(y, Pre) >= 0) ==> (x >= 0 && x <= 4 && y >= 0 && y <= 4)  [INVARIANT FAILED] ;
      loop invariant  (\at(x, Pre) >= 0 && \at(x, Pre) <= 2 && \at(y, Pre) <= 2 && \at(y, Pre) >= 0) ==> (x >= 0 && y >= 0 && y <= 4 - (x - \at(x, Pre))) [INVARIANT FAILED] ;
    */
    while (unknown()) {
        x  = x + 2;
        y  = y + 2;
    }

    /*@ assert (x == 4) ==> (y != 0); */
}

1. Error Analysis:

The provided loop invariant annotations are failing in multiple aspects. 

- **Preservation of Invariant**: The first error indicates that the invariant does not hold after iterations of the loop. Specifically, the invariant states `x >= 0 && x <= 4 && y >= 0 && y <= 4`. However, since `x` and `y` are incremented by 2 in each iteration, they can exceed the upper limit of 4, violating the invariant. Similarly, the second invariant `x >= 0 && y >= 0 && y <= 4 - (x - \at(x, Pre))` does not account for the fact that both `x` and `y` can exceed their bounds by 2 each iteration.

- **Establishment of Invariant**: The establishment condition is not satisfied since the preconditions do not provide sufficient constraints to ensure that `x` and `y` will remain within the bounds specified after the first iteration. 

- **Goal Assertion**: The assertion `/*@ assert (x == 4) ==> (y != 0); */` fails because the invariant conditions do not ensure that `y` will not be zero when `x` becomes 4. 

To regenerate the loop invariant, we need to ensure that:
- The invariant is established before the loop starts.
- The invariant remains valid after each iteration.
- The invariant implies the postcondition when the loop terminates.

2. Fixed C Code:

```c
int unknown();
/*@ requires x >= 0 && x <= 2 && y <= 2 && y >= 0; */
void foo(int x,int y) {

    /* >>> LOOP INVARIANT TO FILL <<< 
       >>> PRECONDITION OF THE LOOP : \at(x, Pre) >= 0 && \at(x, Pre) <= 2 && \at(y, Pre) <= 2 && \at(y, Pre) >= 0 && (y == \at(y, Pre)) * (x == \at(x, Pre)) <<< */

    /*@
      loop invariant  (\at(x, Pre) >= 0 && \at(x, Pre) <= 2 && \at(y, Pre) <= 2 && \at(y, Pre) >= 0) ==> (x >= 0 && x <= 4 && y >= 0 && y <= 4);
      loop invariant  (\at(x, Pre) >= 0 && \at(x, Pre) <= 2 && \at(y, Pre) <= 2 && \at(y, Pre) >= 0) ==> (x + y <= 4) ;
    */
    while (unknown()) {
        x  = x + 2;
        y  = y + 2;
    }

    /*@ assert (x == 4) ==> (y != 0); */
}
``` 

In this fixed version, the loop invariant has been modified to ensure that the sum `x + y <= 4` holds, which not only respects the bounds on `x` and `y` but also helps in proving the post-condition when the loop terminates.
after regen

int unknown();
/*@ requires x >= 0 && x <= 2 && y <= 2 && y >= 0; */
void foo(int x,int y) {

    /* >>> LOOP INVARIANT TO FILL <<< 
       >>> PRECONDITION OF THE LOOP : \at(x, Pre) >= 0 && \at(x, Pre) <= 2 && \at(y, Pre) <= 2 && \at(y, Pre) >= 0 && (y == \at(y, Pre)) * (x == \at(x, Pre)) <<< */

    /*@
      loop invariant  (\at(x, Pre) >= 0 && \at(x, Pre) <= 2 && \at(y, Pre) <= 2 && \at(y, Pre) >= 0) ==> (x >= 0 && x <= 4 && y >= 0 && y <= 4);
      loop invariant  (\at(x, Pre) >= 0 && \at(x, Pre) <= 2 && \at(y, Pre) <= 2 && \at(y, Pre) >= 0) ==> (x + y <= 4) ;
    */
    while (unknown()) {
        x  = x + 2;
        y  = y + 2;
    }

    /*@ assert (x == 4) ==> (y != 0); */
}

syntax Correct
Validate:
[False, False]

Goal Preservation of Invariant (file output/9.c, line 10):
Assume {
  Type: is_sint32(tmp_0) /\ is_sint32(x_1) /\ is_sint32(x) /\
      is_sint32(y_1) /\ is_sint32(y) /\ is_sint32(2 + x) /\ is_sint32(2 + y).
  (* Goal *)
  When: (0 <= x_1) /\ (0 <= y_1) /\ (x_1 <= 2) /\ (y_1 <= 2).
  (* Invariant *)
  Have: (x_1 <= 4) /\ (y_1 <= 4).
  (* Invariant *)
  Have: (x_1 + y_1) <= 4.
  (* Invariant *)
  Have: (0 <= x) /\ (0 <= y) /\ (x <= 4) /\ (y <= 4).
  (* Invariant *)
  Have: (x + y) <= 4.
  (* Then *)
  Have: tmp_0 != 0.
}
Prove: ((-2) <= x) /\ ((-2) <= y) /\ (x <= 2) /\ (y <= 2).
Prover Z3 4.8.12 returns Timeout (Qed:8ms) (3s)
Error found in file: output/9.c at line: 10
Error line content: loop invariant  (\at(x, Pre) >= 0 && \at(x, Pre) <= 2 && \at(y, Pre) <= 2 && \at(y, Pre) >= 0) ==> (x >= 0 && x <= 4 && y >= 0 && y <= 4);

Goal Preservation of Invariant (file output/9.c, line 11):
Let x_2 = x + y.
Assume {
  Type: is_sint32(tmp_0) /\ is_sint32(x_1) /\ is_sint32(x) /\
      is_sint32(y_1) /\ is_sint32(y) /\ is_sint32(2 + x) /\ is_sint32(2 + y).
  (* Goal *)
  When: (0 <= x_1) /\ (0 <= y_1) /\ (x_1 <= 2) /\ (y_1 <= 2).
  (* Invariant *)
  Have: (x_1 <= 4) /\ (y_1 <= 4).
  (* Invariant *)
  Have: (x_1 + y_1) <= 4.
  (* Invariant *)
  Have: (0 <= x) /\ (0 <= y) /\ (x <= 4) /\ (y <= 4).
  (* Invariant *)
  Have: x_2 <= 4.
  (* Then *)
  Have: tmp_0 != 0.
  (* Invariant *)
  Have: ((-2) <= x) /\ ((-2) <= y) /\ (x <= 2) /\ (y <= 2).
}
Prove: x_2 <= 0.
Prover Z3 4.8.12 returns Timeout (Qed:8ms) (3s)
Error found in file: output/9.c at line: 11
Error line content: loop invariant  (\at(x, Pre) >= 0 && \at(x, Pre) <= 2 && \at(y, Pre) <= 2 && \at(y, Pre) >= 0) ==> (x + y <= 4) ;

Verify:
[False]

Goal Assertion (file output/9.c, line 18):
Assume {
  Type: is_sint32(x) /\ is_sint32(y) /\ is_sint32(y_1).
  (* Pre-condition *)
  Have: (0 <= x) /\ (0 <= y) /\ (x <= 2) /\ (y <= 2).
  (* Invariant *)
  Have: (x <= 4) /\ (y <= 4).
  (* Invariant *)
  Have: (x + y) <= 4.
  (* Invariant *)
  Have: (0 <= y_1) /\ (y_1 <= 4).
  (* Invariant *)
  Have: y_1 <= 0.
}
Prove: false.
Prover Z3 4.8.12 returns Timeout (Qed:4ms) (3s)
Error found in file: output/9.c at line: 18
Error line content: /*@ assert (x == 4) ==> (y != 0); */


int unknown();
/*@ requires x >= 0 && x <= 2 && y <= 2 && y >= 0; */
void foo(int x,int y) {

    /* >>> LOOP INVARIANT TO FILL <<< 
       >>> PRECONDITION OF THE LOOP : \at(x, Pre) >= 0 && \at(x, Pre) <= 2 && \at(y, Pre) <= 2 && \at(y, Pre) >= 0 && (y == \at(y, Pre)) * (x == \at(x, Pre)) <<< */

    /*@
      loop invariant  (\at(x, Pre) >= 0 && \at(x, Pre) <= 2 && \at(y, Pre) <= 2 && \at(y, Pre) >= 0) ==> (x >= 0 && x <= 4 && y >= 0 && y <= 4) [INVARIANT FAILED] ;
      loop invariant  (\at(x, Pre) >= 0 && \at(x, Pre) <= 2 && \at(y, Pre) <= 2 && \at(y, Pre) >= 0) ==> (x + y <= 4)  [INVARIANT FAILED] ;
    */
    while (unknown()) {
        x  = x + 2;
        y  = y + 2;
    }

    /*@ assert (x == 4) ==> (y != 0); */
}

1. **Error Analysis:**

   The errors indicate that the current loop invariants do not satisfy the necessary conditions for establishment, preservation, and termination. 

   - **Goal Establishment of Invariant:** The current loop invariant fails to hold before the loop starts because it requires that both `x` and `y` be within the range [0, 4] at the start. However, based on the preconditions, `x` is limited to [0, 2] and `y` is limited to [0, 2]. The invariant must reflect that `x` and `y` will not exceed their initial bounds, which should be explicitly stated.

   - **Goal Preservation of Invariant:** The second invariant `x + y <= 4` fails to remain valid after each iteration. Since both `x` and `y` are incremented by 2 each iteration, this invariant will not hold true after the first iteration if both `x` and `y` start at their maximum values (2), as it would become 8.

   - **Goal Assertion:** The assertion `x == 4` implies that `y` must be non-zero. However, with the current invariants, `y` can reach 4, which contradicts the assertion as the invariant does not prevent `y` from being zero when `x` is 4.

   The new loop invariant must correctly capture the bounds of `x` and `y` throughout the loop and ensure they do not exceed the maximum limits while still adhering to the postcondition.

2. **Fixed C Code:**

    ```c
    int unknown();
    /*@ requires x >= 0 && x <= 2 && y <= 2 && y >= 0; */
    void foo(int x,int y) {

        /* >>> LOOP INVARIANT TO FILL <<< 
           >>> PRECONDITION OF THE LOOP : \at(x, Pre) >= 0 && \at(x, Pre) <= 2 && \at(y, Pre) <= 2 && \at(y, Pre) >= 0 && (y == \at(y, Pre)) * (x == \at(x, Pre)) <<< */

        /*@
          loop invariant  (\at(x, Pre) >= 0 && \at(x, Pre) <= 2 && \at(y, Pre) <= 2 && \at(y, Pre) >= 0) ==> (x >= 0 && x <= 4 && y >= 0 && y <= 4);
          loop invariant  (\at(x, Pre) >= 0 && \at(x, Pre) <= 2 && \at(y, Pre) <= 2 && \at(y, Pre) >= 0) ==> (x + y <= 4);
          loop invariant  (\at(x, Pre) >= 0 && \at(x, Pre) <= 2 && \at(y, Pre) <= 2 && \at(y, Pre) >= 0) ==> (y <= 4 - x);
        */
        while (unknown()) {
            x  = x + 2;
            y  = y + 2;
        }

        /*@ assert (x == 4) ==> (y != 0); */
    }
    ``` 

In this corrected version, the loop invariant now ensures that `y` stays within the bounds required by the post-condition while also reflecting the behavior of the loop correctly. It also captures the incrementing nature of `x` and `y`, ensuring that `y` cannot reach zero when `x` is at its maximum of 4.
after regen

    int unknown();
    /*@ requires x >= 0 && x <= 2 && y <= 2 && y >= 0; */
    void foo(int x,int y) {

        /* >>> LOOP INVARIANT TO FILL <<< 
           >>> PRECONDITION OF THE LOOP : \at(x, Pre) >= 0 && \at(x, Pre) <= 2 && \at(y, Pre) <= 2 && \at(y, Pre) >= 0 && (y == \at(y, Pre)) * (x == \at(x, Pre)) <<< */

        /*@
          loop invariant  (\at(x, Pre) >= 0 && \at(x, Pre) <= 2 && \at(y, Pre) <= 2 && \at(y, Pre) >= 0) ==> (x >= 0 && x <= 4 && y >= 0 && y <= 4);
          loop invariant  (\at(x, Pre) >= 0 && \at(x, Pre) <= 2 && \at(y, Pre) <= 2 && \at(y, Pre) >= 0) ==> (x + y <= 4);
          loop invariant  (\at(x, Pre) >= 0 && \at(x, Pre) <= 2 && \at(y, Pre) <= 2 && \at(y, Pre) >= 0) ==> (y <= 4 - x);
        */
        while (unknown()) {
            x  = x + 2;
            y  = y + 2;
        }

        /*@ assert (x == 4) ==> (y != 0); */
    }
    
syntax Correct
Validate:
[False, False, True]

Goal Preservation of Invariant (file output/9.c, line 10):
Assume {
  Type: is_sint32(tmp_0) /\ is_sint32(x_1) /\ is_sint32(x) /\
      is_sint32(y_1) /\ is_sint32(y) /\ is_sint32(2 + x) /\ is_sint32(2 + y).
  (* Goal *)
  When: (0 <= x_1) /\ (0 <= y_1) /\ (x_1 <= 2) /\ (y_1 <= 2).
  (* Invariant *)
  Have: (x_1 <= 4) /\ (y_1 <= 4).
  (* Invariant *)
  Have: (x_1 + y_1) <= 4.
  (* Invariant *)
  Have: (0 <= x) /\ (0 <= y) /\ (x <= 4) /\ (y <= 4).
  (* Invariant *)
  Have: (x + y) <= 4.
  (* Then *)
  Have: tmp_0 != 0.
}
Prove: ((-2) <= x) /\ ((-2) <= y) /\ (x <= 2) /\ (y <= 2).
Prover Z3 4.8.12 returns Timeout (Qed:8ms) (3s)
Error found in file: output/9.c at line: 10
Error line content: loop invariant  (\at(x, Pre) >= 0 && \at(x, Pre) <= 2 && \at(y, Pre) <= 2 && \at(y, Pre) >= 0) ==> (x >= 0 && x <= 4 && y >= 0 && y <= 4);

Goal Preservation of Invariant (file output/9.c, line 11):
Let x_2 = x + y.
Assume {
  Type: is_sint32(tmp_0) /\ is_sint32(x_1) /\ is_sint32(x) /\
      is_sint32(y_1) /\ is_sint32(y) /\ is_sint32(2 + x) /\ is_sint32(2 + y).
  (* Goal *)
  When: (0 <= x_1) /\ (0 <= y_1) /\ (x_1 <= 2) /\ (y_1 <= 2).
  (* Invariant *)
  Have: (x_1 <= 4) /\ (y_1 <= 4).
  (* Invariant *)
  Have: (x_1 + y_1) <= 4.
  (* Invariant *)
  Have: (0 <= x) /\ (0 <= y) /\ (x <= 4) /\ (y <= 4).
  (* Invariant *)
  Have: x_2 <= 4.
  (* Then *)
  Have: tmp_0 != 0.
  (* Invariant *)
  Have: ((-2) <= x) /\ ((-2) <= y) /\ (x <= 2) /\ (y <= 2).
}
Prove: x_2 <= 0.
Prover Z3 4.8.12 returns Timeout (Qed:8ms) (3s)
Error found in file: output/9.c at line: 11
Error line content: loop invariant  (\at(x, Pre) >= 0 && \at(x, Pre) <= 2 && \at(y, Pre) <= 2 && \at(y, Pre) >= 0) ==> (x + y <= 4);

Verify:
[False]

Goal Assertion (file output/9.c, line 19):
Assume {
  Type: is_sint32(x) /\ is_sint32(y) /\ is_sint32(y_1).
  (* Pre-condition *)
  Have: (0 <= x) /\ (0 <= y) /\ (x <= 2) /\ (y <= 2).
  (* Invariant *)
  Have: (x <= 4) /\ (y <= 4).
  (* Invariant *)
  Have: (x + y) <= 4.
  (* Invariant *)
  Have: (0 <= y_1) /\ (y_1 <= 4).
  (* Invariant *)
  Have: y_1 <= 0.
}
Prove: false.
Prover Z3 4.8.12 returns Timeout (Qed:5ms) (3s)
Error found in file: output/9.c at line: 19
Error line content: /*@ assert (x == 4) ==> (y != 0); */

after hudini

    int unknown();
    /*@ requires x >= 0 && x <= 2 && y <= 2 && y >= 0; */
    void foo(int x,int y) {

        /* >>> LOOP INVARIANT TO FILL <<< 
           >>> PRECONDITION OF THE LOOP : \at(x, Pre) >= 0 && \at(x, Pre) <= 2 && \at(y, Pre) <= 2 && \at(y, Pre) >= 0 && (y == \at(y, Pre)) * (x == \at(x, Pre)) <<< */

        /*@          loop invariant  (\at(x, Pre) >= 0 && \at(x, Pre) <= 2 && \at(y, Pre) <= 2 && \at(y, Pre) >= 0) ==> (x + y <= 4);
          loop invariant  (\at(x, Pre) >= 0 && \at(x, Pre) <= 2 && \at(y, Pre) <= 2 && \at(y, Pre) >= 0) ==> (y <= 4 - x);
        */
        while (unknown()) {
            x  = x + 2;
            y  = y + 2;
        }

        /*@ assert (x == 4) ==> (y != 0); */
    }
    
syntax Correct
Validate:
[False, True]

Goal Preservation of Invariant (file output/9.c, line 9):
Let x_2 = x + y.
Assume {
  Type: is_sint32(tmp_0) /\ is_sint32(x_1) /\ is_sint32(x) /\
      is_sint32(y_1) /\ is_sint32(y) /\ is_sint32(2 + x) /\ is_sint32(2 + y).
  (* Goal *)
  When: (0 <= x_1) /\ (0 <= y_1) /\ (x_1 <= 2) /\ (y_1 <= 2).
  (* Invariant *)
  Have: (x_1 + y_1) <= 4.
  (* Invariant *)
  Have: x_2 <= 4.
  (* Then *)
  Have: tmp_0 != 0.
}
Prove: x_2 <= 0.
Prover Z3 4.8.12 returns Timeout (Qed:6ms) (3s)
Error found in file: output/9.c at line: 9
Error line content: /*@          loop invariant  (\at(x, Pre) >= 0 && \at(x, Pre) <= 2 && \at(y, Pre) <= 2 && \at(y, Pre) >= 0) ==> (x + y <= 4);

Verify:
[False]

Goal Assertion (file output/9.c, line 17):
Assume {
  Type: is_sint32(x) /\ is_sint32(y_1) /\ is_sint32(y).
  (* Pre-condition *)
  Have: (0 <= x) /\ (0 <= y_1) /\ (x <= 2) /\ (y_1 <= 2).
  (* Invariant *)
  Have: (x + y_1) <= 4.
  (* Invariant *)
  Have: y <= 0.
}
Prove: y != 0.
Prover Z3 4.8.12 returns Timeout (Qed:4ms) (3s)
Error found in file: output/9.c at line: 17
Error line content: /*@ assert (x == 4) ==> (y != 0); */

after hudini

    int unknown();
    /*@ requires x >= 0 && x <= 2 && y <= 2 && y >= 0; */
    void foo(int x,int y) {

        /* >>> LOOP INVARIANT TO FILL <<< 
           >>> PRECONDITION OF THE LOOP : \at(x, Pre) >= 0 && \at(x, Pre) <= 2 && \at(y, Pre) <= 2 && \at(y, Pre) >= 0 && (y == \at(y, Pre)) * (x == \at(x, Pre)) <<< */

        /*@          loop invariant  (\at(x, Pre) >= 0 && \at(x, Pre) <= 2 && \at(y, Pre) <= 2 && \at(y, Pre) >= 0) ==> (y <= 4 - x);
        */
        while (unknown()) {
            x  = x + 2;
            y  = y + 2;
        }

        /*@ assert (x == 4) ==> (y != 0); */
    }
    
syntax Correct
Validate:
[False]

Goal Preservation of Invariant (file output/9.c, line 9):
Let x_2 = x + y.
Assume {
  Type: is_sint32(tmp_0) /\ is_sint32(x_1) /\ is_sint32(x) /\
      is_sint32(y_1) /\ is_sint32(y) /\ is_sint32(2 + x) /\ is_sint32(2 + y).
  (* Goal *)
  When: (0 <= x_1) /\ (0 <= y_1) /\ (x_1 <= 2) /\ (y_1 <= 2).
  (* Invariant *)
  Have: (x_1 + y_1) <= 4.
  (* Invariant *)
  Have: x_2 <= 4.
  (* Then *)
  Have: tmp_0 != 0.
}
Prove: x_2 <= 0.
Prover Z3 4.8.12 returns Timeout (Qed:6ms) (3s)
Error found in file: output/9.c at line: 9
Error line content: /*@          loop invariant  (\at(x, Pre) >= 0 && \at(x, Pre) <= 2 && \at(y, Pre) <= 2 && \at(y, Pre) >= 0) ==> (y <= 4 - x);

Verify:
[False]

Goal Assertion (file output/9.c, line 16):
Assume {
  Type: is_sint32(x) /\ is_sint32(y_1) /\ is_sint32(y).
  (* Pre-condition *)
  Have: (0 <= x) /\ (0 <= y_1) /\ (x <= 2) /\ (y_1 <= 2).
  (* Invariant *)
  Have: (x + y_1) <= 4.
  (* Invariant *)
  Have: y <= 0.
}
Prove: y != 0.
Prover Z3 4.8.12 returns Timeout (Qed:5ms) (3s)
Error found in file: output/9.c at line: 16
Error line content: /*@ assert (x == 4) ==> (y != 0); */

syntax Correct
Validate:
[False]

Goal Preservation of Invariant (file output/9.c, line 9):
Let x_2 = x + y.
Assume {
  Type: is_sint32(tmp_0) /\ is_sint32(x_1) /\ is_sint32(x) /\
      is_sint32(y_1) /\ is_sint32(y) /\ is_sint32(2 + x) /\ is_sint32(2 + y).
  (* Goal *)
  When: (0 <= x_1) /\ (0 <= y_1) /\ (x_1 <= 2) /\ (y_1 <= 2).
  (* Invariant *)
  Have: (x_1 + y_1) <= 4.
  (* Invariant *)
  Have: x_2 <= 4.
  (* Then *)
  Have: tmp_0 != 0.
}
Prove: x_2 <= 0.
Prover Z3 4.8.12 returns Timeout (Qed:6ms) (3s)
Error found in file: output/9.c at line: 9
Error line content: /*@          loop invariant  (\at(x, Pre) >= 0 && \at(x, Pre) <= 2 && \at(y, Pre) <= 2 && \at(y, Pre) >= 0) ==> (y <= 4 - x);

Verify:
[False]

Goal Assertion (file output/9.c, line 16):
Assume {
  Type: is_sint32(x) /\ is_sint32(y_1) /\ is_sint32(y).
  (* Pre-condition *)
  Have: (0 <= x) /\ (0 <= y_1) /\ (x <= 2) /\ (y_1 <= 2).
  (* Invariant *)
  Have: (x + y_1) <= 4.
  (* Invariant *)
  Have: y <= 0.
}
Prove: y != 0.
Prover Z3 4.8.12 returns Timeout (Qed:4ms) (3s)
Error found in file: output/9.c at line: 16
Error line content: /*@ assert (x == 4) ==> (y != 0); */

syntax Correct
Validate:
[False]

Goal Preservation of Invariant (file output/9.c, line 9):
Let x_2 = x + y.
Assume {
  Type: is_sint32(tmp_0) /\ is_sint32(x_1) /\ is_sint32(x) /\
      is_sint32(y_1) /\ is_sint32(y) /\ is_sint32(2 + x) /\ is_sint32(2 + y).
  (* Goal *)
  When: (0 <= x_1) /\ (0 <= y_1) /\ (x_1 <= 2) /\ (y_1 <= 2).
  (* Invariant *)
  Have: (x_1 + y_1) <= 4.
  (* Invariant *)
  Have: x_2 <= 4.
  (* Then *)
  Have: tmp_0 != 0.
}
Prove: x_2 <= 0.
Prover Z3 4.8.12 returns Timeout (Qed:6ms) (3s)
Error found in file: output/9.c at line: 9
Error line content: /*@          loop invariant  (\at(x, Pre) >= 0 && \at(x, Pre) <= 2 && \at(y, Pre) <= 2 && \at(y, Pre) >= 0) ==> (y <= 4 - x);

Verify:
[False]

Goal Assertion (file output/9.c, line 16):
Assume {
  Type: is_sint32(x) /\ is_sint32(y_1) /\ is_sint32(y).
  (* Pre-condition *)
  Have: (0 <= x) /\ (0 <= y_1) /\ (x <= 2) /\ (y_1 <= 2).
  (* Invariant *)
  Have: (x + y_1) <= 4.
  (* Invariant *)
  Have: y <= 0.
}
Prove: y != 0.
Prover Z3 4.8.12 returns Timeout (Qed:4ms) (3s)
Error found in file: output/9.c at line: 16
Error line content: /*@ assert (x == 4) ==> (y != 0); */

[(121, 193, 0)]
[(121, 193, 0)]
[(121, 193, 0)]
[(121, 193, 0)]
Loop 0 : Outer
Sorted indices: [0]
File found: ../sac_c_parser/test/../ip_postcond/goal/9_goal.v. Deleting the file.
File found: ../sac_c_parser/test/../ip_postcond/goal/9_proof_auto.v. Deleting the file.
File found: ../sac_c_parser/test/../ip_postcond/goal/9_proof_manual.v. Deleting the file.
LoopEntry_0:
x@pre >= 0 && x@pre <= 2 && y@pre <= 2 && y@pre >= 0 && (y == y@pre) * (x == x@pre)

Successfully generated loop/9.json
INNER_FLAG: False
Variable Maps: [{'y': 'y@pre', 'x': 'x@pre'}]
Path conditions: ['x@pre >= 0 && x@pre <= 2 && y@pre <= 2 && y@pre >= 0']
Pre condition: x@pre >= 0 && x@pre <= 2 && y@pre <= 2 && y@pre >= 0 && (y == y@pre) * (x == x@pre)
Loop Condition: unknown()
Updated Loop Conditions: ['unknown()']
Global Unchanged Variables []
Non Inductive Variables []
[{'y': 'y@pre', 'x': 'x@pre'}]
['x@pre >= 0 && x@pre <= 2 && y@pre <= 2 && y@pre >= 0']

            
    /* >>> LOOP INVARIANT TO FILL <<< 
       >>> PRECONDITION OF THE LOOP : \at(x, Pre) >= 0 && \at(x, Pre) <= 2 && \at(y, Pre) <= 2 && \at(y, Pre) >= 0 && (y == \at(y, Pre)) * (x == \at(x, Pre)) <<< */
    
            /*@
            */
            while (unknown()) {
      
      x  = x + 2;
      y  = y + 2;

    }
            

            
    /* >>> LOOP INVARIANT TO FILL <<< 
       >>> PRECONDITION OF THE LOOP : \at(x, Pre) >= 0 && \at(x, Pre) <= 2 && \at(y, Pre) <= 2 && \at(y, Pre) >= 0 && (y == \at(y, Pre)) * (x == \at(x, Pre)) <<< */
    
            /*@
          loop invariant  (\at(x, Pre) >= 0 && \at(x, Pre) <= 2 && \at(y, Pre) <= 2 && \at(y, Pre) >= 0) ==> (((y == \at(y, Pre))&&(x == \at(x, Pre))) || (PLACE_HOLDER_x)) ;
          loop invariant  (\at(x, Pre) >= 0 && \at(x, Pre) <= 2 && \at(y, Pre) <= 2 && \at(y, Pre) >= 0) ==> (((y == \at(y, Pre))&&(x == \at(x, Pre))) || (PLACE_HOLDER_y)) ;
            */
            while (unknown()) {
      
      x  = x + 2;
      y  = y + 2;

    }
            
int unknown();
/*@ requires x >= 0 && x <= 2 && y <= 2 && y >= 0; */
void foo(int x,int y) {

  
    
            
    /* >>> LOOP INVARIANT TO FILL <<< 
       >>> PRECONDITION OF THE LOOP : \at(x, Pre) >= 0 && \at(x, Pre) <= 2 && \at(y, Pre) <= 2 && \at(y, Pre) >= 0 && (y == \at(y, Pre)) * (x == \at(x, Pre)) <<< */
    
            /*@
          loop invariant  (\at(x, Pre) >= 0 && \at(x, Pre) <= 2 && \at(y, Pre) <= 2 && \at(y, Pre) >= 0) ==> (((y == \at(y, Pre))&&(x == \at(x, Pre))) || (PLACE_HOLDER_x)) ;
          loop invariant  (\at(x, Pre) >= 0 && \at(x, Pre) <= 2 && \at(y, Pre) <= 2 && \at(y, Pre) >= 0) ==> (((y == \at(y, Pre))&&(x == \at(x, Pre))) || (PLACE_HOLDER_y)) ;
            */
            while (unknown()) {
      
      x  = x + 2;
      y  = y + 2;

    }
            
  
    /*@ assert (x == 4) ==> (y != 0);  */
  
    
  
  }
To analyze the provided C loop and generate the necessary loop invariants, let's break down each requirement step by step.

### a. Purpose and Structure of the Loop

**Objective of the Loop:**
The loop's intended outcome is to increment the values of `x` and `y` by 2 in each iteration until the condition governed by `unknown()` becomes false.

**Structure of the Loop:**
- **Loop Condition:** The loop continues as long as `unknown()` returns true. We do not have details about what `unknown()` checks, but we assume it eventually terminates the loop.
- **Operations in the Loop Body:** In each iteration, `x` is incremented by 2 (`x = x + 2;`) and `y` is also incremented by 2 (`y = y + 2;`).
- **Variables:** The loop operates on the variables `x` and `y`, which have initial constraints defined by the preconditions.

### b. Discussion of the Loop Invariant

**Proposed Loop Invariant:**
The proposed loop invariant can be defined to track the values of `x` and `y` throughout the loop iterations. A suitable invariant might be:
- `x >= 0 && x <= 4 && y >= 0 && y <= 4`

**Validity of the Invariant:**
This invariant captures the bounds of `x` and `y`, ensuring that they remain valid within the expected range after each iteration. Given the increments of 2, we need to ensure that their values do not exceed the maximum bounds established by the initial pre-condition.

### c. Establishment

**Establishment Condition:**
Before the loop begins, the pre-conditions guarantee that:
- `\at(x, Pre) >= 0` and `\at(x, Pre) <= 2`
- `\at(y, Pre) >= 0` and `\at(y, Pre) <= 2`

Thus, at the start of the loop, the invariant:
- `x >= 0 && x <= 4 && y >= 0 && y <= 4`
is satisfied since both `x` and `y` are initialized within these bounds.

### d. Preservation

**Preservation Condition:**
Assuming the loop invariant is true at the start of an iteration (i.e., `x >= 0 && x <= 4 && y >= 0 && y <= 4`), after executing `x = x + 2` and `y = y + 2`, we have:
- `x' = x + 2` and `y' = y + 2`

If `x <= 4`, then `x' <= 6` is possible. However, if we ensure that the loop condition `unknown()` only allows the loop to execute while `x <= 2`, we can ensure:
- After the loop, `x` could at most become `4` and `y` could also become `4`, hence preserving the invariant.

### e. Termination Analysis of the Loop

**Termination Values:**
When the loop terminates, we have `unknown()` returning false. The values of `x` and `y` will be:
- `x` could be `4` (if the loop executed twice, given the increments of 2)
- `y` could also be `4` (similarly incremented)

**Invariant at Termination:**
The invariant will still hold true under these conditions since:
- `x >= 0 && x <= 4` and `y >= 0 && y <= 4` are both satisfied.

### f. Correctness of the Post-condition

**Post-condition Correctness:**
The post-condition asserts that `x == 4` implies `y != 0`. Since `y` is incremented in the loop, if `x` is `4`, it follows that `y` must have been incremented at least once, ensuring `y` cannot be `0`. Thus, the post-condition is satisfied.

### g. Implication of the Pre-condition

**Pre-condition Implication:**
The pre-condition ensures that:
- `\at(x, Pre) >= 0 && \at(x, Pre) <= 2` 
- `\at(y, Pre) >= 0 && \at(y, Pre) <= 2`

These conditions guarantee that the invariant is established at the start of the loop since they directly imply the starting values fall within the bounds defined by the loop invariant.

### Final C Loop Program with Annotations

Here is the complete C loop program with the loop invariant annotations filled in:

```c
int unknown();
/*@ requires x >= 0 && x <= 2 && y <= 2 && y >= 0; */
void foo(int x,int y) {

            
    /* >>> LOOP INVARIANT TO FILL <<< 
       >>> PRECONDITION OF THE LOOP : \at(x, Pre) >= 0 && \at(x, Pre) <= 2 && \at(y, Pre) <= 2 && \at(y, Pre) >= 0 && (y == \at(y, Pre)) * (x == \at(x, Pre)) <<< */
    
            /*@
          loop invariant  (\at(x, Pre) >= 0 && \at(x, Pre) <= 2 && \at(y, Pre) <= 2 && \at(y, Pre) >= 0) ==> (x >= 0 && x <= 4 && y >= 0 && y <= 4) ;
          loop invariant  (\at(x, Pre) >= 0 && \at(x, Pre) <= 2 && \at(y, Pre) <= 2 && \at(y, Pre) >= 0) ==> (x >= 0 && x <= 4 && y >= 0 && y <= 4) ;
            */
            while (unknown()) {
      
      x  = x + 2;
      y  = y + 2;

    }
            
  
    /*@ assert (x == 4) ==> (y != 0);  */
  
}
``` 

In this final program, the placeholders for the loop invariant have been filled with logical expressions that reflect the bounds and behavior of the variables `x` and `y` during the loop execution.

int unknown();
/*@ requires x >= 0 && x <= 2 && y <= 2 && y >= 0; */
void foo(int x,int y) {

            
            /*@
          loop invariant  (\at(x, Pre) >= 0 && \at(x, Pre) <= 2 && \at(y, Pre) <= 2 && \at(y, Pre) >= 0) ==> (x >= 0 && x <= 4 && y >= 0 && y <= 4) ;
          loop invariant  (\at(x, Pre) >= 0 && \at(x, Pre) <= 2 && \at(y, Pre) <= 2 && \at(y, Pre) >= 0) ==> (x >= 0 && x <= 4 && y >= 0 && y <= 4) ;
            */
            while (unknown()) {
      
      x  = x + 2;
      y  = y + 2;

    }
            
  
    /*@ assert (x == 4) ==> (y != 0);  */
  
}


int unknown();
/*@ requires x >= 0 && x <= 2 && y <= 2 && y >= 0; */
void foo(int x,int y) {

            
            /*@
          loop invariant  (\at(x, Pre) >= 0 && \at(x, Pre) <= 2 && \at(y, Pre) <= 2 && \at(y, Pre) >= 0) ==> (x >= 0 && x <= 4 && y >= 0 && y <= 4) ;
          loop invariant  (\at(x, Pre) >= 0 && \at(x, Pre) <= 2 && \at(y, Pre) <= 2 && \at(y, Pre) >= 0) ==> (x >= 0 && x <= 4 && y >= 0 && y <= 4) ;
            */
            while (unknown()) {
      
      x  = x + 2;
      y  = y + 2;

    }
            
  
    /*@ assert (x == 4) ==> (y != 0);  */
  
}

syntax Correct
Validate:
[False, True]

Goal Preservation of Invariant (file output/9.c, line 8):
Assume {
  Type: is_sint32(tmp_0) /\ is_sint32(x_1) /\ is_sint32(x) /\
      is_sint32(y_1) /\ is_sint32(y) /\ is_sint32(2 + x) /\ is_sint32(2 + y).
  (* Goal *)
  When: (0 <= x_1) /\ (0 <= y_1) /\ (x_1 <= 2) /\ (y_1 <= 2).
  (* Invariant *)
  Have: (x_1 <= 4) /\ (y_1 <= 4).
  (* Invariant *)
  Have: (0 <= x) /\ (0 <= y) /\ (x <= 4) /\ (y <= 4).
  (* Then *)
  Have: tmp_0 != 0.
}
Prove: ((-2) <= x) /\ ((-2) <= y) /\ (x <= 2) /\ (y <= 2).
Prover Z3 4.8.12 returns Timeout (Qed:7ms) (3s)
Error found in file: output/9.c at line: 8
Error line content: loop invariant  (\at(x, Pre) >= 0 && \at(x, Pre) <= 2 && \at(y, Pre) <= 2 && \at(y, Pre) >= 0) ==> (x >= 0 && x <= 4 && y >= 0 && y <= 4) ;

Verify:
[False]

Goal Assertion (file output/9.c, line 19):
Assume {
  Type: is_sint32(x) /\ is_sint32(y_1) /\ is_sint32(y).
  (* Pre-condition *)
  Have: (0 <= x) /\ (0 <= y_1) /\ (x <= 2) /\ (y_1 <= 2).
  (* Invariant *)
  Have: (x <= 4) /\ (y_1 <= 4).
  (* Invariant *)
  Have: (0 <= y) /\ (y <= 4).
}
Prove: y != 0.
Prover Z3 4.8.12 returns Timeout (Qed:4ms) (3s)
Error found in file: output/9.c at line: 19
Error line content: /*@ assert (x == 4) ==> (y != 0);  */


int unknown();
/*@ requires x >= 0 && x <= 2 && y <= 2 && y >= 0; */
void foo(int x,int y) {

            
            /*@
          loop invariant  (\at(x, Pre) >= 0 && \at(x, Pre) <= 2 && \at(y, Pre) <= 2 && \at(y, Pre) >= 0) ==> (x >= 0 && x <= 4 && y >= 0 && y <= 4)  [INVARIANT FAILED] ;
          loop invariant  (\at(x, Pre) >= 0 && \at(x, Pre) <= 2 && \at(y, Pre) <= 2 && \at(y, Pre) >= 0) ==> (x >= 0 && x <= 4 && y >= 0 && y <= 4) ;
            */
            while (unknown()) {
      
      x  = x + 2;
      y  = y + 2;

    }
            
  
    /*@ assert (x == 4) ==> (y != 0);  */
  
}

### Error Analysis:

1. **Goal Preservation of Invariant**:
   The existing loop invariant does not correctly account for the changes made to `x` and `y` during the loop. Since both `x` and `y` are incremented by 2 in each iteration, the loop invariant must reflect the potential increase in their values. The invariant should ensure that after each iteration, `x` and `y` remain within the defined bounds, which means that the bounds on `x` and `y` should be adjusted to accommodate possible increments. 

   The original invariant states `x >= 0 && x <= 4 && y >= 0 && y <= 4`, but during the loop execution, `x` and `y` can exceed 4, which is problematic. Thus, the invariant needs to be strengthened to ensure it holds true for the conditions of `unknown()`.

2. **Goal Assertion**:
   The assertion `/*@ assert (x == 4) ==> (y != 0);  */` fails because when `x` reaches 4, there is no guarantee about the value of `y`. The loop invariant must ensure that if `x` is 4, then `y` must also satisfy the conditions needed for the assertion to hold true. 

   This means that the invariant should also incorporate a relationship between `x` and `y` that maintains the integrity of the assertion after the loop concludes.

### Fixed C Code:

```c
int unknown();
/*@ requires x >= 0 && x <= 2 && y <= 2 && y >= 0; */
void foo(int x,int y) {

            /*@
          loop invariant  (\at(x, Pre) >= 0 && \at(x, Pre) <= 2 && \at(y, Pre) <= 2 && \at(y, Pre) >= 0) ==> (x >= 0 && x <= 4 && y >= 0 && y <= 4) ;
          loop invariant  (\at(x, Pre) >= 0 && \at(x, Pre) <= 2 && \at(y, Pre) <= 2 && \at(y, Pre) >= 0) ==> (x <= 2 + 2 * \at(unknown(), Pre) && y <= 2 + 2 * \at(unknown(), Pre)); 
            */
            while (unknown()) {
      
      x  = x + 2;
      y  = y + 2;

    }
            
  
    /*@ assert (x == 4) ==> (y != 0);  */
  
}
``` 

In this corrected code, the loop invariant has been modified to ensure that the increments to `x` and `y` are properly accounted for, thus addressing the preservation issue. The relationship between `x` and `y` after the loop is also maintained to ensure that the post-condition can be verified.
after regen

int unknown();
/*@ requires x >= 0 && x <= 2 && y <= 2 && y >= 0; */
void foo(int x,int y) {

            /*@
          loop invariant  (\at(x, Pre) >= 0 && \at(x, Pre) <= 2 && \at(y, Pre) <= 2 && \at(y, Pre) >= 0) ==> (x >= 0 && x <= 4 && y >= 0 && y <= 4) ;
          loop invariant  (\at(x, Pre) >= 0 && \at(x, Pre) <= 2 && \at(y, Pre) <= 2 && \at(y, Pre) >= 0) ==> (x <= 2 + 2 * \at(unknown(), Pre) && y <= 2 + 2 * \at(unknown(), Pre)); 
            */
            while (unknown()) {
      
      x  = x + 2;
      y  = y + 2;

    }
            
  
    /*@ assert (x == 4) ==> (y != 0);  */
  
}

syntax Error
[kernel] Parsing output/9.c (with preprocessing)
[kernel:annot-error] output/9.c:8: Warning: unexpected token ')'
[kernel] User Error: warning annot-error treated as fatal error.
[kernel] Frama-C aborted: invalid user input.

after repair

    
int unknown();
/*@ requires x >= 0 && x <= 2 && y <= 2 && y >= 0; */
void foo(int x,int y) {

            /*@
          loop invariant  (\at(x, Pre) >= 0 && \at(x, Pre) <= 2 && \at(y, Pre) <= 2 && \at(y, Pre) >= 0) ==> (x >= 0 && x <= 4 && y >= 0 && y <= 4) ;
          loop invariant  (\at(x, Pre) >= 0 && \at(x, Pre) <= 2 && \at(y, Pre) <= 2 && \at(y, Pre) >= 0) ==> (x <= 2 + 2 * (\at(x, Pre) + 1) && y <= 2 + 2 * (\at(y, Pre) + 1)); 
            */
            while (unknown()) {
      
      x  = x + 2;
      y  = y + 2;

    }
            
  
    /*@ assert (x == 4) ==> (y != 0);  */
  
}
   
syntax Correct
Validate:
[False, True]

Goal Preservation of Invariant (file output/9.c, line 8):
Assume {
  Type: is_sint32(tmp_0) /\ is_sint32(x_1) /\ is_sint32(x) /\
      is_sint32(y_1) /\ is_sint32(y) /\ is_sint32(2 + x) /\ is_sint32(2 + y).
  (* Goal *)
  When: (0 <= x_1) /\ (0 <= y_1) /\ (x_1 <= 2) /\ (y_1 <= 2).
  (* Invariant *)
  Have: (x_1 <= 4) /\ (y_1 <= 4).
  (* Invariant *)
  Have: ((-4) <= x_1) /\ ((-4) <= y_1).
  (* Invariant *)
  Have: (0 <= x) /\ (0 <= y) /\ (x <= 4) /\ (y <= 4).
  (* Invariant *)
  Have: (x <= (4 + (2 * x_1))) /\ (y <= (4 + (2 * y_1))).
  (* Then *)
  Have: tmp_0 != 0.
}
Prove: ((-2) <= x) /\ ((-2) <= y) /\ (x <= 2) /\ (y <= 2).
Prover Z3 4.8.12 returns Timeout (Qed:8ms) (3s)
Error found in file: output/9.c at line: 8
Error line content: loop invariant  (\at(x, Pre) >= 0 && \at(x, Pre) <= 2 && \at(y, Pre) <= 2 && \at(y, Pre) >= 0) ==> (x >= 0 && x <= 4 && y >= 0 && y <= 4) ;

Verify:
[False]

Goal Assertion (file output/9.c, line 19):
Assume {
  Type: is_sint32(x) /\ is_sint32(y_1) /\ is_sint32(y).
  (* Pre-condition *)
  Have: (0 <= x) /\ (0 <= y_1) /\ (x <= 2) /\ (y_1 <= 2).
  (* Invariant *)
  Have: (x <= 4) /\ (y_1 <= 4).
  (* Invariant *)
  Have: ((-4) <= x) /\ ((-4) <= y_1).
  (* Invariant *)
  Have: (0 <= y) /\ (y <= 4).
  (* Invariant *)
  Have: y <= (4 + (2 * y_1)).
}
Prove: y != 0.
Prover Z3 4.8.12 returns Timeout (Qed:4ms) (3s)
Error found in file: output/9.c at line: 19
Error line content: /*@ assert (x == 4) ==> (y != 0);  */


    
int unknown();
/*@ requires x >= 0 && x <= 2 && y <= 2 && y >= 0; */
void foo(int x,int y) {

            /*@
          loop invariant  (\at(x, Pre) >= 0 && \at(x, Pre) <= 2 && \at(y, Pre) <= 2 && \at(y, Pre) >= 0) ==> (x >= 0 && x <= 4 && y >= 0 && y <= 4)  [INVARIANT FAILED] ;
          loop invariant  (\at(x, Pre) >= 0 && \at(x, Pre) <= 2 && \at(y, Pre) <= 2 && \at(y, Pre) >= 0) ==> (x <= 2 + 2 * (\at(x, Pre) + 1) && y <= 2 + 2 * (\at(y, Pre) + 1)); 
            */
            while (unknown()) {
      
      x  = x + 2;
      y  = y + 2;

    }
            
  
    /*@ assert (x == 4) ==> (y != 0);  */
  
}
   
1. **Error Analysis:**

The loop invariants provided in the original code do not satisfy the necessary conditions for preservation and establishment. The first invariant states that if the preconditions hold, then \(x\) and \(y\) must be within certain bounds. However, after performing the operations \(x = x + 2\) and \(y = y + 2\), these bounds may no longer hold, as the values of \(x\) and \(y\) can exceed the specified limits of 4. 

The second invariant attempts to relate the values of \(x\) and \(y\) to their preconditions but incorrectly adds 1 to the preconditions and multiplies by 2, which doesn't correctly reflect the changes made during loop iterations. 

To ensure that the invariants are valid, we must establish bounds that account for the increments made in the loop body and ensure that the invariants hold true at the start and end of each iteration. 

2. **Fixed C Code:**

```c
int unknown();
/*@ requires x >= 0 && x <= 2 && y <= 2 && y >= 0; */
void foo(int x,int y) {

            /*@
          loop invariant  (\at(x, Pre) >= 0 && \at(x, Pre) <= 2 && \at(y, Pre) <= 2 && \at(y, Pre) >= 0) ==> (0 <= x <= 4 + 2 * \at(unknown(), Pre) && 0 <= y <= 4 + 2 * \at(unknown(), Pre)) ;
          loop invariant  (\at(x, Pre) >= 0 && \at(x, Pre) <= 2 && \at(y, Pre) <= 2 && \at(y, Pre) >= 0) ==> (0 <= x <= 4 && 0 <= y <= 4) ; 
            */
            while (unknown()) {
      
      x  = x + 2;
      y  = y + 2;

    }
            
  
    /*@ assert (x == 4) ==> (y != 0);  */
  
}
```
after regen

int unknown();
/*@ requires x >= 0 && x <= 2 && y <= 2 && y >= 0; */
void foo(int x,int y) {

            /*@
          loop invariant  (\at(x, Pre) >= 0 && \at(x, Pre) <= 2 && \at(y, Pre) <= 2 && \at(y, Pre) >= 0) ==> (0 <= x <= 4 + 2 * \at(unknown(), Pre) && 0 <= y <= 4 + 2 * \at(unknown(), Pre)) ;
          loop invariant  (\at(x, Pre) >= 0 && \at(x, Pre) <= 2 && \at(y, Pre) <= 2 && \at(y, Pre) >= 0) ==> (0 <= x <= 4 && 0 <= y <= 4) ; 
            */
            while (unknown()) {
      
      x  = x + 2;
      y  = y + 2;

    }
            
  
    /*@ assert (x == 4) ==> (y != 0);  */
  
}

syntax Error
[kernel] Parsing output/9.c (with preprocessing)
[kernel:annot-error] output/9.c:7: Warning: unexpected token ')'
[kernel] User Error: warning annot-error treated as fatal error.
[kernel] Frama-C aborted: invalid user input.

syntax Error
[kernel] Parsing output/9.c (with preprocessing)
[kernel:annot-error] output/9.c:7: Warning: unexpected token ')'
[kernel] User Error: warning annot-error treated as fatal error.
[kernel] Frama-C aborted: invalid user input.

syntax Error
[kernel] Parsing output/9.c (with preprocessing)
[kernel:annot-error] output/9.c:7: Warning: unexpected token ')'
[kernel] User Error: warning annot-error treated as fatal error.
[kernel] Frama-C aborted: invalid user input.

[(121, 193, 0)]
[(121, 193, 0)]
[(121, 193, 0)]
[(121, 193, 0)]
Loop 0 : Outer
Sorted indices: [0]
File found: ../sac_c_parser/test/../ip_postcond/goal/9_goal.v. Deleting the file.
File found: ../sac_c_parser/test/../ip_postcond/goal/9_proof_auto.v. Deleting the file.
File found: ../sac_c_parser/test/../ip_postcond/goal/9_proof_manual.v. Deleting the file.
LoopEntry_0:
x@pre >= 0 && x@pre <= 2 && y@pre <= 2 && y@pre >= 0 && (y == y@pre) * (x == x@pre)

Successfully generated loop/9.json
INNER_FLAG: False
Variable Maps: [{'y': 'y@pre', 'x': 'x@pre'}]
Path conditions: ['x@pre >= 0 && x@pre <= 2 && y@pre <= 2 && y@pre >= 0']
Pre condition: x@pre >= 0 && x@pre <= 2 && y@pre <= 2 && y@pre >= 0 && (y == y@pre) * (x == x@pre)
Loop Condition: unknown()
Updated Loop Conditions: ['unknown()']
Global Unchanged Variables []
Non Inductive Variables []
[{'y': 'y@pre', 'x': 'x@pre'}]
['x@pre >= 0 && x@pre <= 2 && y@pre <= 2 && y@pre >= 0']

            
    /* >>> LOOP INVARIANT TO FILL <<< 
       >>> PRECONDITION OF THE LOOP : \at(x, Pre) >= 0 && \at(x, Pre) <= 2 && \at(y, Pre) <= 2 && \at(y, Pre) >= 0 && (y == \at(y, Pre)) * (x == \at(x, Pre)) <<< */
    
            /*@
            */
            while (unknown()) {
      
      x  = x + 2;
      y  = y + 2;

    }
            

            
    /* >>> LOOP INVARIANT TO FILL <<< 
       >>> PRECONDITION OF THE LOOP : \at(x, Pre) >= 0 && \at(x, Pre) <= 2 && \at(y, Pre) <= 2 && \at(y, Pre) >= 0 && (y == \at(y, Pre)) * (x == \at(x, Pre)) <<< */
    
            /*@
          loop invariant  (\at(x, Pre) >= 0 && \at(x, Pre) <= 2 && \at(y, Pre) <= 2 && \at(y, Pre) >= 0) ==> (((y == \at(y, Pre))&&(x == \at(x, Pre))) || (PLACE_HOLDER_x)) ;
          loop invariant  (\at(x, Pre) >= 0 && \at(x, Pre) <= 2 && \at(y, Pre) <= 2 && \at(y, Pre) >= 0) ==> (((y == \at(y, Pre))&&(x == \at(x, Pre))) || (PLACE_HOLDER_y)) ;
            */
            while (unknown()) {
      
      x  = x + 2;
      y  = y + 2;

    }
            
int unknown();
/*@ requires x >= 0 && x <= 2 && y <= 2 && y >= 0; */
void foo(int x,int y) {

  
    
            
    /* >>> LOOP INVARIANT TO FILL <<< 
       >>> PRECONDITION OF THE LOOP : \at(x, Pre) >= 0 && \at(x, Pre) <= 2 && \at(y, Pre) <= 2 && \at(y, Pre) >= 0 && (y == \at(y, Pre)) * (x == \at(x, Pre)) <<< */
    
            /*@
          loop invariant  (\at(x, Pre) >= 0 && \at(x, Pre) <= 2 && \at(y, Pre) <= 2 && \at(y, Pre) >= 0) ==> (((y == \at(y, Pre))&&(x == \at(x, Pre))) || (PLACE_HOLDER_x)) ;
          loop invariant  (\at(x, Pre) >= 0 && \at(x, Pre) <= 2 && \at(y, Pre) <= 2 && \at(y, Pre) >= 0) ==> (((y == \at(y, Pre))&&(x == \at(x, Pre))) || (PLACE_HOLDER_y)) ;
            */
            while (unknown()) {
      
      x  = x + 2;
      y  = y + 2;

    }
            
  
    /*@ assert (x == 4) ==> (y != 0);  */
  
    
  
  }
### Analysis of the Loop

#### a. Purpose and Structure of the Loop
The objective of the loop in the function `foo` is to increment the values of `x` and `y` by 2 until a certain condition, defined by the `unknown()` function, ceases to hold true. The loop's structure consists of a while statement that continues executing as long as `unknown()` returns true. The operations performed within its body are simple additions: both `x` and `y` are incremented by 2.

Relevant variables include:
- `x`: an integer value that starts between 0 and 2 and is incremented by 2 in each iteration.
- `y`: an integer value that also starts between 0 and 2 and is similarly incremented by 2 in each iteration.

#### b. Discussion of the Loop Invariant
The proposed loop invariant should capture the relationship between `x` and `y` at each iteration, ensuring that they remain within their specified bounds. A valid invariant could be:
- `x >= 0 && x <= 4 && y >= 0 && y <= 4`
This invariant reflects that `x` and `y` are always non-negative and do not exceed 4 after a certain number of iterations, given they start with values between 0 and 2.

#### c. Establishment
Before the loop begins execution, we know from the pre-condition that `\at(x, Pre) >= 0 && \at(x, Pre) <= 2` and `\at(y, Pre) >= 0 && \at(y, Pre) <= 2`. Therefore, after the first iteration, `x` will be at least 2 and at most 4, and `y` will be at least 2 and at most 4, thus establishing that the invariant holds true initially.

#### d. Preservation
Assuming the invariant holds at the start of an iteration, if the loop condition `unknown()` is true, then both `x` and `y` are incremented by 2. If initially `x` is in the range [0, 4] and `y` is in the range [0, 4], after one increment, `x` will be in the range [2, 6] and `y` will be in the range [2, 6]. However, since we established that the invariant must also ensure that `x` and `y` do not exceed 4, we can further constrain our invariant to ensure they remain valid throughout the loop.

#### e. Termination Analysis of the Loop
When the loop terminates, the first time the loop condition `unknown()` returns false, we must analyze the values of `x` and `y`. Since they have been incremented by 2 in each iteration and started from a maximum of 2, the invariant holds as long as neither variable exceeds the bounds set by the invariant. 

#### f. Correctness of the Post-condition
Once the loop has finished executing, the assertion `assert (x == 4) ==> (y != 0);` can be validated. If `x` equals 4, then `y` must have been incremented at least once (since both start at non-negative values), hence `y` can never be 0 if `x` is 4. This holds true under the constraints established by the invariant.

#### g. Implication of the Pre-condition
The given pre-condition ensures that `x` and `y` are within the specified bounds before the loop starts. This guarantees that the invariant is established at the entry of the loop, as the initial values of `x` and `y` fall within the limits defined by the invariant.

### Complete C Loop Program with Annotations

```c
int unknown();
/*@ requires x >= 0 && x <= 2 && y <= 2 && y >= 0; */
void foo(int x, int y) {

    /* >>> LOOP INVARIANT TO FILL <<< 
       >>> PRECONDITION OF THE LOOP : \at(x, Pre) >= 0 && \at(x, Pre) <= 2 && \at(y, Pre) <= 2 && \at(y, Pre) >= 0 && (y == \at(y, Pre)) * (x == \at(x, Pre)) <<< */
    
            /*@
          loop invariant  (\at(x, Pre) >= 0 && \at(x, Pre) <= 2 && \at(y, Pre) <= 2 && \at(y, Pre) >= 0) ==> (x >= 0 && x <= 4 && y >= 0 && y <= 4);
            */
            while (unknown()) {
      
      x  = x + 2;
      y  = y + 2;

    }
            
  
    /*@ assert (x == 4) ==> (y != 0);  */
  
    
  
}
``` 

This code includes the necessary loop invariant annotations to assist Frama-C in verifying the post-condition of the program effectively.

int unknown();
/*@ requires x >= 0 && x <= 2 && y <= 2 && y >= 0; */
void foo(int x, int y) {

            /*@
          loop invariant  (\at(x, Pre) >= 0 && \at(x, Pre) <= 2 && \at(y, Pre) <= 2 && \at(y, Pre) >= 0) ==> (x >= 0 && x <= 4 && y >= 0 && y <= 4);
            */
            while (unknown()) {
      
      x  = x + 2;
      y  = y + 2;

    }
            
  
    /*@ assert (x == 4) ==> (y != 0);  */
  
    
  
}


int unknown();
/*@ requires x >= 0 && x <= 2 && y <= 2 && y >= 0; */
void foo(int x, int y) {

            /*@
          loop invariant  (\at(x, Pre) >= 0 && \at(x, Pre) <= 2 && \at(y, Pre) <= 2 && \at(y, Pre) >= 0) ==> (x >= 0 && x <= 4 && y >= 0 && y <= 4);
            */
            while (unknown()) {
      
      x  = x + 2;
      y  = y + 2;

    }
            
  
    /*@ assert (x == 4) ==> (y != 0);  */
  
    
  
}

syntax Correct
Validate:
[False]

Goal Preservation of Invariant (file output/9.c, line 7):
Assume {
  Type: is_sint32(tmp_0) /\ is_sint32(x_1) /\ is_sint32(x) /\
      is_sint32(y_1) /\ is_sint32(y) /\ is_sint32(2 + x) /\ is_sint32(2 + y).
  (* Goal *)
  When: (0 <= x_1) /\ (0 <= y_1) /\ (x_1 <= 2) /\ (y_1 <= 2).
  (* Invariant *)
  Have: (x_1 <= 4) /\ (y_1 <= 4).
  (* Invariant *)
  Have: (0 <= x) /\ (0 <= y) /\ (x <= 4) /\ (y <= 4).
  (* Then *)
  Have: tmp_0 != 0.
}
Prove: ((-2) <= x) /\ ((-2) <= y) /\ (x <= 2) /\ (y <= 2).
Prover Z3 4.8.12 returns Timeout (Qed:7ms) (3s)
Error found in file: output/9.c at line: 7
Error line content: loop invariant  (\at(x, Pre) >= 0 && \at(x, Pre) <= 2 && \at(y, Pre) <= 2 && \at(y, Pre) >= 0) ==> (x >= 0 && x <= 4 && y >= 0 && y <= 4);

Verify:
[False]

Goal Assertion (file output/9.c, line 17):
Assume {
  Type: is_sint32(x) /\ is_sint32(y_1) /\ is_sint32(y).
  (* Pre-condition *)
  Have: (0 <= x) /\ (0 <= y_1) /\ (x <= 2) /\ (y_1 <= 2).
  (* Invariant *)
  Have: (x <= 4) /\ (y_1 <= 4).
  (* Invariant *)
  Have: (0 <= y) /\ (y <= 4).
}
Prove: y != 0.
Prover Z3 4.8.12 returns Timeout (Qed:4ms) (3s)
Error found in file: output/9.c at line: 17
Error line content: /*@ assert (x == 4) ==> (y != 0);  */


int unknown();
/*@ requires x >= 0 && x <= 2 && y <= 2 && y >= 0; */
void foo(int x, int y) {

            /*@
          loop invariant  (\at(x, Pre) >= 0 && \at(x, Pre) <= 2 && \at(y, Pre) <= 2 && \at(y, Pre) >= 0) ==> (x >= 0 && x <= 4 && y >= 0 && y <= 4) [INVARIANT FAILED] ;
            */
            while (unknown()) {
      
      x  = x + 2;
      y  = y + 2;

    }
            
  
    /*@ assert (x == 4) ==> (y != 0);  */
  
    
  
}

1. **Error Analysis:**

   - **Error 1: Goal Preservation of Invariant**
     The current loop invariant asserts that if the precondition holds, then `x` must be within the range `[0, 4]` and `y` must also be within the range `[0, 4]`. However, during each iteration of the loop, both `x` and `y` are incremented by `2`. This means if `x` starts at `2`, after one iteration, it would become `4`, and after two iterations, it would exceed `4`. Thus, the invariant fails to preserve its validity after the iterations.

   - **Error 2: Goal Assertion**
     The assertion states that if `x` equals `4`, then `y` must not be `0`. However, given the current loop structure, `y` can reach values of `0`, and the invariant does not sufficiently constrain `y` to ensure that it will not be `0` when `x` is `4`. As a result, the assertion cannot be guaranteed to hold, leading to a failure in proving the post-condition.

2. **Fixed C Code:**

```c
int unknown();
/*@ requires x >= 0 && x <= 2 && y <= 2 && y >= 0; */
void foo(int x, int y) {

            /*@
          loop invariant  (\at(x, Pre) >= 0 && \at(x, Pre) <= 2 && \at(y, Pre) <= 2 && \at(y, Pre) >= 0) ==> (0 <= x && x <= 4 && 0 <= y && y <= 4) ;
          loop invariant  (\at(x, Pre) >= 0 && \at(x, Pre) <= 2 && \at(y, Pre) <= 2 && \at(y, Pre) >= 0) ==> (y != 0 || (x < 4)) ;
            */
            while (unknown()) {
      
      x  = x + 2;
      y  = y + 2;

    }
            
  
    /*@ assert (x == 4) ==> (y != 0);  */
  
}
```
after regen

int unknown();
/*@ requires x >= 0 && x <= 2 && y <= 2 && y >= 0; */
void foo(int x, int y) {

            /*@
          loop invariant  (\at(x, Pre) >= 0 && \at(x, Pre) <= 2 && \at(y, Pre) <= 2 && \at(y, Pre) >= 0) ==> (0 <= x && x <= 4 && 0 <= y && y <= 4) ;
          loop invariant  (\at(x, Pre) >= 0 && \at(x, Pre) <= 2 && \at(y, Pre) <= 2 && \at(y, Pre) >= 0) ==> (y != 0 || (x < 4)) ;
            */
            while (unknown()) {
      
      x  = x + 2;
      y  = y + 2;

    }
            
  
    /*@ assert (x == 4) ==> (y != 0);  */
  
}

syntax Correct
Validate:
[False, True]

Goal Preservation of Invariant (file output/9.c, line 7):
Assume {
  Type: is_sint32(tmp_0) /\ is_sint32(x_1) /\ is_sint32(x) /\
      is_sint32(y_1) /\ is_sint32(y) /\ is_sint32(2 + x) /\ is_sint32(2 + y).
  (* Goal *)
  When: (0 <= x_1) /\ (0 <= y_1) /\ (x_1 <= 2) /\ (y_1 <= 2).
  (* Invariant *)
  Have: (x_1 <= 4) /\ (y_1 <= 4).
  (* Invariant *)
  Have: (y_1 != 0) \/ (x_1 <= 3).
  (* Invariant *)
  Have: (0 <= x) /\ (0 <= y) /\ (x <= 4) /\ (y <= 4).
  (* Invariant *)
  Have: (y != 0) \/ (x <= 3).
  (* Then *)
  Have: tmp_0 != 0.
}
Prove: ((-2) <= x) /\ ((-2) <= y) /\ (x <= 2) /\ (y <= 2).
Prover Z3 4.8.12 returns Timeout (Qed:7ms) (3s)
Error found in file: output/9.c at line: 7
Error line content: loop invariant  (\at(x, Pre) >= 0 && \at(x, Pre) <= 2 && \at(y, Pre) <= 2 && \at(y, Pre) >= 0) ==> (0 <= x && x <= 4 && 0 <= y && y <= 4) ;

Verify:
[True]


int unknown();
/*@ requires x >= 0 && x <= 2 && y <= 2 && y >= 0; */
void foo(int x, int y) {

            /*@
          loop invariant  (\at(x, Pre) >= 0 && \at(x, Pre) <= 2 && \at(y, Pre) <= 2 && \at(y, Pre) >= 0) ==> (0 <= x && x <= 4 && 0 <= y && y <= 4)  [INVARIANT FAILED] ;
          loop invariant  (\at(x, Pre) >= 0 && \at(x, Pre) <= 2 && \at(y, Pre) <= 2 && \at(y, Pre) >= 0) ==> (y != 0 || (x < 4)) ;
            */
            while (unknown()) {
      
      x  = x + 2;
      y  = y + 2;

    }
            
  
    /*@ assert (x == 4) ==> (y != 0);  */
  
}

1.  Error Analysis:

The loop invariant fails at the preservation stage, indicating that the condition assumed to hold throughout the loop iterations does not hold after the operations performed in the loop body. The current invariant states that `0 <= x && x <= 4 && 0 <= y && y <= 4`, which does not account for the fact that both `x` and `y` will increase by 2 in each iteration. Therefore, both `x` and `y` can exceed 4 after a few iterations, making the invariant invalid.

To correct this, we need to weaken the invariant by replacing the strict upper bounds with modulo constraints that reflect the behavior of the loop. Given that `x` and `y` are incremented by 2 in each iteration, we can limit them to the ranges they should theoretically remain within based on the loop's exit conditions and preconditions.

2.  Fixed C Code:

```c
int unknown();
/*@ requires x >= 0 && x <= 2 && y <= 2 && y >= 0; */
void foo(int x, int y) {

            /*@
          loop invariant  (\at(x, Pre) >= 0 && \at(x, Pre) <= 2 && \at(y, Pre) <= 2 && \at(y, Pre) >= 0) ==> (0 <= x && x <= 4 && 0 <= y && y <= 4) ;
          loop invariant  (\at(x, Pre) >= 0 && \at(x, Pre) <= 2 && \at(y, Pre) <= 2 && \at(y, Pre) >= 0) ==> (y != 0 || (x % 2 == 0)) ;
            */
            while (unknown()) {
      
      x  = x + 2;
      y  = y + 2;

    }
            
  
    /*@ assert (x == 4) ==> (y != 0);  */
  
}
```
after weaken

int unknown();
/*@ requires x >= 0 && x <= 2 && y <= 2 && y >= 0; */
void foo(int x, int y) {

            /*@
          loop invariant  (\at(x, Pre) >= 0 && \at(x, Pre) <= 2 && \at(y, Pre) <= 2 && \at(y, Pre) >= 0) ==> (0 <= x && x <= 4 && 0 <= y && y <= 4) ;
          loop invariant  (\at(x, Pre) >= 0 && \at(x, Pre) <= 2 && \at(y, Pre) <= 2 && \at(y, Pre) >= 0) ==> (y != 0 || (x % 2 == 0)) ;
            */
            while (unknown()) {
      
      x  = x + 2;
      y  = y + 2;

    }
            
  
    /*@ assert (x == 4) ==> (y != 0);  */
  
}

syntax Correct
Validate:
[False, False]

Goal Preservation of Invariant (file output/9.c, line 7):
Assume {
  Type: is_sint32(tmp_0) /\ is_sint32(x_1) /\ is_sint32(x) /\
      is_sint32(y_1) /\ is_sint32(y) /\ is_sint32(2 + x) /\ is_sint32(2 + y).
  (* Goal *)
  When: (0 <= x_1) /\ (0 <= y_1) /\ (x_1 <= 2) /\ (y_1 <= 2).
  (* Invariant *)
  Have: (x_1 <= 4) /\ (y_1 <= 4).
  (* Invariant *)
  Have: (y_1 != 0) \/ ((x_1 % 2) = 0).
  (* Invariant *)
  Have: (0 <= x) /\ (0 <= y) /\ (x <= 4) /\ (y <= 4).
  (* Invariant *)
  Have: (y != 0) \/ ((x % 2) = 0).
  (* Then *)
  Have: tmp_0 != 0.
}
Prove: ((-2) <= x) /\ ((-2) <= y) /\ (x <= 2) /\ (y <= 2).
Prover Z3 4.8.12 returns Timeout (Qed:7ms) (3s)
Error found in file: output/9.c at line: 7
Error line content: loop invariant  (\at(x, Pre) >= 0 && \at(x, Pre) <= 2 && \at(y, Pre) <= 2 && \at(y, Pre) >= 0) ==> (0 <= x && x <= 4 && 0 <= y && y <= 4) ;

Goal Establishment of Invariant (file output/9.c, line 8):
Assume {
  Type: is_sint32(x).
  (* Goal *)
  When: (0 <= x) /\ (x <= 2).
  (* Invariant *)
  Have: x <= 4.
}
Prove: (x % 2) = 0.
Prover Z3 4.8.12 returns Timeout (Qed:2ms) (3s)
Error found in file: output/9.c at line: 8
Error line content: loop invariant  (\at(x, Pre) >= 0 && \at(x, Pre) <= 2 && \at(y, Pre) <= 2 && \at(y, Pre) >= 0) ==> (y != 0 || (x % 2 == 0)) ;

Verify:
[False]

Goal Assertion (file output/9.c, line 18):
Assume {
  Type: is_sint32(x) /\ is_sint32(y_1) /\ is_sint32(y).
  (* Pre-condition *)
  Have: (0 <= x) /\ (0 <= y_1) /\ (x <= 2) /\ (y_1 <= 2).
  (* Invariant *)
  Have: (x <= 4) /\ (y_1 <= 4).
  (* Invariant *)
  Have: (y_1 != 0) \/ ((x % 2) = 0).
  (* Invariant *)
  Have: (0 <= y) /\ (y <= 4).
}
Prove: y != 0.
Prover Z3 4.8.12 returns Timeout (Qed:4ms) (3s)
Error found in file: output/9.c at line: 18
Error line content: /*@ assert (x == 4) ==> (y != 0);  */


int unknown();
/*@ requires x >= 0 && x <= 2 && y <= 2 && y >= 0; */
void foo(int x, int y) {

            /*@
          loop invariant  (\at(x, Pre) >= 0 && \at(x, Pre) <= 2 && \at(y, Pre) <= 2 && \at(y, Pre) >= 0) ==> (0 <= x && x <= 4 && 0 <= y && y <= 4)  [INVARIANT FAILED] ;
          loop invariant  (\at(x, Pre) >= 0 && \at(x, Pre) <= 2 && \at(y, Pre) <= 2 && \at(y, Pre) >= 0) ==> (y != 0 || (x % 2 == 0))  [INVARIANT FAILED] ;
            */
            while (unknown()) {
      
      x  = x + 2;
      y  = y + 2;

    }
            
  
    /*@ assert (x == 4) ==> (y != 0);  */
  
}

1. **Error Analysis:**

   The current loop invariants are invalid due to several issues that hinder both establishment and preservation. 

   - **Establishment Issue:** The first invariant states that if the preconditions are met, then `0 <= x <= 4 && 0 <= y <= 4`. However, given the precondition `x >= 0 && x <= 2` and `y >= 0 && y <= 2`, it is not guaranteed that `y` can reach `4` based on the loop's operations, which can lead to a contradiction. The condition is too strong since it does not consider the fact that `y` will be incremented, but not necessarily reach `4`.

   - **Preservation Issue:** The second invariant asserts that either `y != 0` or `x % 2 == 0`. This is incorrect because during the loop, `x` and `y` are both incremented by `2`. If `x` starts at `0` or `2`, it can become `4`, which does not ensure that `y` will not be equal to `0` at the end of the loop. The invariant must be weakened to account for the increments correctly.

   The assertion at the end of the loop checks that if `x == 4`, then `y != 0`. This can be ensured if we can establish a proper relationship between `x` and `y` considering their increments.

2. **Fixed C Code:**

   ```c
   int unknown();
   /*@ requires x >= 0 && x <= 2 && y <= 2 && y >= 0; */
   void foo(int x, int y) {

               /*@
             loop invariant  (\at(x, Pre) >= 0 && \at(x, Pre) <= 2 && \at(y, Pre) <= 2 && \at(y, Pre) >= 0) ==> (0 <= x && x <= 4 && 0 <= y && y <= 4) ;
             loop invariant  (\at(x, Pre) >= 0 && \at(x, Pre) <= 2 && \at(y, Pre) <= 2 && \at(y, Pre) >= 0) ==> (y != 0 || (x <= 4)) ;
               */
               while (unknown()) {
     
       x  = x + 2;
       y  = y + 2;

     }
             
   
       /*@ assert (x == 4) ==> (y != 0);  */
     
   }
   ``` 

In the fixed code, the second invariant has been modified to `y != 0 || (x <= 4)` to better reflect the preservation condition adjusted for the increments happening in the loop. This allows the loop invariant to hold true based on the operations performed within the loop, ensuring that the post-condition can still be verified after the loop terminates.
after regen

   int unknown();
   /*@ requires x >= 0 && x <= 2 && y <= 2 && y >= 0; */
   void foo(int x, int y) {

               /*@
             loop invariant  (\at(x, Pre) >= 0 && \at(x, Pre) <= 2 && \at(y, Pre) <= 2 && \at(y, Pre) >= 0) ==> (0 <= x && x <= 4 && 0 <= y && y <= 4) ;
             loop invariant  (\at(x, Pre) >= 0 && \at(x, Pre) <= 2 && \at(y, Pre) <= 2 && \at(y, Pre) >= 0) ==> (y != 0 || (x <= 4)) ;
               */
               while (unknown()) {
     
       x  = x + 2;
       y  = y + 2;

     }
             
   
       /*@ assert (x == 4) ==> (y != 0);  */
     
   }
   
syntax Correct
Validate:
[False, True]

Goal Preservation of Invariant (file output/9.c, line 7):
Assume {
  Type: is_sint32(tmp_0) /\ is_sint32(x_1) /\ is_sint32(x) /\
      is_sint32(y_1) /\ is_sint32(y) /\ is_sint32(2 + x) /\ is_sint32(2 + y).
  (* Goal *)
  When: (0 <= x_1) /\ (0 <= y_1) /\ (x_1 <= 2) /\ (y_1 <= 2).
  (* Invariant *)
  Have: (x_1 <= 4) /\ (y_1 <= 4).
  (* Invariant *)
  Have: (0 <= x) /\ (0 <= y) /\ (x <= 4) /\ (y <= 4).
  (* Then *)
  Have: tmp_0 != 0.
}
Prove: ((-2) <= x) /\ ((-2) <= y) /\ (x <= 2) /\ (y <= 2).
Prover Z3 4.8.12 returns Timeout (Qed:7ms) (3s)
Error found in file: output/9.c at line: 7
Error line content: loop invariant  (\at(x, Pre) >= 0 && \at(x, Pre) <= 2 && \at(y, Pre) <= 2 && \at(y, Pre) >= 0) ==> (0 <= x && x <= 4 && 0 <= y && y <= 4) ;

Verify:
[False]

Goal Assertion (file output/9.c, line 18):
Assume {
  Type: is_sint32(x) /\ is_sint32(y_1) /\ is_sint32(y).
  (* Pre-condition *)
  Have: (0 <= x) /\ (0 <= y_1) /\ (x <= 2) /\ (y_1 <= 2).
  (* Invariant *)
  Have: (x <= 4) /\ (y_1 <= 4).
  (* Invariant *)
  Have: (0 <= y) /\ (y <= 4).
}
Prove: y != 0.
Prover Z3 4.8.12 returns Timeout (Qed:4ms) (3s)
Error found in file: output/9.c at line: 18
Error line content: /*@ assert (x == 4) ==> (y != 0);  */

after hudini

   int unknown();
   /*@ requires x >= 0 && x <= 2 && y <= 2 && y >= 0; */
   void foo(int x, int y) {

               /*@             loop invariant  (\at(x, Pre) >= 0 && \at(x, Pre) <= 2 && \at(y, Pre) <= 2 && \at(y, Pre) >= 0) ==> (y != 0 || (x <= 4)) ;
               */
               while (unknown()) {
     
       x  = x + 2;
       y  = y + 2;

     }
             
   
       /*@ assert (x == 4) ==> (y != 0);  */
     
   }
   
syntax Correct
Validate:
[False]

Goal Preservation of Invariant (file output/9.c, line 6):
Assume {
  Type: is_sint32(tmp_0) /\ is_sint32(x_1) /\ is_sint32(x) /\ is_sint32(y) /\
      is_sint32(2 + x).
  (* Goal *)
  When: (0 <= x_1) /\ (0 <= y) /\ (x_1 <= 2) /\ (y <= 2).
  (* Invariant *)
  Have: (y != 0) \/ (x_1 <= 4).
  (* Then *)
  Have: tmp_0 != 0.
}
Prove: x <= 2.
Prover Z3 4.8.12 returns Timeout (Qed:6ms) (3s)
Error found in file: output/9.c at line: 6
Error line content: /*@             loop invariant  (\at(x, Pre) >= 0 && \at(x, Pre) <= 2 && \at(y, Pre) <= 2 && \at(y, Pre) >= 0) ==> (y != 0 || (x <= 4)) ;

Verify:
[False]

Goal Assertion (file output/9.c, line 16):
Assume {
  Type: is_sint32(x) /\ is_sint32(y_1) /\ is_sint32(y).
  (* Pre-condition *)
  Have: (0 <= x) /\ (0 <= y_1) /\ (x <= 2) /\ (y_1 <= 2).
  (* Invariant *)
  Have: (y_1 != 0) \/ (x <= 4).
}
Prove: y != 0.
Prover Z3 4.8.12 returns Timeout (Qed:3ms) (3s)
Error found in file: output/9.c at line: 16
Error line content: /*@ assert (x == 4) ==> (y != 0);  */

syntax Correct
Validate:
[False]

Goal Preservation of Invariant (file output/9.c, line 6):
Assume {
  Type: is_sint32(tmp_0) /\ is_sint32(x_1) /\ is_sint32(x) /\ is_sint32(y) /\
      is_sint32(2 + x).
  (* Goal *)
  When: (0 <= x_1) /\ (0 <= y) /\ (x_1 <= 2) /\ (y <= 2).
  (* Invariant *)
  Have: (y != 0) \/ (x_1 <= 4).
  (* Then *)
  Have: tmp_0 != 0.
}
Prove: x <= 2.
Prover Z3 4.8.12 returns Timeout (Qed:5ms) (3s)
Error found in file: output/9.c at line: 6
Error line content: /*@             loop invariant  (\at(x, Pre) >= 0 && \at(x, Pre) <= 2 && \at(y, Pre) <= 2 && \at(y, Pre) >= 0) ==> (y != 0 || (x <= 4)) ;

Verify:
[False]

Goal Assertion (file output/9.c, line 16):
Assume {
  Type: is_sint32(x) /\ is_sint32(y_1) /\ is_sint32(y).
  (* Pre-condition *)
  Have: (0 <= x) /\ (0 <= y_1) /\ (x <= 2) /\ (y_1 <= 2).
  (* Invariant *)
  Have: (y_1 != 0) \/ (x <= 4).
}
Prove: y != 0.
Prover Z3 4.8.12 returns Timeout (Qed:5ms) (3s)
Error found in file: output/9.c at line: 16
Error line content: /*@ assert (x == 4) ==> (y != 0);  */

syntax Correct
Validate:
[False]

Goal Preservation of Invariant (file output/9.c, line 6):
Assume {
  Type: is_sint32(tmp_0) /\ is_sint32(x_1) /\ is_sint32(x) /\ is_sint32(y) /\
      is_sint32(2 + x).
  (* Goal *)
  When: (0 <= x_1) /\ (0 <= y) /\ (x_1 <= 2) /\ (y <= 2).
  (* Invariant *)
  Have: (y != 0) \/ (x_1 <= 4).
  (* Then *)
  Have: tmp_0 != 0.
}
Prove: x <= 2.
Prover Z3 4.8.12 returns Timeout (Qed:6ms) (3s)
Error found in file: output/9.c at line: 6
Error line content: /*@             loop invariant  (\at(x, Pre) >= 0 && \at(x, Pre) <= 2 && \at(y, Pre) <= 2 && \at(y, Pre) >= 0) ==> (y != 0 || (x <= 4)) ;

Verify:
[False]

Goal Assertion (file output/9.c, line 16):
Assume {
  Type: is_sint32(x) /\ is_sint32(y_1) /\ is_sint32(y).
  (* Pre-condition *)
  Have: (0 <= x) /\ (0 <= y_1) /\ (x <= 2) /\ (y_1 <= 2).
  (* Invariant *)
  Have: (y_1 != 0) \/ (x <= 4).
}
Prove: y != 0.
Prover Z3 4.8.12 returns Timeout (Qed:3ms) (3s)
Error found in file: output/9.c at line: 16
Error line content: /*@ assert (x == 4) ==> (y != 0);  */

[(121, 193, 0)]
[(121, 193, 0)]
[(121, 193, 0)]
[(121, 193, 0)]
Loop 0 : Outer
Sorted indices: [0]
File found: ../sac_c_parser/test/../ip_postcond/goal/9_goal.v. Deleting the file.
File found: ../sac_c_parser/test/../ip_postcond/goal/9_proof_auto.v. Deleting the file.
File found: ../sac_c_parser/test/../ip_postcond/goal/9_proof_manual.v. Deleting the file.
LoopEntry_0:
x@pre >= 0 && x@pre <= 2 && y@pre <= 2 && y@pre >= 0 && (y == y@pre) * (x == x@pre)

Successfully generated loop/9.json
INNER_FLAG: False
Variable Maps: [{'y': 'y@pre', 'x': 'x@pre'}]
Path conditions: ['x@pre >= 0 && x@pre <= 2 && y@pre <= 2 && y@pre >= 0']
Pre condition: x@pre >= 0 && x@pre <= 2 && y@pre <= 2 && y@pre >= 0 && (y == y@pre) * (x == x@pre)
Loop Condition: unknown()
Updated Loop Conditions: ['unknown()']
Global Unchanged Variables []
Non Inductive Variables []
[{'y': 'y@pre', 'x': 'x@pre'}]
['x@pre >= 0 && x@pre <= 2 && y@pre <= 2 && y@pre >= 0']

            
    /* >>> LOOP INVARIANT TO FILL <<< 
       >>> PRECONDITION OF THE LOOP : \at(x, Pre) >= 0 && \at(x, Pre) <= 2 && \at(y, Pre) <= 2 && \at(y, Pre) >= 0 && (y == \at(y, Pre)) * (x == \at(x, Pre)) <<< */
    
            /*@
            */
            while (unknown()) {
      
      x  = x + 2;
      y  = y + 2;

    }
            

            
    /* >>> LOOP INVARIANT TO FILL <<< 
       >>> PRECONDITION OF THE LOOP : \at(x, Pre) >= 0 && \at(x, Pre) <= 2 && \at(y, Pre) <= 2 && \at(y, Pre) >= 0 && (y == \at(y, Pre)) * (x == \at(x, Pre)) <<< */
    
            /*@
          loop invariant  (\at(x, Pre) >= 0 && \at(x, Pre) <= 2 && \at(y, Pre) <= 2 && \at(y, Pre) >= 0) ==> (((y == \at(y, Pre))&&(x == \at(x, Pre))) || (PLACE_HOLDER_x)) ;
          loop invariant  (\at(x, Pre) >= 0 && \at(x, Pre) <= 2 && \at(y, Pre) <= 2 && \at(y, Pre) >= 0) ==> (((y == \at(y, Pre))&&(x == \at(x, Pre))) || (PLACE_HOLDER_y)) ;
            */
            while (unknown()) {
      
      x  = x + 2;
      y  = y + 2;

    }
            
int unknown();
/*@ requires x >= 0 && x <= 2 && y <= 2 && y >= 0; */
void foo(int x,int y) {

  
    
            
    /* >>> LOOP INVARIANT TO FILL <<< 
       >>> PRECONDITION OF THE LOOP : \at(x, Pre) >= 0 && \at(x, Pre) <= 2 && \at(y, Pre) <= 2 && \at(y, Pre) >= 0 && (y == \at(y, Pre)) * (x == \at(x, Pre)) <<< */
    
            /*@
          loop invariant  (\at(x, Pre) >= 0 && \at(x, Pre) <= 2 && \at(y, Pre) <= 2 && \at(y, Pre) >= 0) ==> (((y == \at(y, Pre))&&(x == \at(x, Pre))) || (PLACE_HOLDER_x)) ;
          loop invariant  (\at(x, Pre) >= 0 && \at(x, Pre) <= 2 && \at(y, Pre) <= 2 && \at(y, Pre) >= 0) ==> (((y == \at(y, Pre))&&(x == \at(x, Pre))) || (PLACE_HOLDER_y)) ;
            */
            while (unknown()) {
      
      x  = x + 2;
      y  = y + 2;

    }
            
  
    /*@ assert (x == 4) ==> (y != 0);  */
  
    
  
  }
Let's analyze the provided C loop program and identify the necessary loop invariants in ACSL annotations. 

### a. Purpose and Structure of the Loop
**Objective**: The loop intends to repeatedly increment the values of `x` and `y` by 2 until the loop condition governed by `unknown()` returns false.

**Structure**: 
- The loop condition is `unknown()`, which could represent an arbitrary condition that determines whether the loop continues.
- Inside the loop body, `x` and `y` are both incremented by 2 in each iteration.

**Relevant Variables**:
- `x`: Starts with an initial value between 0 and 2 (inclusive) and is incremented by 2 in each iteration.
- `y`: Starts with an initial value between 0 and 2 (inclusive) and is also incremented by 2 in each iteration.

### b. Discussion of the Loop Invariant
**Proposed Loop Invariant**: 
- We can propose that `x >= 0 && x <= 4 && y >= 0 && y <= 4` holds true during the loop execution.

**Validity**: 
- This invariant is valid because at the start, `x` is between 0 and 2, and with each iteration, it increases by 2, thus it can reach up to 4. Similarly, `y` will also remain between 0 and 4 as it is incremented by 2 starting from a value between 0 and 2.

### c. Establishment
**Establishment Condition**: 
- Before the loop starts, the pre-condition guarantees that `x` is in the range `[0, 2]` and `y` is in the range `[0, 2]`. Thus, the invariant `x >= 0 && x <= 4 && y >= 0 && y <= 4` is true before the loop begins.

### d. Preservation
**Preservation Condition**: 
- If the invariant holds at the start of an iteration (i.e., `x` and `y` are within the bounds), after executing `x = x + 2` and `y = y + 2`, the new values of `x` and `y` will be at most 4, as long as `unknown()` allows the loop to continue. Therefore, if `x` was in `[0, 4]` and `y` was in `[0, 4]`, they remain within the bounds after the increments.

### e. Termination Analysis of the Loop
**Termination Condition**: 
- The loop terminates when `unknown()` becomes false. At the termination point, the values of `x` and `y` could be between 0 and possibly 4 (if the loop ran at least once).
- The invariant still holds true because the last increment will ensure that `x` and `y` remain in the defined range.

### f. Correctness of the Post-condition
**Post-condition**: 
- The post-condition asserts that `x == 4` implies `y != 0`. When the loop terminates, if `x` indeed equals 4, then `y` must have been incremented at least twice (from 0 to 2, and then to 4) which means `y` cannot be 0, hence the post-condition is satisfied.

### g. Implication of the Pre-condition
**Implication of the Pre-condition**: 
- The given pre-condition ensures that both `x` and `y` start within the specified ranges. This guarantees that our invariant `x >= 0 && x <= 4 && y >= 0 && y <= 4` is established before the loop starts since both `x` and `y` start from values that satisfy the invariant.

### Complete C Loop Program with Invariant Annotations
```c
int unknown();
/*@ requires x >= 0 && x <= 2 && y <= 2 && y >= 0; */
void foo(int x,int y) {

    /*@
      loop invariant  (\at(x, Pre) >= 0 && \at(x, Pre) <= 2 && \at(y, Pre) <= 2 && \at(y, Pre) >= 0) ==> (x >= 0 && x <= 4 && y >= 0 && y <= 4);
      loop invariant  (\at(x, Pre) >= 0 && \at(x, Pre) <= 2 && \at(y, Pre) <= 2 && \at(y, Pre) >= 0) ==> (x >= 0 && x <= 4 && y >= 0 && y <= 4);
    */
    while (unknown()) {
        x  = x + 2;
        y  = y + 2;
    }

    /*@ assert (x == 4) ==> (y != 0);  */
}
``` 

In the annotations, we have filled in the placeholders with the appropriate logical expressions that define the loop invariant.

int unknown();
/*@ requires x >= 0 && x <= 2 && y <= 2 && y >= 0; */
void foo(int x,int y) {

    /*@
      loop invariant  (\at(x, Pre) >= 0 && \at(x, Pre) <= 2 && \at(y, Pre) <= 2 && \at(y, Pre) >= 0) ==> (x >= 0 && x <= 4 && y >= 0 && y <= 4);
      loop invariant  (\at(x, Pre) >= 0 && \at(x, Pre) <= 2 && \at(y, Pre) <= 2 && \at(y, Pre) >= 0) ==> (x >= 0 && x <= 4 && y >= 0 && y <= 4);
    */
    while (unknown()) {
        x  = x + 2;
        y  = y + 2;
    }

    /*@ assert (x == 4) ==> (y != 0);  */
}


int unknown();
/*@ requires x >= 0 && x <= 2 && y <= 2 && y >= 0; */
void foo(int x,int y) {

    /*@
      loop invariant  (\at(x, Pre) >= 0 && \at(x, Pre) <= 2 && \at(y, Pre) <= 2 && \at(y, Pre) >= 0) ==> (x >= 0 && x <= 4 && y >= 0 && y <= 4);
      loop invariant  (\at(x, Pre) >= 0 && \at(x, Pre) <= 2 && \at(y, Pre) <= 2 && \at(y, Pre) >= 0) ==> (x >= 0 && x <= 4 && y >= 0 && y <= 4);
    */
    while (unknown()) {
        x  = x + 2;
        y  = y + 2;
    }

    /*@ assert (x == 4) ==> (y != 0);  */
}

syntax Correct
Validate:
[False, True]

Goal Preservation of Invariant (file output/9.c, line 7):
Assume {
  Type: is_sint32(tmp_0) /\ is_sint32(x_1) /\ is_sint32(x) /\
      is_sint32(y_1) /\ is_sint32(y) /\ is_sint32(2 + x) /\ is_sint32(2 + y).
  (* Goal *)
  When: (0 <= x_1) /\ (0 <= y_1) /\ (x_1 <= 2) /\ (y_1 <= 2).
  (* Invariant *)
  Have: (x_1 <= 4) /\ (y_1 <= 4).
  (* Invariant *)
  Have: (0 <= x) /\ (0 <= y) /\ (x <= 4) /\ (y <= 4).
  (* Then *)
  Have: tmp_0 != 0.
}
Prove: ((-2) <= x) /\ ((-2) <= y) /\ (x <= 2) /\ (y <= 2).
Prover Z3 4.8.12 returns Timeout (Qed:9ms) (3s)
Error found in file: output/9.c at line: 7
Error line content: loop invariant  (\at(x, Pre) >= 0 && \at(x, Pre) <= 2 && \at(y, Pre) <= 2 && \at(y, Pre) >= 0) ==> (x >= 0 && x <= 4 && y >= 0 && y <= 4);

Verify:
[False]

Goal Assertion (file output/9.c, line 15):
Assume {
  Type: is_sint32(x) /\ is_sint32(y_1) /\ is_sint32(y).
  (* Pre-condition *)
  Have: (0 <= x) /\ (0 <= y_1) /\ (x <= 2) /\ (y_1 <= 2).
  (* Invariant *)
  Have: (x <= 4) /\ (y_1 <= 4).
  (* Invariant *)
  Have: (0 <= y) /\ (y <= 4).
}
Prove: y != 0.
Prover Z3 4.8.12 returns Timeout (Qed:4ms) (3s)
Error found in file: output/9.c at line: 15
Error line content: /*@ assert (x == 4) ==> (y != 0);  */


int unknown();
/*@ requires x >= 0 && x <= 2 && y <= 2 && y >= 0; */
void foo(int x,int y) {

    /*@
      loop invariant  (\at(x, Pre) >= 0 && \at(x, Pre) <= 2 && \at(y, Pre) <= 2 && \at(y, Pre) >= 0) ==> (x >= 0 && x <= 4 && y >= 0 && y <= 4) [INVARIANT FAILED] ;
      loop invariant  (\at(x, Pre) >= 0 && \at(x, Pre) <= 2 && \at(y, Pre) <= 2 && \at(y, Pre) >= 0) ==> (x >= 0 && x <= 4 && y >= 0 && y <= 4);
    */
    while (unknown()) {
        x  = x + 2;
        y  = y + 2;
    }

    /*@ assert (x == 4) ==> (y != 0);  */
}

### Error Analysis:

1. **Goal Establishment of Invariant**: The current loop invariant fails to establish that `(x >= 0 && x <= 4 && y >= 0 && y <= 4)` at the entry of the loop since the preconditions only guarantee that `x` starts between `0` and `2`, and `y` starts between `0` and `2`. The invariant does not sufficiently constrain `x` and `y` after multiple iterations where each can increment by `2` potentially leading to `x` and `y` being `4` or higher.

2. **Goal Preservation of Invariant**: The loop invariant must maintain its truth after each iteration of the loop. The current invariant does not account for the fact that `x` and `y` will increase by `2` each time. Therefore, it needs to express the upper bounds after considering the increment which can lead to values up to `4`.

3. **Goal Assertion**: The assertion checks that `y` is not zero if `x` equals `4`. However, the invariant does not sufficiently ensure that `y` is constrained to a value that supports this assertion since it is possible for `y` to remain `0` throughout the loop.

### Fixed C Code:

```c
int unknown();
/*@ requires x >= 0 && x <= 2 && y <= 2 && y >= 0; */
void foo(int x,int y) {

    /*@
      loop invariant  (\at(x, Pre) >= 0 && \at(x, Pre) <= 2 && \at(y, Pre) <= 2 && \at(y, Pre) >= 0) ==> (x >= 0 && x <= 4 && y >= 0 && y <= 4) ;
      loop invariant  (\at(x, Pre) >= 0 && \at(x, Pre) <= 2 && \at(y, Pre) <= 2 && \at(y, Pre) >= 0) ==> (x <= 4 && y <= 4);
    */
    while (unknown()) {
        x  = x + 2;
        y  = y + 2;
    }

    /*@ assert (x == 4) ==> (y != 0);  */
}
```
after regen

int unknown();
/*@ requires x >= 0 && x <= 2 && y <= 2 && y >= 0; */
void foo(int x,int y) {

    /*@
      loop invariant  (\at(x, Pre) >= 0 && \at(x, Pre) <= 2 && \at(y, Pre) <= 2 && \at(y, Pre) >= 0) ==> (x >= 0 && x <= 4 && y >= 0 && y <= 4) ;
      loop invariant  (\at(x, Pre) >= 0 && \at(x, Pre) <= 2 && \at(y, Pre) <= 2 && \at(y, Pre) >= 0) ==> (x <= 4 && y <= 4);
    */
    while (unknown()) {
        x  = x + 2;
        y  = y + 2;
    }

    /*@ assert (x == 4) ==> (y != 0);  */
}

syntax Correct
Validate:
[False, True]

Goal Preservation of Invariant (file output/9.c, line 7):
Assume {
  Type: is_sint32(tmp_0) /\ is_sint32(x_1) /\ is_sint32(x) /\
      is_sint32(y_1) /\ is_sint32(y) /\ is_sint32(2 + x) /\ is_sint32(2 + y).
  (* Goal *)
  When: (0 <= x_1) /\ (0 <= y_1) /\ (x_1 <= 2) /\ (y_1 <= 2).
  (* Invariant *)
  Have: (x_1 <= 4) /\ (y_1 <= 4).
  (* Invariant *)
  Have: (0 <= x) /\ (0 <= y) /\ (x <= 4) /\ (y <= 4).
  (* Then *)
  Have: tmp_0 != 0.
}
Prove: ((-2) <= x) /\ ((-2) <= y) /\ (x <= 2) /\ (y <= 2).
Prover Z3 4.8.12 returns Timeout (Qed:8ms) (3s)
Error found in file: output/9.c at line: 7
Error line content: loop invariant  (\at(x, Pre) >= 0 && \at(x, Pre) <= 2 && \at(y, Pre) <= 2 && \at(y, Pre) >= 0) ==> (x >= 0 && x <= 4 && y >= 0 && y <= 4) ;

Verify:
[False]

Goal Assertion (file output/9.c, line 15):
Assume {
  Type: is_sint32(x) /\ is_sint32(y_1) /\ is_sint32(y).
  (* Pre-condition *)
  Have: (0 <= x) /\ (0 <= y_1) /\ (x <= 2) /\ (y_1 <= 2).
  (* Invariant *)
  Have: (x <= 4) /\ (y_1 <= 4).
  (* Invariant *)
  Have: (0 <= y) /\ (y <= 4).
}
Prove: y != 0.
Prover Z3 4.8.12 returns Timeout (Qed:5ms) (3s)
Error found in file: output/9.c at line: 15
Error line content: /*@ assert (x == 4) ==> (y != 0);  */


int unknown();
/*@ requires x >= 0 && x <= 2 && y <= 2 && y >= 0; */
void foo(int x,int y) {

    /*@
      loop invariant  (\at(x, Pre) >= 0 && \at(x, Pre) <= 2 && \at(y, Pre) <= 2 && \at(y, Pre) >= 0) ==> (x >= 0 && x <= 4 && y >= 0 && y <= 4)  [INVARIANT FAILED] ;
      loop invariant  (\at(x, Pre) >= 0 && \at(x, Pre) <= 2 && \at(y, Pre) <= 2 && \at(y, Pre) >= 0) ==> (x <= 4 && y <= 4);
    */
    while (unknown()) {
        x  = x + 2;
        y  = y + 2;
    }

    /*@ assert (x == 4) ==> (y != 0);  */
}

1.  Error Analysis:

The current loop invariant is failing for multiple reasons:

- **Goal Establishment of Invariant**: The precondition does not provide enough constraints for the loop invariant to hold when the loop starts. The original invariant assumes \( x \) and \( y \) can start from any value between their bounds, but the operations within the loop can lead \( x \) and \( y \) to exceed these bounds.

- **Goal Preservation of Invariant**: The loop body increments both \( x \) and \( y \) by 2 in each iteration. This means that after one iteration, \( x \) can become up to \( \at(x, Pre) + 2 \) and \( y \) can become \( \at(y, Pre) + 2 \). The invariant needs to account for this increment, specifically ensuring that after each iteration \( x \) and \( y \) remain within their expected bounds.

- **Goal Assertion**: The assertion at the end checks if \( y \neq 0 \) when \( x \) equals 4. The invariant must ensure that when \( x \) reaches 4, \( y \) cannot be 0, which currently is not guaranteed by the invariant.

To address these issues, the loop invariant must confirm that \( x \) and \( y \) remain within specific bounds throughout the loop's execution. The regenerated loop invariant will ensure that both variables are restricted properly and will support the assertion.

2.  Fixed C Code:

```c
int unknown();
/*@ requires x >= 0 && x <= 2 && y <= 2 && y >= 0; */
void foo(int x,int y) {

    /*@
      loop invariant  (\at(x, Pre) >= 0 && \at(x, Pre) <= 2 && \at(y, Pre) <= 2 && \at(y, Pre) >= 0) ==> (x >= 0 && x <= 4 && y >= 0 && y <= 4) ;
      loop invariant  (\at(x, Pre) >= 0 && \at(x, Pre) <= 2 && \at(y, Pre) <= 2 && \at(y, Pre) >= 0) ==> (x <= 4 && y <= 4) ;
      loop invariant  (\at(x, Pre) >= 0 && \at(x, Pre) <= 2 && \at(y, Pre) <= 2 && \at(y, Pre) >= 0) ==> (y >= 0 && y <= 4) ;
    */
    while (unknown()) {
        x  = x + 2;
        y  = y + 2;
    }

    /*@ assert (x == 4) ==> (y != 0);  */
}
```
after regen

int unknown();
/*@ requires x >= 0 && x <= 2 && y <= 2 && y >= 0; */
void foo(int x,int y) {

    /*@
      loop invariant  (\at(x, Pre) >= 0 && \at(x, Pre) <= 2 && \at(y, Pre) <= 2 && \at(y, Pre) >= 0) ==> (x >= 0 && x <= 4 && y >= 0 && y <= 4) ;
      loop invariant  (\at(x, Pre) >= 0 && \at(x, Pre) <= 2 && \at(y, Pre) <= 2 && \at(y, Pre) >= 0) ==> (x <= 4 && y <= 4) ;
      loop invariant  (\at(x, Pre) >= 0 && \at(x, Pre) <= 2 && \at(y, Pre) <= 2 && \at(y, Pre) >= 0) ==> (y >= 0 && y <= 4) ;
    */
    while (unknown()) {
        x  = x + 2;
        y  = y + 2;
    }

    /*@ assert (x == 4) ==> (y != 0);  */
}

syntax Correct
Validate:
[False, True, True]

Goal Preservation of Invariant (file output/9.c, line 7):
Assume {
  Type: is_sint32(tmp_0) /\ is_sint32(x_1) /\ is_sint32(x) /\
      is_sint32(y_1) /\ is_sint32(y) /\ is_sint32(2 + x) /\ is_sint32(2 + y).
  (* Goal *)
  When: (0 <= x_1) /\ (0 <= y_1) /\ (x_1 <= 2) /\ (y_1 <= 2).
  (* Invariant *)
  Have: (x_1 <= 4) /\ (y_1 <= 4).
  (* Invariant *)
  Have: (0 <= x) /\ (0 <= y) /\ (x <= 4) /\ (y <= 4).
  (* Then *)
  Have: tmp_0 != 0.
}
Prove: ((-2) <= x) /\ ((-2) <= y) /\ (x <= 2) /\ (y <= 2).
Prover Z3 4.8.12 returns Timeout (Qed:7ms) (3s)
Error found in file: output/9.c at line: 7
Error line content: loop invariant  (\at(x, Pre) >= 0 && \at(x, Pre) <= 2 && \at(y, Pre) <= 2 && \at(y, Pre) >= 0) ==> (x >= 0 && x <= 4 && y >= 0 && y <= 4) ;

Verify:
[False]

Goal Assertion (file output/9.c, line 16):
Assume {
  Type: is_sint32(x) /\ is_sint32(y_1) /\ is_sint32(y).
  (* Pre-condition *)
  Have: (0 <= x) /\ (0 <= y_1) /\ (x <= 2) /\ (y_1 <= 2).
  (* Invariant *)
  Have: (x <= 4) /\ (y_1 <= 4).
  (* Invariant *)
  Have: (0 <= y) /\ (y <= 4).
}
Prove: y != 0.
Prover Z3 4.8.12 returns Timeout (Qed:4ms) (3s)
Error found in file: output/9.c at line: 16
Error line content: /*@ assert (x == 4) ==> (y != 0);  */


int unknown();
/*@ requires x >= 0 && x <= 2 && y <= 2 && y >= 0; */
void foo(int x,int y) {

    /*@
      loop invariant  (\at(x, Pre) >= 0 && \at(x, Pre) <= 2 && \at(y, Pre) <= 2 && \at(y, Pre) >= 0) ==> (x >= 0 && x <= 4 && y >= 0 && y <= 4)  [INVARIANT FAILED] ;
      loop invariant  (\at(x, Pre) >= 0 && \at(x, Pre) <= 2 && \at(y, Pre) <= 2 && \at(y, Pre) >= 0) ==> (x <= 4 && y <= 4) ;
      loop invariant  (\at(x, Pre) >= 0 && \at(x, Pre) <= 2 && \at(y, Pre) <= 2 && \at(y, Pre) >= 0) ==> (y >= 0 && y <= 4) ;
    */
    while (unknown()) {
        x  = x + 2;
        y  = y + 2;
    }

    /*@ assert (x == 4) ==> (y != 0);  */
}

1. Error Analysis:

The provided ACSL loop invariants fail on two grounds: preservation and assertion verification. The first error indicates that the loop invariant is not preserved through the loop iterations, meaning that the conditions set forth in the invariant do not hold true after the updates made within the loop (i.e., `x = x + 2` and `y = y + 2`). Specifically, the invariant's constraints on `x` and `y` need to account for these updates. 

The second error relates to the assertion at the end of the function, which states that if `x` equals 4, then `y` must not be 0. Given that `x` is incremented by 2 in each iteration, it can potentially reach 4 while `y` can also reach 4 or more, thus violating the assertion when both `x` and `y` become equal to 4.

To regenerate the loop invariant, we need to ensure that it reflects the transformations applied to `x` and `y` during each iteration and that it satisfies the conditions necessary for the post-condition to hold after loop termination.

2. Fixed C Code:

```c
int unknown();
/*@ requires x >= 0 && x <= 2 && y <= 2 && y >= 0; */
void foo(int x,int y) {

    /*@
      loop invariant  (\at(x, Pre) >= 0 && \at(x, Pre) <= 2 && \at(y, Pre) <= 2 && \at(y, Pre) >= 0) ==> (x >= 0 && x <= 4 && y >= 0 && y <= 4) ;
      loop invariant  (\at(x, Pre) >= 0 && \at(x, Pre) <= 2 && \at(y, Pre) <= 2 && \at(y, Pre) >= 0) ==> (x <= 4 && y <= 4) ;
      loop invariant  (\at(x, Pre) >= 0 && \at(x, Pre) <= 2 && \at(y, Pre) <= 2 && \at(y, Pre) >= 0) ==> (y >= 0 && y <= 4) ;
      loop invariant  (\at(x, Pre) >= 0 && \at(x, Pre) <= 2 && \at(y, Pre) <= 2 && \at(y, Pre) >= 0) ==> (x >= 0 && x <= 4) && (y >= 0 && y <= 4) ;
    */
    while (unknown()) {
        x  = x + 2;
        y  = y + 2;
    }

    /*@ assert (x == 4) ==> (y != 0);  */
}
```
after regen

int unknown();
/*@ requires x >= 0 && x <= 2 && y <= 2 && y >= 0; */
void foo(int x,int y) {

    /*@
      loop invariant  (\at(x, Pre) >= 0 && \at(x, Pre) <= 2 && \at(y, Pre) <= 2 && \at(y, Pre) >= 0) ==> (x >= 0 && x <= 4 && y >= 0 && y <= 4) ;
      loop invariant  (\at(x, Pre) >= 0 && \at(x, Pre) <= 2 && \at(y, Pre) <= 2 && \at(y, Pre) >= 0) ==> (x <= 4 && y <= 4) ;
      loop invariant  (\at(x, Pre) >= 0 && \at(x, Pre) <= 2 && \at(y, Pre) <= 2 && \at(y, Pre) >= 0) ==> (y >= 0 && y <= 4) ;
      loop invariant  (\at(x, Pre) >= 0 && \at(x, Pre) <= 2 && \at(y, Pre) <= 2 && \at(y, Pre) >= 0) ==> (x >= 0 && x <= 4) && (y >= 0 && y <= 4) ;
    */
    while (unknown()) {
        x  = x + 2;
        y  = y + 2;
    }

    /*@ assert (x == 4) ==> (y != 0);  */
}

syntax Correct
Validate:
[False, True, True, True]

Goal Preservation of Invariant (file output/9.c, line 7):
Assume {
  Type: is_sint32(tmp_0) /\ is_sint32(x_1) /\ is_sint32(x) /\
      is_sint32(y_1) /\ is_sint32(y) /\ is_sint32(2 + x) /\ is_sint32(2 + y).
  (* Goal *)
  When: (0 <= x_1) /\ (0 <= y_1) /\ (x_1 <= 2) /\ (y_1 <= 2).
  (* Invariant *)
  Have: (x_1 <= 4) /\ (y_1 <= 4).
  (* Invariant *)
  Have: (0 <= x) /\ (0 <= y) /\ (x <= 4) /\ (y <= 4).
  (* Then *)
  Have: tmp_0 != 0.
}
Prove: ((-2) <= x) /\ ((-2) <= y) /\ (x <= 2) /\ (y <= 2).
Prover Z3 4.8.12 returns Timeout (Qed:7ms) (3s)
Error found in file: output/9.c at line: 7
Error line content: loop invariant  (\at(x, Pre) >= 0 && \at(x, Pre) <= 2 && \at(y, Pre) <= 2 && \at(y, Pre) >= 0) ==> (x >= 0 && x <= 4 && y >= 0 && y <= 4) ;

Verify:
[False]

Goal Assertion (file output/9.c, line 17):
Assume {
  Type: is_sint32(x) /\ is_sint32(y_1) /\ is_sint32(y).
  (* Pre-condition *)
  Have: (0 <= x) /\ (0 <= y_1) /\ (x <= 2) /\ (y_1 <= 2).
  (* Invariant *)
  Have: y_1 <= 4.
  (* Invariant *)
  Have: x <= 4.
  (* Invariant *)
  Have: (0 <= y) /\ (y <= 4).
}
Prove: y != 0.
Prover Z3 4.8.12 returns Timeout (Qed:5ms) (3s)
Error found in file: output/9.c at line: 17
Error line content: /*@ assert (x == 4) ==> (y != 0);  */

after hudini

int unknown();
/*@ requires x >= 0 && x <= 2 && y <= 2 && y >= 0; */
void foo(int x,int y) {

    /*@      loop invariant  (\at(x, Pre) >= 0 && \at(x, Pre) <= 2 && \at(y, Pre) <= 2 && \at(y, Pre) >= 0) ==> (x <= 4 && y <= 4) ;
      loop invariant  (\at(x, Pre) >= 0 && \at(x, Pre) <= 2 && \at(y, Pre) <= 2 && \at(y, Pre) >= 0) ==> (y >= 0 && y <= 4) ;
      loop invariant  (\at(x, Pre) >= 0 && \at(x, Pre) <= 2 && \at(y, Pre) <= 2 && \at(y, Pre) >= 0) ==> (x >= 0 && x <= 4) && (y >= 0 && y <= 4) ;
    */
    while (unknown()) {
        x  = x + 2;
        y  = y + 2;
    }

    /*@ assert (x == 4) ==> (y != 0);  */
}

syntax Correct
Validate:
[False, True, True]

Goal Preservation of Invariant (file output/9.c, line 6):
Assume {
  Type: is_sint32(tmp_0) /\ is_sint32(x_1) /\ is_sint32(x) /\
      is_sint32(y_1) /\ is_sint32(y) /\ is_sint32(2 + x) /\ is_sint32(2 + y).
  (* Goal *)
  When: (0 <= x_1) /\ (0 <= y_1) /\ (x_1 <= 2) /\ (y_1 <= 2).
  (* Invariant *)
  Have: (x_1 <= 4) /\ (y_1 <= 4).
  (* Invariant *)
  Have: (x <= 4) /\ (y <= 4).
  (* Invariant *)
  Have: 0 <= y.
  (* Invariant *)
  Have: 0 <= x.
  (* Then *)
  Have: tmp_0 != 0.
}
Prove: (x <= 2) /\ (y <= 2).
Prover Z3 4.8.12 returns Timeout (Qed:7ms) (3s)
Error found in file: output/9.c at line: 6
Error line content: /*@      loop invariant  (\at(x, Pre) >= 0 && \at(x, Pre) <= 2 && \at(y, Pre) <= 2 && \at(y, Pre) >= 0) ==> (x <= 4 && y <= 4) ;

Verify:
[False]

Goal Assertion (file output/9.c, line 15):
Assume {
  Type: is_sint32(x) /\ is_sint32(y_1) /\ is_sint32(y).
  (* Pre-condition *)
  Have: (0 <= x) /\ (0 <= y_1) /\ (x <= 2) /\ (y_1 <= 2).
  (* Invariant *)
  Have: y_1 <= 4.
  (* Invariant *)
  Have: x <= 4.
  (* Invariant *)
  Have: y <= 4.
  (* Invariant *)
  Have: 0 <= y.
}
Prove: y != 0.
Prover Z3 4.8.12 returns Timeout (Qed:4ms) (3s)
Error found in file: output/9.c at line: 15
Error line content: /*@ assert (x == 4) ==> (y != 0);  */

after hudini

int unknown();
/*@ requires x >= 0 && x <= 2 && y <= 2 && y >= 0; */
void foo(int x,int y) {

    /*@      loop invariant  (\at(x, Pre) >= 0 && \at(x, Pre) <= 2 && \at(y, Pre) <= 2 && \at(y, Pre) >= 0) ==> (y >= 0 && y <= 4) ;
      loop invariant  (\at(x, Pre) >= 0 && \at(x, Pre) <= 2 && \at(y, Pre) <= 2 && \at(y, Pre) >= 0) ==> (x >= 0 && x <= 4) && (y >= 0 && y <= 4) ;
    */
    while (unknown()) {
        x  = x + 2;
        y  = y + 2;
    }

    /*@ assert (x == 4) ==> (y != 0);  */
}

syntax Correct
Validate:
[False, False]

Goal Preservation of Invariant (file output/9.c, line 6):
Assume {
  Type: is_sint32(tmp_0) /\ is_sint32(x) /\ is_sint32(x_1) /\
      is_sint32(y_1) /\ is_sint32(y) /\ is_sint32(2 + y).
  (* Goal *)
  When: (0 <= x) /\ (0 <= y_1) /\ (x <= 2) /\ (y_1 <= 2).
  (* Invariant *)
  Have: y_1 <= 4.
  (* Invariant *)
  Have: x <= 4.
  (* Invariant *)
  Have: (0 <= y) /\ (y <= 4).
  (* Invariant *)
  Have: (0 <= x_1) /\ (x_1 <= 4).
  (* Then *)
  Have: tmp_0 != 0.
}
Prove: ((-2) <= y) /\ (y <= 2).
Prover Z3 4.8.12 returns Timeout (Qed:7ms) (3s)
Error found in file: output/9.c at line: 6
Error line content: /*@      loop invariant  (\at(x, Pre) >= 0 && \at(x, Pre) <= 2 && \at(y, Pre) <= 2 && \at(y, Pre) >= 0) ==> (y >= 0 && y <= 4) ;

Goal Preservation of Invariant (file output/9.c, line 7):
Assume {
  Type: is_sint32(tmp_0) /\ is_sint32(x_1) /\ is_sint32(x) /\ is_sint32(y) /\
      is_sint32(y_1) /\ is_sint32(2 + x) /\ is_sint32(2 + y_1).
  (* Goal *)
  When: (0 <= x_1) /\ (0 <= y) /\ (x_1 <= 2) /\ (y <= 2).
  (* Invariant *)
  Have: y <= 4.
  (* Invariant *)
  Have: x_1 <= 4.
  (* Invariant *)
  Have: (0 <= y_1) /\ (y_1 <= 4).
  (* Invariant *)
  Have: (0 <= x) /\ (x <= 4).
  (* Then *)
  Have: tmp_0 != 0.
  (* Invariant *)
  Have: ((-2) <= y_1) /\ (y_1 <= 2).
}
Prove: ((-2) <= x) /\ (x <= 2).
Prover Z3 4.8.12 returns Timeout (Qed:7ms) (3s)
Error found in file: output/9.c at line: 7
Error line content: loop invariant  (\at(x, Pre) >= 0 && \at(x, Pre) <= 2 && \at(y, Pre) <= 2 && \at(y, Pre) >= 0) ==> (x >= 0 && x <= 4) && (y >= 0 && y <= 4) ;

Verify:
[False]

Goal Assertion (file output/9.c, line 14):
Assume {
  Type: is_sint32(x) /\ is_sint32(y_1) /\ is_sint32(y).
  (* Pre-condition *)
  Have: (0 <= x) /\ (0 <= y_1) /\ (x <= 2) /\ (y_1 <= 2).
  (* Invariant *)
  Have: y_1 <= 4.
  (* Invariant *)
  Have: x <= 4.
  (* Invariant *)
  Have: (0 <= y) /\ (y <= 4).
}
Prove: y != 0.
Prover Z3 4.8.12 returns Timeout (Qed:5ms) (3s)
Error found in file: output/9.c at line: 14
Error line content: /*@ assert (x == 4) ==> (y != 0);  */

after hudini

int unknown();
/*@ requires x >= 0 && x <= 2 && y <= 2 && y >= 0; */
void foo(int x,int y) {

    /*@      loop invariant  (\at(x, Pre) >= 0 && \at(x, Pre) <= 2 && \at(y, Pre) <= 2 && \at(y, Pre) >= 0) ==> (x >= 0 && x <= 4) && (y >= 0 && y <= 4) ;
    */
    while (unknown()) {
        x  = x + 2;
        y  = y + 2;
    }

    /*@ assert (x == 4) ==> (y != 0);  */
}

syntax Correct
Validate:
[False]

Goal Preservation of Invariant (file output/9.c, line 6):
Assume {
  Type: is_sint32(tmp_0) /\ is_sint32(x_1) /\ is_sint32(x) /\
      is_sint32(y_1) /\ is_sint32(y) /\ is_sint32(2 + x) /\ is_sint32(2 + y).
  (* Goal *)
  When: (0 <= x_1) /\ (0 <= y_1) /\ (x_1 <= 2) /\ (y_1 <= 2).
  (* Invariant *)
  Have: (x_1 <= 4) /\ (y_1 <= 4).
  (* Invariant *)
  Have: (0 <= x) /\ (0 <= y) /\ (x <= 4) /\ (y <= 4).
  (* Then *)
  Have: tmp_0 != 0.
}
Prove: ((-2) <= x) /\ ((-2) <= y) /\ (x <= 2) /\ (y <= 2).
Prover Z3 4.8.12 returns Timeout (Qed:7ms) (3s)
Error found in file: output/9.c at line: 6
Error line content: /*@      loop invariant  (\at(x, Pre) >= 0 && \at(x, Pre) <= 2 && \at(y, Pre) <= 2 && \at(y, Pre) >= 0) ==> (x >= 0 && x <= 4) && (y >= 0 && y <= 4) ;

Verify:
[False]

Goal Assertion (file output/9.c, line 13):
Assume {
  Type: is_sint32(x) /\ is_sint32(y_1) /\ is_sint32(y).
  (* Pre-condition *)
  Have: (0 <= x) /\ (0 <= y_1) /\ (x <= 2) /\ (y_1 <= 2).
  (* Invariant *)
  Have: (x <= 4) /\ (y_1 <= 4).
  (* Invariant *)
  Have: (0 <= y) /\ (y <= 4).
}
Prove: y != 0.
Prover Z3 4.8.12 returns Timeout (Qed:4ms) (3s)
Error found in file: output/9.c at line: 13
Error line content: /*@ assert (x == 4) ==> (y != 0);  */

syntax Correct
Validate:
[False]

Goal Preservation of Invariant (file output/9.c, line 6):
Assume {
  Type: is_sint32(tmp_0) /\ is_sint32(x_1) /\ is_sint32(x) /\
      is_sint32(y_1) /\ is_sint32(y) /\ is_sint32(2 + x) /\ is_sint32(2 + y).
  (* Goal *)
  When: (0 <= x_1) /\ (0 <= y_1) /\ (x_1 <= 2) /\ (y_1 <= 2).
  (* Invariant *)
  Have: (x_1 <= 4) /\ (y_1 <= 4).
  (* Invariant *)
  Have: (0 <= x) /\ (0 <= y) /\ (x <= 4) /\ (y <= 4).
  (* Then *)
  Have: tmp_0 != 0.
}
Prove: ((-2) <= x) /\ ((-2) <= y) /\ (x <= 2) /\ (y <= 2).
Prover Z3 4.8.12 returns Timeout (Qed:8ms) (3s)
Error found in file: output/9.c at line: 6
Error line content: /*@      loop invariant  (\at(x, Pre) >= 0 && \at(x, Pre) <= 2 && \at(y, Pre) <= 2 && \at(y, Pre) >= 0) ==> (x >= 0 && x <= 4) && (y >= 0 && y <= 4) ;

Verify:
[False]

Goal Assertion (file output/9.c, line 13):
Assume {
  Type: is_sint32(x) /\ is_sint32(y_1) /\ is_sint32(y).
  (* Pre-condition *)
  Have: (0 <= x) /\ (0 <= y_1) /\ (x <= 2) /\ (y_1 <= 2).
  (* Invariant *)
  Have: (x <= 4) /\ (y_1 <= 4).
  (* Invariant *)
  Have: (0 <= y) /\ (y <= 4).
}
Prove: y != 0.
Prover Z3 4.8.12 returns Timeout (Qed:4ms) (3s)
Error found in file: output/9.c at line: 13
Error line content: /*@ assert (x == 4) ==> (y != 0);  */

syntax Correct
Validate:
[False]

Goal Preservation of Invariant (file output/9.c, line 6):
Assume {
  Type: is_sint32(tmp_0) /\ is_sint32(x_1) /\ is_sint32(x) /\
      is_sint32(y_1) /\ is_sint32(y) /\ is_sint32(2 + x) /\ is_sint32(2 + y).
  (* Goal *)
  When: (0 <= x_1) /\ (0 <= y_1) /\ (x_1 <= 2) /\ (y_1 <= 2).
  (* Invariant *)
  Have: (x_1 <= 4) /\ (y_1 <= 4).
  (* Invariant *)
  Have: (0 <= x) /\ (0 <= y) /\ (x <= 4) /\ (y <= 4).
  (* Then *)
  Have: tmp_0 != 0.
}
Prove: ((-2) <= x) /\ ((-2) <= y) /\ (x <= 2) /\ (y <= 2).
Prover Z3 4.8.12 returns Timeout (Qed:7ms) (3s)
Error found in file: output/9.c at line: 6
Error line content: /*@      loop invariant  (\at(x, Pre) >= 0 && \at(x, Pre) <= 2 && \at(y, Pre) <= 2 && \at(y, Pre) >= 0) ==> (x >= 0 && x <= 4) && (y >= 0 && y <= 4) ;

Verify:
[False]

Goal Assertion (file output/9.c, line 13):
Assume {
  Type: is_sint32(x) /\ is_sint32(y_1) /\ is_sint32(y).
  (* Pre-condition *)
  Have: (0 <= x) /\ (0 <= y_1) /\ (x <= 2) /\ (y_1 <= 2).
  (* Invariant *)
  Have: (x <= 4) /\ (y_1 <= 4).
  (* Invariant *)
  Have: (0 <= y) /\ (y <= 4).
}
Prove: y != 0.
Prover Z3 4.8.12 returns Timeout (Qed:3ms) (3s)
Error found in file: output/9.c at line: 13
Error line content: /*@ assert (x == 4) ==> (y != 0);  */

[(121, 193, 0)]
[(121, 193, 0)]
[(121, 193, 0)]
[(121, 193, 0)]
Loop 0 : Outer
Sorted indices: [0]
File found: ../sac_c_parser/test/../ip_postcond/goal/9_goal.v. Deleting the file.
File found: ../sac_c_parser/test/../ip_postcond/goal/9_proof_auto.v. Deleting the file.
File found: ../sac_c_parser/test/../ip_postcond/goal/9_proof_manual.v. Deleting the file.
LoopEntry_0:
x@pre >= 0 && x@pre <= 2 && y@pre <= 2 && y@pre >= 0 && (y == y@pre) * (x == x@pre)

Successfully generated loop/9.json
INNER_FLAG: False
Variable Maps: [{'y': 'y@pre', 'x': 'x@pre'}]
Path conditions: ['x@pre >= 0 && x@pre <= 2 && y@pre <= 2 && y@pre >= 0']
Pre condition: x@pre >= 0 && x@pre <= 2 && y@pre <= 2 && y@pre >= 0 && (y == y@pre) * (x == x@pre)
Loop Condition: unknown()
Updated Loop Conditions: ['unknown()']
Global Unchanged Variables []
Non Inductive Variables []
[{'y': 'y@pre', 'x': 'x@pre'}]
['x@pre >= 0 && x@pre <= 2 && y@pre <= 2 && y@pre >= 0']

            
    /* >>> LOOP INVARIANT TO FILL <<< 
       >>> PRECONDITION OF THE LOOP : \at(x, Pre) >= 0 && \at(x, Pre) <= 2 && \at(y, Pre) <= 2 && \at(y, Pre) >= 0 && (y == \at(y, Pre)) * (x == \at(x, Pre)) <<< */
    
            /*@
            */
            while (unknown()) {
      
      x  = x + 2;
      y  = y + 2;

    }
            

            
    /* >>> LOOP INVARIANT TO FILL <<< 
       >>> PRECONDITION OF THE LOOP : \at(x, Pre) >= 0 && \at(x, Pre) <= 2 && \at(y, Pre) <= 2 && \at(y, Pre) >= 0 && (y == \at(y, Pre)) * (x == \at(x, Pre)) <<< */
    
            /*@
          loop invariant  (\at(x, Pre) >= 0 && \at(x, Pre) <= 2 && \at(y, Pre) <= 2 && \at(y, Pre) >= 0) ==> (((y == \at(y, Pre))&&(x == \at(x, Pre))) || (PLACE_HOLDER_x)) ;
          loop invariant  (\at(x, Pre) >= 0 && \at(x, Pre) <= 2 && \at(y, Pre) <= 2 && \at(y, Pre) >= 0) ==> (((y == \at(y, Pre))&&(x == \at(x, Pre))) || (PLACE_HOLDER_y)) ;
            */
            while (unknown()) {
      
      x  = x + 2;
      y  = y + 2;

    }
            
int unknown();
/*@ requires x >= 0 && x <= 2 && y <= 2 && y >= 0; */
void foo(int x,int y) {

  
    
            
    /* >>> LOOP INVARIANT TO FILL <<< 
       >>> PRECONDITION OF THE LOOP : \at(x, Pre) >= 0 && \at(x, Pre) <= 2 && \at(y, Pre) <= 2 && \at(y, Pre) >= 0 && (y == \at(y, Pre)) * (x == \at(x, Pre)) <<< */
    
            /*@
          loop invariant  (\at(x, Pre) >= 0 && \at(x, Pre) <= 2 && \at(y, Pre) <= 2 && \at(y, Pre) >= 0) ==> (((y == \at(y, Pre))&&(x == \at(x, Pre))) || (PLACE_HOLDER_x)) ;
          loop invariant  (\at(x, Pre) >= 0 && \at(x, Pre) <= 2 && \at(y, Pre) <= 2 && \at(y, Pre) >= 0) ==> (((y == \at(y, Pre))&&(x == \at(x, Pre))) || (PLACE_HOLDER_y)) ;
            */
            while (unknown()) {
      
      x  = x + 2;
      y  = y + 2;

    }
            
  
    /*@ assert (x == 4) ==> (y != 0);  */
  
    
  
  }
Let's analyze the provided C program and generate the necessary loop invariants in ACSL annotations.

### a. Purpose and Structure of the Loop:
The loop's objective is to increment the variables `x` and `y` by 2 repeatedly while the loop condition (given by the function `unknown()`) holds true. The loop continues until the condition becomes false. The relevant variables are `x` and `y`, both of which are manipulated within the loop body.

### b. Discussion of the Loop Invariant:
A proposed loop invariant could be: 
- `x >= 0 && x <= 4 && y >= 0 && y <= 4`, given that `x` and `y` start within the range of 0 to 2 and are incremented by 2 each iteration. The invariant must hold true for each iteration, indicating that `x` and `y` never exceed 4.

### c. Establishment:
Before the loop begins, according to the pre-condition:
- `\at(x, Pre) >= 0 && \at(x, Pre) <= 2 && \at(y, Pre) <= 2 && \at(y, Pre) >= 0`
This guarantees that both `x` and `y` start within the bounds [0, 2]. Therefore, at the start of the loop, the invariant `x >= 0 && x <= 4 && y >= 0 && y <= 4` holds true since they cannot exceed 4 after being incremented.

### d. Preservation:
Assuming the invariant holds at the start of an iteration and the loop condition is true, after executing `x = x + 2` and `y = y + 2`, the new values of `x` and `y` would be:
- `x' = x + 2`
- `y' = y + 2`
If the previous values were within the bounds (0, 4), then `x'` and `y'` will be within [2, 4], maintaining the invariant.

### e. Termination Analysis of the Loop:
When the loop terminates, the loop condition `unknown()` becomes false. At this point, since both `x` and `y` are incremented in steps of 2 from their initial values (0 to 2), the maximum values they can take are 4. Hence, the invariant still holds true at termination.

### f. Correctness of the Post-condition:
The post-condition asserts that `x == 4` implies `y != 0`. If the loop has executed enough times to make `x` equal to 4 (which requires two iterations from the starting point), `y` must have also been incremented at least twice. Since `y` starts from a minimum of 0, it cannot remain 0 after at least 2 increments. Thus, the post-condition holds.

### g. Implication of the Pre-condition:
The pre-condition establishes that `\at(x, Pre)` and `\at(y, Pre)` are both within the range [0, 2]. This ensures that before the loop begins, the values of `x` and `y` comply with the loop invariant.

Now, we can fill in the placeholders in the C code with the appropriate loop invariants.

```c
int unknown();
/*@ requires x >= 0 && x <= 2 && y <= 2 && y >= 0; */
void foo(int x,int y) {
    
    /* >>> LOOP INVARIANT TO FILL <<< 
       >>> PRECONDITION OF THE LOOP : \at(x, Pre) >= 0 && \at(x, Pre) <= 2 && \at(y, Pre) <= 2 && \at(y, Pre) >= 0 && (y == \at(y, Pre)) * (x == \at(x, Pre)) <<< */
    
    /*@
      loop invariant  (\at(x, Pre) >= 0 && \at(x, Pre) <= 2 && \at(y, Pre) <= 2 && \at(y, Pre) >= 0) ==> (x >= 0 && x <= 4 && y >= 0 && y <= 4);
      loop invariant  (\at(x, Pre) >= 0 && \at(x, Pre) <= 2 && \at(y, Pre) <= 2 && \at(y, Pre) >= 0) ==> (x >= 0 && x <= 4 && y >= 0 && y <= 4);
    */
    while (unknown()) {
        x  = x + 2;
        y  = y + 2;
    }

    /*@ assert (x == 4) ==> (y != 0);  */
}
```

In this code, the placeholders have been filled in with a loop invariant that captures the behavior of `x` and `y` as they are incremented by 2, ensuring they remain within the specified bounds throughout the loop execution.

int unknown();
/*@ requires x >= 0 && x <= 2 && y <= 2 && y >= 0; */
void foo(int x,int y) {
    
    /*@
      loop invariant  (\at(x, Pre) >= 0 && \at(x, Pre) <= 2 && \at(y, Pre) <= 2 && \at(y, Pre) >= 0) ==> (x >= 0 && x <= 4 && y >= 0 && y <= 4);
      loop invariant  (\at(x, Pre) >= 0 && \at(x, Pre) <= 2 && \at(y, Pre) <= 2 && \at(y, Pre) >= 0) ==> (x >= 0 && x <= 4 && y >= 0 && y <= 4);
    */
    while (unknown()) {
        x  = x + 2;
        y  = y + 2;
    }

    /*@ assert (x == 4) ==> (y != 0);  */
}


int unknown();
/*@ requires x >= 0 && x <= 2 && y <= 2 && y >= 0; */
void foo(int x,int y) {
    
    /*@
      loop invariant  (\at(x, Pre) >= 0 && \at(x, Pre) <= 2 && \at(y, Pre) <= 2 && \at(y, Pre) >= 0) ==> (x >= 0 && x <= 4 && y >= 0 && y <= 4);
      loop invariant  (\at(x, Pre) >= 0 && \at(x, Pre) <= 2 && \at(y, Pre) <= 2 && \at(y, Pre) >= 0) ==> (x >= 0 && x <= 4 && y >= 0 && y <= 4);
    */
    while (unknown()) {
        x  = x + 2;
        y  = y + 2;
    }

    /*@ assert (x == 4) ==> (y != 0);  */
}

syntax Correct
Validate:
[False, True]

Goal Preservation of Invariant (file output/9.c, line 7):
Assume {
  Type: is_sint32(tmp_0) /\ is_sint32(x_1) /\ is_sint32(x) /\
      is_sint32(y_1) /\ is_sint32(y) /\ is_sint32(2 + x) /\ is_sint32(2 + y).
  (* Goal *)
  When: (0 <= x_1) /\ (0 <= y_1) /\ (x_1 <= 2) /\ (y_1 <= 2).
  (* Invariant *)
  Have: (x_1 <= 4) /\ (y_1 <= 4).
  (* Invariant *)
  Have: (0 <= x) /\ (0 <= y) /\ (x <= 4) /\ (y <= 4).
  (* Then *)
  Have: tmp_0 != 0.
}
Prove: ((-2) <= x) /\ ((-2) <= y) /\ (x <= 2) /\ (y <= 2).
Prover Z3 4.8.12 returns Timeout (Qed:7ms) (3s)
Error found in file: output/9.c at line: 7
Error line content: loop invariant  (\at(x, Pre) >= 0 && \at(x, Pre) <= 2 && \at(y, Pre) <= 2 && \at(y, Pre) >= 0) ==> (x >= 0 && x <= 4 && y >= 0 && y <= 4);

Verify:
[False]

Goal Assertion (file output/9.c, line 15):
Assume {
  Type: is_sint32(x) /\ is_sint32(y_1) /\ is_sint32(y).
  (* Pre-condition *)
  Have: (0 <= x) /\ (0 <= y_1) /\ (x <= 2) /\ (y_1 <= 2).
  (* Invariant *)
  Have: (x <= 4) /\ (y_1 <= 4).
  (* Invariant *)
  Have: (0 <= y) /\ (y <= 4).
}
Prove: y != 0.
Prover Z3 4.8.12 returns Timeout (Qed:4ms) (3s)
Error found in file: output/9.c at line: 15
Error line content: /*@ assert (x == 4) ==> (y != 0);  */


int unknown();
/*@ requires x >= 0 && x <= 2 && y <= 2 && y >= 0; */
void foo(int x,int y) {
    
    /*@
      loop invariant  (\at(x, Pre) >= 0 && \at(x, Pre) <= 2 && \at(y, Pre) <= 2 && \at(y, Pre) >= 0) ==> (x >= 0 && x <= 4 && y >= 0 && y <= 4) [INVARIANT FAILED] ;
      loop invariant  (\at(x, Pre) >= 0 && \at(x, Pre) <= 2 && \at(y, Pre) <= 2 && \at(y, Pre) >= 0) ==> (x >= 0 && x <= 4 && y >= 0 && y <= 4);
    */
    while (unknown()) {
        x  = x + 2;
        y  = y + 2;
    }

    /*@ assert (x == 4) ==> (y != 0);  */
}

### Error Analysis:

1. **Goal Preservation of Invariant:**
   The loop invariant `(\at(x, Pre) >= 0 && \at(x, Pre) <= 2 && \at(y, Pre) <= 2 && \at(y, Pre) >= 0) ==> (x >= 0 && x <= 4 && y >= 0 && y <= 4)` failed to be preserved during the loop iteration. This is likely because the values of `x` and `y` increase by 2 with every iteration, which can cause them to exceed the bounds specified in the invariant. Specifically, after the first iteration, `x` could become 2 + 2 = 4, and after the second iteration, `x` would be 4 + 2 = 6, which violates the invariant constraint of `x <= 4`. 

2. **Goal Assertion:**
   The assertion `/*@ assert (x == 4) ==> (y != 0);  */` could not be verified because the loop invariant doesn't guarantee that `y` will not be 0 when `x` equals 4. Since `y` can also increase by 2 in each iteration starting from a non-negative value, it could end up being 0 if it starts at 0.

### Fixed C Code:

```c
int unknown();
/*@ requires x >= 0 && x <= 2 && y <= 2 && y >= 0; */
void foo(int x,int y) {
    
    /*@
      loop invariant  (\at(x, Pre) >= 0 && \at(x, Pre) <= 2 && \at(y, Pre) <= 2 && \at(y, Pre) >= 0) ==> (x >= 0 && x <= 4 && y >= 0 && y <= 4) ;
      loop invariant  (\at(x, Pre) >= 0 && \at(x, Pre) <= 2 && \at(y, Pre) <= 2 && \at(y, Pre) >= 0) ==> (x >= 0 && x <= 4 && y >= 0 && y <= 4) ;
      loop invariant  (\at(x, Pre) >= 0 && \at(x, Pre) <= 2 && \at(y, Pre) <= 2 && \at(y, Pre) >= 0) ==> (x + y <= 4) ;
    */
    while (unknown()) {
        x  = x + 2;
        y  = y + 2;
    }

    /*@ assert (x == 4) ==> (y != 0);  */
}
```
after regen

int unknown();
/*@ requires x >= 0 && x <= 2 && y <= 2 && y >= 0; */
void foo(int x,int y) {
    
    /*@
      loop invariant  (\at(x, Pre) >= 0 && \at(x, Pre) <= 2 && \at(y, Pre) <= 2 && \at(y, Pre) >= 0) ==> (x >= 0 && x <= 4 && y >= 0 && y <= 4) ;
      loop invariant  (\at(x, Pre) >= 0 && \at(x, Pre) <= 2 && \at(y, Pre) <= 2 && \at(y, Pre) >= 0) ==> (x >= 0 && x <= 4 && y >= 0 && y <= 4) ;
      loop invariant  (\at(x, Pre) >= 0 && \at(x, Pre) <= 2 && \at(y, Pre) <= 2 && \at(y, Pre) >= 0) ==> (x + y <= 4) ;
    */
    while (unknown()) {
        x  = x + 2;
        y  = y + 2;
    }

    /*@ assert (x == 4) ==> (y != 0);  */
}

syntax Correct
Validate:
[False, True, False]

Goal Preservation of Invariant (file output/9.c, line 7):
Assume {
  Type: is_sint32(tmp_0) /\ is_sint32(x_1) /\ is_sint32(x) /\
      is_sint32(y_1) /\ is_sint32(y) /\ is_sint32(2 + x) /\ is_sint32(2 + y).
  (* Goal *)
  When: (0 <= x_1) /\ (0 <= y_1) /\ (x_1 <= 2) /\ (y_1 <= 2).
  (* Invariant *)
  Have: (x_1 <= 4) /\ (y_1 <= 4).
  (* Invariant *)
  Have: (x_1 + y_1) <= 4.
  (* Invariant *)
  Have: (0 <= x) /\ (0 <= y) /\ (x <= 4) /\ (y <= 4).
  (* Invariant *)
  Have: (x + y) <= 4.
  (* Then *)
  Have: tmp_0 != 0.
}
Prove: ((-2) <= x) /\ ((-2) <= y) /\ (x <= 2) /\ (y <= 2).
Prover Z3 4.8.12 returns Timeout (Qed:8ms) (3s)
Error found in file: output/9.c at line: 7
Error line content: loop invariant  (\at(x, Pre) >= 0 && \at(x, Pre) <= 2 && \at(y, Pre) <= 2 && \at(y, Pre) >= 0) ==> (x >= 0 && x <= 4 && y >= 0 && y <= 4) ;

Goal Preservation of Invariant (file output/9.c, line 9):
Let x_2 = x + y.
Assume {
  Type: is_sint32(tmp_0) /\ is_sint32(x_1) /\ is_sint32(x) /\
      is_sint32(y_1) /\ is_sint32(y) /\ is_sint32(2 + x) /\ is_sint32(2 + y).
  (* Goal *)
  When: (0 <= x_1) /\ (0 <= y_1) /\ (x_1 <= 2) /\ (y_1 <= 2).
  (* Invariant *)
  Have: (x_1 <= 4) /\ (y_1 <= 4).
  (* Invariant *)
  Have: (x_1 + y_1) <= 4.
  (* Invariant *)
  Have: (0 <= x) /\ (0 <= y) /\ (x <= 4) /\ (y <= 4).
  (* Invariant *)
  Have: x_2 <= 4.
  (* Then *)
  Have: tmp_0 != 0.
  (* Invariant *)
  Have: ((-2) <= x) /\ ((-2) <= y) /\ (x <= 2) /\ (y <= 2).
}
Prove: x_2 <= 0.
Prover Z3 4.8.12 returns Timeout (Qed:10ms) (3s)
Error found in file: output/9.c at line: 9
Error line content: loop invariant  (\at(x, Pre) >= 0 && \at(x, Pre) <= 2 && \at(y, Pre) <= 2 && \at(y, Pre) >= 0) ==> (x + y <= 4) ;

Verify:
[False]

Goal Assertion (file output/9.c, line 16):
Assume {
  Type: is_sint32(x) /\ is_sint32(y) /\ is_sint32(y_1).
  (* Pre-condition *)
  Have: (0 <= x) /\ (0 <= y) /\ (x <= 2) /\ (y <= 2).
  (* Invariant *)
  Have: (x <= 4) /\ (y <= 4).
  (* Invariant *)
  Have: (x + y) <= 4.
  (* Invariant *)
  Have: (0 <= y_1) /\ (y_1 <= 4).
  (* Invariant *)
  Have: y_1 <= 0.
}
Prove: false.
Prover Z3 4.8.12 returns Timeout (Qed:5ms) (3s)
Error found in file: output/9.c at line: 16
Error line content: /*@ assert (x == 4) ==> (y != 0);  */


int unknown();
/*@ requires x >= 0 && x <= 2 && y <= 2 && y >= 0; */
void foo(int x,int y) {
    
    /*@
      loop invariant  (\at(x, Pre) >= 0 && \at(x, Pre) <= 2 && \at(y, Pre) <= 2 && \at(y, Pre) >= 0) ==> (x >= 0 && x <= 4 && y >= 0 && y <= 4)  [INVARIANT FAILED] ;
      loop invariant  (\at(x, Pre) >= 0 && \at(x, Pre) <= 2 && \at(y, Pre) <= 2 && \at(y, Pre) >= 0) ==> (x >= 0 && x <= 4 && y >= 0 && y <= 4) ;
      loop invariant  (\at(x, Pre) >= 0 && \at(x, Pre) <= 2 && \at(y, Pre) <= 2 && \at(y, Pre) >= 0) ==> (x + y <= 4)  [INVARIANT FAILED] ;
    */
    while (unknown()) {
        x  = x + 2;
        y  = y + 2;
    }

    /*@ assert (x == 4) ==> (y != 0);  */
}

1. **Error Analysis:**

   - **Goal Establishment of Invariant:** The invariant `(x >= 0 && x <= 4 && y >= 0 && y <= 4)` assumes that `x` and `y` will always remain within certain bounds when entering the loop. However, the precondition only ensures that `x` is between `0` and `2` and `y` is between `0` and `2`. After the first iteration, both `x` and `y` can increase by `2`, potentially violating the invariant, and thus it is not established at the start.

   - **Goal Preservation of Invariant:** The invariant `(x + y <= 4)` is problematic because after one iteration, `x` and `y` could both increment to `4`, making the invariant false. This shows that the loop body does not preserve the invariant since it allows for values that violate it.

   - **Goal Assertion:** The assertion `/*@ assert (x == 4) ==> (y != 0);  */` cannot be verified because it relies on the state after the loop, where the invariant does not guarantee that `y` can be non-zero when `x` is `4`. This indicates a fundamental flaw in the loop invariant itself.

   Given these errors, the loop invariant needs to be completely restructured to ensure that it can be established, preserved, and lead to a correct post-condition.

2. **Fixed C Code:**

    ```c
    int unknown();
    /*@ requires x >= 0 && x <= 2 && y <= 2 && y >= 0; */
    void foo(int x,int y) {
        
        /*@
          loop invariant  (\at(x, Pre) >= 0 && \at(x, Pre) <= 2 && \at(y, Pre) <= 2 && \at(y, Pre) >= 0) ==> (0 <= x && x <= 4 && 0 <= y && y <= 4) ;
          loop invariant  (\at(x, Pre) >= 0 && \at(x, Pre) <= 2 && \at(y, Pre) <= 2 && \at(y, Pre) >= 0) ==> (x + y <= 4) ;
        */
        while (unknown()) {
            x  = x + 2;
            y  = y + 2;
        }

        /*@ assert (x == 4) ==> (y != 0);  */
    }
    ``` 

In the fixed annotations, I ensured that the invariants are both true at the beginning of the loop and preserved after iterations while maintaining the necessary conditions for the post-condition to hold true after the loop terminates.
after regen

    int unknown();
    /*@ requires x >= 0 && x <= 2 && y <= 2 && y >= 0; */
    void foo(int x,int y) {
        
        /*@
          loop invariant  (\at(x, Pre) >= 0 && \at(x, Pre) <= 2 && \at(y, Pre) <= 2 && \at(y, Pre) >= 0) ==> (0 <= x && x <= 4 && 0 <= y && y <= 4) ;
          loop invariant  (\at(x, Pre) >= 0 && \at(x, Pre) <= 2 && \at(y, Pre) <= 2 && \at(y, Pre) >= 0) ==> (x + y <= 4) ;
        */
        while (unknown()) {
            x  = x + 2;
            y  = y + 2;
        }

        /*@ assert (x == 4) ==> (y != 0);  */
    }
    
syntax Correct
Validate:
[False, False]

Goal Preservation of Invariant (file output/9.c, line 7):
Assume {
  Type: is_sint32(tmp_0) /\ is_sint32(x_1) /\ is_sint32(x) /\
      is_sint32(y_1) /\ is_sint32(y) /\ is_sint32(2 + x) /\ is_sint32(2 + y).
  (* Goal *)
  When: (0 <= x_1) /\ (0 <= y_1) /\ (x_1 <= 2) /\ (y_1 <= 2).
  (* Invariant *)
  Have: (x_1 <= 4) /\ (y_1 <= 4).
  (* Invariant *)
  Have: (x_1 + y_1) <= 4.
  (* Invariant *)
  Have: (0 <= x) /\ (0 <= y) /\ (x <= 4) /\ (y <= 4).
  (* Invariant *)
  Have: (x + y) <= 4.
  (* Then *)
  Have: tmp_0 != 0.
}
Prove: ((-2) <= x) /\ ((-2) <= y) /\ (x <= 2) /\ (y <= 2).
Prover Z3 4.8.12 returns Timeout (Qed:8ms) (3s)
Error found in file: output/9.c at line: 7
Error line content: loop invariant  (\at(x, Pre) >= 0 && \at(x, Pre) <= 2 && \at(y, Pre) <= 2 && \at(y, Pre) >= 0) ==> (0 <= x && x <= 4 && 0 <= y && y <= 4) ;

Goal Preservation of Invariant (file output/9.c, line 8):
Let x_2 = x + y.
Assume {
  Type: is_sint32(tmp_0) /\ is_sint32(x_1) /\ is_sint32(x) /\
      is_sint32(y_1) /\ is_sint32(y) /\ is_sint32(2 + x) /\ is_sint32(2 + y).
  (* Goal *)
  When: (0 <= x_1) /\ (0 <= y_1) /\ (x_1 <= 2) /\ (y_1 <= 2).
  (* Invariant *)
  Have: (x_1 <= 4) /\ (y_1 <= 4).
  (* Invariant *)
  Have: (x_1 + y_1) <= 4.
  (* Invariant *)
  Have: (0 <= x) /\ (0 <= y) /\ (x <= 4) /\ (y <= 4).
  (* Invariant *)
  Have: x_2 <= 4.
  (* Then *)
  Have: tmp_0 != 0.
  (* Invariant *)
  Have: ((-2) <= x) /\ ((-2) <= y) /\ (x <= 2) /\ (y <= 2).
}
Prove: x_2 <= 0.
Prover Z3 4.8.12 returns Timeout (Qed:8ms) (3s)
Error found in file: output/9.c at line: 8
Error line content: loop invariant  (\at(x, Pre) >= 0 && \at(x, Pre) <= 2 && \at(y, Pre) <= 2 && \at(y, Pre) >= 0) ==> (x + y <= 4) ;

Verify:
[False]

Goal Assertion (file output/9.c, line 15):
Assume {
  Type: is_sint32(x) /\ is_sint32(y) /\ is_sint32(y_1).
  (* Pre-condition *)
  Have: (0 <= x) /\ (0 <= y) /\ (x <= 2) /\ (y <= 2).
  (* Invariant *)
  Have: (x <= 4) /\ (y <= 4).
  (* Invariant *)
  Have: (x + y) <= 4.
  (* Invariant *)
  Have: (0 <= y_1) /\ (y_1 <= 4).
  (* Invariant *)
  Have: y_1 <= 0.
}
Prove: false.
Prover Z3 4.8.12 returns Timeout (Qed:4ms) (3s)
Error found in file: output/9.c at line: 15
Error line content: /*@ assert (x == 4) ==> (y != 0);  */


    int unknown();
    /*@ requires x >= 0 && x <= 2 && y <= 2 && y >= 0; */
    void foo(int x,int y) {
        
        /*@
          loop invariant  (\at(x, Pre) >= 0 && \at(x, Pre) <= 2 && \at(y, Pre) <= 2 && \at(y, Pre) >= 0) ==> (0 <= x && x <= 4 && 0 <= y && y <= 4)  [INVARIANT FAILED] ;
          loop invariant  (\at(x, Pre) >= 0 && \at(x, Pre) <= 2 && \at(y, Pre) <= 2 && \at(y, Pre) >= 0) ==> (x + y <= 4)  [INVARIANT FAILED] ;
        */
        while (unknown()) {
            x  = x + 2;
            y  = y + 2;
        }

        /*@ assert (x == 4) ==> (y != 0);  */
    }
    
1. **Error Analysis:**

   - **Error 1 (Goal Preservation of Invariant):** The existing invariant `(\at(x, Pre) >= 0 && \at(x, Pre) <= 2 && \at(y, Pre) <= 2 && \at(y, Pre) >= 0) ==> (0 <= x && x <= 4 && 0 <= y && y <= 4)` does not hold after the loop body executes. The loop increments both `x` and `y` by 2, which can lead to values greater than 4, violating the invariant. The preservation condition fails because, while `x` and `y` start within the bounds defined by the precondition, they can exceed these bounds during the loop.

   - **Error 2 (Goal Preservation of Invariant):** The invariant `(\at(x, Pre) >= 0 && \at(x, Pre) <= 2 && \at(y, Pre) <= 2 && \at(y, Pre) >= 0) ==> (x + y <= 4)` also fails because the loop modifies `x` and `y` such that their sum can exceed 4 as both are incremented by 2. The condition must reflect the limits imposed by the loop's operations.

   - **Error 3 (Goal Assertion):** The assertion `/*@ assert (x == 4) ==> (y != 0); */` cannot be satisfied under the current loop conditions. When `x` equals 4, it is possible for `y` to be 0, which contradicts the post-condition. Therefore, the invariant must ensure that if `x` reaches 4, `y` cannot be zero.

2. **Fixed C Code:**

```c
int unknown();
/*@ requires x >= 0 && x <= 2 && y <= 2 && y >= 0; */
void foo(int x,int y) {
    
    /*@
      loop invariant  (\at(x, Pre) >= 0 && \at(x, Pre) <= 2 && \at(y, Pre) <= 2 && \at(y, Pre) >= 0) ==> (0 <= x && x <= 4 && 0 <= y && y <= 4) ;
      loop invariant  (\at(x, Pre) >= 0 && \at(x, Pre) <= 2 && \at(y, Pre) <= 2 && \at(y, Pre) >= 0) ==> (x + y <= 4) ;
      loop invariant  (\at(x, Pre) >= 0 && \at(x, Pre) <= 2 && \at(y, Pre) <= 2 && \at(y, Pre) >= 0) ==> (x + y <= 4) && (x <= 4) && (y <= 4);
    */
    while (unknown()) {
        x  = x + 2;
        y  = y + 2;
    }

    /*@ assert (x == 4) ==> (y != 0);  */
}
```
after regen

int unknown();
/*@ requires x >= 0 && x <= 2 && y <= 2 && y >= 0; */
void foo(int x,int y) {
    
    /*@
      loop invariant  (\at(x, Pre) >= 0 && \at(x, Pre) <= 2 && \at(y, Pre) <= 2 && \at(y, Pre) >= 0) ==> (0 <= x && x <= 4 && 0 <= y && y <= 4) ;
      loop invariant  (\at(x, Pre) >= 0 && \at(x, Pre) <= 2 && \at(y, Pre) <= 2 && \at(y, Pre) >= 0) ==> (x + y <= 4) ;
      loop invariant  (\at(x, Pre) >= 0 && \at(x, Pre) <= 2 && \at(y, Pre) <= 2 && \at(y, Pre) >= 0) ==> (x + y <= 4) && (x <= 4) && (y <= 4);
    */
    while (unknown()) {
        x  = x + 2;
        y  = y + 2;
    }

    /*@ assert (x == 4) ==> (y != 0);  */
}

syntax Correct
Validate:
[False, False, True]

Goal Preservation of Invariant (file output/9.c, line 7):
Assume {
  Type: is_sint32(tmp_0) /\ is_sint32(x_1) /\ is_sint32(x) /\
      is_sint32(y_1) /\ is_sint32(y) /\ is_sint32(2 + x) /\ is_sint32(2 + y).
  (* Goal *)
  When: (0 <= x_1) /\ (0 <= y_1) /\ (x_1 <= 2) /\ (y_1 <= 2).
  (* Invariant *)
  Have: (x_1 <= 4) /\ (y_1 <= 4).
  (* Invariant *)
  Have: (x_1 + y_1) <= 4.
  (* Invariant *)
  Have: (0 <= x) /\ (0 <= y) /\ (x <= 4) /\ (y <= 4).
  (* Invariant *)
  Have: (x + y) <= 4.
  (* Then *)
  Have: tmp_0 != 0.
}
Prove: ((-2) <= x) /\ ((-2) <= y) /\ (x <= 2) /\ (y <= 2).
Prover Z3 4.8.12 returns Timeout (Qed:8ms) (3s)
Error found in file: output/9.c at line: 7
Error line content: loop invariant  (\at(x, Pre) >= 0 && \at(x, Pre) <= 2 && \at(y, Pre) <= 2 && \at(y, Pre) >= 0) ==> (0 <= x && x <= 4 && 0 <= y && y <= 4) ;

Goal Preservation of Invariant (file output/9.c, line 8):
Let x_2 = x + y.
Assume {
  Type: is_sint32(tmp_0) /\ is_sint32(x_1) /\ is_sint32(x) /\
      is_sint32(y_1) /\ is_sint32(y) /\ is_sint32(2 + x) /\ is_sint32(2 + y).
  (* Goal *)
  When: (0 <= x_1) /\ (0 <= y_1) /\ (x_1 <= 2) /\ (y_1 <= 2).
  (* Invariant *)
  Have: (x_1 <= 4) /\ (y_1 <= 4).
  (* Invariant *)
  Have: (x_1 + y_1) <= 4.
  (* Invariant *)
  Have: (0 <= x) /\ (0 <= y) /\ (x <= 4) /\ (y <= 4).
  (* Invariant *)
  Have: x_2 <= 4.
  (* Then *)
  Have: tmp_0 != 0.
  (* Invariant *)
  Have: ((-2) <= x) /\ ((-2) <= y) /\ (x <= 2) /\ (y <= 2).
}
Prove: x_2 <= 0.
Prover Z3 4.8.12 returns Timeout (Qed:9ms) (3s)
Error found in file: output/9.c at line: 8
Error line content: loop invariant  (\at(x, Pre) >= 0 && \at(x, Pre) <= 2 && \at(y, Pre) <= 2 && \at(y, Pre) >= 0) ==> (x + y <= 4) ;

Verify:
[False]

Goal Assertion (file output/9.c, line 16):
Assume {
  Type: is_sint32(x) /\ is_sint32(y) /\ is_sint32(y_1).
  (* Pre-condition *)
  Have: (0 <= x) /\ (0 <= y) /\ (x <= 2) /\ (y <= 2).
  (* Invariant *)
  Have: (x <= 4) /\ (y <= 4).
  (* Invariant *)
  Have: (x + y) <= 4.
  (* Invariant *)
  Have: (0 <= y_1) /\ (y_1 <= 4).
  (* Invariant *)
  Have: y_1 <= 0.
}
Prove: false.
Prover Z3 4.8.12 returns Timeout (Qed:4ms) (3s)
Error found in file: output/9.c at line: 16
Error line content: /*@ assert (x == 4) ==> (y != 0);  */

after hudini

int unknown();
/*@ requires x >= 0 && x <= 2 && y <= 2 && y >= 0; */
void foo(int x,int y) {
    
    /*@      loop invariant  (\at(x, Pre) >= 0 && \at(x, Pre) <= 2 && \at(y, Pre) <= 2 && \at(y, Pre) >= 0) ==> (x + y <= 4) ;
      loop invariant  (\at(x, Pre) >= 0 && \at(x, Pre) <= 2 && \at(y, Pre) <= 2 && \at(y, Pre) >= 0) ==> (x + y <= 4) && (x <= 4) && (y <= 4);
    */
    while (unknown()) {
        x  = x + 2;
        y  = y + 2;
    }

    /*@ assert (x == 4) ==> (y != 0);  */
}

syntax Correct
Validate:
[False, False]

Goal Preservation of Invariant (file output/9.c, line 6):
Let x_2 = x + y.
Assume {
  Type: is_sint32(tmp_0) /\ is_sint32(x_1) /\ is_sint32(x) /\
      is_sint32(y_1) /\ is_sint32(y) /\ is_sint32(2 + x) /\ is_sint32(2 + y).
  (* Goal *)
  When: (0 <= x_1) /\ (0 <= y_1) /\ (x_1 <= 2) /\ (y_1 <= 2).
  (* Invariant *)
  Have: (x_1 + y_1) <= 4.
  (* Invariant *)
  Have: (x_1 <= 4) /\ (y_1 <= 4).
  (* Invariant *)
  Have: x_2 <= 4.
  (* Invariant *)
  Have: (x <= 4) /\ (y <= 4).
  (* Then *)
  Have: tmp_0 != 0.
}
Prove: x_2 <= 0.
Prover Z3 4.8.12 returns Timeout (Qed:7ms) (3s)
Error found in file: output/9.c at line: 6
Error line content: /*@      loop invariant  (\at(x, Pre) >= 0 && \at(x, Pre) <= 2 && \at(y, Pre) <= 2 && \at(y, Pre) >= 0) ==> (x + y <= 4) ;

Goal Preservation of Invariant (file output/9.c, line 7):
Let x_2 = x + y.
Assume {
  Type: is_sint32(tmp_0) /\ is_sint32(x_1) /\ is_sint32(x) /\
      is_sint32(y_1) /\ is_sint32(y) /\ is_sint32(2 + x) /\ is_sint32(2 + y).
  (* Goal *)
  When: (0 <= x_1) /\ (0 <= y_1) /\ (x_1 <= 2) /\ (y_1 <= 2).
  (* Invariant *)
  Have: (x_1 + y_1) <= 4.
  (* Invariant *)
  Have: (x_1 <= 4) /\ (y_1 <= 4).
  (* Invariant *)
  Have: x_2 <= 4.
  (* Invariant *)
  Have: (x <= 4) /\ (y <= 4).
  (* Then *)
  Have: tmp_0 != 0.
  (* Invariant *)
  Have: x_2 <= 0.
}
Prove: (x <= 2) /\ (y <= 2).
Prover Z3 4.8.12 returns Timeout (Qed:7ms) (3s)
Error found in file: output/9.c at line: 7
Error line content: loop invariant  (\at(x, Pre) >= 0 && \at(x, Pre) <= 2 && \at(y, Pre) <= 2 && \at(y, Pre) >= 0) ==> (x + y <= 4) && (x <= 4) && (y <= 4);

Verify:
[False]

Goal Assertion (file output/9.c, line 14):
Assume {
  Type: is_sint32(x) /\ is_sint32(y_1) /\ is_sint32(y).
  (* Pre-condition *)
  Have: (0 <= x) /\ (0 <= y_1) /\ (x <= 2) /\ (y_1 <= 2).
  (* Invariant *)
  Have: (x + y_1) <= 4.
  (* Invariant *)
  Have: (x <= 4) /\ (y_1 <= 4).
  (* Invariant *)
  Have: y <= 0.
  (* Invariant *)
  Have: y <= 4.
}
Prove: y != 0.
Prover Z3 4.8.12 returns Timeout (Qed:4ms) (3s)
Error found in file: output/9.c at line: 14
Error line content: /*@ assert (x == 4) ==> (y != 0);  */

after hudini

int unknown();
/*@ requires x >= 0 && x <= 2 && y <= 2 && y >= 0; */
void foo(int x,int y) {
    
    /*@      loop invariant  (\at(x, Pre) >= 0 && \at(x, Pre) <= 2 && \at(y, Pre) <= 2 && \at(y, Pre) >= 0) ==> (x + y <= 4) && (x <= 4) && (y <= 4);
    */
    while (unknown()) {
        x  = x + 2;
        y  = y + 2;
    }

    /*@ assert (x == 4) ==> (y != 0);  */
}

syntax Correct
Validate:
[False]

Goal Preservation of Invariant (file output/9.c, line 6):
Let x_2 = x + y.
Assume {
  Type: is_sint32(tmp_0) /\ is_sint32(x_1) /\ is_sint32(x) /\
      is_sint32(y_1) /\ is_sint32(y) /\ is_sint32(2 + x) /\ is_sint32(2 + y).
  (* Goal *)
  When: (0 <= x_1) /\ (0 <= y_1) /\ (x_1 <= 2) /\ (y_1 <= 2).
  (* Invariant *)
  Have: (x_1 <= 4) /\ (y_1 <= 4) /\ ((x_1 + y_1) <= 4).
  (* Invariant *)
  Have: (x <= 4) /\ (y <= 4) /\ (x_2 <= 4).
  (* Then *)
  Have: tmp_0 != 0.
}
Prove: (x_2 <= 0) /\ (x <= 2) /\ (y <= 2).
Prover Z3 4.8.12 returns Timeout (Qed:7ms) (3s)
Error found in file: output/9.c at line: 6
Error line content: /*@      loop invariant  (\at(x, Pre) >= 0 && \at(x, Pre) <= 2 && \at(y, Pre) <= 2 && \at(y, Pre) >= 0) ==> (x + y <= 4) && (x <= 4) && (y <= 4);

Verify:
[False]

Goal Assertion (file output/9.c, line 13):
Assume {
  Type: is_sint32(x) /\ is_sint32(y_1) /\ is_sint32(y).
  (* Pre-condition *)
  Have: (0 <= x) /\ (0 <= y_1) /\ (x <= 2) /\ (y_1 <= 2).
  (* Invariant *)
  Have: (x <= 4) /\ (y_1 <= 4) /\ ((x + y_1) <= 4).
  (* Invariant *)
  Have: (y <= 0) /\ (y <= 4).
}
Prove: y != 0.
Prover Z3 4.8.12 returns Timeout (Qed:4ms) (3s)
Error found in file: output/9.c at line: 13
Error line content: /*@ assert (x == 4) ==> (y != 0);  */

syntax Correct
Validate:
[False]

Goal Preservation of Invariant (file output/9.c, line 6):
Let x_2 = x + y.
Assume {
  Type: is_sint32(tmp_0) /\ is_sint32(x_1) /\ is_sint32(x) /\
      is_sint32(y_1) /\ is_sint32(y) /\ is_sint32(2 + x) /\ is_sint32(2 + y).
  (* Goal *)
  When: (0 <= x_1) /\ (0 <= y_1) /\ (x_1 <= 2) /\ (y_1 <= 2).
  (* Invariant *)
  Have: (x_1 <= 4) /\ (y_1 <= 4) /\ ((x_1 + y_1) <= 4).
  (* Invariant *)
  Have: (x <= 4) /\ (y <= 4) /\ (x_2 <= 4).
  (* Then *)
  Have: tmp_0 != 0.
}
Prove: (x_2 <= 0) /\ (x <= 2) /\ (y <= 2).
Prover Z3 4.8.12 returns Timeout (Qed:7ms) (3s)
Error found in file: output/9.c at line: 6
Error line content: /*@      loop invariant  (\at(x, Pre) >= 0 && \at(x, Pre) <= 2 && \at(y, Pre) <= 2 && \at(y, Pre) >= 0) ==> (x + y <= 4) && (x <= 4) && (y <= 4);

Verify:
[False]

Goal Assertion (file output/9.c, line 13):
Assume {
  Type: is_sint32(x) /\ is_sint32(y_1) /\ is_sint32(y).
  (* Pre-condition *)
  Have: (0 <= x) /\ (0 <= y_1) /\ (x <= 2) /\ (y_1 <= 2).
  (* Invariant *)
  Have: (x <= 4) /\ (y_1 <= 4) /\ ((x + y_1) <= 4).
  (* Invariant *)
  Have: (y <= 0) /\ (y <= 4).
}
Prove: y != 0.
Prover Z3 4.8.12 returns Timeout (Qed:4ms) (3s)
Error found in file: output/9.c at line: 13
Error line content: /*@ assert (x == 4) ==> (y != 0);  */

syntax Correct
Validate:
[False]

Goal Preservation of Invariant (file output/9.c, line 6):
Let x_2 = x + y.
Assume {
  Type: is_sint32(tmp_0) /\ is_sint32(x_1) /\ is_sint32(x) /\
      is_sint32(y_1) /\ is_sint32(y) /\ is_sint32(2 + x) /\ is_sint32(2 + y).
  (* Goal *)
  When: (0 <= x_1) /\ (0 <= y_1) /\ (x_1 <= 2) /\ (y_1 <= 2).
  (* Invariant *)
  Have: (x_1 <= 4) /\ (y_1 <= 4) /\ ((x_1 + y_1) <= 4).
  (* Invariant *)
  Have: (x <= 4) /\ (y <= 4) /\ (x_2 <= 4).
  (* Then *)
  Have: tmp_0 != 0.
}
Prove: (x_2 <= 0) /\ (x <= 2) /\ (y <= 2).
Prover Z3 4.8.12 returns Timeout (Qed:7ms) (3s)
Error found in file: output/9.c at line: 6
Error line content: /*@      loop invariant  (\at(x, Pre) >= 0 && \at(x, Pre) <= 2 && \at(y, Pre) <= 2 && \at(y, Pre) >= 0) ==> (x + y <= 4) && (x <= 4) && (y <= 4);

Verify:
[False]

Goal Assertion (file output/9.c, line 13):
Assume {
  Type: is_sint32(x) /\ is_sint32(y_1) /\ is_sint32(y).
  (* Pre-condition *)
  Have: (0 <= x) /\ (0 <= y_1) /\ (x <= 2) /\ (y_1 <= 2).
  (* Invariant *)
  Have: (x <= 4) /\ (y_1 <= 4) /\ ((x + y_1) <= 4).
  (* Invariant *)
  Have: (y <= 0) /\ (y <= 4).
}
Prove: y != 0.
Prover Z3 4.8.12 returns Timeout (Qed:4ms) (3s)
Error found in file: output/9.c at line: 13
Error line content: /*@ assert (x == 4) ==> (y != 0);  */

: 9.c -> finish
-----------------------------------------

 9.c . : 713.6759123802185
-----------------------------------------
finshed_files:['29.c', '87.c', '9.c']
